[2022-08-19T09:08:22.776241+08:00] request.INFO: request {"acntno":"9000004904"} []
[2022-08-19T09:08:23.217414+08:00] response.INFO: response {"acntno":"9000004904","result":"УЯНГА БАТЗАЯА"} []
[2022-08-19T09:08:31.969798+08:00] request.INFO: request {"acntno":"9000004904"} []
[2022-08-19T09:08:32.394511+08:00] response.INFO: response {"acntno":"9000004904","result":"УЯНГА БАТЗАЯА"} []
[2022-08-19T09:08:34.353248+08:00] request.INFO: request {"acntno":"9000004904"} []
[2022-08-19T09:08:34.780894+08:00] response.INFO: response {"acntno":"9000004904","result":"УЯНГА БАТЗАЯА"} []
[2022-08-19T09:08:40.537650+08:00] request.INFO: request {"acntno":"9000004904"} []
[2022-08-19T09:08:40.961405+08:00] response.INFO: response {"acntno":"9000004904","result":"УЯНГА БАТЗАЯА"} []
[2022-08-19T09:17:10.906523+08:00] request.INFO: request {"acntno":"9000004904"} []
[2022-08-19T09:17:11.322493+08:00] response.INFO: response {"acntno":"9000004904","result":"УЯНГА БАТЗАЯА"} []
[2022-08-19T09:17:17.824336+08:00] request.INFO: request {"acntno":"9000004904"} []
[2022-08-19T09:17:18.253885+08:00] response.INFO: response {"acntno":"9000004904","result":"УЯНГА БАТЗАЯА"} []
[2022-08-19T09:17:24.764429+08:00] request.INFO: request {"acntno":"9000004904"} []
[2022-08-19T09:17:25.222800+08:00] response.INFO: response {"acntno":"9000004904","result":"УЯНГА БАТЗАЯА"} []
[2022-08-19T09:17:33.925035+08:00] request.INFO: request {"acntno":"9000004904"} []
[2022-08-19T09:17:34.357074+08:00] response.INFO: response {"acntno":"9000004904","result":"УЯНГА БАТЗАЯА"} []
[2022-08-19T09:17:38.521808+08:00] request.INFO: request {"acntno":"9000004904"} []
[2022-08-19T09:17:38.956919+08:00] response.INFO: response {"acntno":"9000004904","result":"УЯНГА БАТЗАЯА"} []
[2022-08-19T09:17:44.636622+08:00] request.INFO: request {"acntno":"9000004904"} []
[2022-08-19T09:17:45.053657+08:00] response.INFO: response {"acntno":"9000004904","result":"УЯНГА БАТЗАЯА"} []
[2022-08-19T09:18:19.953603+08:00] request.INFO: request {"acntno":"9000004904"} []
[2022-08-19T09:18:20.395081+08:00] response.INFO: response {"acntno":"9000004904","result":"УЯНГА БАТЗАЯА"} []
[2022-08-19T09:18:49.253694+08:00] request.INFO: request {"acntno":"9000004904"} []
[2022-08-19T09:18:49.668967+08:00] response.INFO: response {"acntno":"9000004904","result":"УЯНГА БАТЗАЯА"} []
[2022-08-19T09:19:07.013071+08:00] request.INFO: request {"acntno":"9000004904"} []
[2022-08-19T09:19:07.428020+08:00] response.INFO: response {"acntno":"9000004904","result":"УЯНГА БАТЗАЯА"} []
[2022-08-19T09:19:14.998381+08:00] request.INFO: request {"acntno":"9000004904"} []
[2022-08-19T09:19:15.425460+08:00] response.INFO: response {"acntno":"9000004904","result":"УЯНГА БАТЗАЯА"} []
[2022-08-19T09:19:20.610261+08:00] request.INFO: request {"acntno":"9000004904"} []
[2022-08-19T09:19:21.027972+08:00] response.INFO: response {"acntno":"9000004904","result":"УЯНГА БАТЗАЯА"} []
[2022-08-19T09:19:24.785435+08:00] request.INFO: request {"acntno":"9000004904"} []
[2022-08-19T09:19:25.212718+08:00] response.INFO: response {"acntno":"9000004904","result":"УЯНГА БАТЗАЯА"} []
[2022-08-19T09:33:40.731491+08:00] request.INFO: request {"acntno":"9000004904"} []
[2022-08-19T09:33:41.161454+08:00] response.INFO: response {"acntno":"9000004904","result":"УЯНГА БАТЗАЯА"} []
[2022-08-19T09:34:03.630397+08:00] request.INFO: request {"acntno":"9000004904"} []
[2022-08-19T09:34:04.056523+08:00] response.INFO: response {"acntno":"9000004904","result":"УЯНГА БАТЗАЯА"} []
[2022-08-19T09:34:25.160820+08:00] request.INFO: request {"acntno":"9000004904"} []
[2022-08-19T09:34:25.591164+08:00] response.INFO: response {"acntno":"9000004904","result":"УЯНГА БАТЗАЯА"} []
[2022-08-19T09:34:30.900736+08:00] request.INFO: request {"acntno":"9000004904"} []
[2022-08-19T09:34:31.326062+08:00] response.INFO: response {"acntno":"9000004904","result":"УЯНГА БАТЗАЯА"} []
[2022-08-19T15:25:45.933865+08:00] request.INFO: request {"acntno":"MN480019009100000189"} []
[2022-08-19T15:25:46.397495+08:00] response.INFO: response {"acntno":"MN480019009100000189","result":"ЖЭТФИНАНС ББСБ"} []
[2022-08-19T15:26:05.944991+08:00] request.INFO: request {"acntno":"MN480019009100000189"} []
[2022-08-19T15:26:06.370894+08:00] response.INFO: response {"acntno":"MN480019009100000189","result":"ЖЭТФИНАНС ББСБ"} []
[2022-08-19T15:26:48.767096+08:00] request.INFO: request {"acntno":"MN680019009100000314"} []
[2022-08-19T15:26:49.189217+08:00] response.INFO: response {"acntno":"MN680019009100000314","result":"НАРАНЦЭЦЭГ АМАРСАНАА"} []
[2022-08-19T15:41:59.877773+08:00] request.INFO: request {"acntno":"9000004904"} []
[2022-08-19T15:42:00.338944+08:00] response.INFO: response {"acntno":"9000004904","result":"УЯНГА БАТЗАЯА"} []
[2022-08-19T15:42:10.952699+08:00] request.INFO: request {"acntno":"9000004904"} []
[2022-08-19T15:42:11.373063+08:00] response.INFO: response {"acntno":"9000004904","result":"УЯНГА БАТЗАЯА"} []
[2022-08-19T15:42:12.658838+08:00] request.INFO: request {"acntno":"9000004904"} []
[2022-08-19T15:42:13.095914+08:00] response.INFO: response {"acntno":"9000004904","result":"УЯНГА БАТЗАЯА"} []
