[2022-08-16T11:09:20.701587+08:00] request.INFO: request {"acntno":"*"} []
[2022-08-16T11:10:07.952353+08:00] request.INFO: request {"acntno":"*"} []
[2022-08-16T11:44:44.598240+08:00] request.INFO: request {"acntno":"*"} []
[2022-08-16T11:49:50.939838+08:00] request.INFO: request {"acntno":"*"} []
[2022-08-16T13:50:37.134250+08:00] request.INFO: request {"acntno":"MN670019009000001577"} []
[2022-08-16T13:50:37.559638+08:00] response.INFO: response {"acntno":"MN670019009000001577","result":"ЗХУТ"} []
[2022-08-16T13:51:06.559800+08:00] request.INFO: request {"acntno":"MN670019009000001577"} []
[2022-08-16T13:51:06.989811+08:00] response.INFO: response {"acntno":"MN670019009000001577","result":"ЗХУТ"} []
[2022-08-16T13:51:09.909087+08:00] request.INFO: request {"acntno":"MN670019009000001577"} []
[2022-08-16T13:51:10.335198+08:00] response.INFO: response {"acntno":"MN670019009000001577","result":"ЗХУТ"} []
[2022-08-16T13:54:40.667450+08:00] request.INFO: request {"acntno":"MN670019009000001577"} []
[2022-08-16T13:54:41.096293+08:00] response.INFO: response {"acntno":"MN670019009000001577","result":"ЗХУТ"} []
[2022-08-16T13:54:45.605822+08:00] request.INFO: request {"acntno":"MN670019009000001577"} []
[2022-08-16T13:54:46.026148+08:00] response.INFO: response {"acntno":"MN670019009000001577","result":"ЗХУТ"} []
[2022-08-16T13:54:50.165961+08:00] request.INFO: request {"acntno":"MN670019009000001577"} []
[2022-08-16T13:54:50.598192+08:00] response.INFO: response {"acntno":"MN670019009000001577","result":"ЗХУТ"} []
[2022-08-16T16:33:32.876105+08:00] request.INFO: request {"acntno":"MN670019009000001577"} []
[2022-08-16T16:33:33.308926+08:00] response.INFO: response {"acntno":"MN670019009000001577","result":"ЗХУТ"} []
[2022-08-16T16:33:34.773627+08:00] request.INFO: request {"acntno":"MN670019009000001577"} []
[2022-08-16T16:33:35.214665+08:00] response.INFO: response {"acntno":"MN670019009000001577","result":"ЗХУТ"} []
[2022-08-16T16:33:40.203723+08:00] request.INFO: request {"acntno":"MN670019009000001577"} []
[2022-08-16T16:33:40.626554+08:00] response.INFO: response {"acntno":"MN670019009000001577","result":"ЗХУТ"} []
[2022-08-16T16:33:51.745993+08:00] request.INFO: request {"acntno":"MN670019009000001577"} []
[2022-08-16T16:33:52.155760+08:00] response.INFO: response {"acntno":"MN670019009000001577","result":"ЗХУТ"} []
[2022-08-16T16:33:58.012146+08:00] request.INFO: request {"acntno":"MN670019009000001577"} []
[2022-08-16T16:33:58.437622+08:00] response.INFO: response {"acntno":"MN670019009000001577","result":"ЗХУТ"} []
[2022-08-16T16:46:47.020486+08:00] request.INFO: request {"acntno":"MN670019009000001577"} []
[2022-08-16T16:46:47.434025+08:00] response.INFO: response {"acntno":"MN670019009000001577","result":"ЗХУТ"} []
[2022-08-16T16:46:49.379626+08:00] request.INFO: request {"acntno":"MN670019009000001577"} []
[2022-08-16T16:46:49.801747+08:00] response.INFO: response {"acntno":"MN670019009000001577","result":"ЗХУТ"} []
[2022-08-16T16:46:58.660508+08:00] request.INFO: request {"acntno":"MN670019009000001577"} []
[2022-08-16T16:46:59.076010+08:00] response.INFO: response {"acntno":"MN670019009000001577","result":"ЗХУТ"} []
[2022-08-16T16:53:25.705174+08:00] request.INFO: request {"acntno":"9000003614"} []
[2022-08-16T16:53:26.178200+08:00] response.INFO: response {"acntno":"9000003614","result":"БАЗАРМАА РАДНААБАЗАР"} []
[2022-08-16T16:53:30.841800+08:00] request.INFO: request {"acntno":"9000003614"} []
[2022-08-16T16:53:31.266087+08:00] response.INFO: response {"acntno":"9000003614","result":"БАЗАРМАА РАДНААБАЗАР"} []
[2022-08-16T16:53:32.458549+08:00] request.INFO: request {"acntno":"9000003614"} []
[2022-08-16T16:53:32.878120+08:00] response.INFO: response {"acntno":"9000003614","result":"БАЗАРМАА РАДНААБАЗАР"} []
[2022-08-16T16:53:37.377514+08:00] request.INFO: request {"acntno":"9000003614"} []
[2022-08-16T16:53:37.795441+08:00] response.INFO: response {"acntno":"9000003614","result":"БАЗАРМАА РАДНААБАЗАР"} []
[2022-08-16T16:54:03.530894+08:00] request.INFO: request {"acntno":"9000004904"} []
[2022-08-16T16:54:03.983061+08:00] response.INFO: response {"acntno":"9000004904","result":"УЯНГА БАТЗАЯА"} []
[2022-08-16T16:54:10.001208+08:00] request.INFO: request {"acntno":"9000004904"} []
[2022-08-16T16:54:10.417232+08:00] response.INFO: response {"acntno":"9000004904","result":"УЯНГА БАТЗАЯА"} []
[2022-08-16T16:54:31.146515+08:00] request.INFO: request {"acntno":"9000004904"} []
[2022-08-16T16:54:31.575910+08:00] response.INFO: response {"acntno":"9000004904","result":"УЯНГА БАТЗАЯА"} []
[2022-08-16T16:55:20.947686+08:00] request.INFO: request {"acntno":"9000004904"} []
[2022-08-16T16:55:21.363236+08:00] response.INFO: response {"acntno":"9000004904","result":"УЯНГА БАТЗАЯА"} []
[2022-08-16T16:55:43.392418+08:00] request.INFO: request {"acntno":"9000004904"} []
[2022-08-16T16:55:43.813150+08:00] response.INFO: response {"acntno":"9000004904","result":"УЯНГА БАТЗАЯА"} []
[2022-08-16T16:55:51.441170+08:00] request.INFO: request {"acntno":"9000004904"} []
[2022-08-16T16:55:51.871307+08:00] response.INFO: response {"acntno":"9000004904","result":"УЯНГА БАТЗАЯА"} []
[2022-08-16T16:55:56.832111+08:00] request.INFO: request {"acntno":"9000004904"} []
[2022-08-16T16:55:57.251532+08:00] response.INFO: response {"acntno":"9000004904","result":"УЯНГА БАТЗАЯА"} []
[2022-08-16T16:56:16.772623+08:00] request.INFO: request {"acntno":"MN670019009000001577"} []
[2022-08-16T16:56:17.195511+08:00] response.INFO: response {"acntno":"MN670019009000001577","result":"ЗХУТ"} []
[2022-08-16T16:56:19.423269+08:00] request.INFO: request {"acntno":"MN670019009000001577"} []
[2022-08-16T16:56:19.841584+08:00] response.INFO: response {"acntno":"MN670019009000001577","result":"ЗХУТ"} []
[2022-08-16T16:56:26.345647+08:00] request.INFO: request {"acntno":"MN670019009000001577"} []
[2022-08-16T16:56:26.768089+08:00] response.INFO: response {"acntno":"MN670019009000001577","result":"ЗХУТ"} []
[2022-08-16T17:03:48.839577+08:00] request.INFO: request {"acntno":"MN680019009100000314"} []
[2022-08-16T17:03:49.259670+08:00] response.INFO: response {"acntno":"MN680019009100000314","result":"НАРАНЦЭЦЭГ АМАРСАНАА"} []
[2022-08-16T17:03:59.835461+08:00] request.INFO: request {"acntno":"MN680019009100000314"} []
[2022-08-16T17:04:00.254531+08:00] response.INFO: response {"acntno":"MN680019009100000314","result":"НАРАНЦЭЦЭГ АМАРСАНАА"} []
[2022-08-16T17:04:03.218145+08:00] request.INFO: request {"acntno":"MN680019009100000314"} []
[2022-08-16T17:04:03.659855+08:00] response.INFO: response {"acntno":"MN680019009100000314","result":"НАРАНЦЭЦЭГ АМАРСАНАА"} []
[2022-08-16T17:17:07.287931+08:00] request.INFO: request {"acntno":"*"} []
[2022-08-16T17:20:13.547733+08:00] request.INFO: request {"acntno":"*"} []
[2022-08-16T17:29:08.628408+08:00] request.INFO: request {"acntno":"*"} []
[2022-08-16T17:32:03.809854+08:00] request.INFO: request {"acntno":"*"} []
[2022-08-16T17:32:22.670662+08:00] request.INFO: request {"acntno":"*"} []
[2022-08-16T17:32:52.489120+08:00] request.INFO: request {"acntno":"*"} []
[2022-08-16T17:50:00.949609+08:00] request.INFO: request {"acntno":"*"} []
[2022-08-16T17:53:33.282033+08:00] request.INFO: request {"acntno":"MN670019009000001577"} []
[2022-08-16T17:53:33.710729+08:00] response.INFO: response {"acntno":"MN670019009000001577","result":"ЗХУТ"} []
[2022-08-16T17:54:24.865511+08:00] request.INFO: request {"acntno":"MN670019009000001577"} []
[2022-08-16T17:54:25.295737+08:00] response.INFO: response {"acntno":"MN670019009000001577","result":"ЗХУТ"} []
[2022-08-16T17:54:38.752740+08:00] request.INFO: request {"acntno":"MN670019009000001577"} []
[2022-08-16T17:54:39.180251+08:00] response.INFO: response {"acntno":"MN670019009000001577","result":"ЗХУТ"} []
[2022-08-16T17:55:15.173234+08:00] request.INFO: request {"acntno":"MN670019009000001577"} []
[2022-08-16T17:55:15.589342+08:00] response.INFO: response {"acntno":"MN670019009000001577","result":"ЗХУТ"} []
[2022-08-16T17:55:47.321301+08:00] request.INFO: request {"acntno":"MN670019009000001577"} []
[2022-08-16T17:55:47.731617+08:00] response.INFO: response {"acntno":"MN670019009000001577","result":"ЗХУТ"} []
[2022-08-16T17:59:26.408150+08:00] request.INFO: request {"acntno":"9000004904"} []
[2022-08-16T17:59:26.849722+08:00] response.INFO: response {"acntno":"9000004904","result":"УЯНГА БАТЗАЯА"} []
[2022-08-16T17:59:45.856474+08:00] request.INFO: request {"acntno":"MN600019009000004904"} []
[2022-08-16T17:59:46.276028+08:00] response.INFO: response {"acntno":"MN600019009000004904","result":"УЯНГА БАТЗАЯА"} []
[2022-08-16T18:01:32.155216+08:00] request.INFO: request {"acntno":"MN670019009000001577"} []
[2022-08-16T18:01:32.572291+08:00] response.INFO: response {"acntno":"MN670019009000001577","result":"ЗХУТ"} []
[2022-08-16T18:01:34.327472+08:00] request.INFO: request {"acntno":"MN670019009000001577"} []
[2022-08-16T18:01:34.748891+08:00] response.INFO: response {"acntno":"MN670019009000001577","result":"ЗХУТ"} []
[2022-08-16T18:02:07.048289+08:00] request.INFO: request {"acntno":"MN670019009000001577"} []
[2022-08-16T18:02:07.475557+08:00] response.INFO: response {"acntno":"MN670019009000001577","result":"ЗХУТ"} []
[2022-08-16T18:03:50.805055+08:00] request.INFO: request {"acntno":"MN670019009000001577"} []
[2022-08-16T18:03:51.224416+08:00] response.INFO: response {"acntno":"MN670019009000001577","result":"ЗХУТ"} []
[2022-08-16T18:03:52.991141+08:00] request.INFO: request {"acntno":"MN670019009000001577"} []
[2022-08-16T18:03:53.417824+08:00] response.INFO: response {"acntno":"MN670019009000001577","result":"ЗХУТ"} []
[2022-08-16T18:04:16.845269+08:00] request.INFO: request {"acntno":"MN670019009000001577"} []
[2022-08-16T18:04:17.272957+08:00] response.INFO: response {"acntno":"MN670019009000001577","result":"ЗХУТ"} []
[2022-08-16T18:06:47.424946+08:00] request.INFO: request {"acntno":"MN670019009000001577"} []
[2022-08-16T18:06:47.852637+08:00] response.INFO: response {"acntno":"MN670019009000001577","result":"ЗХУТ"} []
[2022-08-16T18:06:52.200065+08:00] request.INFO: request {"acntno":"MN670019009000001577"} []
[2022-08-16T18:06:52.622031+08:00] response.INFO: response {"acntno":"MN670019009000001577","result":"ЗХУТ"} []
[2022-08-16T18:07:33.009881+08:00] request.INFO: request {"acntno":"MN670019009000001577"} []
[2022-08-16T18:07:33.427025+08:00] response.INFO: response {"acntno":"MN670019009000001577","result":"ЗХУТ"} []
[2022-08-16T18:08:24.529070+08:00] request.INFO: request {"acntno":"MN670019009000001577"} []
[2022-08-16T18:08:24.944042+08:00] response.INFO: response {"acntno":"MN670019009000001577","result":"ЗХУТ"} []
[2022-08-16T18:08:29.121413+08:00] request.INFO: request {"acntno":"MN670019009000001577"} []
[2022-08-16T18:08:29.533265+08:00] response.INFO: response {"acntno":"MN670019009000001577","result":"ЗХУТ"} []
[2022-08-16T18:08:36.746567+08:00] request.INFO: request {"acntno":"MN670019009000001577"} []
[2022-08-16T18:08:37.164316+08:00] response.INFO: response {"acntno":"MN670019009000001577","result":"ЗХУТ"} []
[2022-08-16T18:11:03.840148+08:00] request.INFO: request {"acntno":"*"} []
[2022-08-16T18:11:09.258375+08:00] request.INFO: request {"acntno":"*"} []
[2022-08-16T18:11:30.490354+08:00] request.INFO: request {"acntno":"*"} []
[2022-08-16T18:11:41.818908+08:00] request.INFO: request {"acntno":"*"} []
[2022-08-16T18:11:51.156865+08:00] request.INFO: request {"acntno":"*"} []
[2022-08-16T18:12:12.143979+08:00] request.INFO: request {"acntno":"*"} []
[2022-08-16T19:04:00.707558+08:00] request.INFO: request {"acntno":"*"} []
[2022-08-16T19:13:11.718246+08:00] request.INFO: request {"acntno":"*"} []
[2022-08-16T19:25:27.817540+08:00] request.INFO: request {"acntno":"MN780019009000001573"} []
[2022-08-16T19:25:28.263272+08:00] response.INFO: response {"acntno":"MN780019009000001573","result":"ЗАМЫН ЦАГДАА"} []
[2022-08-16T19:25:35.870284+08:00] request.INFO: request {"acntno":"MN780019009000001573"} []
[2022-08-16T19:25:36.285805+08:00] response.INFO: response {"acntno":"MN780019009000001573","result":"ЗАМЫН ЦАГДАА"} []
[2022-08-16T19:25:39.206200+08:00] request.INFO: request {"acntno":"MN780019009000001573"} []
[2022-08-16T19:25:39.621041+08:00] response.INFO: response {"acntno":"MN780019009000001573","result":"ЗАМЫН ЦАГДАА"} []
