[2022-08-08T08:59:06.894939+08:00] request.INFO: request {"acntno":"*"} []
[2022-08-08T09:34:02.664845+08:00] request.INFO: request {"acntno":"9000003614"} []
[2022-08-08T09:34:03.172266+08:00] response.INFO: response {"acntno":"9000003614","result":"БАЗАРМАА РАДНААБАЗАР"} []
[2022-08-08T09:34:05.566084+08:00] request.INFO: request {"acntno":"9000003614"} []
[2022-08-08T09:34:05.986212+08:00] response.INFO: response {"acntno":"9000003614","result":"БАЗАРМАА РАДНААБАЗАР"} []
[2022-08-08T09:34:07.390271+08:00] request.INFO: request {"acntno":"9000003614"} []
[2022-08-08T09:34:07.824130+08:00] response.INFO: response {"acntno":"9000003614","result":"БАЗАРМАА РАДНААБАЗАР"} []
[2022-08-08T09:34:12.379202+08:00] request.INFO: request {"acntno":"9000003614"} []
[2022-08-08T09:34:12.791692+08:00] response.INFO: response {"acntno":"9000003614","result":"БАЗАРМАА РАДНААБАЗАР"} []
[2022-08-08T09:34:32.074665+08:00] request.INFO: request {"acntno":"9000003614"} []
[2022-08-08T09:34:32.507554+08:00] response.INFO: response {"acntno":"9000003614","result":"БАЗАРМАА РАДНААБАЗАР"} []
[2022-08-08T09:35:07.493683+08:00] request.INFO: request {"acntno":"9000003614"} []
[2022-08-08T09:35:07.931967+08:00] response.INFO: response {"acntno":"9000003614","result":"БАЗАРМАА РАДНААБАЗАР"} []
[2022-08-08T09:35:13.914841+08:00] request.INFO: request {"acntno":"9000003614"} []
[2022-08-08T09:35:14.334579+08:00] response.INFO: response {"acntno":"9000003614","result":"БАЗАРМАА РАДНААБАЗАР"} []
[2022-08-08T09:35:15.376366+08:00] request.INFO: request {"acntno":"9000003614"} []
[2022-08-08T09:35:15.786738+08:00] response.INFO: response {"acntno":"9000003614","result":"БАЗАРМАА РАДНААБАЗАР"} []
[2022-08-08T09:35:24.561794+08:00] request.INFO: request {"acntno":"9000003614"} []
[2022-08-08T09:35:24.986231+08:00] response.INFO: response {"acntno":"9000003614","result":"БАЗАРМАА РАДНААБАЗАР"} []
[2022-08-08T09:35:25.952707+08:00] request.INFO: request {"acntno":"9000003614"} []
[2022-08-08T09:35:26.372704+08:00] response.INFO: response {"acntno":"9000003614","result":"БАЗАРМАА РАДНААБАЗАР"} []
[2022-08-08T09:35:41.562210+08:00] request.INFO: request {"acntno":"9000003614"} []
[2022-08-08T09:35:41.990719+08:00] response.INFO: response {"acntno":"9000003614","result":"БАЗАРМАА РАДНААБАЗАР"} []
[2022-08-08T09:52:09.852802+08:00] request.INFO: request {"acntno":"9000004904"} []
[2022-08-08T09:52:10.277718+08:00] response.INFO: response {"acntno":"9000004904","result":"УЯНГА БАТЗАЯА"} []
[2022-08-08T09:52:13.489697+08:00] request.INFO: request {"acntno":"9000004904"} []
[2022-08-08T09:52:13.911054+08:00] response.INFO: response {"acntno":"9000004904","result":"УЯНГА БАТЗАЯА"} []
[2022-08-08T09:52:15.781586+08:00] request.INFO: request {"acntno":"9000004904"} []
[2022-08-08T09:52:16.208217+08:00] response.INFO: response {"acntno":"9000004904","result":"УЯНГА БАТЗАЯА"} []
[2022-08-08T09:52:19.575405+08:00] request.INFO: request {"acntno":"9000004904"} []
[2022-08-08T09:52:20.004308+08:00] response.INFO: response {"acntno":"9000004904","result":"УЯНГА БАТЗАЯА"} []
[2022-08-08T10:00:47.823441+08:00] request.INFO: request {"acntno":"9000004904"} []
[2022-08-08T10:00:48.275649+08:00] response.INFO: response {"acntno":"9000004904","result":"УЯНГА БАТЗАЯА"} []
[2022-08-08T10:08:56.293558+08:00] request.INFO: request {"acntno":"*"} []
[2022-08-08T10:15:50.689686+08:00] request.INFO: request {"acntno":"MN090019009090001161"} []
[2022-08-08T10:15:51.131217+08:00] response.INFO: response {"acntno":"MN090019009090001161","result":"ОДГАРИГ БЯМБАЦОГТ"} []
[2022-08-08T10:15:56.798880+08:00] request.INFO: request {"acntno":"MN090019009090001161"} []
[2022-08-08T10:15:57.222335+08:00] response.INFO: response {"acntno":"MN090019009090001161","result":"ОДГАРИГ БЯМБАЦОГТ"} []
[2022-08-08T10:20:25.876659+08:00] request.INFO: request {"acntno":"*"} []
[2022-08-08T10:20:42.051437+08:00] request.INFO: request {"acntno":"*"} []
[2022-08-08T10:21:18.878208+08:00] request.INFO: request {"acntno":"*"} []
[2022-08-08T10:23:03.604137+08:00] request.INFO: request {"acntno":"*"} []
[2022-08-08T10:23:47.096826+08:00] request.INFO: request {"acntno":"*"} []
[2022-08-08T10:24:20.547839+08:00] request.INFO: request {"acntno":"*"} []
[2022-08-08T12:57:32.770209+08:00] request.INFO: request {"acntno":"MN670019009000001577"} []
[2022-08-08T12:57:33.226059+08:00] response.INFO: response {"acntno":"MN670019009000001577","result":"ЗХУТ"} []
[2022-08-08T14:49:49.081224+08:00] request.INFO: request {"acntno":"*"} []
[2022-08-08T16:43:54.403484+08:00] request.INFO: request {"acntno":"9000004904"} []
[2022-08-08T16:43:54.838888+08:00] response.INFO: response {"acntno":"9000004904","result":"УЯНГА БАТЗАЯА"} []
[2022-08-08T16:44:36.157881+08:00] request.INFO: request {"acntno":"9000004904"} []
[2022-08-08T16:44:36.574364+08:00] response.INFO: response {"acntno":"9000004904","result":"УЯНГА БАТЗАЯА"} []
[2022-08-08T16:44:42.225737+08:00] request.INFO: request {"acntno":"9000004904"} []
[2022-08-08T16:44:42.645614+08:00] response.INFO: response {"acntno":"9000004904","result":"УЯНГА БАТЗАЯА"} []
[2022-08-08T16:44:47.112994+08:00] request.INFO: request {"acntno":"9000004904"} []
[2022-08-08T16:44:47.538414+08:00] response.INFO: response {"acntno":"9000004904","result":"УЯНГА БАТЗАЯА"} []
[2022-08-08T16:45:11.005671+08:00] request.INFO: request {"acntno":"9000004904"} []
[2022-08-08T16:45:11.427701+08:00] response.INFO: response {"acntno":"9000004904","result":"УЯНГА БАТЗАЯА"} []
[2022-08-08T16:45:19.716436+08:00] request.INFO: request {"acntno":"9000004904"} []
[2022-08-08T16:45:20.141812+08:00] response.INFO: response {"acntno":"9000004904","result":"УЯНГА БАТЗАЯА"} []
