[2022-08-24T09:21:19.723154+08:00] request.INFO: request {"acntno":"9000007387"} []
[2022-08-24T09:21:20.161658+08:00] response.INFO: response {"acntno":"9000007387","result":"УЯНГА БАТЗАЯА"} []
[2022-08-24T10:17:16.568231+08:00] request.INFO: request {"acntno":"*"} []
[2022-08-24T10:17:36.501505+08:00] request.INFO: request {"acntno":"*"} []
[2022-08-24T10:55:30.274165+08:00] request.INFO: request {"acntno":"*"} []
[2022-08-24T10:58:10.566451+08:00] request.INFO: request {"acntno":"*"} []
[2022-08-24T10:58:17.104088+08:00] request.INFO: request {"acntno":"*"} []
[2022-08-24T10:58:48.579086+08:00] request.INFO: request {"acntno":"*"} []
[2022-08-24T11:01:16.490632+08:00] request.INFO: request {"acntno":"*"} []
[2022-08-24T11:29:57.606874+08:00] request.INFO: request {"acntno":"MN780019009000001573"} []
[2022-08-24T11:29:58.044183+08:00] response.INFO: response {"acntno":"MN780019009000001573","result":"ЗАМЫН ЦАГДАА"} []
[2022-08-24T11:30:01.944631+08:00] request.INFO: request {"acntno":"MN780019009000001573"} []
[2022-08-24T11:30:02.380623+08:00] response.INFO: response {"acntno":"MN780019009000001573","result":"ЗАМЫН ЦАГДАА"} []
[2022-08-24T14:12:05.230919+08:00] request.INFO: request {"acntno":"*"} []
[2022-08-24T14:12:54.090320+08:00] request.INFO: request {"acntno":"*"} []
[2022-08-24T14:14:33.285674+08:00] request.INFO: request {"acntno":"*"} []
[2022-08-24T14:14:49.802748+08:00] request.INFO: request {"acntno":"*"} []
[2022-08-24T14:15:09.453643+08:00] request.INFO: request {"acntno":"*"} []
[2022-08-24T14:16:49.805077+08:00] request.INFO: request {"acntno":"*"} []
[2022-08-24T14:17:18.001522+08:00] request.INFO: request {"acntno":"*"} []
[2022-08-24T14:18:16.347859+08:00] request.INFO: request {"acntno":"*"} []
[2022-08-24T14:18:35.331271+08:00] request.INFO: request {"acntno":"*"} []
[2022-08-24T14:22:17.151205+08:00] request.INFO: request {"acntno":"*"} []
[2022-08-24T14:22:22.322997+08:00] request.INFO: request {"acntno":"*"} []
[2022-08-24T14:23:02.153284+08:00] request.INFO: request {"acntno":"*"} []
[2022-08-24T14:24:11.943018+08:00] request.INFO: request {"acntno":"*"} []
[2022-08-24T14:25:05.846311+08:00] request.INFO: request {"acntno":"*"} []
[2022-08-24T14:25:41.395634+08:00] request.INFO: request {"acntno":"*"} []
[2022-08-24T14:26:23.801672+08:00] request.INFO: request {"acntno":"*"} []
[2022-08-24T14:40:07.120118+08:00] request.INFO: request {"acntno":"MN780019009000001573"} []
[2022-08-24T14:40:07.545857+08:00] response.INFO: response {"acntno":"MN780019009000001573","result":"ЗАМЫН ЦАГДАА"} []
[2022-08-24T14:40:10.955626+08:00] request.INFO: request {"acntno":"MN780019009000001573"} []
[2022-08-24T14:40:11.376556+08:00] response.INFO: response {"acntno":"MN780019009000001573","result":"ЗАМЫН ЦАГДАА"} []
[2022-08-24T17:27:08.753193+08:00] request.INFO: request {"acntno":"MN860019009000024127"} []
[2022-08-24T17:27:09.185989+08:00] response.INFO: response {"acntno":"MN860019009000024127","result":"УЯНГА БАТЗАЯА"} []
[2022-08-24T17:27:20.605094+08:00] request.INFO: request {"acntno":"MN860019009000024127"} []
[2022-08-24T17:27:21.039785+08:00] response.INFO: response {"acntno":"MN860019009000024127","result":"УЯНГА БАТЗАЯА"} []
[2022-08-24T17:27:24.465366+08:00] request.INFO: request {"acntno":"MN860019009000024127"} []
[2022-08-24T17:27:24.903286+08:00] response.INFO: response {"acntno":"MN860019009000024127","result":"УЯНГА БАТЗАЯА"} []
[2022-08-24T17:38:16.451419+08:00] request.INFO: request {"acntno":"9000004904"} []
[2022-08-24T17:38:16.909729+08:00] response.INFO: response {"acntno":"9000004904","result":"УЯНГА БАТЗАЯА"} []
[2022-08-24T17:38:23.661276+08:00] request.INFO: request {"acntno":"9000004904"} []
[2022-08-24T17:38:24.079953+08:00] response.INFO: response {"acntno":"9000004904","result":"УЯНГА БАТЗАЯА"} []
[2022-08-24T17:38:25.488804+08:00] request.INFO: request {"acntno":"9000004904"} []
[2022-08-24T17:38:25.908195+08:00] response.INFO: response {"acntno":"9000004904","result":"УЯНГА БАТЗАЯА"} []
[2022-08-24T18:39:28.556496+08:00] request.INFO: request {"acntno":"MN780019009000001573"} []
[2022-08-24T18:39:29.000609+08:00] response.INFO: response {"acntno":"MN780019009000001573","result":"ЗАМЫН ЦАГДАА"} []
[2022-08-24T18:39:34.635923+08:00] request.INFO: request {"acntno":"MN780019009000001573"} []
[2022-08-24T18:39:35.056855+08:00] response.INFO: response {"acntno":"MN780019009000001573","result":"ЗАМЫН ЦАГДАА"} []
[2022-08-24T18:40:50.470886+08:00] request.INFO: request {"acntno":"MN780019009000001573"} []
[2022-08-24T18:40:50.885201+08:00] response.INFO: response {"acntno":"MN780019009000001573","result":"ЗАМЫН ЦАГДАА"} []
[2022-08-24T18:40:53.564665+08:00] request.INFO: request {"acntno":"MN780019009000001573"} []
[2022-08-24T18:40:53.988253+08:00] response.INFO: response {"acntno":"MN780019009000001573","result":"ЗАМЫН ЦАГДАА"} []
[2022-08-24T18:42:11.646343+08:00] request.INFO: request {"acntno":"MN780019009000001573"} []
[2022-08-24T18:42:12.060140+08:00] response.INFO: response {"acntno":"MN780019009000001573","result":"ЗАМЫН ЦАГДАА"} []
[2022-08-24T18:42:14.867748+08:00] request.INFO: request {"acntno":"MN780019009000001573"} []
[2022-08-24T18:42:15.288197+08:00] response.INFO: response {"acntno":"MN780019009000001573","result":"ЗАМЫН ЦАГДАА"} []
