[2022-08-01T10:22:53.336510+08:00] request.INFO: request {"acntno":"*"} []
[2022-08-01T10:26:16.055117+08:00] request.INFO: request {"acntno":"9"} []
[2022-08-01T10:26:33.055961+08:00] request.INFO: request {"acntno":"9000007387"} []
[2022-08-01T10:26:33.537040+08:00] response.INFO: response {"acntno":"9000007387","result":"УЯНГА БАТЗАЯА"} []
[2022-08-01T10:26:38.020124+08:00] request.INFO: request {"acntno":"9000007387"} []
[2022-08-01T10:26:38.440821+08:00] response.INFO: response {"acntno":"9000007387","result":"УЯНГА БАТЗАЯА"} []
[2022-08-01T10:28:57.153620+08:00] request.INFO: request {"acntno":"*"} []
[2022-08-01T10:29:16.917685+08:00] request.INFO: request {"acntno":"*"} []
[2022-08-01T10:31:22.773550+08:00] request.INFO: request {"acntno":"9000023691"} []
[2022-08-01T10:31:23.244593+08:00] response.INFO: response {"acntno":"9000023691","result":"ЭНХТУЯА ДАНЗАНБАЛЖИР"} []
[2022-08-01T10:31:46.148588+08:00] request.INFO: request {"acntno":"9000023691"} []
[2022-08-01T10:31:46.574946+08:00] response.INFO: response {"acntno":"9000023691","result":"ЭНХТУЯА ДАНЗАНБАЛЖИР"} []
[2022-08-01T10:31:50.024647+08:00] request.INFO: request {"acntno":"9000023691"} []
[2022-08-01T10:31:50.436087+08:00] response.INFO: response {"acntno":"9000023691","result":"ЭНХТУЯА ДАНЗАНБАЛЖИР"} []
[2022-08-01T10:32:03.601211+08:00] request.INFO: request {"acntno":"9000023691"} []
[2022-08-01T10:32:04.035453+08:00] response.INFO: response {"acntno":"9000023691","result":"ЭНХТУЯА ДАНЗАНБАЛЖИР"} []
[2022-08-01T11:34:43.333901+08:00] request.INFO: request {"acntno":"*"} []
[2022-08-01T11:53:59.165150+08:00] request.INFO: request {"acntno":"*"} []
[2022-08-01T11:54:05.965924+08:00] request.INFO: request {"acntno":"*"} []
[2022-08-01T11:59:33.129940+08:00] request.INFO: request {"acntno":"*"} []
[2022-08-01T12:00:27.728823+08:00] request.INFO: request {"acntno":"*"} []
[2022-08-01T12:00:42.697333+08:00] request.INFO: request {"acntno":"*"} []
[2022-08-01T12:19:58.182056+08:00] request.INFO: request {"acntno":"9000007387"} []
[2022-08-01T12:19:58.606356+08:00] response.INFO: response {"acntno":"9000007387","result":"УЯНГА БАТЗАЯА"} []
[2022-08-01T12:20:04.279192+08:00] request.INFO: request {"acntno":"9000007387"} []
[2022-08-01T12:20:04.700732+08:00] response.INFO: response {"acntno":"9000007387","result":"УЯНГА БАТЗАЯА"} []
[2022-08-01T14:16:33.251050+08:00] request.INFO: request {"acntno":"MN590019009090001425"} []
[2022-08-01T14:16:33.686743+08:00] response.INFO: response {"acntno":"MN590019009090001425","result":"ОДГАРИГ БЯМБАЦОГТ"} []
[2022-08-01T15:30:55.611006+08:00] request.INFO: request {"acntno":"9000007387"} []
[2022-08-01T15:30:56.106821+08:00] response.INFO: response {"acntno":"9000007387","result":"УЯНГА БАТЗАЯА"} []
[2022-08-01T15:31:12.530153+08:00] request.INFO: request {"acntno":"9000007387"} []
[2022-08-01T15:31:12.951647+08:00] response.INFO: response {"acntno":"9000007387","result":"УЯНГА БАТЗАЯА"} []
[2022-08-01T15:31:14.171326+08:00] request.INFO: request {"acntno":"9000007387"} []
[2022-08-01T15:31:14.593428+08:00] response.INFO: response {"acntno":"9000007387","result":"УЯНГА БАТЗАЯА"} []
[2022-08-01T15:31:20.851934+08:00] request.INFO: request {"acntno":"9000007387"} []
[2022-08-01T15:31:21.274396+08:00] response.INFO: response {"acntno":"9000007387","result":"УЯНГА БАТЗАЯА"} []
[2022-08-01T15:35:31.559041+08:00] request.INFO: request {"acntno":"9000007387"} []
[2022-08-01T15:35:31.991543+08:00] response.INFO: response {"acntno":"9000007387","result":"УЯНГА БАТЗАЯА"} []
[2022-08-01T15:35:38.879791+08:00] request.INFO: request {"acntno":"9000007387"} []
[2022-08-01T15:35:39.302932+08:00] response.INFO: response {"acntno":"9000007387","result":"УЯНГА БАТЗАЯА"} []
[2022-08-01T15:35:41.780863+08:00] request.INFO: request {"acntno":"9000007387"} []
[2022-08-01T15:35:42.205194+08:00] response.INFO: response {"acntno":"9000007387","result":"УЯНГА БАТЗАЯА"} []
[2022-08-01T15:35:49.435079+08:00] request.INFO: request {"acntno":"9000007387"} []
[2022-08-01T15:35:49.856386+08:00] response.INFO: response {"acntno":"9000007387","result":"УЯНГА БАТЗАЯА"} []
[2022-08-01T15:35:58.734873+08:00] request.INFO: request {"acntno":"9000007387"} []
[2022-08-01T15:35:59.173774+08:00] response.INFO: response {"acntno":"9000007387","result":"УЯНГА БАТЗАЯА"} []
[2022-08-01T15:36:45.168141+08:00] request.INFO: request {"acntno":"9000007387"} []
[2022-08-01T15:36:45.590529+08:00] response.INFO: response {"acntno":"9000007387","result":"УЯНГА БАТЗАЯА"} []
[2022-08-01T15:36:55.250072+08:00] request.INFO: request {"acntno":"9000007387"} []
[2022-08-01T15:36:55.677251+08:00] response.INFO: response {"acntno":"9000007387","result":"УЯНГА БАТЗАЯА"} []
[2022-08-01T15:49:56.853185+08:00] request.INFO: request {"acntno":"MN600019009000004904"} []
[2022-08-01T15:49:57.287356+08:00] response.INFO: response {"acntno":"MN600019009000004904","result":"УЯНГА БАТЗАЯА"} []
[2022-08-01T15:51:23.116841+08:00] request.INFO: request {"acntno":"MN040019009000024051"} []
[2022-08-01T15:51:23.546208+08:00] response.INFO: response {"acntno":"MN040019009000024051","result":"УЯНГА БАТЗАЯА"} []
[2022-08-01T15:52:42.802650+08:00] request.INFO: request {"acntno":"9000004904"} []
[2022-08-01T15:52:43.251658+08:00] response.INFO: response {"acntno":"9000004904","result":"УЯНГА БАТЗАЯА"} []
[2022-08-01T15:52:47.479160+08:00] request.INFO: request {"acntno":"9000004904"} []
[2022-08-01T15:52:47.893183+08:00] response.INFO: response {"acntno":"9000004904","result":"УЯНГА БАТЗАЯА"} []
[2022-08-01T15:52:49.524048+08:00] request.INFO: request {"acntno":"9000004904"} []
[2022-08-01T15:52:49.938552+08:00] response.INFO: response {"acntno":"9000004904","result":"УЯНГА БАТЗАЯА"} []
[2022-08-01T15:53:42.095718+08:00] request.INFO: request {"acntno":"9100000187"} []
[2022-08-01T15:53:42.513633+08:00] response.INFO: response {"acntno":"9100000187","result":"УЯНГА БАТЗАЯА"} []
[2022-08-01T15:53:45.760163+08:00] request.INFO: request {"acntno":"9100000187"} []
[2022-08-01T15:53:46.172614+08:00] response.INFO: response {"acntno":"9100000187","result":"УЯНГА БАТЗАЯА"} []
[2022-08-01T15:53:47.522275+08:00] request.INFO: request {"acntno":"9100000187"} []
[2022-08-01T15:53:47.944189+08:00] response.INFO: response {"acntno":"9100000187","result":"УЯНГА БАТЗАЯА"} []
[2022-08-01T15:54:04.723710+08:00] request.INFO: request {"acntno":"910000018"} []
[2022-08-01T15:54:29.087809+08:00] request.INFO: request {"acntno":"9100000187"} []
[2022-08-01T15:54:29.512571+08:00] response.INFO: response {"acntno":"9100000187","result":"УЯНГА БАТЗАЯА"} []
[2022-08-01T15:54:37.375902+08:00] request.INFO: request {"acntno":"9100000187"} []
[2022-08-01T15:54:37.798358+08:00] response.INFO: response {"acntno":"9100000187","result":"УЯНГА БАТЗАЯА"} []
[2022-08-01T15:54:40.015877+08:00] request.INFO: request {"acntno":"9100000187"} []
[2022-08-01T15:54:40.429683+08:00] response.INFO: response {"acntno":"9100000187","result":"УЯНГА БАТЗАЯА"} []
[2022-08-01T15:54:45.398587+08:00] request.INFO: request {"acntno":"9100000187"} []
[2022-08-01T15:54:45.818139+08:00] response.INFO: response {"acntno":"9100000187","result":"УЯНГА БАТЗАЯА"} []
[2022-08-01T15:57:44.030795+08:00] request.INFO: request {"acntno":"*"} []
[2022-08-01T16:02:05.278742+08:00] request.INFO: request {"acntno":"*"} []
[2022-08-01T16:08:27.152992+08:00] request.INFO: request {"acntno":"*"} []
[2022-08-01T16:09:57.619953+08:00] request.INFO: request {"acntno":"*"} []
[2022-08-01T16:11:32.117428+08:00] request.INFO: request {"acntno":"MN670019009000001577"} []
[2022-08-01T16:11:32.541309+08:00] response.INFO: response {"acntno":"MN670019009000001577","result":"ЗХУТ"} []
[2022-08-01T16:11:36.792821+08:00] request.INFO: request {"acntno":"MN670019009000001577"} []
[2022-08-01T16:11:37.218896+08:00] response.INFO: response {"acntno":"MN670019009000001577","result":"ЗХУТ"} []
[2022-08-01T16:11:39.160984+08:00] request.INFO: request {"acntno":"MN670019009000001577"} []
[2022-08-01T16:11:39.579929+08:00] response.INFO: response {"acntno":"MN670019009000001577","result":"ЗХУТ"} []
[2022-08-01T16:11:46.771093+08:00] request.INFO: request {"acntno":"MN670019009000001577"} []
[2022-08-01T16:11:47.192698+08:00] response.INFO: response {"acntno":"MN670019009000001577","result":"ЗХУТ"} []
[2022-08-01T16:51:57.799038+08:00] request.INFO: request {"acntno":"MN950019009100000313"} []
[2022-08-01T16:51:58.219929+08:00] response.INFO: response {"acntno":"MN950019009100000313","result":"НАРАНЦЭЦЭГ АМАРСАНАА"} []
[2022-08-01T16:52:07.018447+08:00] request.INFO: request {"acntno":"MN950019009100000313"} []
[2022-08-01T16:52:07.445595+08:00] response.INFO: response {"acntno":"MN950019009100000313","result":"НАРАНЦЭЦЭГ АМАРСАНАА"} []
[2022-08-01T16:52:08.968908+08:00] request.INFO: request {"acntno":"MN950019009100000313"} []
[2022-08-01T16:52:09.380432+08:00] response.INFO: response {"acntno":"MN950019009100000313","result":"НАРАНЦЭЦЭГ АМАРСАНАА"} []
[2022-08-01T16:52:18.986560+08:00] request.INFO: request {"acntno":"MN950019009100000313"} []
[2022-08-01T16:52:19.410667+08:00] response.INFO: response {"acntno":"MN950019009100000313","result":"НАРАНЦЭЦЭГ АМАРСАНАА"} []
[2022-08-01T16:56:31.301178+08:00] request.INFO: request {"acntno":"MN680019009100000314"} []
[2022-08-01T16:56:31.725633+08:00] response.INFO: response {"acntno":"MN680019009100000314","result":"НАРАНЦЭЦЭГ АМАРСАНАА"} []
[2022-08-01T16:56:35.738546+08:00] request.INFO: request {"acntno":"MN680019009100000314"} []
[2022-08-01T16:56:36.161812+08:00] response.INFO: response {"acntno":"MN680019009100000314","result":"НАРАНЦЭЦЭГ АМАРСАНАА"} []
[2022-08-01T16:56:37.452912+08:00] request.INFO: request {"acntno":"MN680019009100000314"} []
[2022-08-01T16:56:37.877217+08:00] response.INFO: response {"acntno":"MN680019009100000314","result":"НАРАНЦЭЦЭГ АМАРСАНАА"} []
[2022-08-01T16:56:41.429638+08:00] request.INFO: request {"acntno":"MN680019009100000314"} []
[2022-08-01T16:56:41.840765+08:00] response.INFO: response {"acntno":"MN680019009100000314","result":"НАРАНЦЭЦЭГ АМАРСАНАА"} []
[2022-08-01T18:20:38.005287+08:00] request.INFO: request {"acntno":"9000007387"} []
[2022-08-01T18:20:38.461329+08:00] response.INFO: response {"acntno":"9000007387","result":"УЯНГА БАТЗАЯА"} []
[2022-08-01T18:20:58.388815+08:00] request.INFO: request {"acntno":"9000007387"} []
[2022-08-01T18:20:58.808496+08:00] response.INFO: response {"acntno":"9000007387","result":"УЯНГА БАТЗАЯА"} []
[2022-08-01T18:20:59.999659+08:00] request.INFO: request {"acntno":"9000007387"} []
[2022-08-01T18:21:00.439397+08:00] response.INFO: response {"acntno":"9000007387","result":"УЯНГА БАТЗАЯА"} []
[2022-08-01T18:21:29.292155+08:00] request.INFO: request {"acntno":"9"} []
[2022-08-01T18:21:49.613899+08:00] request.INFO: request {"acntno":"9000007387"} []
[2022-08-01T18:21:50.025228+08:00] response.INFO: response {"acntno":"9000007387","result":"УЯНГА БАТЗАЯА"} []
[2022-08-01T18:21:55.169798+08:00] request.INFO: request {"acntno":"9000007387"} []
[2022-08-01T18:21:55.582090+08:00] response.INFO: response {"acntno":"9000007387","result":"УЯНГА БАТЗАЯА"} []
[2022-08-01T18:21:57.111907+08:00] request.INFO: request {"acntno":"9000007387"} []
[2022-08-01T18:21:57.538553+08:00] response.INFO: response {"acntno":"9000007387","result":"УЯНГА БАТЗАЯА"} []
[2022-08-01T18:23:40.486503+08:00] request.INFO: request {"acntno":"9000007387"} []
[2022-08-01T18:23:40.919690+08:00] response.INFO: response {"acntno":"9000007387","result":"УЯНГА БАТЗАЯА"} []
[2022-08-01T18:23:49.019482+08:00] request.INFO: request {"acntno":"9000007387"} []
[2022-08-01T18:23:49.444094+08:00] response.INFO: response {"acntno":"9000007387","result":"УЯНГА БАТЗАЯА"} []
[2022-08-01T18:23:53.930910+08:00] request.INFO: request {"acntno":"9000007387"} []
[2022-08-01T18:23:54.354175+08:00] response.INFO: response {"acntno":"9000007387","result":"УЯНГА БАТЗАЯА"} []
[2022-08-01T18:30:02.343230+08:00] request.INFO: request {"acntno":"MN040019009000023760"} []
[2022-08-01T18:30:02.803024+08:00] response.INFO: response {"acntno":"MN040019009000023760","result":"УЯНГА БАТЗАЯА"} []
[2022-08-01T18:54:53.202625+08:00] request.INFO: request {"acntno":"MN090019009090001161"} []
[2022-08-01T18:54:53.645823+08:00] response.INFO: response {"acntno":"MN090019009090001161","result":"ОДГАРИГ БЯМБАЦОГТ"} []
[2022-08-01T18:54:55.583370+08:00] request.INFO: request {"acntno":"MN090019009090001161"} []
[2022-08-01T18:54:56.005703+08:00] response.INFO: response {"acntno":"MN090019009090001161","result":"ОДГАРИГ БЯМБАЦОГТ"} []
[2022-08-01T18:55:01.399463+08:00] request.INFO: request {"acntno":"MN090019009090001161"} []
[2022-08-01T18:55:01.828008+08:00] response.INFO: response {"acntno":"MN090019009090001161","result":"ОДГАРИГ БЯМБАЦОГТ"} []
[2022-08-01T18:56:20.846830+08:00] request.INFO: request {"acntno":"MN090019009090001161"} []
[2022-08-01T18:56:21.284467+08:00] response.INFO: response {"acntno":"MN090019009090001161","result":"ОДГАРИГ БЯМБАЦОГТ"} []
[2022-08-01T18:56:22.869978+08:00] request.INFO: request {"acntno":"MN090019009090001161"} []
[2022-08-01T18:56:23.301187+08:00] response.INFO: response {"acntno":"MN090019009090001161","result":"ОДГАРИГ БЯМБАЦОГТ"} []
[2022-08-01T18:56:29.916591+08:00] request.INFO: request {"acntno":"MN090019009090001161"} []
[2022-08-01T18:56:30.348920+08:00] response.INFO: response {"acntno":"MN090019009090001161","result":"ОДГАРИГ БЯМБАЦОГТ"} []
[2022-08-01T18:57:49.991321+08:00] request.INFO: request {"acntno":"9000007387"} []
[2022-08-01T18:57:50.430036+08:00] response.INFO: response {"acntno":"9000007387","result":"УЯНГА БАТЗАЯА"} []
[2022-08-01T18:58:01.943588+08:00] request.INFO: request {"acntno":"9000007387"} []
[2022-08-01T18:58:02.362848+08:00] response.INFO: response {"acntno":"9000007387","result":"УЯНГА БАТЗАЯА"} []
[2022-08-01T18:58:03.823326+08:00] request.INFO: request {"acntno":"9000007387"} []
[2022-08-01T18:58:04.239334+08:00] response.INFO: response {"acntno":"9000007387","result":"УЯНГА БАТЗАЯА"} []
[2022-08-01T18:58:06.734433+08:00] request.INFO: request {"acntno":"9000007387"} []
[2022-08-01T18:58:07.145541+08:00] response.INFO: response {"acntno":"9000007387","result":"УЯНГА БАТЗАЯА"} []
[2022-08-01T18:58:35.573638+08:00] request.INFO: request {"acntno":"9000007387"} []
[2022-08-01T18:58:35.995736+08:00] response.INFO: response {"acntno":"9000007387","result":"УЯНГА БАТЗАЯА"} []
[2022-08-01T18:59:21.450744+08:00] request.INFO: request {"acntno":"MN460019009000007387"} []
[2022-08-01T18:59:21.878833+08:00] response.INFO: response {"acntno":"MN460019009000007387","result":"УЯНГА БАТЗАЯА"} []
[2022-08-01T19:01:32.340762+08:00] request.INFO: request {"acntno":"MN460019009000007387"} []
[2022-08-01T19:01:32.782663+08:00] response.INFO: response {"acntno":"MN460019009000007387","result":"УЯНГА БАТЗАЯА"} []
[2022-08-01T19:01:34.271548+08:00] request.INFO: request {"acntno":"MN460019009000007387"} []
[2022-08-01T19:01:34.682630+08:00] response.INFO: response {"acntno":"MN460019009000007387","result":"УЯНГА БАТЗАЯА"} []
[2022-08-01T19:01:37.006448+08:00] request.INFO: request {"acntno":"MN460019009000007387"} []
[2022-08-01T19:01:37.422898+08:00] response.INFO: response {"acntno":"MN460019009000007387","result":"УЯНГА БАТЗАЯА"} []
[2022-08-01T19:02:26.841839+08:00] request.INFO: request {"acntno":"MN460019009000007387"} []
[2022-08-01T19:02:27.263424+08:00] response.INFO: response {"acntno":"MN460019009000007387","result":"УЯНГА БАТЗАЯА"} []
[2022-08-01T19:02:29.513748+08:00] request.INFO: request {"acntno":"MN460019009000007387"} []
[2022-08-01T19:02:29.920836+08:00] response.INFO: response {"acntno":"MN460019009000007387","result":"УЯНГА БАТЗАЯА"} []
[2022-08-01T19:02:30.895673+08:00] request.INFO: request {"acntno":"MN460019009000007387"} []
[2022-08-01T19:02:31.305203+08:00] response.INFO: response {"acntno":"MN460019009000007387","result":"УЯНГА БАТЗАЯА"} []
[2022-08-01T19:09:49.840122+08:00] request.INFO: request {"acntno":"MN780019009000001573"} []
[2022-08-01T19:09:50.274523+08:00] response.INFO: response {"acntno":"MN780019009000001573","result":"ЗАМЫН ЦАГДАА"} []
[2022-08-01T19:09:57.927732+08:00] request.INFO: request {"acntno":"MN780019009000001573"} []
[2022-08-01T19:09:58.373968+08:00] response.INFO: response {"acntno":"MN780019009000001573","result":"ЗАМЫН ЦАГДАА"} []
[2022-08-01T19:10:09.032904+08:00] request.INFO: request {"acntno":"MN780019009000001573"} []
[2022-08-01T19:10:09.442795+08:00] response.INFO: response {"acntno":"MN780019009000001573","result":"ЗАМЫН ЦАГДАА"} []
[2022-08-01T19:10:15.558126+08:00] request.INFO: request {"acntno":"MN780019009000001573"} []
[2022-08-01T19:10:15.971949+08:00] response.INFO: response {"acntno":"MN780019009000001573","result":"ЗАМЫН ЦАГДАА"} []
[2022-08-01T19:27:47.793717+08:00] request.INFO: request {"acntno":"MN190019009090001175"} []
[2022-08-01T19:27:48.228323+08:00] response.INFO: response {"acntno":"MN190019009090001175","result":"ОДГАРИГ БЯМБАЦОГТ"} []
[2022-08-01T19:28:08.126015+08:00] request.INFO: request {"acntno":"MN130019009000017778"} []
[2022-08-01T19:28:08.546190+08:00] response.INFO: response {"acntno":"MN130019009000017778","result":"ОДГАРИГ"} []
[2022-08-01T19:28:14.745592+08:00] request.INFO: request {"acntno":"MN130019009000017778"} []
[2022-08-01T19:28:15.156266+08:00] response.INFO: response {"acntno":"MN130019009000017778","result":"ОДГАРИГ"} []
[2022-08-01T19:28:22.227176+08:00] request.INFO: request {"acntno":"MN130019009000017778"} []
[2022-08-01T19:28:22.639524+08:00] response.INFO: response {"acntno":"MN130019009000017778","result":"ОДГАРИГ"} []
[2022-08-01T19:28:26.654239+08:00] request.INFO: request {"acntno":"MN130019009000017778"} []
[2022-08-01T19:28:27.066736+08:00] response.INFO: response {"acntno":"MN130019009000017778","result":"ОДГАРИГ"} []
[2022-08-01T19:28:29.996877+08:00] request.INFO: request {"acntno":"MN190019009090001175"} []
[2022-08-01T19:28:30.463801+08:00] response.INFO: response {"acntno":"MN190019009090001175","result":"ОДГАРИГ БЯМБАЦОГТ"} []
[2022-08-01T19:28:31.890126+08:00] request.INFO: request {"acntno":"MN190019009090001175"} []
[2022-08-01T19:28:32.311654+08:00] response.INFO: response {"acntno":"MN190019009090001175","result":"ОДГАРИГ БЯМБАЦОГТ"} []
[2022-08-01T19:28:36.993662+08:00] request.INFO: request {"acntno":"MN190019009090001175"} []
[2022-08-01T19:28:37.408791+08:00] response.INFO: response {"acntno":"MN190019009090001175","result":"ОДГАРИГ БЯМБАЦОГТ"} []
[2022-08-01T19:28:46.675706+08:00] request.INFO: request {"acntno":"MN190019009090001175"} []
[2022-08-01T19:28:47.090401+08:00] response.INFO: response {"acntno":"MN190019009090001175","result":"ОДГАРИГ БЯМБАЦОГТ"} []
[2022-08-01T19:28:48.224737+08:00] request.INFO: request {"acntno":"MN190019009090001175"} []
[2022-08-01T19:28:48.645506+08:00] response.INFO: response {"acntno":"MN190019009090001175","result":"ОДГАРИГ БЯМБАЦОГТ"} []
[2022-08-01T19:28:53.520753+08:00] request.INFO: request {"acntno":"MN190019009090001175"} []
[2022-08-01T19:28:53.947619+08:00] response.INFO: response {"acntno":"MN190019009090001175","result":"ОДГАРИГ БЯМБАЦОГТ"} []
[2022-08-01T19:28:59.364046+08:00] request.INFO: request {"acntno":"MN190019009090001175"} []
[2022-08-01T19:28:59.774874+08:00] response.INFO: response {"acntno":"MN190019009090001175","result":"ОДГАРИГ БЯМБАЦОГТ"} []
[2022-08-01T19:29:05.652375+08:00] request.INFO: request {"acntno":"MN190019009090001175"} []
[2022-08-01T19:29:06.065325+08:00] response.INFO: response {"acntno":"MN190019009090001175","result":"ОДГАРИГ БЯМБАЦОГТ"} []
[2022-08-01T19:33:10.367168+08:00] request.INFO: request {"acntno":"220300008588"} []
[2022-08-01T19:33:20.806709+08:00] request.INFO: request {"acntno":"MN460019009000007387"} []
[2022-08-01T19:33:21.228519+08:00] response.INFO: response {"acntno":"MN460019009000007387","result":"УЯНГА БАТЗАЯА"} []
[2022-08-01T19:47:13.405714+08:00] request.INFO: request {"acntno":"MN670019009000001577"} []
[2022-08-01T19:47:13.856836+08:00] response.INFO: response {"acntno":"MN670019009000001577","result":"ЗХУТ"} []
[2022-08-01T19:47:15.269751+08:00] request.INFO: request {"acntno":"MN670019009000001577"} []
[2022-08-01T19:47:15.692581+08:00] response.INFO: response {"acntno":"MN670019009000001577","result":"ЗХУТ"} []
[2022-08-01T19:47:18.511682+08:00] request.INFO: request {"acntno":"MN670019009000001577"} []
[2022-08-01T19:47:18.943535+08:00] response.INFO: response {"acntno":"MN670019009000001577","result":"ЗХУТ"} []
[2022-08-01T19:49:27.064715+08:00] request.INFO: request {"acntno":"*"} []
[2022-08-01T19:49:42.153588+08:00] request.INFO: request {"acntno":"*"} []
