[2022-08-18T10:06:36.530300+08:00] request.INFO: request {"acntno":"MN670019009000001577"} []
[2022-08-18T10:06:36.966716+08:00] response.INFO: response {"acntno":"MN670019009000001577","result":"ЗХУТ"} []
[2022-08-18T10:06:38.282121+08:00] request.INFO: request {"acntno":"MN670019009000001577"} []
[2022-08-18T10:06:38.711418+08:00] response.INFO: response {"acntno":"MN670019009000001577","result":"ЗХУТ"} []
[2022-08-18T11:01:25.961960+08:00] request.INFO: request {"acntno":"MN460019009000007387"} []
[2022-08-18T11:01:26.402279+08:00] response.INFO: response {"acntno":"MN460019009000007387","result":"УЯНГА БАТЗАЯА"} []
[2022-08-18T11:01:32.147977+08:00] request.INFO: request {"acntno":"MN460019009000007387"} []
[2022-08-18T11:01:32.583159+08:00] response.INFO: response {"acntno":"MN460019009000007387","result":"УЯНГА БАТЗАЯА"} []
[2022-08-18T11:01:38.234270+08:00] request.INFO: request {"acntno":"MN460019009000007387"} []
[2022-08-18T11:01:38.650076+08:00] response.INFO: response {"acntno":"MN460019009000007387","result":"УЯНГА БАТЗАЯА"} []
[2022-08-18T11:01:40.337707+08:00] request.INFO: request {"acntno":"MN460019009000007387"} []
[2022-08-18T11:01:40.758630+08:00] response.INFO: response {"acntno":"MN460019009000007387","result":"УЯНГА БАТЗАЯА"} []
[2022-08-18T11:50:06.179883+08:00] request.INFO: request {"acntno":"9000004904"} []
[2022-08-18T11:50:06.633521+08:00] response.INFO: response {"acntno":"9000004904","result":"УЯНГА БАТЗАЯА"} []
[2022-08-18T11:51:09.908175+08:00] request.INFO: request {"acntno":"MN"} []
[2022-08-18T17:42:20.174065+08:00] request.INFO: request {"acntno":"9000003614"} []
[2022-08-18T17:42:20.597387+08:00] response.INFO: response {"acntno":"9000003614","result":"БАЗАРМАА РАДНААБАЗАР"} []
[2022-08-18T17:42:23.047765+08:00] request.INFO: request {"acntno":"9000003614"} []
[2022-08-18T17:42:23.473258+08:00] response.INFO: response {"acntno":"9000003614","result":"БАЗАРМАА РАДНААБАЗАР"} []
[2022-08-18T17:42:32.327253+08:00] request.INFO: request {"acntno":"9000003614"} []
[2022-08-18T17:42:32.752546+08:00] response.INFO: response {"acntno":"9000003614","result":"БАЗАРМАА РАДНААБАЗАР"} []
[2022-08-18T17:42:35.109241+08:00] request.INFO: request {"acntno":"9000003614"} []
[2022-08-18T17:42:35.534473+08:00] response.INFO: response {"acntno":"9000003614","result":"БАЗАРМАА РАДНААБАЗАР"} []
[2022-08-18T18:31:09.926178+08:00] request.INFO: request {"acntno":"MN780019009000001573"} []
[2022-08-18T18:31:10.348473+08:00] response.INFO: response {"acntno":"MN780019009000001573","result":"ЗАМЫН ЦАГДАА"} []
[2022-08-18T18:34:34.217128+08:00] request.INFO: request {"acntno":"*"} []
[2022-08-18T18:36:20.543529+08:00] request.INFO: request {"acntno":"*"} []
[2022-08-18T18:37:53.047228+08:00] request.INFO: request {"acntno":"*"} []
[2022-08-18T20:11:25.792609+08:00] request.INFO: request {"acntno":"*"} []
[2022-08-18T20:12:39.828546+08:00] request.INFO: request {"acntno":"*"} []
[2022-08-18T20:14:00.796173+08:00] request.INFO: request {"acntno":"*"} []
