[2022-08-22T09:03:58.883446+08:00] request.INFO: request {"acntno":"*"} []
[2022-08-22T09:08:16.830510+08:00] request.INFO: request {"acntno":"*"} []
[2022-08-22T09:38:47.211082+08:00] request.INFO: request {"acntno":"MN780019009000001573"} []
[2022-08-22T09:38:47.653850+08:00] response.INFO: response {"acntno":"MN780019009000001573","result":"ЗАМЫН ЦАГДАА"} []
[2022-08-22T09:40:23.143026+08:00] request.INFO: request {"acntno":"MN780019009000001573"} []
[2022-08-22T09:40:23.580739+08:00] response.INFO: response {"acntno":"MN780019009000001573","result":"ЗАМЫН ЦАГДАА"} []
[2022-08-22T09:40:27.755388+08:00] request.INFO: request {"acntno":"MN780019009000001573"} []
[2022-08-22T09:40:28.175283+08:00] response.INFO: response {"acntno":"MN780019009000001573","result":"ЗАМЫН ЦАГДАА"} []
[2022-08-22T09:40:30.622633+08:00] request.INFO: request {"acntno":"MN780019009000001573"} []
[2022-08-22T09:40:31.055644+08:00] response.INFO: response {"acntno":"MN780019009000001573","result":"ЗАМЫН ЦАГДАА"} []
[2022-08-22T09:44:07.023441+08:00] request.INFO: request {"acntno":"MN780019009000001573"} []
[2022-08-22T09:44:07.446765+08:00] response.INFO: response {"acntno":"MN780019009000001573","result":"ЗАМЫН ЦАГДАА"} []
[2022-08-22T09:44:10.431417+08:00] request.INFO: request {"acntno":"MN780019009000001573"} []
[2022-08-22T09:44:10.849715+08:00] response.INFO: response {"acntno":"MN780019009000001573","result":"ЗАМЫН ЦАГДАА"} []
[2022-08-22T09:44:14.287135+08:00] request.INFO: request {"acntno":"MN780019009000001573"} []
[2022-08-22T09:44:14.708993+08:00] response.INFO: response {"acntno":"MN780019009000001573","result":"ЗАМЫН ЦАГДАА"} []
[2022-08-22T11:14:53.226717+08:00] request.INFO: request {"acntno":"9000007387"} []
[2022-08-22T11:14:53.711816+08:00] response.INFO: response {"acntno":"9000007387","result":"УЯНГА БАТЗАЯА"} []
[2022-08-22T11:14:59.408920+08:00] request.INFO: request {"acntno":"9000007387"} []
[2022-08-22T11:14:59.866819+08:00] response.INFO: response {"acntno":"9000007387","result":"УЯНГА БАТЗАЯА"} []
[2022-08-22T11:15:03.373998+08:00] request.INFO: request {"acntno":"9000007387"} []
[2022-08-22T11:15:03.802979+08:00] response.INFO: response {"acntno":"9000007387","result":"УЯНГА БАТЗАЯА"} []
[2022-08-22T11:15:48.586138+08:00] request.INFO: request {"acntno":"9000007387"} []
[2022-08-22T11:15:49.000443+08:00] response.INFO: response {"acntno":"9000007387","result":"УЯНГА БАТЗАЯА"} []
[2022-08-22T11:15:55.183916+08:00] request.INFO: request {"acntno":"9000007387"} []
[2022-08-22T11:15:55.601827+08:00] response.INFO: response {"acntno":"9000007387","result":"УЯНГА БАТЗАЯА"} []
[2022-08-22T11:15:58.116812+08:00] request.INFO: request {"acntno":"9000007387"} []
[2022-08-22T11:15:59.229862+08:00] response.INFO: response {"acntno":"9000007387","result":"УЯНГА БАТЗАЯА"} []
[2022-08-22T11:16:08.431854+08:00] request.INFO: request {"acntno":"9000007387"} []
[2022-08-22T11:16:08.849783+08:00] response.INFO: response {"acntno":"9000007387","result":"УЯНГА БАТЗАЯА"} []
[2022-08-22T11:16:15.265921+08:00] request.INFO: request {"acntno":"9000007387"} []
[2022-08-22T11:16:15.692239+08:00] response.INFO: response {"acntno":"9000007387","result":"УЯНГА БАТЗАЯА"} []
[2022-08-22T11:16:39.600168+08:00] request.INFO: request {"acntno":"9000007387"} []
[2022-08-22T11:16:40.034579+08:00] response.INFO: response {"acntno":"9000007387","result":"УЯНГА БАТЗАЯА"} []
[2022-08-22T11:16:49.439523+08:00] request.INFO: request {"acntno":"9000007387"} []
[2022-08-22T11:16:49.862709+08:00] response.INFO: response {"acntno":"9000007387","result":"УЯНГА БАТЗАЯА"} []
[2022-08-22T11:16:53.039040+08:00] request.INFO: request {"acntno":"9000007387"} []
[2022-08-22T11:16:53.460409+08:00] response.INFO: response {"acntno":"9000007387","result":"УЯНГА БАТЗАЯА"} []
[2022-08-22T11:17:28.002164+08:00] request.INFO: request {"acntno":"9000007387"} []
[2022-08-22T11:17:28.421458+08:00] response.INFO: response {"acntno":"9000007387","result":"УЯНГА БАТЗАЯА"} []
[2022-08-22T11:17:37.621884+08:00] request.INFO: request {"acntno":"9000007387"} []
[2022-08-22T11:17:38.043784+08:00] response.INFO: response {"acntno":"9000007387","result":"УЯНГА БАТЗАЯА"} []
[2022-08-22T11:19:48.289484+08:00] request.INFO: request {"acntno":"9000007387"} []
[2022-08-22T11:19:48.721893+08:00] response.INFO: response {"acntno":"9000007387","result":"УЯНГА БАТЗАЯА"} []
[2022-08-22T11:20:07.377483+08:00] request.INFO: request {"acntno":"9000007387"} []
[2022-08-22T11:20:07.794619+08:00] response.INFO: response {"acntno":"9000007387","result":"УЯНГА БАТЗАЯА"} []
[2022-08-22T11:20:09.038139+08:00] request.INFO: request {"acntno":"9000007387"} []
[2022-08-22T11:20:09.463898+08:00] response.INFO: response {"acntno":"9000007387","result":"УЯНГА БАТЗАЯА"} []
[2022-08-22T11:20:32.922518+08:00] request.INFO: request {"acntno":"9000007387"} []
[2022-08-22T11:20:33.343053+08:00] response.INFO: response {"acntno":"9000007387","result":"УЯНГА БАТЗАЯА"} []
[2022-08-22T11:20:51.965018+08:00] request.INFO: request {"acntno":"9000007387"} []
[2022-08-22T11:20:52.387545+08:00] response.INFO: response {"acntno":"9000007387","result":"УЯНГА БАТЗАЯА"} []
[2022-08-22T11:20:56.990824+08:00] request.INFO: request {"acntno":"9000007387"} []
[2022-08-22T11:20:57.416385+08:00] response.INFO: response {"acntno":"9000007387","result":"УЯНГА БАТЗАЯА"} []
[2022-08-22T11:20:58.776791+08:00] request.INFO: request {"acntno":"9000007387"} []
[2022-08-22T11:20:59.195204+08:00] response.INFO: response {"acntno":"9000007387","result":"УЯНГА БАТЗАЯА"} []
[2022-08-22T11:21:15.151366+08:00] request.INFO: request {"acntno":"9000007387"} []
[2022-08-22T11:21:15.561689+08:00] response.INFO: response {"acntno":"9000007387","result":"УЯНГА БАТЗАЯА"} []
[2022-08-22T11:22:17.786975+08:00] request.INFO: request {"acntno":"MN460019009000007387"} []
[2022-08-22T11:22:18.221018+08:00] response.INFO: response {"acntno":"MN460019009000007387","result":"УЯНГА БАТЗАЯА"} []
[2022-08-22T11:22:25.269285+08:00] request.INFO: request {"acntno":"MN460019009000007387"} []
[2022-08-22T11:22:25.685323+08:00] response.INFO: response {"acntno":"MN460019009000007387","result":"УЯНГА БАТЗАЯА"} []
[2022-08-22T11:22:27.277621+08:00] request.INFO: request {"acntno":"MN460019009000007387"} []
[2022-08-22T11:22:27.694140+08:00] response.INFO: response {"acntno":"MN460019009000007387","result":"УЯНГА БАТЗАЯА"} []
[2022-08-22T11:22:34.753258+08:00] request.INFO: request {"acntno":"MN460019009000007387"} []
[2022-08-22T11:22:35.188349+08:00] response.INFO: response {"acntno":"MN460019009000007387","result":"УЯНГА БАТЗАЯА"} []
[2022-08-22T11:23:24.207759+08:00] request.INFO: request {"acntno":"mn460019009000007387"} []
[2022-08-22T11:23:24.646626+08:00] response.INFO: response {"acntno":"mn460019009000007387","result":"УЯНГА БАТЗАЯА"} []
[2022-08-22T11:30:17.310354+08:00] request.INFO: request {"acntno":"mn460019009000007387"} []
[2022-08-22T11:30:17.731665+08:00] response.INFO: response {"acntno":"mn460019009000007387","result":"УЯНГА БАТЗАЯА"} []
[2022-08-22T11:30:21.884775+08:00] request.INFO: request {"acntno":"mn460019009000007387"} []
[2022-08-22T11:30:22.320312+08:00] response.INFO: response {"acntno":"mn460019009000007387","result":"УЯНГА БАТЗАЯА"} []
[2022-08-22T11:30:27.858789+08:00] request.INFO: request {"acntno":"mn460019009000007387"} []
[2022-08-22T11:30:28.285290+08:00] response.INFO: response {"acntno":"mn460019009000007387","result":"УЯНГА БАТЗАЯА"} []
[2022-08-22T11:31:27.595799+08:00] request.INFO: request {"acntno":"mn460019009000007387"} []
[2022-08-22T11:31:28.019461+08:00] response.INFO: response {"acntno":"mn460019009000007387","result":"УЯНГА БАТЗАЯА"} []
[2022-08-22T11:31:39.282506+08:00] request.INFO: request {"acntno":"mn460019009000007387"} []
[2022-08-22T11:31:39.716288+08:00] response.INFO: response {"acntno":"mn460019009000007387","result":"УЯНГА БАТЗАЯА"} []
[2022-08-22T11:36:51.540887+08:00] request.INFO: request {"acntno":"mn460019009000007387"} []
[2022-08-22T11:36:51.969962+08:00] response.INFO: response {"acntno":"mn460019009000007387","result":"УЯНГА БАТЗАЯА"} []
[2022-08-22T11:37:25.296833+08:00] request.INFO: request {"acntno":"mn460019009000007387"} []
[2022-08-22T11:37:25.707812+08:00] response.INFO: response {"acntno":"mn460019009000007387","result":"УЯНГА БАТЗАЯА"} []
[2022-08-22T11:37:40.599226+08:00] request.INFO: request {"acntno":"mn460019009000007387"} []
[2022-08-22T11:37:41.042478+08:00] response.INFO: response {"acntno":"mn460019009000007387","result":"УЯНГА БАТЗАЯА"} []
[2022-08-22T11:38:20.640500+08:00] request.INFO: request {"acntno":"mn"} []
[2022-08-22T11:55:02.022238+08:00] request.INFO: request {"acntno":"9000007387"} []
[2022-08-22T11:55:02.446500+08:00] response.INFO: response {"acntno":"9000007387","result":"УЯНГА БАТЗАЯА"} []
[2022-08-22T11:55:29.478756+08:00] request.INFO: request {"acntno":"mn460019009000007387"} []
[2022-08-22T11:55:29.907139+08:00] response.INFO: response {"acntno":"mn460019009000007387","result":"УЯНГА БАТЗАЯА"} []
[2022-08-22T12:11:15.973324+08:00] request.INFO: request {"acntno":"MN090019009090001161"} []
[2022-08-22T12:11:16.413394+08:00] response.INFO: response {"acntno":"MN090019009090001161","result":"ОДГАРИГ БЯМБАЦОГТ"} []
[2022-08-22T12:11:28.425660+08:00] request.INFO: request {"acntno":"MN090019009090001161"} []
[2022-08-22T12:11:28.855531+08:00] response.INFO: response {"acntno":"MN090019009090001161","result":"ОДГАРИГ БЯМБАЦОГТ"} []
[2022-08-22T12:11:32.608089+08:00] request.INFO: request {"acntno":"MN090019009090001161"} []
[2022-08-22T12:11:33.035066+08:00] response.INFO: response {"acntno":"MN090019009090001161","result":"ОДГАРИГ БЯМБАЦОГТ"} []
[2022-08-22T12:11:37.939195+08:00] request.INFO: request {"acntno":"MN090019009090001161"} []
[2022-08-22T12:11:38.387760+08:00] response.INFO: response {"acntno":"MN090019009090001161","result":"ОДГАРИГ БЯМБАЦОГТ"} []
[2022-08-22T12:11:43.409890+08:00] request.INFO: request {"acntno":"MN090019009090001161"} []
[2022-08-22T12:11:43.830054+08:00] response.INFO: response {"acntno":"MN090019009090001161","result":"ОДГАРИГ БЯМБАЦОГТ"} []
[2022-08-22T12:11:49.163610+08:00] request.INFO: request {"acntno":"MN090019009090001161"} []
[2022-08-22T12:11:49.613413+08:00] response.INFO: response {"acntno":"MN090019009090001161","result":"ОДГАРИГ БЯМБАЦОГТ"} []
[2022-08-22T12:11:54.915855+08:00] request.INFO: request {"acntno":"MN090019009090001161"} []
[2022-08-22T12:11:55.346830+08:00] response.INFO: response {"acntno":"MN090019009090001161","result":"ОДГАРИГ БЯМБАЦОГТ"} []
[2022-08-22T12:13:22.218753+08:00] request.INFO: request {"acntno":"MN040019009000023760"} []
[2022-08-22T12:13:22.657094+08:00] response.INFO: response {"acntno":"MN040019009000023760","result":"УЯНГА БАТЗАЯА"} []
[2022-08-22T12:13:23.990320+08:00] request.INFO: request {"acntno":"MN040019009000023760"} []
[2022-08-22T12:13:24.418568+08:00] response.INFO: response {"acntno":"MN040019009000023760","result":"УЯНГА БАТЗАЯА"} []
[2022-08-22T12:13:50.701530+08:00] request.INFO: request {"acntno":"MN040019009000023760"} []
[2022-08-22T12:13:51.122832+08:00] response.INFO: response {"acntno":"MN040019009000023760","result":"УЯНГА БАТЗАЯА"} []
[2022-08-22T12:13:55.824861+08:00] request.INFO: request {"acntno":"MN040019009000023760"} []
[2022-08-22T12:13:56.242551+08:00] response.INFO: response {"acntno":"MN040019009000023760","result":"УЯНГА БАТЗАЯА"} []
[2022-08-22T12:14:00.462588+08:00] request.INFO: request {"acntno":"MN040019009000023760"} []
[2022-08-22T12:14:00.910092+08:00] response.INFO: response {"acntno":"MN040019009000023760","result":"УЯНГА БАТЗАЯА"} []
[2022-08-22T12:14:02.907733+08:00] request.INFO: request {"acntno":"MN040019009000023760"} []
[2022-08-22T12:14:03.349197+08:00] response.INFO: response {"acntno":"MN040019009000023760","result":"УЯНГА БАТЗАЯА"} []
[2022-08-22T12:14:16.094100+08:00] request.INFO: request {"acntno":"MN040019009000023760"} []
[2022-08-22T12:14:16.517485+08:00] response.INFO: response {"acntno":"MN040019009000023760","result":"УЯНГА БАТЗАЯА"} []
[2022-08-22T12:15:39.377211+08:00] request.INFO: request {"acntno":"9000003614"} []
[2022-08-22T12:15:39.823321+08:00] response.INFO: response {"acntno":"9000003614","result":"БАЗАРМАА РАДНААБАЗАР"} []
[2022-08-22T12:29:17.340453+08:00] request.INFO: request {"acntno":"MN780019009000001573"} []
[2022-08-22T12:29:17.767272+08:00] response.INFO: response {"acntno":"MN780019009000001573","result":"ЗАМЫН ЦАГДАА"} []
[2022-08-22T12:29:31.201314+08:00] request.INFO: request {"acntno":"MN780019009000001573"} []
[2022-08-22T12:29:31.631576+08:00] response.INFO: response {"acntno":"MN780019009000001573","result":"ЗАМЫН ЦАГДАА"} []
[2022-08-22T12:29:38.347430+08:00] request.INFO: request {"acntno":"MN780019009000001573"} []
[2022-08-22T12:29:38.766622+08:00] response.INFO: response {"acntno":"MN780019009000001573","result":"ЗАМЫН ЦАГДАА"} []
[2022-08-22T12:29:49.064595+08:00] request.INFO: request {"acntno":"MN780019009000001573"} []
[2022-08-22T12:29:49.478976+08:00] response.INFO: response {"acntno":"MN780019009000001573","result":"ЗАМЫН ЦАГДАА"} []
[2022-08-22T12:36:18.735191+08:00] request.INFO: request {"acntno":"MN780019009000001573"} []
[2022-08-22T12:36:19.170006+08:00] response.INFO: response {"acntno":"MN780019009000001573","result":"ЗАМЫН ЦАГДАА"} []
[2022-08-22T12:36:28.933485+08:00] request.INFO: request {"acntno":"MN780019009000001573"} []
[2022-08-22T12:36:29.356145+08:00] response.INFO: response {"acntno":"MN780019009000001573","result":"ЗАМЫН ЦАГДАА"} []
[2022-08-22T12:36:35.222868+08:00] request.INFO: request {"acntno":"MN780019009000001573"} []
[2022-08-22T12:36:35.651763+08:00] response.INFO: response {"acntno":"MN780019009000001573","result":"ЗАМЫН ЦАГДАА"} []
[2022-08-22T12:36:47.414223+08:00] request.INFO: request {"acntno":"MN780019009000001573"} []
[2022-08-22T12:36:47.834292+08:00] response.INFO: response {"acntno":"MN780019009000001573","result":"ЗАМЫН ЦАГДАА"} []
[2022-08-22T13:39:32.288479+08:00] request.INFO: request {"acntno":"MN780019009000001573"} []
[2022-08-22T13:39:32.706699+08:00] response.INFO: response {"acntno":"MN780019009000001573","result":"ЗАМЫН ЦАГДАА"} []
[2022-08-22T13:39:38.403051+08:00] request.INFO: request {"acntno":"MN780019009000001573"} []
[2022-08-22T13:39:38.824516+08:00] response.INFO: response {"acntno":"MN780019009000001573","result":"ЗАМЫН ЦАГДАА"} []
[2022-08-22T13:39:40.353386+08:00] request.INFO: request {"acntno":"MN780019009000001573"} []
[2022-08-22T13:39:40.774020+08:00] response.INFO: response {"acntno":"MN780019009000001573","result":"ЗАМЫН ЦАГДАА"} []
[2022-08-22T13:41:44.264566+08:00] request.INFO: request {"acntno":"MN780019009000001573"} []
[2022-08-22T13:41:44.687293+08:00] response.INFO: response {"acntno":"MN780019009000001573","result":"ЗАМЫН ЦАГДАА"} []
[2022-08-22T13:41:49.810107+08:00] request.INFO: request {"acntno":"MN780019009000001573"} []
[2022-08-22T13:41:50.244578+08:00] response.INFO: response {"acntno":"MN780019009000001573","result":"ЗАМЫН ЦАГДАА"} []
[2022-08-22T13:42:17.867873+08:00] request.INFO: request {"acntno":"MN780019009000001573"} []
[2022-08-22T13:42:18.276543+08:00] response.INFO: response {"acntno":"MN780019009000001573","result":"ЗАМЫН ЦАГДАА"} []
[2022-08-22T16:08:22.746050+08:00] request.INFO: request {"acntno":"MN780019009000001573"} []
[2022-08-22T16:08:23.172978+08:00] response.INFO: response {"acntno":"MN780019009000001573","result":"ЗАМЫН ЦАГДАА"} []
[2022-08-22T16:09:46.686882+08:00] request.INFO: request {"acntno":"MN780019009000001573"} []
[2022-08-22T16:09:47.104189+08:00] response.INFO: response {"acntno":"MN780019009000001573","result":"ЗАМЫН ЦАГДАА"} []
[2022-08-22T16:09:54.198730+08:00] request.INFO: request {"acntno":"MN780019009000001573"} []
[2022-08-22T16:09:54.622498+08:00] response.INFO: response {"acntno":"MN780019009000001573","result":"ЗАМЫН ЦАГДАА"} []
[2022-08-22T16:09:57.682815+08:00] request.INFO: request {"acntno":"MN780019009000001573"} []
[2022-08-22T16:09:58.098503+08:00] response.INFO: response {"acntno":"MN780019009000001573","result":"ЗАМЫН ЦАГДАА"} []
[2022-08-22T16:12:54.876569+08:00] request.INFO: request {"acntno":"90000p7387"} []
[2022-08-22T16:13:01.528420+08:00] request.INFO: request {"acntno":"900007387"} []
[2022-08-22T16:13:12.389319+08:00] request.INFO: request {"acntno":"9000007387"} []
[2022-08-22T16:13:12.821467+08:00] response.INFO: response {"acntno":"9000007387","result":"УЯНГА БАТЗАЯА"} []
[2022-08-22T16:13:16.949305+08:00] request.INFO: request {"acntno":"9000007387"} []
[2022-08-22T16:13:17.360504+08:00] response.INFO: response {"acntno":"9000007387","result":"УЯНГА БАТЗАЯА"} []
[2022-08-22T16:13:19.380895+08:00] request.INFO: request {"acntno":"9000007387"} []
[2022-08-22T16:13:19.804375+08:00] response.INFO: response {"acntno":"9000007387","result":"УЯНГА БАТЗАЯА"} []
[2022-08-22T16:13:25.712984+08:00] request.INFO: request {"acntno":"9000007387"} []
[2022-08-22T16:13:26.134915+08:00] response.INFO: response {"acntno":"9000007387","result":"УЯНГА БАТЗАЯА"} []
[2022-08-22T17:07:12.508302+08:00] request.INFO: request {"acntno":"MN670019009000001577"} []
[2022-08-22T17:07:12.981016+08:00] response.INFO: response {"acntno":"MN670019009000001577","result":"ЗХУТ"} []
[2022-08-22T17:07:26.669303+08:00] request.INFO: request {"acntno":"MN670019009000001577"} []
[2022-08-22T17:07:27.090969+08:00] response.INFO: response {"acntno":"MN670019009000001577","result":"ЗХУТ"} []
[2022-08-22T17:07:29.316544+08:00] request.INFO: request {"acntno":"MN670019009000001577"} []
[2022-08-22T17:07:29.744672+08:00] response.INFO: response {"acntno":"MN670019009000001577","result":"ЗХУТ"} []
[2022-08-22T17:07:41.735565+08:00] request.INFO: request {"acntno":"MN670019009000001577"} []
[2022-08-22T17:07:42.155168+08:00] response.INFO: response {"acntno":"MN670019009000001577","result":"ЗХУТ"} []
[2022-08-22T17:07:49.404375+08:00] request.INFO: request {"acntno":"MN670019009000001577"} []
[2022-08-22T17:07:49.842546+08:00] response.INFO: response {"acntno":"MN670019009000001577","result":"ЗХУТ"} []
[2022-08-22T17:32:25.557210+08:00] request.INFO: request {"acntno":"9000014818"} []
[2022-08-22T17:32:26.008317+08:00] response.INFO: response {"acntno":"9000014818","result":"БАТБОЛД ПҮРЭВБААТАР"} []
