[2022-07-28T09:20:53.326000+08:00] request.INFO: request {"acntno":"9000004904"} []
[2022-07-28T09:20:53.780177+08:00] response.INFO: response {"acntno":"9000004904","result":"УЯНГА БАТЗАЯА"} []
[2022-07-28T09:21:02.213236+08:00] request.INFO: request {"acntno":"9000004904"} []
[2022-07-28T09:21:02.629920+08:00] response.INFO: response {"acntno":"9000004904","result":"УЯНГА БАТЗАЯА"} []
[2022-07-28T09:21:04.207196+08:00] request.INFO: request {"acntno":"9000004904"} []
[2022-07-28T09:21:04.634416+08:00] response.INFO: response {"acntno":"9000004904","result":"УЯНГА БАТЗАЯА"} []
[2022-07-28T09:21:08.924454+08:00] request.INFO: request {"acntno":"9000004904"} []
[2022-07-28T09:21:09.336875+08:00] response.INFO: response {"acntno":"9000004904","result":"УЯНГА БАТЗАЯА"} []
[2022-07-28T09:21:14.978472+08:00] request.INFO: request {"acntno":"9000004904"} []
[2022-07-28T09:21:15.396795+08:00] response.INFO: response {"acntno":"9000004904","result":"УЯНГА БАТЗАЯА"} []
[2022-07-28T09:29:29.508528+08:00] request.INFO: request {"acntno":"9000004904"} []
[2022-07-28T09:29:29.933732+08:00] response.INFO: response {"acntno":"9000004904","result":"УЯНГА БАТЗАЯА"} []
[2022-07-28T09:29:41.744225+08:00] request.INFO: request {"acntno":"9000004904"} []
[2022-07-28T09:29:42.168568+08:00] response.INFO: response {"acntno":"9000004904","result":"УЯНГА БАТЗАЯА"} []
[2022-07-28T09:29:44.031563+08:00] request.INFO: request {"acntno":"9000004904"} []
[2022-07-28T09:29:44.458744+08:00] response.INFO: response {"acntno":"9000004904","result":"УЯНГА БАТЗАЯА"} []
[2022-07-28T09:29:47.258765+08:00] request.INFO: request {"acntno":"9000004904"} []
[2022-07-28T09:29:47.677254+08:00] response.INFO: response {"acntno":"9000004904","result":"УЯНГА БАТЗАЯА"} []
[2022-07-28T09:34:50.461915+08:00] request.INFO: request {"acntno":"9000004904"} []
[2022-07-28T09:34:50.897799+08:00] response.INFO: response {"acntno":"9000004904","result":"УЯНГА БАТЗАЯА"} []
[2022-07-28T09:34:57.734659+08:00] request.INFO: request {"acntno":"9000004904"} []
[2022-07-28T09:34:58.157052+08:00] response.INFO: response {"acntno":"9000004904","result":"УЯНГА БАТЗАЯА"} []
[2022-07-28T09:34:59.754749+08:00] request.INFO: request {"acntno":"9000004904"} []
[2022-07-28T09:35:00.182945+08:00] response.INFO: response {"acntno":"9000004904","result":"УЯНГА БАТЗАЯА"} []
[2022-07-28T09:35:03.188991+08:00] request.INFO: request {"acntno":"9000004904"} []
[2022-07-28T09:35:03.609430+08:00] response.INFO: response {"acntno":"9000004904","result":"УЯНГА БАТЗАЯА"} []
[2022-07-28T09:39:48.362370+08:00] request.INFO: request {"acntno":"9000004904"} []
[2022-07-28T09:39:48.791437+08:00] response.INFO: response {"acntno":"9000004904","result":"УЯНГА БАТЗАЯА"} []
[2022-07-28T09:39:54.761581+08:00] request.INFO: request {"acntno":"9000004904"} []
[2022-07-28T09:39:55.192743+08:00] response.INFO: response {"acntno":"9000004904","result":"УЯНГА БАТЗАЯА"} []
[2022-07-28T09:39:56.603775+08:00] request.INFO: request {"acntno":"9000004904"} []
[2022-07-28T09:39:57.016602+08:00] response.INFO: response {"acntno":"9000004904","result":"УЯНГА БАТЗАЯА"} []
[2022-07-28T09:39:59.991575+08:00] request.INFO: request {"acntno":"9000004904"} []
[2022-07-28T09:40:00.406746+08:00] response.INFO: response {"acntno":"9000004904","result":"УЯНГА БАТЗАЯА"} []
[2022-07-28T09:40:33.057320+08:00] request.INFO: request {"acntno":"9000004904"} []
[2022-07-28T09:40:33.486672+08:00] response.INFO: response {"acntno":"9000004904","result":"УЯНГА БАТЗАЯА"} []
[2022-07-28T09:40:39.620907+08:00] request.INFO: request {"acntno":"9000004904"} []
[2022-07-28T09:40:40.049328+08:00] response.INFO: response {"acntno":"9000004904","result":"УЯНГА БАТЗАЯА"} []
[2022-07-28T09:40:41.401815+08:00] request.INFO: request {"acntno":"9000004904"} []
[2022-07-28T09:40:41.820010+08:00] response.INFO: response {"acntno":"9000004904","result":"УЯНГА БАТЗАЯА"} []
[2022-07-28T09:40:46.149727+08:00] request.INFO: request {"acntno":"9000004904"} []
[2022-07-28T09:40:46.578641+08:00] response.INFO: response {"acntno":"9000004904","result":"УЯНГА БАТЗАЯА"} []
[2022-07-28T09:40:59.093699+08:00] request.INFO: request {"acntno":"9000004904"} []
[2022-07-28T09:40:59.517540+08:00] response.INFO: response {"acntno":"9000004904","result":"УЯНГА БАТЗАЯА"} []
[2022-07-28T09:41:05.467589+08:00] request.INFO: request {"acntno":"9000004904"} []
[2022-07-28T09:41:05.886490+08:00] response.INFO: response {"acntno":"9000004904","result":"УЯНГА БАТЗАЯА"} []
[2022-07-28T09:41:11.975375+08:00] request.INFO: request {"acntno":"9000004904"} []
[2022-07-28T09:41:12.392632+08:00] response.INFO: response {"acntno":"9000004904","result":"УЯНГА БАТЗАЯА"} []
[2022-07-28T09:41:13.579185+08:00] request.INFO: request {"acntno":"9000004904"} []
[2022-07-28T09:41:14.004438+08:00] response.INFO: response {"acntno":"9000004904","result":"УЯНГА БАТЗАЯА"} []
[2022-07-28T09:41:16.356506+08:00] request.INFO: request {"acntno":"9000004904"} []
[2022-07-28T09:41:16.774470+08:00] response.INFO: response {"acntno":"9000004904","result":"УЯНГА БАТЗАЯА"} []
[2022-07-28T09:48:58.438918+08:00] request.INFO: request {"acntno":"9000004904"} []
[2022-07-28T09:48:58.859298+08:00] response.INFO: response {"acntno":"9000004904","result":"УЯНГА БАТЗАЯА"} []
[2022-07-28T09:49:08.026656+08:00] request.INFO: request {"acntno":"9000004904"} []
[2022-07-28T09:49:08.447074+08:00] response.INFO: response {"acntno":"9000004904","result":"УЯНГА БАТЗАЯА"} []
[2022-07-28T09:49:10.229814+08:00] request.INFO: request {"acntno":"9000004904"} []
[2022-07-28T09:49:10.645745+08:00] response.INFO: response {"acntno":"9000004904","result":"УЯНГА БАТЗАЯА"} []
[2022-07-28T09:49:14.076751+08:00] request.INFO: request {"acntno":"9000004904"} []
[2022-07-28T09:49:14.498000+08:00] response.INFO: response {"acntno":"9000004904","result":"УЯНГА БАТЗАЯА"} []
[2022-07-28T09:53:21.800417+08:00] request.INFO: request {"acntno":"9000004904"} []
[2022-07-28T09:53:22.245485+08:00] response.INFO: response {"acntno":"9000004904","result":"УЯНГА БАТЗАЯА"} []
[2022-07-28T09:53:28.577539+08:00] request.INFO: request {"acntno":"9000004904"} []
[2022-07-28T09:53:28.995075+08:00] response.INFO: response {"acntno":"9000004904","result":"УЯНГА БАТЗАЯА"} []
[2022-07-28T09:53:37.457909+08:00] request.INFO: request {"acntno":"9000004904"} []
[2022-07-28T09:53:37.883483+08:00] response.INFO: response {"acntno":"9000004904","result":"УЯНГА БАТЗАЯА"} []
[2022-07-28T09:53:44.333699+08:00] request.INFO: request {"acntno":"9000004904"} []
[2022-07-28T09:53:44.751255+08:00] response.INFO: response {"acntno":"9000004904","result":"УЯНГА БАТЗАЯА"} []
[2022-07-28T09:54:49.837950+08:00] request.INFO: request {"acntno":"9000004904"} []
[2022-07-28T09:54:50.259348+08:00] response.INFO: response {"acntno":"9000004904","result":"УЯНГА БАТЗАЯА"} []
[2022-07-28T09:55:56.810328+08:00] request.INFO: request {"acntno":"9000004904"} []
[2022-07-28T09:55:57.241623+08:00] response.INFO: response {"acntno":"9000004904","result":"УЯНГА БАТЗАЯА"} []
[2022-07-28T09:56:00.787466+08:00] request.INFO: request {"acntno":"9000004904"} []
[2022-07-28T09:56:01.215843+08:00] response.INFO: response {"acntno":"9000004904","result":"УЯНГА БАТЗАЯА"} []
[2022-07-28T09:56:04.169664+08:00] request.INFO: request {"acntno":"9000004904"} []
[2022-07-28T09:56:04.598846+08:00] response.INFO: response {"acntno":"9000004904","result":"УЯНГА БАТЗАЯА"} []
[2022-07-28T10:01:16.728860+08:00] request.INFO: request {"acntno":"9000007387"} []
[2022-07-28T10:01:17.147257+08:00] response.INFO: response {"acntno":"9000007387","result":"УЯНГА БАТЗАЯА"} []
[2022-07-28T10:01:22.289667+08:00] request.INFO: request {"acntno":"9000007387"} []
[2022-07-28T10:01:22.718008+08:00] response.INFO: response {"acntno":"9000007387","result":"УЯНГА БАТЗАЯА"} []
[2022-07-28T10:01:24.342735+08:00] request.INFO: request {"acntno":"9000007387"} []
[2022-07-28T10:01:24.772608+08:00] response.INFO: response {"acntno":"9000007387","result":"УЯНГА БАТЗАЯА"} []
[2022-07-28T10:03:06.262178+08:00] request.INFO: request {"acntno":"9000004904"} []
[2022-07-28T10:03:06.688484+08:00] response.INFO: response {"acntno":"9000004904","result":"УЯНГА БАТЗАЯА"} []
[2022-07-28T10:03:15.262418+08:00] request.INFO: request {"acntno":"9000004904"} []
[2022-07-28T10:03:15.692225+08:00] response.INFO: response {"acntno":"9000004904","result":"УЯНГА БАТЗАЯА"} []
[2022-07-28T10:03:18.147881+08:00] request.INFO: request {"acntno":"9000004904"} []
[2022-07-28T10:03:18.574210+08:00] response.INFO: response {"acntno":"9000004904","result":"УЯНГА БАТЗАЯА"} []
[2022-07-28T10:03:20.890466+08:00] request.INFO: request {"acntno":"9000004904"} []
[2022-07-28T10:03:21.315293+08:00] response.INFO: response {"acntno":"9000004904","result":"УЯНГА БАТЗАЯА"} []
[2022-07-28T10:07:37.670257+08:00] request.INFO: request {"acntno":"9000004904"} []
[2022-07-28T10:07:38.099581+08:00] response.INFO: response {"acntno":"9000004904","result":"УЯНГА БАТЗАЯА"} []
[2022-07-28T10:07:46.530895+08:00] request.INFO: request {"acntno":"9000004904"} []
[2022-07-28T10:07:46.954035+08:00] response.INFO: response {"acntno":"9000004904","result":"УЯНГА БАТЗАЯА"} []
[2022-07-28T10:07:49.553580+08:00] request.INFO: request {"acntno":"9000004904"} []
[2022-07-28T10:07:49.982744+08:00] response.INFO: response {"acntno":"9000004904","result":"УЯНГА БАТЗАЯА"} []
[2022-07-28T10:07:53.800192+08:00] request.INFO: request {"acntno":"9000004904"} []
[2022-07-28T10:07:54.231929+08:00] response.INFO: response {"acntno":"9000004904","result":"УЯНГА БАТЗАЯА"} []
[2022-07-28T10:16:47.744669+08:00] request.INFO: request {"acntno":"9000004904"} []
[2022-07-28T10:16:48.183260+08:00] response.INFO: response {"acntno":"9000004904","result":"УЯНГА БАТЗАЯА"} []
[2022-07-28T10:16:57.689853+08:00] request.INFO: request {"acntno":"9000004904"} []
[2022-07-28T10:16:58.109418+08:00] response.INFO: response {"acntno":"9000004904","result":"УЯНГА БАТЗАЯА"} []
[2022-07-28T10:16:59.465673+08:00] request.INFO: request {"acntno":"9000004904"} []
[2022-07-28T10:16:59.893623+08:00] response.INFO: response {"acntno":"9000004904","result":"УЯНГА БАТЗАЯА"} []
[2022-07-28T10:17:03.071264+08:00] request.INFO: request {"acntno":"9000004904"} []
[2022-07-28T10:17:03.488116+08:00] response.INFO: response {"acntno":"9000004904","result":"УЯНГА БАТЗАЯА"} []
[2022-07-28T10:33:12.091810+08:00] request.INFO: request {"acntno":"9000004904"} []
[2022-07-28T10:33:12.534587+08:00] response.INFO: response {"acntno":"9000004904","result":"УЯНГА БАТЗАЯА"} []
[2022-07-28T10:33:23.619357+08:00] request.INFO: request {"acntno":"9000004904"} []
[2022-07-28T10:33:24.057581+08:00] response.INFO: response {"acntno":"9000004904","result":"УЯНГА БАТЗАЯА"} []
[2022-07-28T10:33:25.228124+08:00] request.INFO: request {"acntno":"9000004904"} []
[2022-07-28T10:33:25.676637+08:00] response.INFO: response {"acntno":"9000004904","result":"УЯНГА БАТЗАЯА"} []
[2022-07-28T10:33:33.923554+08:00] request.INFO: request {"acntno":"9000004904"} []
[2022-07-28T10:33:34.353695+08:00] response.INFO: response {"acntno":"9000004904","result":"УЯНГА БАТЗАЯА"} []
[2022-07-28T10:41:14.467100+08:00] request.INFO: request {"acntno":"9000004904"} []
[2022-07-28T10:41:14.906072+08:00] response.INFO: response {"acntno":"9000004904","result":"УЯНГА БАТЗАЯА"} []
[2022-07-28T10:41:18.666476+08:00] request.INFO: request {"acntno":"9000004904"} []
[2022-07-28T10:41:19.083042+08:00] response.INFO: response {"acntno":"9000004904","result":"УЯНГА БАТЗАЯА"} []
[2022-07-28T10:41:23.126776+08:00] request.INFO: request {"acntno":"9000004904"} []
[2022-07-28T10:41:23.554323+08:00] response.INFO: response {"acntno":"9000004904","result":"УЯНГА БАТЗАЯА"} []
[2022-07-28T10:41:27.127274+08:00] request.INFO: request {"acntno":"9000004904"} []
[2022-07-28T10:41:27.550642+08:00] response.INFO: response {"acntno":"9000004904","result":"УЯНГА БАТЗАЯА"} []
[2022-07-28T11:51:51.935905+08:00] request.INFO: request {"acntno":"MN670019009000001577"} []
[2022-07-28T11:51:52.357795+08:00] response.INFO: response {"acntno":"MN670019009000001577","result":"ЗХУТ"} []
[2022-07-28T11:51:54.944730+08:00] request.INFO: request {"acntno":"MN670019009000001577"} []
[2022-07-28T11:51:55.366067+08:00] response.INFO: response {"acntno":"MN670019009000001577","result":"ЗХУТ"} []
[2022-07-28T11:52:00.503622+08:00] request.INFO: request {"acntno":"MN670019009000001577"} []
[2022-07-28T11:52:00.932098+08:00] response.INFO: response {"acntno":"MN670019009000001577","result":"ЗХУТ"} []
[2022-07-28T11:52:06.475429+08:00] request.INFO: request {"acntno":"MN670019009000001577"} []
[2022-07-28T11:52:06.907485+08:00] response.INFO: response {"acntno":"MN670019009000001577","result":"ЗХУТ"} []
[2022-07-28T11:54:32.622847+08:00] request.INFO: request {"acntno":"MN670019009000001577"} []
[2022-07-28T11:54:33.056863+08:00] response.INFO: response {"acntno":"MN670019009000001577","result":"ЗХУТ"} []
[2022-07-28T11:54:34.287224+08:00] request.INFO: request {"acntno":"MN670019009000001577"} []
[2022-07-28T11:54:34.714322+08:00] response.INFO: response {"acntno":"MN670019009000001577","result":"ЗХУТ"} []
[2022-07-28T11:56:33.139601+08:00] request.INFO: request {"acntno":"MN780019009000001573"} []
[2022-07-28T11:56:33.576311+08:00] response.INFO: response {"acntno":"MN780019009000001573","result":"ЗАМЫН ЦАГДАА"} []
[2022-07-28T11:56:35.115930+08:00] request.INFO: request {"acntno":"MN780019009000001573"} []
[2022-07-28T11:56:35.547048+08:00] response.INFO: response {"acntno":"MN780019009000001573","result":"ЗАМЫН ЦАГДАА"} []
[2022-07-28T11:56:44.926061+08:00] request.INFO: request {"acntno":"MN780019009000001573"} []
[2022-07-28T11:56:45.342370+08:00] response.INFO: response {"acntno":"MN780019009000001573","result":"ЗАМЫН ЦАГДАА"} []
[2022-07-28T12:35:59.405296+08:00] request.INFO: request {"acntno":"MN670019009000001577"} []
[2022-07-28T12:35:59.828771+08:00] response.INFO: response {"acntno":"MN670019009000001577","result":"ЗХУТ"} []
[2022-07-28T12:36:01.490239+08:00] request.INFO: request {"acntno":"MN670019009000001577"} []
[2022-07-28T12:36:01.910328+08:00] response.INFO: response {"acntno":"MN670019009000001577","result":"ЗХУТ"} []
[2022-07-28T13:19:20.723892+08:00] request.INFO: request {"acntno":"9000001577"} []
[2022-07-28T13:19:21.198067+08:00] response.INFO: response {"acntno":"9000001577","result":"ЗХУТ"} []
[2022-07-28T13:19:30.971326+08:00] request.INFO: request {"acntno":"9000001577"} []
[2022-07-28T13:19:31.408063+08:00] response.INFO: response {"acntno":"9000001577","result":"ЗХУТ"} []
[2022-07-28T14:57:51.743939+08:00] request.INFO: request {"acntno":"9000001577"} []
[2022-07-28T14:57:52.193997+08:00] response.INFO: response {"acntno":"9000001577","result":"ЗХУТ"} []
[2022-07-28T14:59:37.923279+08:00] request.INFO: request {"acntno":"9000001577"} []
[2022-07-28T14:59:38.351189+08:00] response.INFO: response {"acntno":"9000001577","result":"ЗХУТ"} []
[2022-07-28T14:59:59.759161+08:00] request.INFO: request {"acntno":"9000001577"} []
[2022-07-28T15:00:00.187904+08:00] response.INFO: response {"acntno":"9000001577","result":"ЗХУТ"} []
