[2022-09-21T09:11:24.475435+08:00] request.INFO: request {"acntno":"*"} []
[2022-09-21T09:46:08.073717+08:00] request.INFO: request {"acntno":"9000004904"} []
[2022-09-21T09:46:08.530750+08:00] response.INFO: response {"acntno":"9000004904","result":"УЯНГА БАТЗАЯА"} []
[2022-09-21T16:07:49.679578+08:00] request.INFO: request {"acntno":"9000004904"} []
[2022-09-21T16:07:50.137762+08:00] response.INFO: response {"acntno":"9000004904","result":"УЯНГА БАТЗАЯА"} []
[2022-09-21T16:07:54.867529+08:00] request.INFO: request {"acntno":"9000004904"} []
[2022-09-21T16:07:55.281717+08:00] response.INFO: response {"acntno":"9000004904","result":"УЯНГА БАТЗАЯА"} []
[2022-09-21T16:07:58.568497+08:00] request.INFO: request {"acntno":"9000004904"} []
[2022-09-21T16:07:59.013257+08:00] response.INFO: response {"acntno":"9000004904","result":"УЯНГА БАТЗАЯА"} []
[2022-09-21T16:08:20.074966+08:00] request.INFO: request {"acntno":"9000004904"} []
[2022-09-21T16:08:20.502780+08:00] response.INFO: response {"acntno":"9000004904","result":"УЯНГА БАТЗАЯА"} []
[2022-09-21T16:08:27.039202+08:00] request.INFO: request {"acntno":"9000004904"} []
[2022-09-21T16:08:27.461175+08:00] response.INFO: response {"acntno":"9000004904","result":"УЯНГА БАТЗАЯА"} []
[2022-09-21T16:08:28.849919+08:00] request.INFO: request {"acntno":"9000004904"} []
[2022-09-21T16:08:29.280871+08:00] response.INFO: response {"acntno":"9000004904","result":"УЯНГА БАТЗАЯА"} []
[2022-09-21T16:11:36.494722+08:00] request.INFO: request {"acntno":"9000004904"} []
[2022-09-21T16:11:36.924249+08:00] response.INFO: response {"acntno":"9000004904","result":"УЯНГА БАТЗАЯА"} []
[2022-09-21T16:32:56.490854+08:00] request.INFO: request {"acntno":"900004904"} []
[2022-09-21T16:33:00.124330+08:00] request.INFO: request {"acntno":"900004904"} []
[2022-09-21T16:33:08.769618+08:00] request.INFO: request {"acntno":"9000004904"} []
[2022-09-21T16:33:09.187811+08:00] response.INFO: response {"acntno":"9000004904","result":"УЯНГА БАТЗАЯА"} []
[2022-09-21T16:33:14.784313+08:00] request.INFO: request {"acntno":"9000004904"} []
[2022-09-21T16:33:15.206905+08:00] response.INFO: response {"acntno":"9000004904","result":"УЯНГА БАТЗАЯА"} []
[2022-09-21T16:33:29.612589+08:00] request.INFO: request {"acntno":"9000004904"} []
[2022-09-21T16:33:30.029705+08:00] response.INFO: response {"acntno":"9000004904","result":"УЯНГА БАТЗАЯА"} []
[2022-09-21T16:33:31.500535+08:00] request.INFO: request {"acntno":"9000004904"} []
[2022-09-21T16:33:31.913464+08:00] response.INFO: response {"acntno":"9000004904","result":"УЯНГА БАТЗАЯА"} []
[2022-09-21T16:33:38.091888+08:00] request.INFO: request {"acntno":"9000004904"} []
[2022-09-21T16:33:38.511558+08:00] response.INFO: response {"acntno":"9000004904","result":"УЯНГА БАТЗАЯА"} []
[2022-09-21T16:33:46.123272+08:00] request.INFO: request {"acntno":"9000004904"} []
[2022-09-21T16:33:46.549099+08:00] response.INFO: response {"acntno":"9000004904","result":"УЯНГА БАТЗАЯА"} []
[2022-09-21T16:40:25.169382+08:00] request.INFO: request {"acntno":"9002201000078"} []
[2022-09-21T16:40:39.638043+08:00] request.INFO: request {"acntno":"MN560019002201000078"} []
[2022-09-21T16:40:40.060532+08:00] response.INFO: response {"acntno":"MN560019002201000078","result":"АЛДАРМАА БАЛДАНДОРЖ"} []
[2022-09-21T16:40:52.616007+08:00] request.INFO: request {"acntno":"MN560019002201000078"} []
[2022-09-21T16:40:53.031308+08:00] response.INFO: response {"acntno":"MN560019002201000078","result":"АЛДАРМАА БАЛДАНДОРЖ"} []
[2022-09-21T16:40:55.412276+08:00] request.INFO: request {"acntno":"MN560019002201000078"} []
[2022-09-21T16:40:55.835568+08:00] response.INFO: response {"acntno":"MN560019002201000078","result":"АЛДАРМАА БАЛДАНДОРЖ"} []
