[2022-08-02T09:15:11.993867+08:00] request.INFO: request {"acntno":"9000004904"} []
[2022-08-02T09:15:12.437938+08:00] response.INFO: response {"acntno":"9000004904","result":"УЯНГА БАТЗАЯА"} []
[2022-08-02T09:15:30.841123+08:00] request.INFO: request {"acntno":"9000004904"} []
[2022-08-02T09:15:31.265997+08:00] response.INFO: response {"acntno":"9000004904","result":"УЯНГА БАТЗАЯА"} []
[2022-08-02T09:15:37.411832+08:00] request.INFO: request {"acntno":"9000004904"} []
[2022-08-02T09:15:37.833002+08:00] response.INFO: response {"acntno":"9000004904","result":"УЯНГА БАТЗАЯА"} []
[2022-08-02T09:15:57.326204+08:00] request.INFO: request {"acntno":"9000004904"} []
[2022-08-02T09:15:57.738841+08:00] response.INFO: response {"acntno":"9000004904","result":"УЯНГА БАТЗАЯА"} []
[2022-08-02T09:16:04.753682+08:00] request.INFO: request {"acntno":"9000004904"} []
[2022-08-02T09:16:05.170051+08:00] response.INFO: response {"acntno":"9000004904","result":"УЯНГА БАТЗАЯА"} []
[2022-08-02T09:16:19.984613+08:00] request.INFO: request {"acntno":"9000004904"} []
[2022-08-02T09:16:20.403216+08:00] response.INFO: response {"acntno":"9000004904","result":"УЯНГА БАТЗАЯА"} []
[2022-08-02T09:16:28.849555+08:00] request.INFO: request {"acntno":"9000004904"} []
[2022-08-02T09:16:29.264413+08:00] response.INFO: response {"acntno":"9000004904","result":"УЯНГА БАТЗАЯА"} []
[2022-08-02T09:18:04.355547+08:00] request.INFO: request {"acntno":"9000004904"} []
[2022-08-02T09:18:04.780131+08:00] response.INFO: response {"acntno":"9000004904","result":"УЯНГА БАТЗАЯА"} []
[2022-08-02T09:18:34.536298+08:00] request.INFO: request {"acntno":"9000004904"} []
[2022-08-02T09:18:34.946512+08:00] response.INFO: response {"acntno":"9000004904","result":"УЯНГА БАТЗАЯА"} []
[2022-08-02T09:18:36.839306+08:00] request.INFO: request {"acntno":"9000004904"} []
[2022-08-02T09:18:37.269652+08:00] response.INFO: response {"acntno":"9000004904","result":"УЯНГА БАТЗАЯА"} []
[2022-08-02T09:18:51.466747+08:00] request.INFO: request {"acntno":"9000004904"} []
[2022-08-02T09:18:51.882257+08:00] response.INFO: response {"acntno":"9000004904","result":"УЯНГА БАТЗАЯА"} []
[2022-08-02T09:18:59.212036+08:00] request.INFO: request {"acntno":"9000004904"} []
[2022-08-02T09:18:59.621873+08:00] response.INFO: response {"acntno":"9000004904","result":"УЯНГА БАТЗАЯА"} []
[2022-08-02T09:19:14.534122+08:00] request.INFO: request {"acntno":"9000004904"} []
[2022-08-02T09:19:14.945411+08:00] response.INFO: response {"acntno":"9000004904","result":"УЯНГА БАТЗАЯА"} []
[2022-08-02T09:19:19.659122+08:00] request.INFO: request {"acntno":"9000004904"} []
[2022-08-02T09:19:20.074987+08:00] response.INFO: response {"acntno":"9000004904","result":"УЯНГА БАТЗАЯА"} []
[2022-08-02T09:41:38.228422+08:00] request.INFO: request {"acntno":"MN670019009000001577"} []
[2022-08-02T09:41:38.654186+08:00] response.INFO: response {"acntno":"MN670019009000001577","result":"ЗХУТ"} []
[2022-08-02T09:50:24.966047+08:00] request.INFO: request {"acntno":"*"} []
[2022-08-02T09:50:33.582102+08:00] request.INFO: request {"acntno":"*"} []
[2022-08-02T10:04:51.509328+08:00] request.INFO: request {"acntno":"MN090019009090001161"} []
[2022-08-02T10:04:51.934619+08:00] response.INFO: response {"acntno":"MN090019009090001161","result":"ОДГАРИГ БЯМБАЦОГТ"} []
[2022-08-02T10:04:53.220868+08:00] request.INFO: request {"acntno":"MN090019009090001161"} []
[2022-08-02T10:04:53.717787+08:00] response.INFO: response {"acntno":"MN090019009090001161","result":"ОДГАРИГ БЯМБАЦОГТ"} []
[2022-08-02T10:04:57.962077+08:00] request.INFO: request {"acntno":"MN090019009090001161"} []
[2022-08-02T10:04:58.385676+08:00] response.INFO: response {"acntno":"MN090019009090001161","result":"ОДГАРИГ БЯМБАЦОГТ"} []
[2022-08-02T10:14:21.171540+08:00] request.INFO: request {"acntno":"*"} []
[2022-08-02T10:16:33.342570+08:00] request.INFO: request {"acntno":"*"} []
[2022-08-02T10:31:31.704863+08:00] request.INFO: request {"acntno":"9000003614"} []
[2022-08-02T10:31:32.151673+08:00] response.INFO: response {"acntno":"9000003614","result":"БАЗАРМАА РАДНААБАЗАР"} []
[2022-08-02T10:31:35.739118+08:00] request.INFO: request {"acntno":"9000003614"} []
[2022-08-02T10:31:36.152460+08:00] response.INFO: response {"acntno":"9000003614","result":"БАЗАРМАА РАДНААБАЗАР"} []
[2022-08-02T12:07:13.802614+08:00] request.INFO: request {"acntno":"9000003614"} []
[2022-08-02T12:07:14.227682+08:00] response.INFO: response {"acntno":"9000003614","result":"БАЗАРМАА РАДНААБАЗАР"} []
[2022-08-02T14:12:00.606403+08:00] request.INFO: request {"acntno":"9000004904"} []
[2022-08-02T14:12:01.025893+08:00] response.INFO: response {"acntno":"9000004904","result":"УЯНГА БАТЗАЯА"} []
[2022-08-02T14:12:17.179410+08:00] request.INFO: request {"acntno":"9000004904"} []
[2022-08-02T14:12:17.591755+08:00] response.INFO: response {"acntno":"9000004904","result":"УЯНГА БАТЗАЯА"} []
[2022-08-02T14:12:18.992298+08:00] request.INFO: request {"acntno":"9000004904"} []
[2022-08-02T14:12:19.414304+08:00] response.INFO: response {"acntno":"9000004904","result":"УЯНГА БАТЗАЯА"} []
[2022-08-02T14:12:25.707079+08:00] request.INFO: request {"acntno":"9000004904"} []
[2022-08-02T14:12:26.125254+08:00] response.INFO: response {"acntno":"9000004904","result":"УЯНГА БАТЗАЯА"} []
[2022-08-02T14:37:03.178904+08:00] request.INFO: request {"acntno":"9000003614"} []
[2022-08-02T14:37:03.611007+08:00] response.INFO: response {"acntno":"9000003614","result":"БАЗАРМАА РАДНААБАЗАР"} []
[2022-08-02T14:51:10.538358+08:00] request.INFO: request {"acntno":"9000004904"} []
[2022-08-02T14:51:10.968869+08:00] response.INFO: response {"acntno":"9000004904","result":"УЯНГА БАТЗАЯА"} []
[2022-08-02T14:52:55.575983+08:00] request.INFO: request {"acntno":"9000004904"} []
[2022-08-02T14:52:56.000791+08:00] response.INFO: response {"acntno":"9000004904","result":"УЯНГА БАТЗАЯА"} []
[2022-08-02T14:59:07.261412+08:00] request.INFO: request {"acntno":"9000014818"} []
[2022-08-02T14:59:07.715117+08:00] response.INFO: response {"acntno":"9000014818","result":"БАТБОЛД ПҮРЭВБААТАР"} []
[2022-08-02T15:20:06.017407+08:00] request.INFO: request {"acntno":"9000014818"} []
[2022-08-02T15:20:06.448788+08:00] response.INFO: response {"acntno":"9000014818","result":"БАТБОЛД ПҮРЭВБААТАР"} []
[2022-08-02T15:20:11.196811+08:00] request.INFO: request {"acntno":"9000014818"} []
[2022-08-02T15:20:11.633116+08:00] response.INFO: response {"acntno":"9000014818","result":"БАТБОЛД ПҮРЭВБААТАР"} []
[2022-08-02T15:20:50.926584+08:00] request.INFO: request {"acntno":"9000014818"} []
[2022-08-02T15:20:51.337932+08:00] response.INFO: response {"acntno":"9000014818","result":"БАТБОЛД ПҮРЭВБААТАР"} []
[2022-08-02T15:21:54.171305+08:00] request.INFO: request {"acntno":"9000014818"} []
[2022-08-02T15:21:54.599193+08:00] response.INFO: response {"acntno":"9000014818","result":"БАТБОЛД ПҮРЭВБААТАР"} []
[2022-08-02T16:28:29.333086+08:00] request.INFO: request {"acntno":"9000004904"} []
[2022-08-02T16:28:29.773968+08:00] response.INFO: response {"acntno":"9000004904","result":"УЯНГА БАТЗАЯА"} []
[2022-08-02T16:28:37.027345+08:00] request.INFO: request {"acntno":"9000004904"} []
[2022-08-02T16:28:37.447954+08:00] response.INFO: response {"acntno":"9000004904","result":"УЯНГА БАТЗАЯА"} []
[2022-08-02T16:28:38.815349+08:00] request.INFO: request {"acntno":"9000004904"} []
[2022-08-02T16:28:39.242092+08:00] response.INFO: response {"acntno":"9000004904","result":"УЯНГА БАТЗАЯА"} []
[2022-08-02T16:38:02.245470+08:00] request.INFO: request {"acntno":"9000004904"} []
[2022-08-02T16:38:02.800149+08:00] response.INFO: response {"acntno":"9000004904","result":"УЯНГА БАТЗАЯА"} []
[2022-08-02T16:38:11.624806+08:00] request.INFO: request {"acntno":"9000004904"} []
[2022-08-02T16:38:12.125432+08:00] response.INFO: response {"acntno":"9000004904","result":"УЯНГА БАТЗАЯА"} []
[2022-08-02T16:38:14.415015+08:00] request.INFO: request {"acntno":"9000004904"} []
[2022-08-02T16:38:14.925435+08:00] response.INFO: response {"acntno":"9000004904","result":"УЯНГА БАТЗАЯА"} []
[2022-08-02T18:06:21.306377+08:00] request.INFO: request {"acntno":"MN670019009000001577"} []
[2022-08-02T18:06:21.741535+08:00] response.INFO: response {"acntno":"MN670019009000001577","result":"ЗХУТ"} []
[2022-08-02T18:06:23.541512+08:00] request.INFO: request {"acntno":"MN670019009000001577"} []
[2022-08-02T18:06:23.981285+08:00] response.INFO: response {"acntno":"MN670019009000001577","result":"ЗХУТ"} []
[2022-08-02T18:06:26.751254+08:00] request.INFO: request {"acntno":"MN670019009000001577"} []
[2022-08-02T18:06:27.181125+08:00] response.INFO: response {"acntno":"MN670019009000001577","result":"ЗХУТ"} []
[2022-08-02T18:11:05.378317+08:00] request.INFO: request {"acntno":"9000004904"} []
[2022-08-02T18:11:05.826233+08:00] response.INFO: response {"acntno":"9000004904","result":"УЯНГА БАТЗАЯА"} []
[2022-08-02T18:11:07.954200+08:00] request.INFO: request {"acntno":"9000004904"} []
[2022-08-02T18:11:08.368002+08:00] response.INFO: response {"acntno":"9000004904","result":"УЯНГА БАТЗАЯА"} []
[2022-08-02T18:11:12.356590+08:00] request.INFO: request {"acntno":"9000004904"} []
[2022-08-02T18:11:12.773822+08:00] response.INFO: response {"acntno":"9000004904","result":"УЯНГА БАТЗАЯА"} []
[2022-08-02T18:11:16.351758+08:00] request.INFO: request {"acntno":"9000004904"} []
[2022-08-02T18:11:16.775524+08:00] response.INFO: response {"acntno":"9000004904","result":"УЯНГА БАТЗАЯА"} []
[2022-08-02T18:11:18.360336+08:00] request.INFO: request {"acntno":"9000004904"} []
[2022-08-02T18:11:18.790217+08:00] response.INFO: response {"acntno":"9000004904","result":"УЯНГА БАТЗАЯА"} []
[2022-08-02T18:11:29.761107+08:00] request.INFO: request {"acntno":"9000004904"} []
[2022-08-02T18:11:30.210322+08:00] response.INFO: response {"acntno":"9000004904","result":"УЯНГА БАТЗАЯА"} []
[2022-08-02T18:11:46.199751+08:00] request.INFO: request {"acntno":"9000004904"} []
[2022-08-02T18:11:46.609690+08:00] response.INFO: response {"acntno":"9000004904","result":"УЯНГА БАТЗАЯА"} []
[2022-08-02T18:11:51.882833+08:00] request.INFO: request {"acntno":"9000004904"} []
[2022-08-02T18:11:52.298084+08:00] response.INFO: response {"acntno":"9000004904","result":"УЯНГА БАТЗАЯА"} []
[2022-08-02T18:11:54.318489+08:00] request.INFO: request {"acntno":"9000004904"} []
[2022-08-02T18:11:54.734521+08:00] response.INFO: response {"acntno":"9000004904","result":"УЯНГА БАТЗАЯА"} []
[2022-08-02T18:18:09.498742+08:00] request.INFO: request {"acntno":"9000003614"} []
[2022-08-02T18:18:09.977483+08:00] response.INFO: response {"acntno":"9000003614","result":"БАЗАРМАА РАДНААБАЗАР"} []
[2022-08-02T18:18:13.385143+08:00] request.INFO: request {"acntno":"9000003614"} []
[2022-08-02T18:18:13.808230+08:00] response.INFO: response {"acntno":"9000003614","result":"БАЗАРМАА РАДНААБАЗАР"} []
[2022-08-02T18:18:14.887781+08:00] request.INFO: request {"acntno":"9000003614"} []
[2022-08-02T18:18:15.301614+08:00] response.INFO: response {"acntno":"9000003614","result":"БАЗАРМАА РАДНААБАЗАР"} []
[2022-08-02T18:18:22.264905+08:00] request.INFO: request {"acntno":"9000003614"} []
[2022-08-02T18:18:22.694361+08:00] response.INFO: response {"acntno":"9000003614","result":"БАЗАРМАА РАДНААБАЗАР"} []
[2022-08-02T18:26:44.372899+08:00] request.INFO: request {"acntno":"9000003614"} []
[2022-08-02T18:26:44.783430+08:00] response.INFO: response {"acntno":"9000003614","result":"БАЗАРМАА РАДНААБАЗАР"} []
[2022-08-02T18:26:48.042544+08:00] request.INFO: request {"acntno":"9000003614"} []
[2022-08-02T18:26:48.468407+08:00] response.INFO: response {"acntno":"9000003614","result":"БАЗАРМАА РАДНААБАЗАР"} []
[2022-08-02T18:26:53.771889+08:00] request.INFO: request {"acntno":"9000003614"} []
[2022-08-02T18:26:54.194544+08:00] response.INFO: response {"acntno":"9000003614","result":"БАЗАРМАА РАДНААБАЗАР"} []
[2022-08-02T18:26:59.430152+08:00] request.INFO: request {"acntno":"9000003614"} []
[2022-08-02T18:26:59.876019+08:00] response.INFO: response {"acntno":"9000003614","result":"БАЗАРМАА РАДНААБАЗАР"} []
[2022-08-02T18:30:26.737643+08:00] request.INFO: request {"acntno":"9000003614"} []
[2022-08-02T18:30:27.169465+08:00] response.INFO: response {"acntno":"9000003614","result":"БАЗАРМАА РАДНААБАЗАР"} []
[2022-08-02T18:30:30.595103+08:00] request.INFO: request {"acntno":"9000003614"} []
[2022-08-02T18:30:31.012714+08:00] response.INFO: response {"acntno":"9000003614","result":"БАЗАРМАА РАДНААБАЗАР"} []
[2022-08-02T18:30:32.446469+08:00] request.INFO: request {"acntno":"9000003614"} []
[2022-08-02T18:30:32.865081+08:00] response.INFO: response {"acntno":"9000003614","result":"БАЗАРМАА РАДНААБАЗАР"} []
[2022-08-02T19:23:39.468339+08:00] request.INFO: request {"acntno":"*"} []
[2022-08-02T19:33:26.374855+08:00] request.INFO: request {"acntno":"*"} []
[2022-08-02T19:34:47.043011+08:00] request.INFO: request {"acntno":"*"} []
[2022-08-02T19:36:55.443408+08:00] request.INFO: request {"acntno":"*"} []
[2022-08-02T19:36:57.687162+08:00] request.INFO: request {"acntno":"*"} []
[2022-08-02T19:37:53.741082+08:00] request.INFO: request {"acntno":"*"} []
[2022-08-02T19:38:24.172927+08:00] request.INFO: request {"acntno":"*"} []
[2022-08-02T19:38:41.647882+08:00] request.INFO: request {"acntno":"*"} []
[2022-08-02T19:38:42.539315+08:00] request.INFO: request {"acntno":"*"} []
[2022-08-02T19:39:25.215009+08:00] request.INFO: request {"acntno":"*"} []
[2022-08-02T19:39:33.376958+08:00] request.INFO: request {"acntno":"*"} []
[2022-08-02T19:40:12.317937+08:00] request.INFO: request {"acntno":"*"} []
[2022-08-02T19:40:38.488801+08:00] request.INFO: request {"acntno":"*"} []
[2022-08-02T19:40:50.982353+08:00] request.INFO: request {"acntno":"*"} []
[2022-08-02T19:41:29.074925+08:00] request.INFO: request {"acntno":"*"} []
[2022-08-02T19:43:32.561092+08:00] request.INFO: request {"acntno":"*"} []
[2022-08-02T19:45:03.379724+08:00] request.INFO: request {"acntno":"*"} []
[2022-08-02T19:48:53.977011+08:00] request.INFO: request {"acntno":"*"} []
[2022-08-02T19:53:42.949462+08:00] request.INFO: request {"acntno":"*"} []
[2022-08-02T19:53:52.914595+08:00] request.INFO: request {"acntno":"*"} []
[2022-08-02T20:19:17.549482+08:00] request.INFO: request {"acntno":"MN670019009000001577"} []
[2022-08-02T20:19:17.963104+08:00] response.INFO: response {"acntno":"MN670019009000001577","result":"ЗХУТ"} []
[2022-08-02T20:19:20.108672+08:00] request.INFO: request {"acntno":"MN670019009000001577"} []
[2022-08-02T20:19:20.531091+08:00] response.INFO: response {"acntno":"MN670019009000001577","result":"ЗХУТ"} []
[2022-08-02T20:19:26.363904+08:00] request.INFO: request {"acntno":"MN670019009000001577"} []
[2022-08-02T20:19:26.867499+08:00] response.INFO: response {"acntno":"MN670019009000001577","result":"ЗХУТ"} []
[2022-08-02T20:19:34.379222+08:00] request.INFO: request {"acntno":"MN670019009000001577"} []
[2022-08-02T20:19:34.820393+08:00] response.INFO: response {"acntno":"MN670019009000001577","result":"ЗХУТ"} []
[2022-08-02T20:19:50.994378+08:00] request.INFO: request {"acntno":"MN670019009000001577"} []
[2022-08-02T20:19:51.415473+08:00] response.INFO: response {"acntno":"MN670019009000001577","result":"ЗХУТ"} []
