[2022-07-07T09:23:45.463739+08:00] request.INFO: request {"acntno":"mN580019009100000009"} []
[2022-07-07T09:23:45.910014+08:00] response.INFO: response {"acntno":"mN580019009100000009","result":"ДАШЦЭРЭН ТЭРБИШ"} []
[2022-07-07T09:24:40.727392+08:00] request.INFO: request {"acntno":"9000007387"} []
[2022-07-07T09:24:41.180818+08:00] response.INFO: response {"acntno":"9000007387","result":"УЯНГА БАТЗАЯА"} []
[2022-07-07T09:25:12.115920+08:00] request.INFO: request {"acntno":"9000007387"} []
[2022-07-07T09:25:12.534382+08:00] response.INFO: response {"acntno":"9000007387","result":"УЯНГА БАТЗАЯА"} []
[2022-07-07T09:25:21.177564+08:00] request.INFO: request {"acntno":"9000007387"} []
[2022-07-07T09:25:21.624282+08:00] response.INFO: response {"acntno":"9000007387","result":"УЯНГА БАТЗАЯА"} []
[2022-07-07T09:25:25.197486+08:00] request.INFO: request {"acntno":"9000007387"} []
[2022-07-07T09:25:25.615632+08:00] response.INFO: response {"acntno":"9000007387","result":"УЯНГА БАТЗАЯА"} []
[2022-07-07T09:25:40.168187+08:00] request.INFO: request {"acntno":"9000007387"} []
[2022-07-07T09:25:40.591503+08:00] response.INFO: response {"acntno":"9000007387","result":"УЯНГА БАТЗАЯА"} []
[2022-07-07T09:25:44.254647+08:00] request.INFO: request {"acntno":"9000007387"} []
[2022-07-07T09:25:44.672884+08:00] response.INFO: response {"acntno":"9000007387","result":"УЯНГА БАТЗАЯА"} []
[2022-07-07T09:25:45.891236+08:00] request.INFO: request {"acntno":"9000007387"} []
[2022-07-07T09:25:46.327725+08:00] response.INFO: response {"acntno":"9000007387","result":"УЯНГА БАТЗАЯА"} []
[2022-07-07T09:25:48.890514+08:00] request.INFO: request {"acntno":"9000007387"} []
[2022-07-07T09:25:49.308449+08:00] response.INFO: response {"acntno":"9000007387","result":"УЯНГА БАТЗАЯА"} []
[2022-07-07T09:29:06.965981+08:00] request.INFO: request {"acntno":"mn460019009000007387"} []
[2022-07-07T09:29:07.393512+08:00] response.INFO: response {"acntno":"mn460019009000007387","result":"УЯНГА БАТЗАЯА"} []
[2022-07-07T09:29:12.932387+08:00] request.INFO: request {"acntno":"mn460019009000007387"} []
[2022-07-07T09:29:13.347389+08:00] response.INFO: response {"acntno":"mn460019009000007387","result":"УЯНГА БАТЗАЯА"} []
[2022-07-07T09:29:19.838186+08:00] request.INFO: request {"acntno":"mn460019009000007387"} []
[2022-07-07T09:29:20.249795+08:00] response.INFO: response {"acntno":"mn460019009000007387","result":"УЯНГА БАТЗАЯА"} []
[2022-07-07T09:29:23.051661+08:00] request.INFO: request {"acntno":"mn460019009000007387"} []
[2022-07-07T09:29:23.459137+08:00] response.INFO: response {"acntno":"mn460019009000007387","result":"УЯНГА БАТЗАЯА"} []
[2022-07-07T09:30:30.759397+08:00] request.INFO: request {"acntno":"Mn460019009000007387"} []
[2022-07-07T09:30:31.193715+08:00] response.INFO: response {"acntno":"Mn460019009000007387","result":"УЯНГА БАТЗАЯА"} []
[2022-07-07T09:30:44.902169+08:00] request.INFO: request {"acntno":"Mn460019009000007387"} []
[2022-07-07T09:30:45.325248+08:00] response.INFO: response {"acntno":"Mn460019009000007387","result":"УЯНГА БАТЗАЯА"} []
[2022-07-07T09:30:46.742982+08:00] request.INFO: request {"acntno":"Mn460019009000007387"} []
[2022-07-07T09:30:47.177985+08:00] response.INFO: response {"acntno":"Mn460019009000007387","result":"УЯНГА БАТЗАЯА"} []
[2022-07-07T09:30:49.394201+08:00] request.INFO: request {"acntno":"Mn460019009000007387"} []
[2022-07-07T09:30:49.822194+08:00] response.INFO: response {"acntno":"Mn460019009000007387","result":"УЯНГА БАТЗАЯА"} []
[2022-07-07T09:31:51.127172+08:00] request.INFO: request {"acntno":"9000001577"} []
[2022-07-07T09:31:51.578716+08:00] response.INFO: response {"acntno":"9000001577","result":"ЗХУТ"} []
[2022-07-07T09:32:48.837320+08:00] request.INFO: request {"acntno":"mN460019009000007387"} []
[2022-07-07T09:32:49.269173+08:00] response.INFO: response {"acntno":"mN460019009000007387","result":"УЯНГА БАТЗАЯА"} []
[2022-07-07T09:32:55.613796+08:00] request.INFO: request {"acntno":"mN460019009000007387"} []
[2022-07-07T09:32:56.028020+08:00] response.INFO: response {"acntno":"mN460019009000007387","result":"УЯНГА БАТЗАЯА"} []
[2022-07-07T09:32:57.217055+08:00] request.INFO: request {"acntno":"mN460019009000007387"} []
[2022-07-07T09:32:57.640977+08:00] response.INFO: response {"acntno":"mN460019009000007387","result":"УЯНГА БАТЗАЯА"} []
[2022-07-07T09:33:01.014119+08:00] request.INFO: request {"acntno":"mN460019009000007387"} []
[2022-07-07T09:33:01.425413+08:00] response.INFO: response {"acntno":"mN460019009000007387","result":"УЯНГА БАТЗАЯА"} []
[2022-07-07T09:33:08.099167+08:00] request.INFO: request {"acntno":"9000007387"} []
[2022-07-07T09:33:08.515238+08:00] response.INFO: response {"acntno":"9000007387","result":"УЯНГА БАТЗАЯА"} []
[2022-07-07T09:33:15.989584+08:00] request.INFO: request {"acntno":"9000007387"} []
[2022-07-07T09:33:16.420893+08:00] response.INFO: response {"acntno":"9000007387","result":"УЯНГА БАТЗАЯА"} []
[2022-07-07T09:33:17.763594+08:00] request.INFO: request {"acntno":"9000007387"} []
[2022-07-07T09:33:18.189269+08:00] response.INFO: response {"acntno":"9000007387","result":"УЯНГА БАТЗАЯА"} []
[2022-07-07T09:33:23.589738+08:00] request.INFO: request {"acntno":"9000007387"} []
[2022-07-07T09:33:24.002731+08:00] response.INFO: response {"acntno":"9000007387","result":"УЯНГА БАТЗАЯА"} []
[2022-07-07T09:33:25.379373+08:00] request.INFO: request {"acntno":"9000007387"} []
[2022-07-07T09:33:25.789693+08:00] response.INFO: response {"acntno":"9000007387","result":"УЯНГА БАТЗАЯА"} []
[2022-07-07T09:33:28.544107+08:00] request.INFO: request {"acntno":"9000007387"} []
[2022-07-07T09:33:28.960180+08:00] response.INFO: response {"acntno":"9000007387","result":"УЯНГА БАТЗАЯА"} []
[2022-07-07T09:48:06.087922+08:00] request.INFO: request {"acntno":"MN090019009090001161"} []
[2022-07-07T09:48:06.502242+08:00] response.INFO: response {"acntno":"MN090019009090001161","result":"ОДГАРИГ БЯМБАЦОГТ"} []
[2022-07-07T10:16:36.034673+08:00] request.INFO: request {"acntno":"9000004904"} []
[2022-07-07T10:16:36.487307+08:00] response.INFO: response {"acntno":"9000004904","result":"УЯНГА БАТЗАЯА"} []
[2022-07-07T10:16:41.064843+08:00] request.INFO: request {"acntno":"9000004904"} []
[2022-07-07T10:16:41.494003+08:00] response.INFO: response {"acntno":"9000004904","result":"УЯНГА БАТЗАЯА"} []
[2022-07-07T10:16:50.966717+08:00] request.INFO: request {"acntno":"9000004904"} []
[2022-07-07T10:16:51.384710+08:00] response.INFO: response {"acntno":"9000004904","result":"УЯНГА БАТЗАЯА"} []
[2022-07-07T10:16:55.419403+08:00] request.INFO: request {"acntno":"9000004904"} []
[2022-07-07T10:16:55.839071+08:00] response.INFO: response {"acntno":"9000004904","result":"УЯНГА БАТЗАЯА"} []
[2022-07-07T10:21:21.540658+08:00] request.INFO: request {"acntno":"9000004904"} []
[2022-07-07T10:21:21.964747+08:00] response.INFO: response {"acntno":"9000004904","result":"УЯНГА БАТЗАЯА"} []
[2022-07-07T10:21:30.626141+08:00] request.INFO: request {"acntno":"9000004904"} []
[2022-07-07T10:21:31.038795+08:00] response.INFO: response {"acntno":"9000004904","result":"УЯНГА БАТЗАЯА"} []
[2022-07-07T10:21:36.822794+08:00] request.INFO: request {"acntno":"9000004904"} []
[2022-07-07T10:21:37.255859+08:00] response.INFO: response {"acntno":"9000004904","result":"УЯНГА БАТЗАЯА"} []
[2022-07-07T10:21:45.052462+08:00] request.INFO: request {"acntno":"9000004904"} []
[2022-07-07T10:21:45.465974+08:00] response.INFO: response {"acntno":"9000004904","result":"УЯНГА БАТЗАЯА"} []
[2022-07-07T10:25:37.887235+08:00] request.INFO: request {"acntno":"9000004904"} []
[2022-07-07T10:25:38.311749+08:00] response.INFO: response {"acntno":"9000004904","result":"УЯНГА БАТЗАЯА"} []
[2022-07-07T10:25:50.923724+08:00] request.INFO: request {"acntno":"9000004904"} []
[2022-07-07T10:25:51.347900+08:00] response.INFO: response {"acntno":"9000004904","result":"УЯНГА БАТЗАЯА"} []
[2022-07-07T10:25:52.856612+08:00] request.INFO: request {"acntno":"9000004904"} []
[2022-07-07T10:25:53.269657+08:00] response.INFO: response {"acntno":"9000004904","result":"УЯНГА БАТЗАЯА"} []
[2022-07-07T10:29:09.358001+08:00] request.INFO: request {"acntno":"9000004904"} []
[2022-07-07T10:29:09.780390+08:00] response.INFO: response {"acntno":"9000004904","result":"УЯНГА БАТЗАЯА"} []
[2022-07-07T10:29:52.482436+08:00] request.INFO: request {"acntno":"9000004904"} []
[2022-07-07T10:29:52.904097+08:00] response.INFO: response {"acntno":"9000004904","result":"УЯНГА БАТЗАЯА"} []
[2022-07-07T10:30:04.020654+08:00] request.INFO: request {"acntno":"9000004904"} []
[2022-07-07T10:30:04.449217+08:00] response.INFO: response {"acntno":"9000004904","result":"УЯНГА БАТЗАЯА"} []
[2022-07-07T10:30:13.199042+08:00] request.INFO: request {"acntno":"9000004904"} []
[2022-07-07T10:30:13.633090+08:00] response.INFO: response {"acntno":"9000004904","result":"УЯНГА БАТЗАЯА"} []
[2022-07-07T10:30:53.933685+08:00] request.INFO: request {"acntno":"9000004904"} []
[2022-07-07T10:30:54.359114+08:00] response.INFO: response {"acntno":"9000004904","result":"УЯНГА БАТЗАЯА"} []
[2022-07-07T10:31:24.850473+08:00] request.INFO: request {"acntno":"9000004904"} []
[2022-07-07T10:31:25.277070+08:00] response.INFO: response {"acntno":"9000004904","result":"УЯНГА БАТЗАЯА"} []
[2022-07-07T10:31:30.032063+08:00] request.INFO: request {"acntno":"9000004904"} []
[2022-07-07T10:31:30.457172+08:00] response.INFO: response {"acntno":"9000004904","result":"УЯНГА БАТЗАЯА"} []
[2022-07-07T10:32:02.525790+08:00] request.INFO: request {"acntno":"9000004904"} []
[2022-07-07T10:32:02.937743+08:00] response.INFO: response {"acntno":"9000004904","result":"УЯНГА БАТЗАЯА"} []
[2022-07-07T10:46:20.973364+08:00] request.INFO: request {"acntno":"MN670019009000001577"} []
[2022-07-07T10:46:21.404512+08:00] response.INFO: response {"acntno":"MN670019009000001577","result":"ЗХУТ"} []
[2022-07-07T10:46:31.694097+08:00] request.INFO: request {"acntno":"MN670019009000001577"} []
[2022-07-07T10:46:32.125414+08:00] response.INFO: response {"acntno":"MN670019009000001577","result":"ЗХУТ"} []
[2022-07-07T10:46:36.668463+08:00] request.INFO: request {"acntno":"MN670019009000001577"} []
[2022-07-07T10:46:37.088955+08:00] response.INFO: response {"acntno":"MN670019009000001577","result":"ЗХУТ"} []
[2022-07-07T10:46:40.219559+08:00] request.INFO: request {"acntno":"MN670019009000001577"} []
[2022-07-07T10:46:40.628371+08:00] response.INFO: response {"acntno":"MN670019009000001577","result":"ЗХУТ"} []
[2022-07-07T10:46:49.419466+08:00] request.INFO: request {"acntno":"MN670019009000001577"} []
[2022-07-07T10:46:49.839426+08:00] response.INFO: response {"acntno":"MN670019009000001577","result":"ЗХУТ"} []
[2022-07-07T10:57:35.446323+08:00] request.INFO: request {"acntno":"MN460019009000007387"} []
[2022-07-07T10:57:35.869321+08:00] response.INFO: response {"acntno":"MN460019009000007387","result":"УЯНГА БАТЗАЯА"} []
[2022-07-07T10:57:39.940412+08:00] request.INFO: request {"acntno":"mn460019009000007387"} []
[2022-07-07T10:57:40.359398+08:00] response.INFO: response {"acntno":"mn460019009000007387","result":"УЯНГА БАТЗАЯА"} []
[2022-07-07T10:57:47.328430+08:00] request.INFO: request {"acntno":"*"} []
[2022-07-07T10:58:11.093116+08:00] request.INFO: request {"acntno":"mn460019009000007387"} []
[2022-07-07T10:58:11.521439+08:00] response.INFO: response {"acntno":"mn460019009000007387","result":"УЯНГА БАТЗАЯА"} []
[2022-07-07T10:58:13.125427+08:00] request.INFO: request {"acntno":"mn460019009000007387"} []
[2022-07-07T10:58:13.550018+08:00] response.INFO: response {"acntno":"mn460019009000007387","result":"УЯНГА БАТЗАЯА"} []
[2022-07-07T10:58:31.281444+08:00] request.INFO: request {"acntno":"mn460019009000007387"} []
[2022-07-07T10:58:31.709730+08:00] response.INFO: response {"acntno":"mn460019009000007387","result":"УЯНГА БАТЗАЯА"} []
[2022-07-07T10:58:32.892329+08:00] request.INFO: request {"acntno":"mn460019009000007387"} []
[2022-07-07T10:58:33.312159+08:00] response.INFO: response {"acntno":"mn460019009000007387","result":"УЯНГА БАТЗАЯА"} []
[2022-07-07T10:58:34.500819+08:00] request.INFO: request {"acntno":"mn460019009000007387"} []
[2022-07-07T10:58:34.927346+08:00] response.INFO: response {"acntno":"mn460019009000007387","result":"УЯНГА БАТЗАЯА"} []
[2022-07-07T11:00:30.960751+08:00] request.INFO: request {"acntno":"MN500019009000009255"} []
[2022-07-07T11:00:31.393017+08:00] response.INFO: response {"acntno":"MN500019009000009255","result":"ЖЭТФИНАНС ББСБ"} []
[2022-07-07T11:00:35.206973+08:00] request.INFO: request {"acntno":"MN500019009000009255"} []
[2022-07-07T11:00:35.624684+08:00] response.INFO: response {"acntno":"MN500019009000009255","result":"ЖЭТФИНАНС ББСБ"} []
[2022-07-07T11:00:46.358401+08:00] request.INFO: request {"acntno":"MN460019009000007387"} []
[2022-07-07T11:00:46.781672+08:00] response.INFO: response {"acntno":"MN460019009000007387","result":"УЯНГА БАТЗАЯА"} []
[2022-07-07T11:00:52.201530+08:00] request.INFO: request {"acntno":"mn460019009000007387"} []
[2022-07-07T11:00:52.627463+08:00] response.INFO: response {"acntno":"mn460019009000007387","result":"УЯНГА БАТЗАЯА"} []
[2022-07-07T11:01:01.714997+08:00] request.INFO: request {"acntno":"mn460019009000007387"} []
[2022-07-07T11:01:02.131386+08:00] response.INFO: response {"acntno":"mn460019009000007387","result":"УЯНГА БАТЗАЯА"} []
[2022-07-07T11:02:05.965877+08:00] request.INFO: request {"acntno":"mn460019009000007387"} []
[2022-07-07T11:02:06.387137+08:00] response.INFO: response {"acntno":"mn460019009000007387","result":"УЯНГА БАТЗАЯА"} []
[2022-07-07T11:03:11.277342+08:00] request.INFO: request {"acntno":"mn460019009000007387"} []
[2022-07-07T11:03:11.703285+08:00] response.INFO: response {"acntno":"mn460019009000007387","result":"УЯНГА БАТЗАЯА"} []
[2022-07-07T11:03:13.434464+08:00] request.INFO: request {"acntno":"mn460019009000007387"} []
[2022-07-07T11:03:13.847636+08:00] response.INFO: response {"acntno":"mn460019009000007387","result":"УЯНГА БАТЗАЯА"} []
[2022-07-07T11:03:15.170229+08:00] request.INFO: request {"acntno":"mn460019009000007387"} []
[2022-07-07T11:03:15.596210+08:00] response.INFO: response {"acntno":"mn460019009000007387","result":"УЯНГА БАТЗАЯА"} []
[2022-07-07T11:04:49.641766+08:00] request.INFO: request {"acntno":"9000007387"} []
[2022-07-07T11:04:50.071024+08:00] response.INFO: response {"acntno":"9000007387","result":"УЯНГА БАТЗАЯА"} []
[2022-07-07T11:04:53.862991+08:00] request.INFO: request {"acntno":"9000007387"} []
[2022-07-07T11:04:54.285182+08:00] response.INFO: response {"acntno":"9000007387","result":"УЯНГА БАТЗАЯА"} []
[2022-07-07T11:04:55.549508+08:00] request.INFO: request {"acntno":"9000007387"} []
[2022-07-07T11:04:55.972598+08:00] response.INFO: response {"acntno":"9000007387","result":"УЯНГА БАТЗАЯА"} []
[2022-07-07T11:05:21.328429+08:00] request.INFO: request {"acntno":"MN460019009000007387"} []
[2022-07-07T11:05:21.737324+08:00] response.INFO: response {"acntno":"MN460019009000007387","result":"УЯНГА БАТЗАЯА"} []
[2022-07-07T11:05:24.621917+08:00] request.INFO: request {"acntno":"mn460019009000007387"} []
[2022-07-07T11:05:25.039913+08:00] response.INFO: response {"acntno":"mn460019009000007387","result":"УЯНГА БАТЗАЯА"} []
[2022-07-07T11:05:32.708593+08:00] request.INFO: request {"acntno":"mn460019009000007387"} []
[2022-07-07T11:05:33.144489+08:00] response.INFO: response {"acntno":"mn460019009000007387","result":"УЯНГА БАТЗАЯА"} []
[2022-07-07T11:05:34.656213+08:00] request.INFO: request {"acntno":"mn460019009000007387"} []
[2022-07-07T11:05:35.073941+08:00] response.INFO: response {"acntno":"mn460019009000007387","result":"УЯНГА БАТЗАЯА"} []
[2022-07-07T11:05:38.903952+08:00] request.INFO: request {"acntno":"mn460019009000007387"} []
[2022-07-07T11:05:39.323611+08:00] response.INFO: response {"acntno":"mn460019009000007387","result":"УЯНГА БАТЗАЯА"} []
[2022-07-07T11:05:51.581609+08:00] request.INFO: request {"acntno":"mn460019009000007387"} []
[2022-07-07T11:05:52.003382+08:00] response.INFO: response {"acntno":"mn460019009000007387","result":"УЯНГА БАТЗАЯА"} []
[2022-07-07T11:06:00.110758+08:00] request.INFO: request {"acntno":"mn460019009000007387"} []
[2022-07-07T11:06:00.547951+08:00] response.INFO: response {"acntno":"mn460019009000007387","result":"УЯНГА БАТЗАЯА"} []
[2022-07-07T11:06:01.647545+08:00] request.INFO: request {"acntno":"mn460019009000007387"} []
[2022-07-07T11:06:02.066786+08:00] response.INFO: response {"acntno":"mn460019009000007387","result":"УЯНГА БАТЗАЯА"} []
[2022-07-07T11:06:03.375061+08:00] request.INFO: request {"acntno":"mn460019009000007387"} []
[2022-07-07T11:06:03.817865+08:00] response.INFO: response {"acntno":"mn460019009000007387","result":"УЯНГА БАТЗАЯА"} []
[2022-07-07T11:06:06.706266+08:00] request.INFO: request {"acntno":"mn460019009000007387"} []
[2022-07-07T11:06:07.115190+08:00] response.INFO: response {"acntno":"mn460019009000007387","result":"УЯНГА БАТЗАЯА"} []
[2022-07-07T11:06:31.581788+08:00] request.INFO: request {"acntno":"mn460019009000007387"} []
[2022-07-07T11:06:32.009499+08:00] response.INFO: response {"acntno":"mn460019009000007387","result":"УЯНГА БАТЗАЯА"} []
[2022-07-07T11:06:33.468130+08:00] request.INFO: request {"acntno":"mn460019009000007387"} []
[2022-07-07T11:06:33.898828+08:00] response.INFO: response {"acntno":"mn460019009000007387","result":"УЯНГА БАТЗАЯА"} []
[2022-07-07T11:06:35.173823+08:00] request.INFO: request {"acntno":"mn460019009000007387"} []
[2022-07-07T11:06:35.598848+08:00] response.INFO: response {"acntno":"mn460019009000007387","result":"УЯНГА БАТЗАЯА"} []
[2022-07-07T11:06:41.453139+08:00] request.INFO: request {"acntno":"mn460019009000007387"} []
[2022-07-07T11:06:41.883896+08:00] response.INFO: response {"acntno":"mn460019009000007387","result":"УЯНГА БАТЗАЯА"} []
[2022-07-07T13:38:56.047547+08:00] request.INFO: request {"acntno":"MN330019009000013635"} []
[2022-07-07T13:38:56.695151+08:00] response.INFO: response {"acntno":"MN330019009000013635","result":"АНУЖИН ПҮРЭВЖАВ"} []
[2022-07-07T13:39:01.955125+08:00] request.INFO: request {"acntno":"MN330019009000013635"} []
[2022-07-07T13:39:02.568240+08:00] response.INFO: response {"acntno":"MN330019009000013635","result":"АНУЖИН ПҮРЭВЖАВ"} []
[2022-07-07T15:14:15.402522+08:00] request.INFO: request {"acntno":"mN460019009000007387"} []
[2022-07-07T15:14:16.076116+08:00] response.INFO: response {"acntno":"mN460019009000007387","result":"УЯНГА БАТЗАЯА"} []
[2022-07-07T15:22:07.281832+08:00] request.INFO: request {"acntno":"*"} []
[2022-07-07T15:49:59.883699+08:00] request.INFO: request {"acntno":"9000004904"} []
[2022-07-07T15:50:00.645365+08:00] response.INFO: response {"acntno":"9000004904","result":"УЯНГА БАТЗАЯА"} []
[2022-07-07T15:50:07.441729+08:00] request.INFO: request {"acntno":"9000004904"} []
[2022-07-07T15:50:08.061829+08:00] response.INFO: response {"acntno":"9000004904","result":"УЯНГА БАТЗАЯА"} []
[2022-07-07T16:38:01.919010+08:00] request.INFO: request {"acntno":"9000007387"} []
[2022-07-07T16:38:02.509271+08:00] response.INFO: response {"acntno":"9000007387","result":"УЯНГА БАТЗАЯА"} []
[2022-07-07T16:38:14.163070+08:00] request.INFO: request {"acntno":"9000007387"} []
[2022-07-07T16:38:14.768654+08:00] response.INFO: response {"acntno":"9000007387","result":"УЯНГА БАТЗАЯА"} []
[2022-07-07T16:38:17.380181+08:00] request.INFO: request {"acntno":"9000007387"} []
[2022-07-07T16:38:18.009069+08:00] response.INFO: response {"acntno":"9000007387","result":"УЯНГА БАТЗАЯА"} []
[2022-07-07T16:39:40.598807+08:00] request.INFO: request {"acntno":"MN600019009000004904"} []
[2022-07-07T16:39:41.383281+08:00] response.INFO: response {"acntno":"MN600019009000004904","result":"УЯНГА БАТЗАЯА"} []
[2022-07-07T17:42:02.893924+08:00] request.INFO: request {"acntno":"MN480019009100000189"} []
[2022-07-07T17:42:03.514555+08:00] response.INFO: response {"acntno":"MN480019009100000189","result":"ЖЭТФИНАНС ББСБ"} []
[2022-07-07T17:42:05.732707+08:00] request.INFO: request {"acntno":"MN480019009100000189"} []
[2022-07-07T17:42:06.371250+08:00] response.INFO: response {"acntno":"MN480019009100000189","result":"ЖЭТФИНАНС ББСБ"} []
[2022-07-07T17:58:55.330690+08:00] request.INFO: request {"acntno":"*"} []
[2022-07-07T18:01:37.108654+08:00] request.INFO: request {"acntno":"*"} []
[2022-07-07T18:03:33.828305+08:00] request.INFO: request {"acntno":"*"} []
[2022-07-07T18:04:36.000880+08:00] request.INFO: request {"acntno":"MN670019009000001577"} []
[2022-07-07T18:04:36.650697+08:00] response.INFO: response {"acntno":"MN670019009000001577","result":"ЗХУТ"} []
[2022-07-07T18:04:39.972171+08:00] request.INFO: request {"acntno":"MN670019009000001577"} []
[2022-07-07T18:04:40.598605+08:00] response.INFO: response {"acntno":"MN670019009000001577","result":"ЗХУТ"} []
[2022-07-07T18:04:43.780916+08:00] request.INFO: request {"acntno":"MN670019009000001577"} []
[2022-07-07T18:04:44.365410+08:00] response.INFO: response {"acntno":"MN670019009000001577","result":"ЗХУТ"} []
[2022-07-07T18:05:32.483403+08:00] request.INFO: request {"acntno":"*"} []
[2022-07-07T18:07:28.519283+08:00] request.INFO: request {"acntno":"MN670019009000001577"} []
[2022-07-07T18:07:29.190973+08:00] response.INFO: response {"acntno":"MN670019009000001577","result":"ЗХУТ"} []
[2022-07-07T18:07:31.079423+08:00] request.INFO: request {"acntno":"MN670019009000001577"} []
[2022-07-07T18:07:31.705199+08:00] response.INFO: response {"acntno":"MN670019009000001577","result":"ЗХУТ"} []
[2022-07-07T18:07:34.570104+08:00] request.INFO: request {"acntno":"MN670019009000001577"} []
[2022-07-07T18:07:35.157407+08:00] response.INFO: response {"acntno":"MN670019009000001577","result":"ЗХУТ"} []
[2022-07-07T18:11:56.149648+08:00] request.INFO: request {"acntno":"MN670019009000001577"} []
[2022-07-07T18:11:56.824414+08:00] response.INFO: response {"acntno":"MN670019009000001577","result":"ЗХУТ"} []
[2022-07-07T18:11:58.424945+08:00] request.INFO: request {"acntno":"MN670019009000001577"} []
[2022-07-07T18:11:59.060880+08:00] response.INFO: response {"acntno":"MN670019009000001577","result":"ЗХУТ"} []
[2022-07-07T18:12:01.785499+08:00] request.INFO: request {"acntno":"MN670019009000001577"} []
[2022-07-07T18:12:02.326258+08:00] response.INFO: response {"acntno":"MN670019009000001577","result":"ЗХУТ"} []
[2022-07-07T19:19:24.095041+08:00] request.INFO: request {"acntno":"MN090019009090001161"} []
[2022-07-07T19:19:24.750048+08:00] response.INFO: response {"acntno":"MN090019009090001161","result":"ОДГАРИГ БЯМБАЦОГТ"} []
[2022-07-07T19:19:31.192969+08:00] request.INFO: request {"acntno":"MN090019009090001161"} []
[2022-07-07T19:19:31.844296+08:00] response.INFO: response {"acntno":"MN090019009090001161","result":"ОДГАРИГ БЯМБАЦОГТ"} []
[2022-07-07T19:21:42.239464+08:00] request.INFO: request {"acntno":"MN190019009000022811"} []
[2022-07-07T19:21:42.940968+08:00] response.INFO: response {"acntno":"MN190019009000022811","result":"БАТБОЛД ПҮРЭВБААТАР"} []
[2022-07-07T19:21:56.955347+08:00] request.INFO: request {"acntno":"MN190019009000022811"} []
[2022-07-07T19:21:57.595916+08:00] response.INFO: response {"acntno":"MN190019009000022811","result":"БАТБОЛД ПҮРЭВБААТАР"} []
[2022-07-07T19:22:03.428609+08:00] request.INFO: request {"acntno":"MN190019009000022811"} []
[2022-07-07T19:22:04.095778+08:00] response.INFO: response {"acntno":"MN190019009000022811","result":"БАТБОЛД ПҮРЭВБААТАР"} []
