[2022-07-20T11:10:48.214859+08:00] request.INFO: request {"acntno":"MN670019009000001577"} []
[2022-07-20T11:10:48.679902+08:00] response.INFO: response {"acntno":"MN670019009000001577","result":"ЗХУТ"} []
[2022-07-20T11:10:51.197044+08:00] request.INFO: request {"acntno":"MN670019009000001577"} []
[2022-07-20T11:10:51.620150+08:00] response.INFO: response {"acntno":"MN670019009000001577","result":"ЗХУТ"} []
[2022-07-20T11:10:54.316762+08:00] request.INFO: request {"acntno":"MN670019009000001577"} []
[2022-07-20T11:10:54.741065+08:00] response.INFO: response {"acntno":"MN670019009000001577","result":"ЗХУТ"} []
[2022-07-20T11:11:32.291131+08:00] request.INFO: request {"acntno":"MN670019009000001577"} []
[2022-07-20T11:11:32.718257+08:00] response.INFO: response {"acntno":"MN670019009000001577","result":"ЗХУТ"} []
[2022-07-20T11:11:34.006624+08:00] request.INFO: request {"acntno":"MN670019009000001577"} []
[2022-07-20T11:11:34.421544+08:00] response.INFO: response {"acntno":"MN670019009000001577","result":"ЗХУТ"} []
[2022-07-20T11:11:36.864982+08:00] request.INFO: request {"acntno":"MN670019009000001577"} []
[2022-07-20T11:11:37.290301+08:00] response.INFO: response {"acntno":"MN670019009000001577","result":"ЗХУТ"} []
[2022-07-20T11:20:30.023127+08:00] request.INFO: request {"acntno":"9000007387"} []
[2022-07-20T11:20:30.455398+08:00] response.INFO: response {"acntno":"9000007387","result":"УЯНГА БАТЗАЯА"} []
[2022-07-20T11:20:33.557040+08:00] request.INFO: request {"acntno":"9000007387"} []
[2022-07-20T11:20:33.992001+08:00] response.INFO: response {"acntno":"9000007387","result":"УЯНГА БАТЗАЯА"} []
[2022-07-20T11:20:35.103867+08:00] request.INFO: request {"acntno":"9000007387"} []
[2022-07-20T11:20:35.527770+08:00] response.INFO: response {"acntno":"9000007387","result":"УЯНГА БАТЗАЯА"} []
[2022-07-20T12:02:44.000269+08:00] request.INFO: request {"acntno":"*"} []
[2022-07-20T14:27:38.774834+08:00] request.INFO: request {"acntno":"*"} []
[2022-07-20T14:47:49.402334+08:00] request.INFO: request {"acntno":"MN670019009000001577"} []
[2022-07-20T14:47:49.935665+08:00] response.INFO: response {"acntno":"MN670019009000001577","result":"ЗХУТ"} []
[2022-07-20T14:47:55.401762+08:00] request.INFO: request {"acntno":"MN670019009000001577"} []
[2022-07-20T14:47:55.828279+08:00] response.INFO: response {"acntno":"MN670019009000001577","result":"ЗХУТ"} []
[2022-07-20T14:47:57.175096+08:00] request.INFO: request {"acntno":"MN670019009000001577"} []
[2022-07-20T14:47:57.607217+08:00] response.INFO: response {"acntno":"MN670019009000001577","result":"ЗХУТ"} []
[2022-07-20T14:48:00.428578+08:00] request.INFO: request {"acntno":"MN670019009000001577"} []
[2022-07-20T14:48:00.851965+08:00] response.INFO: response {"acntno":"MN670019009000001577","result":"ЗХУТ"} []
[2022-07-20T14:49:06.240778+08:00] request.INFO: request {"acntno":"MN670019009000001577"} []
[2022-07-20T14:49:06.665927+08:00] response.INFO: response {"acntno":"MN670019009000001577","result":"ЗХУТ"} []
[2022-07-20T14:49:08.083725+08:00] request.INFO: request {"acntno":"MN670019009000001577"} []
[2022-07-20T14:49:08.505385+08:00] response.INFO: response {"acntno":"MN670019009000001577","result":"ЗХУТ"} []
[2022-07-20T14:49:12.902456+08:00] request.INFO: request {"acntno":"MN670019009000001577"} []
[2022-07-20T14:49:13.319570+08:00] response.INFO: response {"acntno":"MN670019009000001577","result":"ЗХУТ"} []
[2022-07-20T14:49:35.631914+08:00] request.INFO: request {"acntno":"MN670019009000001577"} []
[2022-07-20T14:49:36.070173+08:00] response.INFO: response {"acntno":"MN670019009000001577","result":"ЗХУТ"} []
[2022-07-20T14:49:43.163621+08:00] request.INFO: request {"acntno":"MN670019009000001577"} []
[2022-07-20T14:49:43.598133+08:00] response.INFO: response {"acntno":"MN670019009000001577","result":"ЗХУТ"} []
[2022-07-20T14:50:13.754333+08:00] request.INFO: request {"acntno":"MN670019009000001577"} []
[2022-07-20T14:50:14.173649+08:00] response.INFO: response {"acntno":"MN670019009000001577","result":"ЗХУТ"} []
[2022-07-20T14:50:17.850353+08:00] request.INFO: request {"acntno":"MN670019009000001577"} []
[2022-07-20T14:50:18.289960+08:00] response.INFO: response {"acntno":"MN670019009000001577","result":"ЗХУТ"} []
[2022-07-20T14:50:21.526476+08:00] request.INFO: request {"acntno":"MN670019009000001577"} []
[2022-07-20T14:50:21.945309+08:00] response.INFO: response {"acntno":"MN670019009000001577","result":"ЗХУТ"} []
[2022-07-20T14:55:43.772529+08:00] request.INFO: request {"acntno":"213123"} []
[2022-07-20T15:48:10.137624+08:00] request.INFO: request {"acntno":"*"} []
[2022-07-20T16:23:29.566654+08:00] request.INFO: request {"acntno":"*"} []
[2022-07-20T17:51:52.694457+08:00] request.INFO: request {"acntno":"*"} []
[2022-07-20T18:33:30.384890+08:00] request.INFO: request {"acntno":"MN350019009100000229"} []
[2022-07-20T18:33:30.824818+08:00] response.INFO: response {"acntno":"MN350019009100000229","result":"УЯНГА БАТЗАЯА"} []
[2022-07-20T18:33:32.356696+08:00] request.INFO: request {"acntno":"MN350019009100000229"} []
[2022-07-20T18:33:32.785020+08:00] response.INFO: response {"acntno":"MN350019009100000229","result":"УЯНГА БАТЗАЯА"} []
