[2022-09-02T09:57:57.931914+08:00] request.INFO: request {"acntno":"*"} []
[2022-09-02T09:58:32.628375+08:00] request.INFO: request {"acntno":"*"} []
[2022-09-02T10:05:57.672284+08:00] request.INFO: request {"acntno":"9000004904"} []
[2022-09-02T10:05:58.149638+08:00] response.INFO: response {"acntno":"9000004904","result":"УЯНГА БАТЗАЯА"} []
[2022-09-02T10:06:27.458404+08:00] request.INFO: request {"acntno":"9000004904"} []
[2022-09-02T10:06:27.887828+08:00] response.INFO: response {"acntno":"9000004904","result":"УЯНГА БАТЗАЯА"} []
[2022-09-02T10:07:18.699706+08:00] request.INFO: request {"acntno":"9000004904"} []
[2022-09-02T10:07:19.127147+08:00] response.INFO: response {"acntno":"9000004904","result":"УЯНГА БАТЗАЯА"} []
[2022-09-02T10:07:22.334165+08:00] request.INFO: request {"acntno":"9000004904"} []
[2022-09-02T10:07:22.771577+08:00] response.INFO: response {"acntno":"9000004904","result":"УЯНГА БАТЗАЯА"} []
[2022-09-02T10:07:40.210096+08:00] request.INFO: request {"acntno":"9000004904"} []
[2022-09-02T10:07:40.628770+08:00] response.INFO: response {"acntno":"9000004904","result":"УЯНГА БАТЗАЯА"} []
[2022-09-02T10:07:47.236095+08:00] request.INFO: request {"acntno":"9000004904"} []
[2022-09-02T10:07:47.656804+08:00] response.INFO: response {"acntno":"9000004904","result":"УЯНГА БАТЗАЯА"} []
[2022-09-02T10:07:58.605093+08:00] request.INFO: request {"acntno":"9000004904"} []
[2022-09-02T10:07:59.014257+08:00] response.INFO: response {"acntno":"9000004904","result":"УЯНГА БАТЗАЯА"} []
[2022-09-02T10:08:01.919223+08:00] request.INFO: request {"acntno":"9000004904"} []
[2022-09-02T10:08:02.343818+08:00] response.INFO: response {"acntno":"9000004904","result":"УЯНГА БАТЗАЯА"} []
[2022-09-02T10:08:08.340005+08:00] request.INFO: request {"acntno":"9000004904"} []
[2022-09-02T10:08:08.766140+08:00] response.INFO: response {"acntno":"9000004904","result":"УЯНГА БАТЗАЯА"} []
[2022-09-02T10:08:15.108177+08:00] request.INFO: request {"acntno":"9000004904"} []
[2022-09-02T10:08:15.524366+08:00] response.INFO: response {"acntno":"9000004904","result":"УЯНГА БАТЗАЯА"} []
[2022-09-02T10:08:26.153243+08:00] request.INFO: request {"acntno":"9000004904"} []
[2022-09-02T10:08:26.579467+08:00] response.INFO: response {"acntno":"9000004904","result":"УЯНГА БАТЗАЯА"} []
[2022-09-02T10:08:30.850993+08:00] request.INFO: request {"acntno":"9000004904"} []
[2022-09-02T10:08:31.276520+08:00] response.INFO: response {"acntno":"9000004904","result":"УЯНГА БАТЗАЯА"} []
[2022-09-02T10:08:42.642758+08:00] request.INFO: request {"acntno":"9000004904"} []
[2022-09-02T10:08:43.090967+08:00] response.INFO: response {"acntno":"9000004904","result":"УЯНГА БАТЗАЯА"} []
[2022-09-02T14:05:41.578677+08:00] request.INFO: request {"acntno":"*"} []
[2022-09-02T14:06:45.023210+08:00] request.INFO: request {"acntno":"*"} []
[2022-09-02T14:11:44.060081+08:00] request.INFO: request {"acntno":"9000004904"} []
[2022-09-02T14:11:44.496811+08:00] response.INFO: response {"acntno":"9000004904","result":"УЯНГА БАТЗАЯА"} []
[2022-09-02T14:11:50.080761+08:00] request.INFO: request {"acntno":"9000004904"} []
[2022-09-02T14:11:50.508133+08:00] response.INFO: response {"acntno":"9000004904","result":"УЯНГА БАТЗАЯА"} []
[2022-09-02T14:11:54.857516+08:00] request.INFO: request {"acntno":"9000004904"} []
[2022-09-02T14:11:55.284560+08:00] response.INFO: response {"acntno":"9000004904","result":"УЯНГА БАТЗАЯА"} []
[2022-09-02T14:12:02.403122+08:00] request.INFO: request {"acntno":"9000004904"} []
[2022-09-02T14:12:02.821401+08:00] response.INFO: response {"acntno":"9000004904","result":"УЯНГА БАТЗАЯА"} []
[2022-09-02T14:12:20.535427+08:00] request.INFO: request {"acntno":"9000004904"} []
[2022-09-02T14:12:20.956985+08:00] response.INFO: response {"acntno":"9000004904","result":"УЯНГА БАТЗАЯА"} []
[2022-09-02T14:20:10.276145+08:00] request.INFO: request {"acntno":"*"} []
[2022-09-02T14:22:09.698161+08:00] request.INFO: request {"acntno":"*"} []
[2022-09-02T14:22:44.165833+08:00] request.INFO: request {"acntno":"*"} []
[2022-09-02T14:35:46.955828+08:00] request.INFO: request {"acntno":"*"} []
[2022-09-02T14:42:02.908037+08:00] request.INFO: request {"acntno":"*"} []
[2022-09-02T14:44:09.720699+08:00] request.INFO: request {"acntno":"*"} []
[2022-09-02T16:53:57.594364+08:00] request.INFO: request {"acntno":"9000004904"} []
[2022-09-02T16:53:58.017369+08:00] response.INFO: response {"acntno":"9000004904","result":"УЯНГА БАТЗАЯА"} []
[2022-09-02T16:54:00.848789+08:00] request.INFO: request {"acntno":"9000004904"} []
[2022-09-02T16:54:01.269035+08:00] response.INFO: response {"acntno":"9000004904","result":"УЯНГА БАТЗАЯА"} []
[2022-09-02T16:54:03.462767+08:00] request.INFO: request {"acntno":"9000004904"} []
[2022-09-02T16:54:03.881706+08:00] response.INFO: response {"acntno":"9000004904","result":"УЯНГА БАТЗАЯА"} []
[2022-09-02T16:54:09.214297+08:00] request.INFO: request {"acntno":"9000004904"} []
[2022-09-02T16:54:09.640825+08:00] response.INFO: response {"acntno":"9000004904","result":"УЯНГА БАТЗАЯА"} []
[2022-09-02T17:31:18.895169+08:00] request.INFO: request {"acntno":"MN040019009000023760"} []
[2022-09-02T17:31:19.339381+08:00] response.INFO: response {"acntno":"MN040019009000023760","result":"УЯНГА БАТЗАЯА"} []
[2022-09-02T17:33:51.609197+08:00] request.INFO: request {"acntno":"9000004904"} []
[2022-09-02T17:33:52.049969+08:00] response.INFO: response {"acntno":"9000004904","result":"УЯНГА БАТЗАЯА"} []
[2022-09-02T17:34:02.745672+08:00] request.INFO: request {"acntno":"9000018065"} []
[2022-09-02T17:34:03.182596+08:00] response.INFO: response {"acntno":"9000018065","result":"ЖАРГАЛМАА БҮЖИНЛХАМ"} []
[2022-09-02T17:34:07.949129+08:00] request.INFO: request {"acntno":"9000018065"} []
[2022-09-02T17:34:08.366255+08:00] response.INFO: response {"acntno":"9000018065","result":"ЖАРГАЛМАА БҮЖИНЛХАМ"} []
[2022-09-02T17:34:09.990306+08:00] request.INFO: request {"acntno":"9000018065"} []
[2022-09-02T17:34:10.415204+08:00] response.INFO: response {"acntno":"9000018065","result":"ЖАРГАЛМАА БҮЖИНЛХАМ"} []
[2022-09-02T17:34:15.138937+08:00] request.INFO: request {"acntno":"9000018065"} []
[2022-09-02T17:34:15.558380+08:00] response.INFO: response {"acntno":"9000018065","result":"ЖАРГАЛМАА БҮЖИНЛХАМ"} []
[2022-09-02T17:34:19.258295+08:00] request.INFO: request {"acntno":"9000018065"} []
[2022-09-02T17:34:19.689186+08:00] response.INFO: response {"acntno":"9000018065","result":"ЖАРГАЛМАА БҮЖИНЛХАМ"} []
