[2022-09-06T09:43:36.333977+08:00] request.INFO: request {"acntno":"2201000454"} []
[2022-09-06T09:43:36.808646+08:00] response.INFO: response {"acntno":"2201000454","result":"ДЭЛГЭР ХАШХҮҮ"} []
[2022-09-06T09:43:41.390134+08:00] request.INFO: request {"acntno":"2201000454"} []
[2022-09-06T09:43:41.811486+08:00] response.INFO: response {"acntno":"2201000454","result":"ДЭЛГЭР ХАШХҮҮ"} []
[2022-09-06T09:43:51.351057+08:00] request.INFO: request {"acntno":"2201000454"} []
[2022-09-06T09:43:51.768428+08:00] response.INFO: response {"acntno":"2201000454","result":"ДЭЛГЭР ХАШХҮҮ"} []
[2022-09-06T09:44:39.490228+08:00] request.INFO: request {"acntno":"2201000454"} []
[2022-09-06T09:44:39.910895+08:00] response.INFO: response {"acntno":"2201000454","result":"ДЭЛГЭР ХАШХҮҮ"} []
[2022-09-06T09:46:17.216793+08:00] request.INFO: request {"acntno":"9000007387"} []
[2022-09-06T09:46:17.684400+08:00] response.INFO: response {"acntno":"9000007387","result":"УЯНГА БАТЗАЯА"} []
[2022-09-06T09:46:35.748589+08:00] request.INFO: request {"acntno":"9000007387"} []
[2022-09-06T09:46:36.179011+08:00] response.INFO: response {"acntno":"9000007387","result":"УЯНГА БАТЗАЯА"} []
[2022-09-06T09:46:38.759153+08:00] request.INFO: request {"acntno":"9000007387"} []
[2022-09-06T09:46:39.199108+08:00] response.INFO: response {"acntno":"9000007387","result":"УЯНГА БАТЗАЯА"} []
[2022-09-06T09:50:32.128014+08:00] request.INFO: request {"acntno":"mn460019009000007387"} []
[2022-09-06T09:50:32.612429+08:00] response.INFO: response {"acntno":"mn460019009000007387","result":"УЯНГА БАТЗАЯА"} []
[2022-09-06T09:51:01.348832+08:00] request.INFO: request {"acntno":"mn460019009000007387"} []
[2022-09-06T09:51:01.769239+08:00] response.INFO: response {"acntno":"mn460019009000007387","result":"УЯНГА БАТЗАЯА"} []
[2022-09-06T09:51:03.261922+08:00] request.INFO: request {"acntno":"mn460019009000007387"} []
[2022-09-06T09:51:03.680544+08:00] response.INFO: response {"acntno":"mn460019009000007387","result":"УЯНГА БАТЗАЯА"} []
[2022-09-06T09:51:18.856380+08:00] request.INFO: request {"acntno":"mn460019009000007387"} []
[2022-09-06T09:51:19.297401+08:00] response.INFO: response {"acntno":"mn460019009000007387","result":"УЯНГА БАТЗАЯА"} []
[2022-09-06T09:51:56.867930+08:00] request.INFO: request {"acntno":"MN460019009000007387"} []
[2022-09-06T09:51:57.298507+08:00] response.INFO: response {"acntno":"MN460019009000007387","result":"УЯНГА БАТЗАЯА"} []
[2022-09-06T09:52:01.469671+08:00] request.INFO: request {"acntno":"MN460019009000007387"} []
[2022-09-06T09:52:01.897452+08:00] response.INFO: response {"acntno":"MN460019009000007387","result":"УЯНГА БАТЗАЯА"} []
[2022-09-06T09:52:15.204397+08:00] request.INFO: request {"acntno":"MN460019009000007387"} []
[2022-09-06T09:52:15.615951+08:00] response.INFO: response {"acntno":"MN460019009000007387","result":"УЯНГА БАТЗАЯА"} []
[2022-09-06T09:52:28.936235+08:00] request.INFO: request {"acntno":"MN460019009000007387"} []
[2022-09-06T09:52:29.365246+08:00] response.INFO: response {"acntno":"MN460019009000007387","result":"УЯНГА БАТЗАЯА"} []
[2022-09-06T09:52:36.401906+08:00] request.INFO: request {"acntno":"MN460019009000007387"} []
[2022-09-06T09:52:36.820223+08:00] response.INFO: response {"acntno":"MN460019009000007387","result":"УЯНГА БАТЗАЯА"} []
[2022-09-06T09:52:57.527943+08:00] request.INFO: request {"acntno":"9000007387"} []
[2022-09-06T09:52:57.947107+08:00] response.INFO: response {"acntno":"9000007387","result":"УЯНГА БАТЗАЯА"} []
[2022-09-06T09:59:37.468823+08:00] request.INFO: request {"acntno":"9000004904"} []
[2022-09-06T09:59:37.889319+08:00] response.INFO: response {"acntno":"9000004904","result":"УЯНГА БАТЗАЯА"} []
[2022-09-06T10:00:03.390918+08:00] request.INFO: request {"acntno":"9000004904"} []
[2022-09-06T10:00:03.821210+08:00] response.INFO: response {"acntno":"9000004904","result":"УЯНГА БАТЗАЯА"} []
[2022-09-06T10:10:28.122835+08:00] request.INFO: request {"acntno":"9000004904"} []
[2022-09-06T10:10:28.545719+08:00] response.INFO: response {"acntno":"9000004904","result":"УЯНГА БАТЗАЯА"} []
[2022-09-06T10:10:33.317248+08:00] request.INFO: request {"acntno":"9000004904"} []
[2022-09-06T10:10:33.737210+08:00] response.INFO: response {"acntno":"9000004904","result":"УЯНГА БАТЗАЯА"} []
[2022-09-06T10:10:38.786672+08:00] request.INFO: request {"acntno":"9000004904"} []
[2022-09-06T10:10:39.216414+08:00] response.INFO: response {"acntno":"9000004904","result":"УЯНГА БАТЗАЯА"} []
[2022-09-06T10:10:42.389996+08:00] request.INFO: request {"acntno":"9000004904"} []
[2022-09-06T10:10:42.813200+08:00] response.INFO: response {"acntno":"9000004904","result":"УЯНГА БАТЗАЯА"} []
[2022-09-06T10:11:49.067842+08:00] request.INFO: request {"acntno":"*"} []
[2022-09-06T10:11:51.966302+08:00] request.INFO: request {"acntno":"9000004904"} []
[2022-09-06T10:11:52.453358+08:00] response.INFO: response {"acntno":"9000004904","result":"УЯНГА БАТЗАЯА"} []
[2022-09-06T10:12:08.382991+08:00] request.INFO: request {"acntno":"9000004904"} []
[2022-09-06T10:12:08.812991+08:00] response.INFO: response {"acntno":"9000004904","result":"УЯНГА БАТЗАЯА"} []
[2022-09-06T10:12:17.154385+08:00] request.INFO: request {"acntno":"9000004904"} []
[2022-09-06T10:12:17.573378+08:00] response.INFO: response {"acntno":"9000004904","result":"УЯНГА БАТЗАЯА"} []
[2022-09-06T10:12:21.527179+08:00] request.INFO: request {"acntno":"9000004904"} []
[2022-09-06T10:12:21.953417+08:00] response.INFO: response {"acntno":"9000004904","result":"УЯНГА БАТЗАЯА"} []
[2022-09-06T10:39:03.592590+08:00] request.INFO: request {"acntno":"9000003614"} []
[2022-09-06T10:39:04.053906+08:00] response.INFO: response {"acntno":"9000003614","result":"БАЗАРМАА РАДНААБАЗАР"} []
[2022-09-06T10:39:12.645689+08:00] request.INFO: request {"acntno":"9000003614"} []
[2022-09-06T10:39:13.055809+08:00] response.INFO: response {"acntno":"9000003614","result":"БАЗАРМАА РАДНААБАЗАР"} []
[2022-09-06T11:01:10.366256+08:00] request.INFO: request {"acntno":"9000007387"} []
[2022-09-06T11:01:10.804079+08:00] response.INFO: response {"acntno":"9000007387","result":"УЯНГА БАТЗАЯА"} []
[2022-09-06T11:01:13.297292+08:00] request.INFO: request {"acntno":"9000007387"} []
[2022-09-06T11:01:13.716873+08:00] response.INFO: response {"acntno":"9000007387","result":"УЯНГА БАТЗАЯА"} []
[2022-09-06T11:01:15.458676+08:00] request.INFO: request {"acntno":"9000007387"} []
[2022-09-06T11:01:15.881491+08:00] response.INFO: response {"acntno":"9000007387","result":"УЯНГА БАТЗАЯА"} []
[2022-09-06T11:04:40.975833+08:00] request.INFO: request {"acntno":"9000007387"} []
[2022-09-06T11:04:41.406608+08:00] response.INFO: response {"acntno":"9000007387","result":"УЯНГА БАТЗАЯА"} []
[2022-09-06T11:08:32.958528+08:00] request.INFO: request {"acntno":"9000003614"} []
[2022-09-06T11:08:33.372951+08:00] response.INFO: response {"acntno":"9000003614","result":"БАЗАРМАА РАДНААБАЗАР"} []
[2022-09-06T11:10:21.460453+08:00] request.INFO: request {"acntno":"2201000629"} []
[2022-09-06T11:10:21.932805+08:00] response.INFO: response {"acntno":"2201000629","result":"НАНДИНСУВД ЭНХСУВД"} []
[2022-09-06T11:14:49.441158+08:00] request.INFO: request {"acntno":"9000003614"} []
[2022-09-06T11:14:49.856115+08:00] response.INFO: response {"acntno":"9000003614","result":"БАЗАРМАА РАДНААБАЗАР"} []
[2022-09-06T11:20:40.953611+08:00] request.INFO: request {"acntno":"90000013"} []
[2022-09-06T11:20:48.726583+08:00] request.INFO: request {"acntno":"90000013"} []
[2022-09-06T11:20:52.600953+08:00] request.INFO: request {"acntno":"9000003614"} []
[2022-09-06T11:20:53.021424+08:00] response.INFO: response {"acntno":"9000003614","result":"БАЗАРМАА РАДНААБАЗАР"} []
[2022-09-06T11:33:20.085712+08:00] request.INFO: request {"acntno":"9000003614"} []
[2022-09-06T11:33:20.501134+08:00] response.INFO: response {"acntno":"9000003614","result":"БАЗАРМАА РАДНААБАЗАР"} []
[2022-09-06T14:50:56.141087+08:00] request.INFO: request {"acntno":"9000004904"} []
[2022-09-06T14:50:56.575569+08:00] response.INFO: response {"acntno":"9000004904","result":"УЯНГА БАТЗАЯА"} []
[2022-09-06T14:54:41.506796+08:00] request.INFO: request {"acntno":"9000007387"} []
[2022-09-06T14:54:41.942802+08:00] response.INFO: response {"acntno":"9000007387","result":"УЯНГА БАТЗАЯА"} []
[2022-09-06T14:55:44.540991+08:00] request.INFO: request {"acntno":"9000007387"} []
[2022-09-06T14:55:44.975711+08:00] response.INFO: response {"acntno":"9000007387","result":"УЯНГА БАТЗАЯА"} []
[2022-09-06T16:24:21.992311+08:00] request.INFO: request {"acntno":"9000007387"} []
[2022-09-06T16:24:22.411002+08:00] response.INFO: response {"acntno":"9000007387","result":"УЯНГА БАТЗАЯА"} []
[2022-09-06T16:24:25.956123+08:00] request.INFO: request {"acntno":"9000007387"} []
[2022-09-06T16:24:26.378505+08:00] response.INFO: response {"acntno":"9000007387","result":"УЯНГА БАТЗАЯА"} []
[2022-09-06T16:24:27.916894+08:00] request.INFO: request {"acntno":"9000007387"} []
[2022-09-06T16:24:28.335894+08:00] response.INFO: response {"acntno":"9000007387","result":"УЯНГА БАТЗАЯА"} []
[2022-09-06T16:24:30.639733+08:00] request.INFO: request {"acntno":"9000007387"} []
[2022-09-06T16:24:31.057248+08:00] response.INFO: response {"acntno":"9000007387","result":"УЯНГА БАТЗАЯА"} []
[2022-09-06T16:24:48.199866+08:00] request.INFO: request {"acntno":"9000007387"} []
[2022-09-06T16:24:48.625704+08:00] response.INFO: response {"acntno":"9000007387","result":"УЯНГА БАТЗАЯА"} []
[2022-09-06T16:29:14.173665+08:00] request.INFO: request {"acntno":"9000007387"} []
[2022-09-06T16:29:14.605777+08:00] response.INFO: response {"acntno":"9000007387","result":"УЯНГА БАТЗАЯА"} []
[2022-09-06T16:29:50.889426+08:00] request.INFO: request {"acntno":"9000007387"} []
[2022-09-06T16:29:51.311517+08:00] response.INFO: response {"acntno":"9000007387","result":"УЯНГА БАТЗАЯА"} []
[2022-09-06T16:30:22.520577+08:00] request.INFO: request {"acntno":"9000004904"} []
[2022-09-06T16:30:22.942950+08:00] response.INFO: response {"acntno":"9000004904","result":"УЯНГА БАТЗАЯА"} []
[2022-09-06T16:31:08.163503+08:00] request.INFO: request {"acntno":"9000004904"} []
[2022-09-06T16:31:08.591811+08:00] response.INFO: response {"acntno":"9000004904","result":"УЯНГА БАТЗАЯА"} []
[2022-09-06T16:34:51.941965+08:00] request.INFO: request {"acntno":"9000004904"} []
[2022-09-06T16:34:52.403297+08:00] response.INFO: response {"acntno":"9000004904","result":"УЯНГА БАТЗАЯА"} []
