[2022-09-01T14:19:34.903084+08:00] request.INFO: request {"acntno":"MN780019009000001573"} []
[2022-09-01T14:19:35.371802+08:00] response.INFO: response {"acntno":"MN780019009000001573","result":"ЗАМЫН ЦАГДАА"} []
[2022-09-01T14:19:49.462483+08:00] request.INFO: request {"acntno":"MN780019009000001573"} []
[2022-09-01T14:19:49.883873+08:00] response.INFO: response {"acntno":"MN780019009000001573","result":"ЗАМЫН ЦАГДАА"} []
[2022-09-01T14:19:51.497188+08:00] request.INFO: request {"acntno":"MN780019009000001573"} []
[2022-09-01T14:19:51.912793+08:00] response.INFO: response {"acntno":"MN780019009000001573","result":"ЗАМЫН ЦАГДАА"} []
[2022-09-01T14:21:45.864537+08:00] request.INFO: request {"acntno":"MN780019009000001573"} []
[2022-09-01T14:21:46.296720+08:00] response.INFO: response {"acntno":"MN780019009000001573","result":"ЗАМЫН ЦАГДАА"} []
[2022-09-01T14:21:47.711897+08:00] request.INFO: request {"acntno":"MN780019009000001573"} []
[2022-09-01T14:21:48.132725+08:00] response.INFO: response {"acntno":"MN780019009000001573","result":"ЗАМЫН ЦАГДАА"} []
[2022-09-01T14:21:50.637690+08:00] request.INFO: request {"acntno":"MN780019009000001573"} []
[2022-09-01T14:21:51.065439+08:00] response.INFO: response {"acntno":"MN780019009000001573","result":"ЗАМЫН ЦАГДАА"} []
[2022-09-01T14:23:48.937403+08:00] request.INFO: request {"acntno":"*"} []
[2022-09-01T14:24:16.177711+08:00] request.INFO: request {"acntno":"*"} []
[2022-09-01T14:33:19.367187+08:00] request.INFO: request {"acntno":"*"} []
[2022-09-01T14:38:02.299270+08:00] request.INFO: request {"acntno":"*"} []
[2022-09-01T14:51:49.937576+08:00] request.INFO: request {"acntno":"*"} []
[2022-09-01T16:01:53.904908+08:00] request.INFO: request {"acntno":"9000004904"} []
[2022-09-01T16:01:54.355698+08:00] response.INFO: response {"acntno":"9000004904","result":"УЯНГА БАТЗАЯА"} []
[2022-09-01T16:02:00.100615+08:00] request.INFO: request {"acntno":"9000004904"} []
[2022-09-01T16:02:00.531806+08:00] response.INFO: response {"acntno":"9000004904","result":"УЯНГА БАТЗАЯА"} []
[2022-09-01T16:02:03.745363+08:00] request.INFO: request {"acntno":"9000004904"} []
[2022-09-01T16:02:04.169000+08:00] response.INFO: response {"acntno":"9000004904","result":"УЯНГА БАТЗАЯА"} []
[2022-09-01T16:02:11.078708+08:00] request.INFO: request {"acntno":"9000004904"} []
[2022-09-01T16:02:11.502227+08:00] response.INFO: response {"acntno":"9000004904","result":"УЯНГА БАТЗАЯА"} []
[2022-09-01T16:06:45.211248+08:00] request.INFO: request {"acntno":"9000004904"} []
[2022-09-01T16:06:45.725863+08:00] response.INFO: response {"acntno":"9000004904","result":"УЯНГА БАТЗАЯА"} []
[2022-09-01T16:06:51.196242+08:00] request.INFO: request {"acntno":"9000004904"} []
[2022-09-01T16:06:51.625245+08:00] response.INFO: response {"acntno":"9000004904","result":"УЯНГА БАТЗАЯА"} []
[2022-09-01T16:06:57.567446+08:00] request.INFO: request {"acntno":"9000004904"} []
[2022-09-01T16:06:57.994798+08:00] response.INFO: response {"acntno":"9000004904","result":"УЯНГА БАТЗАЯА"} []
[2022-09-01T16:07:51.031839+08:00] request.INFO: request {"acntno":"9000004904"} []
[2022-09-01T16:07:51.464168+08:00] response.INFO: response {"acntno":"9000004904","result":"УЯНГА БАТЗАЯА"} []
[2022-09-01T16:08:09.275810+08:00] request.INFO: request {"acntno":"9000004904"} []
[2022-09-01T16:08:09.704272+08:00] response.INFO: response {"acntno":"9000004904","result":"УЯНГА БАТЗАЯА"} []
[2022-09-01T16:20:46.826328+08:00] request.INFO: request {"acntno":"9000004904"} []
[2022-09-01T16:20:47.251585+08:00] response.INFO: response {"acntno":"9000004904","result":"УЯНГА БАТЗАЯА"} []
[2022-09-01T16:24:30.352614+08:00] request.INFO: request {"acntno":"9000004904"} []
[2022-09-01T16:24:30.793544+08:00] response.INFO: response {"acntno":"9000004904","result":"УЯНГА БАТЗАЯА"} []
[2022-09-01T16:24:54.435747+08:00] request.INFO: request {"acntno":"90000018065"} []
[2022-09-01T16:24:58.307669+08:00] request.INFO: request {"acntno":"9000018065"} []
[2022-09-01T16:24:58.740582+08:00] response.INFO: response {"acntno":"9000018065","result":"ЖАРГАЛМАА БҮЖИНЛХАМ"} []
[2022-09-01T16:25:08.423977+08:00] request.INFO: request {"acntno":"9000018065"} []
[2022-09-01T16:25:08.864808+08:00] response.INFO: response {"acntno":"9000018065","result":"ЖАРГАЛМАА БҮЖИНЛХАМ"} []
[2022-09-01T16:25:10.607060+08:00] request.INFO: request {"acntno":"9000018065"} []
[2022-09-01T16:25:11.026207+08:00] response.INFO: response {"acntno":"9000018065","result":"ЖАРГАЛМАА БҮЖИНЛХАМ"} []
[2022-09-01T16:25:19.942498+08:00] request.INFO: request {"acntno":"9000018065"} []
[2022-09-01T16:25:20.356951+08:00] response.INFO: response {"acntno":"9000018065","result":"ЖАРГАЛМАА БҮЖИНЛХАМ"} []
[2022-09-01T16:25:21.660340+08:00] request.INFO: request {"acntno":"9000018065"} []
[2022-09-01T16:25:22.077032+08:00] response.INFO: response {"acntno":"9000018065","result":"ЖАРГАЛМАА БҮЖИНЛХАМ"} []
[2022-09-01T16:26:32.634585+08:00] request.INFO: request {"acntno":"9000018065"} []
[2022-09-01T16:26:33.058733+08:00] response.INFO: response {"acntno":"9000018065","result":"ЖАРГАЛМАА БҮЖИНЛХАМ"} []
[2022-09-01T16:26:36.091614+08:00] request.INFO: request {"acntno":"9000018065"} []
[2022-09-01T16:26:36.514670+08:00] response.INFO: response {"acntno":"9000018065","result":"ЖАРГАЛМАА БҮЖИНЛХАМ"} []
[2022-09-01T16:26:47.315089+08:00] request.INFO: request {"acntno":"9000018065"} []
[2022-09-01T16:26:47.738674+08:00] response.INFO: response {"acntno":"9000018065","result":"ЖАРГАЛМАА БҮЖИНЛХАМ"} []
[2022-09-01T16:27:46.206594+08:00] request.INFO: request {"acntno":"9000018065"} []
[2022-09-01T16:27:46.627139+08:00] response.INFO: response {"acntno":"9000018065","result":"ЖАРГАЛМАА БҮЖИНЛХАМ"} []
[2022-09-01T16:27:56.526594+08:00] request.INFO: request {"acntno":"9000018065"} []
[2022-09-01T16:27:56.944750+08:00] response.INFO: response {"acntno":"9000018065","result":"ЖАРГАЛМАА БҮЖИНЛХАМ"} []
[2022-09-01T17:38:22.196044+08:00] request.INFO: request {"acntno":"9000004904"} []
[2022-09-01T17:38:22.632493+08:00] response.INFO: response {"acntno":"9000004904","result":"УЯНГА БАТЗАЯА"} []
[2022-09-01T17:38:25.879358+08:00] request.INFO: request {"acntno":"9000004904"} []
[2022-09-01T17:38:26.296112+08:00] response.INFO: response {"acntno":"9000004904","result":"УЯНГА БАТЗАЯА"} []
[2022-09-01T17:38:27.861863+08:00] request.INFO: request {"acntno":"9000004904"} []
[2022-09-01T17:38:28.298218+08:00] response.INFO: response {"acntno":"9000004904","result":"УЯНГА БАТЗАЯА"} []
[2022-09-01T17:38:32.613870+08:00] request.INFO: request {"acntno":"9000004904"} []
[2022-09-01T17:38:33.031742+08:00] response.INFO: response {"acntno":"9000004904","result":"УЯНГА БАТЗАЯА"} []
[2022-09-01T18:29:07.167650+08:00] request.INFO: request {"acntno":"MN780019009000001573"} []
[2022-09-01T18:29:07.587928+08:00] response.INFO: response {"acntno":"MN780019009000001573","result":"ЗАМЫН ЦАГДАА"} []
[2022-09-01T18:29:10.809270+08:00] request.INFO: request {"acntno":"MN780019009000001573"} []
[2022-09-01T18:29:11.248362+08:00] response.INFO: response {"acntno":"MN780019009000001573","result":"ЗАМЫН ЦАГДАА"} []
[2022-09-01T18:29:14.054451+08:00] request.INFO: request {"acntno":"MN780019009000001573"} []
[2022-09-01T18:29:14.485506+08:00] response.INFO: response {"acntno":"MN780019009000001573","result":"ЗАМЫН ЦАГДАА"} []
[2022-09-01T18:29:18.505287+08:00] request.INFO: request {"acntno":"MN670019009000001577"} []
[2022-09-01T18:29:18.926967+08:00] response.INFO: response {"acntno":"MN670019009000001577","result":"ЗХУТ"} []
[2022-09-01T18:29:27.135336+08:00] request.INFO: request {"acntno":"MN670019009000001577"} []
[2022-09-01T18:29:27.552928+08:00] response.INFO: response {"acntno":"MN670019009000001577","result":"ЗХУТ"} []
[2022-09-01T18:29:43.900641+08:00] request.INFO: request {"acntno":"MN670019009000001577"} []
[2022-09-01T18:29:44.328272+08:00] response.INFO: response {"acntno":"MN670019009000001577","result":"ЗХУТ"} []
[2022-09-01T19:08:10.866298+08:00] request.INFO: request {"acntno":"*"} []
[2022-09-01T19:13:33.466067+08:00] request.INFO: request {"acntno":"*"} []
[2022-09-01T19:13:52.620805+08:00] request.INFO: request {"acntno":"*"} []
