[2022-07-29T13:04:12.603309+08:00] request.INFO: request {"acntno":"9000003614"} []
[2022-07-29T13:04:13.035896+08:00] response.INFO: response {"acntno":"9000003614","result":"БАЗАРМАА РАДНААБАЗАР"} []
[2022-07-29T13:04:16.808578+08:00] request.INFO: request {"acntno":"9000003614"} []
[2022-07-29T13:04:17.240452+08:00] response.INFO: response {"acntno":"9000003614","result":"БАЗАРМАА РАДНААБАЗАР"} []
[2022-07-29T13:04:18.493620+08:00] request.INFO: request {"acntno":"9000003614"} []
[2022-07-29T13:04:18.918292+08:00] response.INFO: response {"acntno":"9000003614","result":"БАЗАРМАА РАДНААБАЗАР"} []
[2022-07-29T13:04:23.714541+08:00] request.INFO: request {"acntno":"9000003614"} []
[2022-07-29T13:04:24.144708+08:00] response.INFO: response {"acntno":"9000003614","result":"БАЗАРМАА РАДНААБАЗАР"} []
[2022-07-29T13:32:08.571483+08:00] request.INFO: request {"acntno":"*"} []
[2022-07-29T14:00:58.792816+08:00] request.INFO: request {"acntno":"*"} []
[2022-07-29T14:54:10.610531+08:00] request.INFO: request {"acntno":"MN670019009000001577"} []
[2022-07-29T14:54:11.041475+08:00] response.INFO: response {"acntno":"MN670019009000001577","result":"ЗХУТ"} []
[2022-07-29T14:54:17.438192+08:00] request.INFO: request {"acntno":"MN670019009000001577"} []
[2022-07-29T14:54:17.857662+08:00] response.INFO: response {"acntno":"MN670019009000001577","result":"ЗХУТ"} []
[2022-07-29T14:54:20.578676+08:00] request.INFO: request {"acntno":"MN670019009000001577"} []
[2022-07-29T14:54:21.011589+08:00] response.INFO: response {"acntno":"MN670019009000001577","result":"ЗХУТ"} []
[2022-07-29T15:42:15.617636+08:00] request.INFO: request {"acntno":"MN130019009000017778"} []
[2022-07-29T15:42:16.061450+08:00] response.INFO: response {"acntno":"MN130019009000017778","result":"ОДГАРИГ"} []
[2022-07-29T15:42:18.065930+08:00] request.INFO: request {"acntno":"MN130019009000017778"} []
[2022-07-29T15:42:18.489187+08:00] response.INFO: response {"acntno":"MN130019009000017778","result":"ОДГАРИГ"} []
[2022-07-29T15:42:30.533517+08:00] request.INFO: request {"acntno":"MN130019009000017778"} []
[2022-07-29T15:42:30.955834+08:00] response.INFO: response {"acntno":"MN130019009000017778","result":"ОДГАРИГ"} []
[2022-07-29T15:42:37.502002+08:00] request.INFO: request {"acntno":"MN130019009000017778"} []
[2022-07-29T15:42:37.928337+08:00] response.INFO: response {"acntno":"MN130019009000017778","result":"ОДГАРИГ"} []
[2022-07-29T15:51:36.394438+08:00] request.INFO: request {"acntno":"MN090019009100000212"} []
[2022-07-29T15:51:36.836563+08:00] response.INFO: response {"acntno":"MN090019009100000212","result":"ЗОЛБОО ЧУЛУУНБААТАР"} []
[2022-07-29T15:51:38.605202+08:00] request.INFO: request {"acntno":"MN090019009100000212"} []
[2022-07-29T15:51:39.035398+08:00] response.INFO: response {"acntno":"MN090019009100000212","result":"ЗОЛБОО ЧУЛУУНБААТАР"} []
[2022-07-29T15:55:48.842724+08:00] request.INFO: request {"acntno":"MN090019009100000212"} []
[2022-07-29T15:55:49.270708+08:00] response.INFO: response {"acntno":"MN090019009100000212","result":"ЗОЛБОО ЧУЛУУНБААТАР"} []
[2022-07-29T15:55:50.547924+08:00] request.INFO: request {"acntno":"MN090019009100000212"} []
[2022-07-29T15:55:50.967598+08:00] response.INFO: response {"acntno":"MN090019009100000212","result":"ЗОЛБОО ЧУЛУУНБААТАР"} []
[2022-07-29T15:55:58.654917+08:00] request.INFO: request {"acntno":"MN090019009100000212"} []
[2022-07-29T15:55:59.071004+08:00] response.INFO: response {"acntno":"MN090019009100000212","result":"ЗОЛБОО ЧУЛУУНБААТАР"} []
[2022-07-29T15:56:00.189972+08:00] request.INFO: request {"acntno":"MN090019009100000212"} []
[2022-07-29T15:56:00.620223+08:00] response.INFO: response {"acntno":"MN090019009100000212","result":"ЗОЛБОО ЧУЛУУНБААТАР"} []
[2022-07-29T16:28:37.483954+08:00] request.INFO: request {"acntno":"*"} []
