[2022-08-30T09:16:34.909164+08:00] request.INFO: request {"acntno":"MN670019009000001577"} []
[2022-08-30T09:16:35.333256+08:00] response.INFO: response {"acntno":"MN670019009000001577","result":"ЗХУТ"} []
[2022-08-30T09:16:44.140482+08:00] request.INFO: request {"acntno":"MN670019009000001577"} []
[2022-08-30T09:16:44.552883+08:00] response.INFO: response {"acntno":"MN670019009000001577","result":"ЗХУТ"} []
[2022-08-30T09:16:53.724267+08:00] request.INFO: request {"acntno":"MN670019009000001577"} []
[2022-08-30T09:16:54.142730+08:00] response.INFO: response {"acntno":"MN670019009000001577","result":"ЗХУТ"} []
[2022-08-30T09:34:33.947964+08:00] request.INFO: request {"acntno":"9000007387"} []
[2022-08-30T09:34:34.420574+08:00] response.INFO: response {"acntno":"9000007387","result":"УЯНГА БАТЗАЯА"} []
[2022-08-30T09:34:44.167138+08:00] request.INFO: request {"acntno":"9000007387"} []
[2022-08-30T09:34:44.597346+08:00] response.INFO: response {"acntno":"9000007387","result":"УЯНГА БАТЗАЯА"} []
[2022-08-30T09:34:46.811858+08:00] request.INFO: request {"acntno":"9000007387"} []
[2022-08-30T09:34:47.242974+08:00] response.INFO: response {"acntno":"9000007387","result":"УЯНГА БАТЗАЯА"} []
[2022-08-30T09:34:54.545040+08:00] request.INFO: request {"acntno":"9000007387"} []
[2022-08-30T09:34:54.989566+08:00] response.INFO: response {"acntno":"9000007387","result":"УЯНГА БАТЗАЯА"} []
[2022-08-30T09:35:14.551875+08:00] request.INFO: request {"acntno":"9000007387"} []
[2022-08-30T09:35:14.974651+08:00] response.INFO: response {"acntno":"9000007387","result":"УЯНГА БАТЗАЯА"} []
[2022-08-30T09:35:19.117560+08:00] request.INFO: request {"acntno":"9000007387"} []
[2022-08-30T09:35:19.550982+08:00] response.INFO: response {"acntno":"9000007387","result":"УЯНГА БАТЗАЯА"} []
[2022-08-30T09:35:27.426955+08:00] request.INFO: request {"acntno":"9000007387"} []
[2022-08-30T09:35:27.848434+08:00] response.INFO: response {"acntno":"9000007387","result":"УЯНГА БАТЗАЯА"} []
[2022-08-30T09:35:53.821616+08:00] request.INFO: request {"acntno":"9000007387"} []
[2022-08-30T09:35:54.321215+08:00] response.INFO: response {"acntno":"9000007387","result":"УЯНГА БАТЗАЯА"} []
[2022-08-30T09:35:55.586885+08:00] request.INFO: request {"acntno":"9000007387"} []
[2022-08-30T09:35:56.008767+08:00] response.INFO: response {"acntno":"9000007387","result":"УЯНГА БАТЗАЯА"} []
[2022-08-30T09:37:51.967377+08:00] request.INFO: request {"acntno":"mn460019009000007387"} []
[2022-08-30T09:37:52.393857+08:00] response.INFO: response {"acntno":"mn460019009000007387","result":"УЯНГА БАТЗАЯА"} []
[2022-08-30T09:37:56.879112+08:00] request.INFO: request {"acntno":"mn460019009000007387"} []
[2022-08-30T09:37:57.292909+08:00] response.INFO: response {"acntno":"mn460019009000007387","result":"УЯНГА БАТЗАЯА"} []
[2022-08-30T09:38:02.500083+08:00] request.INFO: request {"acntno":"mn460019009000007387"} []
[2022-08-30T09:38:02.581540+08:00] request.INFO: request {"acntno":"mn460019009000007387"} []
[2022-08-30T09:38:02.977162+08:00] response.INFO: response {"acntno":"mn460019009000007387","result":"УЯНГА БАТЗАЯА"} []
[2022-08-30T09:38:03.046253+08:00] response.INFO: response {"acntno":"mn460019009000007387","result":"УЯНГА БАТЗАЯА"} []
[2022-08-30T09:38:04.246937+08:00] request.INFO: request {"acntno":"mn460019009000007387"} []
[2022-08-30T09:38:04.681220+08:00] response.INFO: response {"acntno":"mn460019009000007387","result":"УЯНГА БАТЗАЯА"} []
[2022-08-30T09:38:11.028667+08:00] request.INFO: request {"acntno":"mn460019009000007387"} []
[2022-08-30T09:38:11.447407+08:00] response.INFO: response {"acntno":"mn460019009000007387","result":"УЯНГА БАТЗАЯА"} []
[2022-08-30T09:39:26.525726+08:00] request.INFO: request {"acntno":"mn460019009000007387"} []
[2022-08-30T09:39:26.946170+08:00] response.INFO: response {"acntno":"mn460019009000007387","result":"УЯНГА БАТЗАЯА"} []
[2022-08-30T09:39:33.488055+08:00] request.INFO: request {"acntno":"MN460019009000007387"} []
[2022-08-30T09:39:33.899343+08:00] response.INFO: response {"acntno":"MN460019009000007387","result":"УЯНГА БАТЗАЯА"} []
[2022-08-30T09:39:37.661933+08:00] request.INFO: request {"acntno":"MN460019009000007387"} []
[2022-08-30T09:39:38.104314+08:00] response.INFO: response {"acntno":"MN460019009000007387","result":"УЯНГА БАТЗАЯА"} []
[2022-08-30T09:39:39.838886+08:00] request.INFO: request {"acntno":"MN460019009000007387"} []
[2022-08-30T09:39:40.258680+08:00] response.INFO: response {"acntno":"MN460019009000007387","result":"УЯНГА БАТЗАЯА"} []
[2022-08-30T09:39:47.067330+08:00] request.INFO: request {"acntno":"MN460019009000007387"} []
[2022-08-30T09:39:47.478362+08:00] response.INFO: response {"acntno":"MN460019009000007387","result":"УЯНГА БАТЗАЯА"} []
[2022-08-30T09:40:00.789093+08:00] request.INFO: request {"acntno":"mn460019009000007387"} []
[2022-08-30T09:40:01.209709+08:00] response.INFO: response {"acntno":"mn460019009000007387","result":"УЯНГА БАТЗАЯА"} []
[2022-08-30T09:40:56.961225+08:00] request.INFO: request {"acntno":"mn460019009000007387"} []
[2022-08-30T09:40:57.391840+08:00] response.INFO: response {"acntno":"mn460019009000007387","result":"УЯНГА БАТЗАЯА"} []
[2022-08-30T09:40:58.576820+08:00] request.INFO: request {"acntno":"mn460019009000007387"} []
[2022-08-30T09:40:59.002475+08:00] response.INFO: response {"acntno":"mn460019009000007387","result":"УЯНГА БАТЗАЯА"} []
[2022-08-30T09:41:13.340329+08:00] request.INFO: request {"acntno":"mn460019009000007387"} []
[2022-08-30T09:41:13.767225+08:00] response.INFO: response {"acntno":"mn460019009000007387","result":"УЯНГА БАТЗАЯА"} []
[2022-08-30T09:41:51.981559+08:00] request.INFO: request {"acntno":"mn460019009000007387"} []
[2022-08-30T09:41:52.403924+08:00] response.INFO: response {"acntno":"mn460019009000007387","result":"УЯНГА БАТЗАЯА"} []
[2022-08-30T09:42:00.700175+08:00] request.INFO: request {"acntno":"mn460019009000007387"} []
[2022-08-30T09:42:01.134722+08:00] response.INFO: response {"acntno":"mn460019009000007387","result":"УЯНГА БАТЗАЯА"} []
[2022-08-30T09:42:02.654627+08:00] request.INFO: request {"acntno":"mn460019009000007387"} []
[2022-08-30T09:42:03.089974+08:00] response.INFO: response {"acntno":"mn460019009000007387","result":"УЯНГА БАТЗАЯА"} []
[2022-08-30T09:42:34.131035+08:00] request.INFO: request {"acntno":"mn460019009000007387"} []
[2022-08-30T09:42:34.558580+08:00] response.INFO: response {"acntno":"mn460019009000007387","result":"УЯНГА БАТЗАЯА"} []
[2022-08-30T17:04:20.612700+08:00] request.INFO: request {"acntno":"*"} []
