[2022-07-21T09:05:00.291629+08:00] request.INFO: request {"acntno":"*"} []
[2022-07-21T09:06:14.781051+08:00] request.INFO: request {"acntno":"*"} []
[2022-07-21T09:07:43.021411+08:00] request.INFO: request {"acntno":"*"} []
[2022-07-21T09:57:03.220082+08:00] request.INFO: request {"acntno":"MN240019009000023691"} []
[2022-07-21T09:57:03.649497+08:00] response.INFO: response {"acntno":"MN240019009000023691","result":"ЭНХТУЯА ДАНЗАНБАЛЖИР"} []
[2022-07-21T09:57:05.478343+08:00] request.INFO: request {"acntno":"MN240019009000023691"} []
[2022-07-21T09:57:05.891375+08:00] response.INFO: response {"acntno":"MN240019009000023691","result":"ЭНХТУЯА ДАНЗАНБАЛЖИР"} []
[2022-07-21T10:21:33.488223+08:00] request.INFO: request {"acntno":"hahhshs"} []
[2022-07-21T10:36:08.606744+08:00] request.INFO: request {"acntno":"*"} []
[2022-07-21T10:56:26.250060+08:00] request.INFO: request {"acntno":"*"} []
[2022-07-21T11:56:16.945010+08:00] request.INFO: request {"acntno":"9000007387"} []
[2022-07-21T11:56:17.379994+08:00] response.INFO: response {"acntno":"9000007387","result":"УЯНГА БАТЗАЯА"} []
[2022-07-21T11:56:21.020578+08:00] request.INFO: request {"acntno":"9000007387"} []
[2022-07-21T11:56:21.433640+08:00] response.INFO: response {"acntno":"9000007387","result":"УЯНГА БАТЗАЯА"} []
[2022-07-21T11:56:23.089167+08:00] request.INFO: request {"acntno":"9000007387"} []
[2022-07-21T11:56:23.507364+08:00] response.INFO: response {"acntno":"9000007387","result":"УЯНГА БАТЗАЯА"} []
[2022-07-21T12:02:11.057247+08:00] request.INFO: request {"acntno":"9000007387"} []
[2022-07-21T12:02:11.487490+08:00] response.INFO: response {"acntno":"9000007387","result":"УЯНГА БАТЗАЯА"} []
[2022-07-21T12:02:22.868266+08:00] request.INFO: request {"acntno":"9000007387"} []
[2022-07-21T12:02:23.294391+08:00] response.INFO: response {"acntno":"9000007387","result":"УЯНГА БАТЗАЯА"} []
[2022-07-21T12:02:24.417557+08:00] request.INFO: request {"acntno":"9000007387"} []
[2022-07-21T12:02:24.851068+08:00] response.INFO: response {"acntno":"9000007387","result":"УЯНГА БАТЗАЯА"} []
[2022-07-21T12:02:41.659868+08:00] request.INFO: request {"acntno":"9000007387"} []
[2022-07-21T12:02:42.093024+08:00] response.INFO: response {"acntno":"9000007387","result":"УЯНГА БАТЗАЯА"} []
[2022-07-21T12:16:08.689105+08:00] request.INFO: request {"acntno":"9000007387"} []
[2022-07-21T12:16:09.147397+08:00] response.INFO: response {"acntno":"9000007387","result":"УЯНГА БАТЗАЯА"} []
[2022-07-21T12:16:13.455938+08:00] request.INFO: request {"acntno":"9000007387"} []
[2022-07-21T12:16:13.886695+08:00] response.INFO: response {"acntno":"9000007387","result":"УЯНГА БАТЗАЯА"} []
[2022-07-21T12:16:15.087192+08:00] request.INFO: request {"acntno":"9000007387"} []
[2022-07-21T12:16:15.540234+08:00] response.INFO: response {"acntno":"9000007387","result":"УЯНГА БАТЗАЯА"} []
[2022-07-21T12:16:27.112214+08:00] request.INFO: request {"acntno":"9000007387"} []
[2022-07-21T12:16:27.531847+08:00] response.INFO: response {"acntno":"9000007387","result":"УЯНГА БАТЗАЯА"} []
[2022-07-21T12:16:55.734239+08:00] request.INFO: request {"acntno":"900"} []
[2022-07-21T12:16:57.988731+08:00] request.INFO: request {"acntno":"900"} []
[2022-07-21T12:17:12.448434+08:00] request.INFO: request {"acntno":"9000007387"} []
[2022-07-21T12:17:12.861165+08:00] response.INFO: response {"acntno":"9000007387","result":"УЯНГА БАТЗАЯА"} []
[2022-07-21T12:17:25.038848+08:00] request.INFO: request {"acntno":"9000007387"} []
[2022-07-21T12:17:25.453751+08:00] response.INFO: response {"acntno":"9000007387","result":"УЯНГА БАТЗАЯА"} []
[2022-07-21T12:17:26.803723+08:00] request.INFO: request {"acntno":"9000007387"} []
[2022-07-21T12:17:27.226238+08:00] response.INFO: response {"acntno":"9000007387","result":"УЯНГА БАТЗАЯА"} []
[2022-07-21T12:17:32.141529+08:00] request.INFO: request {"acntno":"9000007387"} []
[2022-07-21T12:17:32.571651+08:00] response.INFO: response {"acntno":"9000007387","result":"УЯНГА БАТЗАЯА"} []
[2022-07-21T12:17:37.980769+08:00] request.INFO: request {"acntno":"9000007387"} []
[2022-07-21T12:17:38.403488+08:00] response.INFO: response {"acntno":"9000007387","result":"УЯНГА БАТЗАЯА"} []
[2022-07-21T12:19:35.693076+08:00] request.INFO: request {"acntno":"900"} []
[2022-07-21T12:23:06.772887+08:00] request.INFO: request {"acntno":"9000007387"} []
[2022-07-21T12:23:07.206211+08:00] response.INFO: response {"acntno":"9000007387","result":"УЯНГА БАТЗАЯА"} []
[2022-07-21T12:23:15.428001+08:00] request.INFO: request {"acntno":"9000007387"} []
[2022-07-21T12:23:15.849477+08:00] response.INFO: response {"acntno":"9000007387","result":"УЯНГА БАТЗАЯА"} []
[2022-07-21T12:23:17.057021+08:00] request.INFO: request {"acntno":"9000007387"} []
[2022-07-21T12:23:17.478042+08:00] response.INFO: response {"acntno":"9000007387","result":"УЯНГА БАТЗАЯА"} []
[2022-07-21T12:23:26.062245+08:00] request.INFO: request {"acntno":"9000007387"} []
[2022-07-21T12:23:26.473754+08:00] response.INFO: response {"acntno":"9000007387","result":"УЯНГА БАТЗАЯА"} []
[2022-07-21T12:54:22.777362+08:00] request.INFO: request {"acntno":"9000007387"} []
[2022-07-21T12:54:23.206164+08:00] response.INFO: response {"acntno":"9000007387","result":"УЯНГА БАТЗАЯА"} []
[2022-07-21T12:54:28.777591+08:00] request.INFO: request {"acntno":"9000007387"} []
[2022-07-21T12:54:29.200873+08:00] response.INFO: response {"acntno":"9000007387","result":"УЯНГА БАТЗАЯА"} []
[2022-07-21T12:54:30.447476+08:00] request.INFO: request {"acntno":"9000007387"} []
[2022-07-21T12:54:30.873801+08:00] response.INFO: response {"acntno":"9000007387","result":"УЯНГА БАТЗАЯА"} []
[2022-07-21T12:54:39.307891+08:00] request.INFO: request {"acntno":"9000007387"} []
[2022-07-21T12:54:39.725156+08:00] response.INFO: response {"acntno":"9000007387","result":"УЯНГА БАТЗАЯА"} []
[2022-07-21T12:56:30.021931+08:00] request.INFO: request {"acntno":"9000007387"} []
[2022-07-21T12:56:30.452644+08:00] response.INFO: response {"acntno":"9000007387","result":"УЯНГА БАТЗАЯА"} []
[2022-07-21T12:56:40.767573+08:00] request.INFO: request {"acntno":"9000007387"} []
[2022-07-21T12:56:41.188778+08:00] response.INFO: response {"acntno":"9000007387","result":"УЯНГА БАТЗАЯА"} []
[2022-07-21T14:33:46.255725+08:00] request.INFO: request {"acntno":"*"} []
[2022-07-21T14:34:56.771849+08:00] request.INFO: request {"acntno":"*"} []
[2022-07-21T14:44:38.409824+08:00] request.INFO: request {"acntno":"*"} []
[2022-07-21T14:45:15.180084+08:00] request.INFO: request {"acntno":"*"} []
[2022-07-21T15:36:55.903218+08:00] request.INFO: request {"acntno":"9000007387"} []
[2022-07-21T15:36:56.324766+08:00] response.INFO: response {"acntno":"9000007387","result":"УЯНГА БАТЗАЯА"} []
[2022-07-21T18:31:22.054714+08:00] request.INFO: request {"acntno":"MN670019009000001577"} []
[2022-07-21T18:31:22.481665+08:00] response.INFO: response {"acntno":"MN670019009000001577","result":"ЗХУТ"} []
[2022-07-21T18:34:30.755569+08:00] request.INFO: request {"acntno":"MN670019009000001577"} []
[2022-07-21T18:34:31.174881+08:00] response.INFO: response {"acntno":"MN670019009000001577","result":"ЗХУТ"} []
[2022-07-21T18:34:35.746661+08:00] request.INFO: request {"acntno":"MN670019009000001577"} []
[2022-07-21T18:34:36.171364+08:00] response.INFO: response {"acntno":"MN670019009000001577","result":"ЗХУТ"} []
[2022-07-21T18:39:36.215030+08:00] request.INFO: request {"acntno":"*"} []
