[2022-08-29T10:05:53.504421+08:00] request.INFO: request {"acntno":"MN780019009000001573"} []
[2022-08-29T10:05:53.956912+08:00] response.INFO: response {"acntno":"MN780019009000001573","result":"ЗАМЫН ЦАГДАА"} []
[2022-08-29T10:05:58.901482+08:00] request.INFO: request {"acntno":"MN780019009000001573"} []
[2022-08-29T10:05:59.325005+08:00] response.INFO: response {"acntno":"MN780019009000001573","result":"ЗАМЫН ЦАГДАА"} []
[2022-08-29T10:06:19.335082+08:00] request.INFO: request {"acntno":"MN780019009000001573"} []
[2022-08-29T10:06:19.753387+08:00] response.INFO: response {"acntno":"MN780019009000001573","result":"ЗАМЫН ЦАГДАА"} []
[2022-08-29T15:24:29.023527+08:00] request.INFO: request {"acntno":"9000004904"} []
[2022-08-29T15:24:29.468669+08:00] response.INFO: response {"acntno":"9000004904","result":"УЯНГА БАТЗАЯА"} []
[2022-08-29T15:24:35.802622+08:00] request.INFO: request {"acntno":"9000004904"} []
[2022-08-29T15:24:36.232514+08:00] response.INFO: response {"acntno":"9000004904","result":"УЯНГА БАТЗАЯА"} []
[2022-08-29T15:24:38.130115+08:00] request.INFO: request {"acntno":"9000004904"} []
[2022-08-29T15:24:38.563446+08:00] response.INFO: response {"acntno":"9000004904","result":"УЯНГА БАТЗАЯА"} []
[2022-08-29T15:24:44.304812+08:00] request.INFO: request {"acntno":"9000004904"} []
[2022-08-29T15:24:44.726970+08:00] response.INFO: response {"acntno":"9000004904","result":"УЯНГА БАТЗАЯА"} []
[2022-08-29T15:25:03.840189+08:00] request.INFO: request {"acntno":"9000004904"} []
[2022-08-29T15:25:04.291887+08:00] response.INFO: response {"acntno":"9000004904","result":"УЯНГА БАТЗАЯА"} []
[2022-08-29T15:33:42.354324+08:00] request.INFO: request {"acntno":"MN670019009000001577"} []
[2022-08-29T15:33:42.793160+08:00] response.INFO: response {"acntno":"MN670019009000001577","result":"ЗХУТ"} []
[2022-08-29T15:33:44.621064+08:00] request.INFO: request {"acntno":"MN670019009000001577"} []
[2022-08-29T15:33:45.036537+08:00] response.INFO: response {"acntno":"MN670019009000001577","result":"ЗХУТ"} []
[2022-08-29T15:33:50.583628+08:00] request.INFO: request {"acntno":"MN670019009000001577"} []
[2022-08-29T15:33:51.008695+08:00] response.INFO: response {"acntno":"MN670019009000001577","result":"ЗХУТ"} []
[2022-08-29T15:40:42.397496+08:00] request.INFO: request {"acntno":"MN780019009000001573"} []
[2022-08-29T15:40:42.826197+08:00] response.INFO: response {"acntno":"MN780019009000001573","result":"ЗАМЫН ЦАГДАА"} []
[2022-08-29T15:40:46.892398+08:00] request.INFO: request {"acntno":"MN780019009000001573"} []
[2022-08-29T15:40:47.317172+08:00] response.INFO: response {"acntno":"MN780019009000001573","result":"ЗАМЫН ЦАГДАА"} []
