[2022-08-25T09:04:42.514258+08:00] request.INFO: request {"acntno":"MN150019009000026666"} []
[2022-08-25T09:04:58.450820+08:00] request.INFO: request {"acntno":"9000026666"} []
[2022-08-25T09:05:59.536392+08:00] request.INFO: request {"acntno":"MN150019009000026666"} []
[2022-08-25T09:09:24.848324+08:00] request.INFO: request {"acntno":"mn100019009000015989"} []
[2022-08-25T09:09:25.287875+08:00] response.INFO: response {"acntno":"mn100019009000015989","result":"ГАН-ЭРДЭНЭ БАТТӨМӨР"} []
[2022-08-25T09:09:35.441586+08:00] request.INFO: request {"acntno":"MN150019009000026666"} []
[2022-08-25T10:00:43.491223+08:00] request.INFO: request {"acntno":"MN670019009000001577"} []
[2022-08-25T10:00:43.934751+08:00] response.INFO: response {"acntno":"MN670019009000001577","result":"ЗХУТ"} []
[2022-08-25T10:00:58.499375+08:00] request.INFO: request {"acntno":"MN670019009000001577"} []
[2022-08-25T10:00:58.911220+08:00] response.INFO: response {"acntno":"MN670019009000001577","result":"ЗХУТ"} []
[2022-08-25T10:06:42.847402+08:00] request.INFO: request {"acntno":"MN670019009000001577"} []
[2022-08-25T10:06:43.260669+08:00] response.INFO: response {"acntno":"MN670019009000001577","result":"ЗХУТ"} []
[2022-08-25T10:06:46.970173+08:00] request.INFO: request {"acntno":"MN670019009000001577"} []
[2022-08-25T10:06:47.388782+08:00] response.INFO: response {"acntno":"MN670019009000001577","result":"ЗХУТ"} []
[2022-08-25T10:06:51.468400+08:00] request.INFO: request {"acntno":"MN670019009000001577"} []
[2022-08-25T10:06:51.898291+08:00] response.INFO: response {"acntno":"MN670019009000001577","result":"ЗХУТ"} []
[2022-08-25T10:08:54.272220+08:00] request.INFO: request {"acntno":"MN780019009000001573"} []
[2022-08-25T10:08:54.691912+08:00] response.INFO: response {"acntno":"MN780019009000001573","result":"ЗАМЫН ЦАГДАА"} []
[2022-08-25T10:08:55.873065+08:00] request.INFO: request {"acntno":"MN780019009000001573"} []
[2022-08-25T10:08:56.297586+08:00] response.INFO: response {"acntno":"MN780019009000001573","result":"ЗАМЫН ЦАГДАА"} []
[2022-08-25T10:09:01.553277+08:00] request.INFO: request {"acntno":"MN780019009000001573"} []
[2022-08-25T10:09:01.979947+08:00] response.INFO: response {"acntno":"MN780019009000001573","result":"ЗАМЫН ЦАГДАА"} []
[2022-08-25T10:16:43.500184+08:00] request.INFO: request {"acntno":"MN780019009000001573"} []
[2022-08-25T10:16:43.938252+08:00] response.INFO: response {"acntno":"MN780019009000001573","result":"ЗАМЫН ЦАГДАА"} []
[2022-08-25T10:16:46.964229+08:00] request.INFO: request {"acntno":"MN780019009000001573"} []
[2022-08-25T10:16:47.388825+08:00] response.INFO: response {"acntno":"MN780019009000001573","result":"ЗАМЫН ЦАГДАА"} []
[2022-08-25T10:16:50.147655+08:00] request.INFO: request {"acntno":"MN780019009000001573"} []
[2022-08-25T10:16:50.568419+08:00] response.INFO: response {"acntno":"MN780019009000001573","result":"ЗАМЫН ЦАГДАА"} []
[2022-08-25T10:20:27.216087+08:00] request.INFO: request {"acntno":"MN780019009000001573"} []
[2022-08-25T10:20:27.645876+08:00] response.INFO: response {"acntno":"MN780019009000001573","result":"ЗАМЫН ЦАГДАА"} []
[2022-08-25T10:20:32.986562+08:00] request.INFO: request {"acntno":"MN780019009000001573"} []
[2022-08-25T10:20:33.409486+08:00] response.INFO: response {"acntno":"MN780019009000001573","result":"ЗАМЫН ЦАГДАА"} []
[2022-08-25T10:20:42.705580+08:00] request.INFO: request {"acntno":"MN780019009000001573"} []
[2022-08-25T10:20:43.126045+08:00] response.INFO: response {"acntno":"MN780019009000001573","result":"ЗАМЫН ЦАГДАА"} []
[2022-08-25T10:23:58.455402+08:00] request.INFO: request {"acntno":"MN670019009000001577"} []
[2022-08-25T10:23:58.890330+08:00] response.INFO: response {"acntno":"MN670019009000001577","result":"ЗХУТ"} []
[2022-08-25T10:24:04.290438+08:00] request.INFO: request {"acntno":"MN670019009000001577"} []
[2022-08-25T10:24:04.705723+08:00] response.INFO: response {"acntno":"MN670019009000001577","result":"ЗХУТ"} []
[2022-08-25T10:24:17.915125+08:00] request.INFO: request {"acntno":"MN670019009000001577"} []
[2022-08-25T10:24:18.356387+08:00] response.INFO: response {"acntno":"MN670019009000001577","result":"ЗХУТ"} []
[2022-08-25T10:30:59.292741+08:00] request.INFO: request {"acntno":"MN780019009000001573"} []
[2022-08-25T10:30:59.711935+08:00] response.INFO: response {"acntno":"MN780019009000001573","result":"ЗАМЫН ЦАГДАА"} []
[2022-08-25T10:31:02.465801+08:00] request.INFO: request {"acntno":"MN780019009000001573"} []
[2022-08-25T10:31:02.888566+08:00] response.INFO: response {"acntno":"MN780019009000001573","result":"ЗАМЫН ЦАГДАА"} []
[2022-08-25T10:31:07.762956+08:00] request.INFO: request {"acntno":"MN780019009000001573"} []
[2022-08-25T10:31:08.188294+08:00] response.INFO: response {"acntno":"MN780019009000001573","result":"ЗАМЫН ЦАГДАА"} []
[2022-08-25T10:33:06.524614+08:00] request.INFO: request {"acntno":"MN670019009000001577"} []
[2022-08-25T10:33:06.941410+08:00] response.INFO: response {"acntno":"MN670019009000001577","result":"ЗХУТ"} []
[2022-08-25T10:33:09.489830+08:00] request.INFO: request {"acntno":"MN670019009000001577"} []
[2022-08-25T10:33:09.920864+08:00] response.INFO: response {"acntno":"MN670019009000001577","result":"ЗХУТ"} []
[2022-08-25T10:33:18.416770+08:00] request.INFO: request {"acntno":"MN670019009000001577"} []
[2022-08-25T10:33:18.838227+08:00] response.INFO: response {"acntno":"MN670019009000001577","result":"ЗХУТ"} []
[2022-08-25T15:58:16.979970+08:00] request.INFO: request {"acntno":"9000007387"} []
[2022-08-25T15:58:17.460961+08:00] response.INFO: response {"acntno":"9000007387","result":"УЯНГА БАТЗАЯА"} []
[2022-08-25T15:58:20.623528+08:00] request.INFO: request {"acntno":"9000007387"} []
[2022-08-25T15:58:21.039922+08:00] response.INFO: response {"acntno":"9000007387","result":"УЯНГА БАТЗАЯА"} []
[2022-08-25T15:58:22.625909+08:00] request.INFO: request {"acntno":"9000007387"} []
[2022-08-25T15:58:23.044040+08:00] response.INFO: response {"acntno":"9000007387","result":"УЯНГА БАТЗАЯА"} []
[2022-08-25T15:58:36.253497+08:00] request.INFO: request {"acntno":"9000007387"} []
[2022-08-25T15:58:36.683723+08:00] response.INFO: response {"acntno":"9000007387","result":"УЯНГА БАТЗАЯА"} []
[2022-08-25T15:58:42.413058+08:00] request.INFO: request {"acntno":"9000007387"} []
[2022-08-25T15:58:42.832480+08:00] response.INFO: response {"acntno":"9000007387","result":"УЯНГА БАТЗАЯА"} []
[2022-08-25T15:58:43.994732+08:00] request.INFO: request {"acntno":"9000007387"} []
[2022-08-25T15:58:44.441654+08:00] response.INFO: response {"acntno":"9000007387","result":"УЯНГА БАТЗАЯА"} []
[2022-08-25T15:58:49.099085+08:00] request.INFO: request {"acntno":"9000007387"} []
[2022-08-25T15:58:49.524268+08:00] response.INFO: response {"acntno":"9000007387","result":"УЯНГА БАТЗАЯА"} []
[2022-08-25T15:58:57.368515+08:00] request.INFO: request {"acntno":"9000007387"} []
[2022-08-25T15:58:57.788652+08:00] response.INFO: response {"acntno":"9000007387","result":"УЯНГА БАТЗАЯА"} []
[2022-08-25T15:59:47.619674+08:00] request.INFO: request {"acntno":"MN460019009000007387"} []
[2022-08-25T15:59:48.058772+08:00] response.INFO: response {"acntno":"MN460019009000007387","result":"УЯНГА БАТЗАЯА"} []
[2022-08-25T15:59:52.149758+08:00] request.INFO: request {"acntno":"MN460019009000007387"} []
[2022-08-25T15:59:52.578661+08:00] response.INFO: response {"acntno":"MN460019009000007387","result":"УЯНГА БАТЗАЯА"} []
[2022-08-25T15:59:57.152010+08:00] request.INFO: request {"acntno":"MN460019009000007387"} []
[2022-08-25T15:59:57.567619+08:00] response.INFO: response {"acntno":"MN460019009000007387","result":"УЯНГА БАТЗАЯА"} []
[2022-08-25T15:59:58.936124+08:00] request.INFO: request {"acntno":"MN460019009000007387"} []
[2022-08-25T15:59:59.347373+08:00] response.INFO: response {"acntno":"MN460019009000007387","result":"УЯНГА БАТЗАЯА"} []
[2022-08-25T16:01:02.313423+08:00] request.INFO: request {"acntno":"MN460019009000007387"} []
[2022-08-25T16:01:02.734675+08:00] response.INFO: response {"acntno":"MN460019009000007387","result":"УЯНГА БАТЗАЯА"} []
[2022-08-25T16:01:15.451483+08:00] request.INFO: request {"acntno":"MN460019009000007387"} []
[2022-08-25T16:01:15.883647+08:00] response.INFO: response {"acntno":"MN460019009000007387","result":"УЯНГА БАТЗАЯА"} []
[2022-08-25T16:01:37.865065+08:00] request.INFO: request {"acntno":"MN460019009000007387"} []
[2022-08-25T16:01:38.277435+08:00] response.INFO: response {"acntno":"MN460019009000007387","result":"УЯНГА БАТЗАЯА"} []
[2022-08-25T16:01:59.275623+08:00] request.INFO: request {"acntno":"MN460019009000007387"} []
[2022-08-25T16:01:59.688905+08:00] response.INFO: response {"acntno":"MN460019009000007387","result":"УЯНГА БАТЗАЯА"} []
[2022-08-25T16:02:08.734948+08:00] request.INFO: request {"acntno":"MN460019009000007387"} []
[2022-08-25T16:02:09.154965+08:00] response.INFO: response {"acntno":"MN460019009000007387","result":"УЯНГА БАТЗАЯА"} []
[2022-08-25T16:02:25.576775+08:00] request.INFO: request {"acntno":"MN460019009000007387"} []
[2022-08-25T16:02:26.013497+08:00] response.INFO: response {"acntno":"MN460019009000007387","result":"УЯНГА БАТЗАЯА"} []
[2022-08-25T16:03:21.361873+08:00] request.INFO: request {"acntno":"9000007387"} []
[2022-08-25T16:03:21.803281+08:00] response.INFO: response {"acntno":"9000007387","result":"УЯНГА БАТЗАЯА"} []
[2022-08-25T16:03:31.570214+08:00] request.INFO: request {"acntno":"9000007387"} []
[2022-08-25T16:03:31.984022+08:00] response.INFO: response {"acntno":"9000007387","result":"УЯНГА БАТЗАЯА"} []
[2022-08-25T16:03:33.383086+08:00] request.INFO: request {"acntno":"9000007387"} []
[2022-08-25T16:03:33.810675+08:00] response.INFO: response {"acntno":"9000007387","result":"УЯНГА БАТЗАЯА"} []
[2022-08-25T16:03:50.118630+08:00] request.INFO: request {"acntno":"9000007387"} []
[2022-08-25T16:03:50.536032+08:00] response.INFO: response {"acntno":"9000007387","result":"УЯНГА БАТЗАЯА"} []
[2022-08-25T16:04:05.483654+08:00] request.INFO: request {"acntno":"9000007387"} []
[2022-08-25T16:04:05.910896+08:00] response.INFO: response {"acntno":"9000007387","result":"УЯНГА БАТЗАЯА"} []
[2022-08-25T16:04:10.740571+08:00] request.INFO: request {"acntno":"9000007387"} []
[2022-08-25T16:04:11.165205+08:00] response.INFO: response {"acntno":"9000007387","result":"УЯНГА БАТЗАЯА"} []
[2022-08-25T16:04:14.316970+08:00] request.INFO: request {"acntno":"9000007387"} []
[2022-08-25T16:04:14.741134+08:00] response.INFO: response {"acntno":"9000007387","result":"УЯНГА БАТЗАЯА"} []
[2022-08-25T16:04:15.894476+08:00] request.INFO: request {"acntno":"9000007387"} []
[2022-08-25T16:04:16.326220+08:00] response.INFO: response {"acntno":"9000007387","result":"УЯНГА БАТЗАЯА"} []
[2022-08-25T16:04:21.341215+08:00] request.INFO: request {"acntno":"9000007387"} []
[2022-08-25T16:04:21.753202+08:00] response.INFO: response {"acntno":"9000007387","result":"УЯНГА БАТЗАЯА"} []
[2022-08-25T16:04:33.483171+08:00] request.INFO: request {"acntno":"9000007387"} []
[2022-08-25T16:04:33.908177+08:00] response.INFO: response {"acntno":"9000007387","result":"УЯНГА БАТЗАЯА"} []
[2022-08-25T16:04:51.048906+08:00] request.INFO: request {"acntno":"9000007387"} []
[2022-08-25T16:04:51.469225+08:00] response.INFO: response {"acntno":"9000007387","result":"УЯНГА БАТЗАЯА"} []
[2022-08-25T16:04:53.276801+08:00] request.INFO: request {"acntno":"9000007387"} []
[2022-08-25T16:04:53.694517+08:00] response.INFO: response {"acntno":"9000007387","result":"УЯНГА БАТЗАЯА"} []
[2022-08-25T16:05:07.376004+08:00] request.INFO: request {"acntno":"9000007387"} []
[2022-08-25T16:05:07.801726+08:00] response.INFO: response {"acntno":"9000007387","result":"УЯНГА БАТЗАЯА"} []
[2022-08-25T16:05:29.524297+08:00] request.INFO: request {"acntno":"9000007387"} []
[2022-08-25T16:05:29.953550+08:00] response.INFO: response {"acntno":"9000007387","result":"УЯНГА БАТЗАЯА"} []
[2022-08-25T16:05:37.678674+08:00] request.INFO: request {"acntno":"9000007387"} []
[2022-08-25T16:05:38.106497+08:00] response.INFO: response {"acntno":"9000007387","result":"УЯНГА БАТЗАЯА"} []
[2022-08-25T16:05:39.634075+08:00] request.INFO: request {"acntno":"9000007387"} []
[2022-08-25T16:05:40.080462+08:00] response.INFO: response {"acntno":"9000007387","result":"УЯНГА БАТЗАЯА"} []
[2022-08-25T16:05:55.127027+08:00] request.INFO: request {"acntno":"9000007387"} []
[2022-08-25T16:05:55.544249+08:00] response.INFO: response {"acntno":"9000007387","result":"УЯНГА БАТЗАЯА"} []
[2022-08-25T16:06:18.168045+08:00] request.INFO: request {"acntno":"9000007387"} []
[2022-08-25T16:06:18.596150+08:00] response.INFO: response {"acntno":"9000007387","result":"УЯНГА БАТЗАЯА"} []
[2022-08-25T16:06:24.395577+08:00] request.INFO: request {"acntno":"9000007387"} []
[2022-08-25T16:06:24.823788+08:00] response.INFO: response {"acntno":"9000007387","result":"УЯНГА БАТЗАЯА"} []
[2022-08-25T16:06:26.298027+08:00] request.INFO: request {"acntno":"9000007387"} []
[2022-08-25T16:06:26.735838+08:00] response.INFO: response {"acntno":"9000007387","result":"УЯНГА БАТЗАЯА"} []
[2022-08-25T16:06:31.871716+08:00] request.INFO: request {"acntno":"9000007387"} []
[2022-08-25T16:06:32.297201+08:00] response.INFO: response {"acntno":"9000007387","result":"УЯНГА БАТЗАЯА"} []
[2022-08-25T16:06:57.593970+08:00] request.INFO: request {"acntno":"9000007387"} []
[2022-08-25T16:06:58.026824+08:00] response.INFO: response {"acntno":"9000007387","result":"УЯНГА БАТЗАЯА"} []
[2022-08-25T16:07:06.568194+08:00] request.INFO: request {"acntno":"9000007387"} []
[2022-08-25T16:07:06.986963+08:00] response.INFO: response {"acntno":"9000007387","result":"УЯНГА БАТЗАЯА"} []
[2022-08-25T16:07:19.514927+08:00] request.INFO: request {"acntno":"9000007387"} []
[2022-08-25T16:07:19.963292+08:00] response.INFO: response {"acntno":"9000007387","result":"УЯНГА БАТЗАЯА"} []
[2022-08-25T16:07:22.719147+08:00] request.INFO: request {"acntno":"9000007387"} []
[2022-08-25T16:07:23.148764+08:00] response.INFO: response {"acntno":"9000007387","result":"УЯНГА БАТЗАЯА"} []
[2022-08-25T16:07:37.146913+08:00] request.INFO: request {"acntno":"9000007387"} []
[2022-08-25T16:07:37.583547+08:00] response.INFO: response {"acntno":"9000007387","result":"УЯНГА БАТЗАЯА"} []
[2022-08-25T16:40:05.873084+08:00] request.INFO: request {"acntno":"9000007387"} []
[2022-08-25T16:40:06.293533+08:00] response.INFO: response {"acntno":"9000007387","result":"УЯНГА БАТЗАЯА"} []
[2022-08-25T16:40:11.341873+08:00] request.INFO: request {"acntno":"9000007387"} []
[2022-08-25T16:40:11.771263+08:00] response.INFO: response {"acntno":"9000007387","result":"УЯНГА БАТЗАЯА"} []
[2022-08-25T16:40:17.852388+08:00] request.INFO: request {"acntno":"9000007387"} []
[2022-08-25T16:40:18.264594+08:00] response.INFO: response {"acntno":"9000007387","result":"УЯНГА БАТЗАЯА"} []
[2022-08-25T16:40:30.002181+08:00] request.INFO: request {"acntno":"9000007387"} []
[2022-08-25T16:40:30.425207+08:00] response.INFO: response {"acntno":"9000007387","result":"УЯНГА БАТЗАЯА"} []
[2022-08-25T16:40:36.404975+08:00] request.INFO: request {"acntno":"9000007387"} []
[2022-08-25T16:40:36.819561+08:00] response.INFO: response {"acntno":"9000007387","result":"УЯНГА БАТЗАЯА"} []
[2022-08-25T16:40:40.189743+08:00] request.INFO: request {"acntno":"9000007387"} []
[2022-08-25T16:40:40.609313+08:00] response.INFO: response {"acntno":"9000007387","result":"УЯНГА БАТЗАЯА"} []
[2022-08-25T16:40:47.482112+08:00] request.INFO: request {"acntno":"9000007387"} []
[2022-08-25T16:40:47.898029+08:00] response.INFO: response {"acntno":"9000007387","result":"УЯНГА БАТЗАЯА"} []
[2022-08-25T16:40:58.458896+08:00] request.INFO: request {"acntno":"9000007387"} []
[2022-08-25T16:40:58.888518+08:00] response.INFO: response {"acntno":"9000007387","result":"УЯНГА БАТЗАЯА"} []
[2022-08-25T16:41:02.964735+08:00] request.INFO: request {"acntno":"9000007387"} []
[2022-08-25T16:41:03.389497+08:00] response.INFO: response {"acntno":"9000007387","result":"УЯНГА БАТЗАЯА"} []
[2022-08-25T16:41:04.643748+08:00] request.INFO: request {"acntno":"9000007387"} []
[2022-08-25T16:41:05.064304+08:00] response.INFO: response {"acntno":"9000007387","result":"УЯНГА БАТЗАЯА"} []
[2022-08-25T16:41:34.147582+08:00] request.INFO: request {"acntno":"9000007387"} []
[2022-08-25T16:41:34.576716+08:00] response.INFO: response {"acntno":"9000007387","result":"УЯНГА БАТЗАЯА"} []
[2022-08-25T16:46:49.114100+08:00] request.INFO: request {"acntno":"9000007387"} []
[2022-08-25T16:46:49.553061+08:00] response.INFO: response {"acntno":"9000007387","result":"УЯНГА БАТЗАЯА"} []
[2022-08-25T16:46:53.215540+08:00] request.INFO: request {"acntno":"9000007387"} []
[2022-08-25T16:46:53.672820+08:00] response.INFO: response {"acntno":"9000007387","result":"УЯНГА БАТЗАЯА"} []
[2022-08-25T16:46:55.803044+08:00] request.INFO: request {"acntno":"9000007387"} []
[2022-08-25T16:46:56.232164+08:00] response.INFO: response {"acntno":"9000007387","result":"УЯНГА БАТЗАЯА"} []
[2022-08-25T16:47:02.507688+08:00] request.INFO: request {"acntno":"9000007387"} []
[2022-08-25T16:47:02.923441+08:00] response.INFO: response {"acntno":"9000007387","result":"УЯНГА БАТЗАЯА"} []
[2022-08-25T16:48:58.541666+08:00] request.INFO: request {"acntno":"9000003614"} []
[2022-08-25T16:48:58.984650+08:00] response.INFO: response {"acntno":"9000003614","result":"БАЗАРМАА РАДНААБАЗАР"} []
[2022-08-25T16:49:04.959235+08:00] request.INFO: request {"acntno":"9000003614"} []
[2022-08-25T16:49:05.376380+08:00] response.INFO: response {"acntno":"9000003614","result":"БАЗАРМАА РАДНААБАЗАР"} []
[2022-08-25T16:49:06.723355+08:00] request.INFO: request {"acntno":"9000003614"} []
[2022-08-25T16:49:07.138080+08:00] response.INFO: response {"acntno":"9000003614","result":"БАЗАРМАА РАДНААБАЗАР"} []
[2022-08-25T16:52:09.119507+08:00] request.INFO: request {"acntno":"*"} []
[2022-08-25T16:52:11.934435+08:00] request.INFO: request {"acntno":"*"} []
[2022-08-25T16:52:14.644803+08:00] request.INFO: request {"acntno":"*"} []
