[2022-08-17T09:55:15.345479+08:00] request.INFO: request {"acntno":"9000004904"} []
[2022-08-17T09:55:15.797667+08:00] response.INFO: response {"acntno":"9000004904","result":"УЯНГА БАТЗАЯА"} []
[2022-08-17T09:55:50.895465+08:00] request.INFO: request {"acntno":"9000004904"} []
[2022-08-17T09:55:51.313132+08:00] response.INFO: response {"acntno":"9000004904","result":"УЯНГА БАТЗАЯА"} []
[2022-08-17T09:55:53.392488+08:00] request.INFO: request {"acntno":"9000004904"} []
[2022-08-17T09:55:53.825604+08:00] response.INFO: response {"acntno":"9000004904","result":"УЯНГА БАТЗАЯА"} []
[2022-08-17T09:56:00.412849+08:00] request.INFO: request {"acntno":"9000004904"} []
[2022-08-17T09:56:00.830496+08:00] response.INFO: response {"acntno":"9000004904","result":"УЯНГА БАТЗАЯА"} []
[2022-08-17T10:13:43.582296+08:00] request.INFO: request {"acntno":"9000004904"} []
[2022-08-17T10:13:44.010555+08:00] response.INFO: response {"acntno":"9000004904","result":"УЯНГА БАТЗАЯА"} []
[2022-08-17T10:14:18.270197+08:00] request.INFO: request {"acntno":"9000004904"} []
[2022-08-17T10:14:18.692836+08:00] response.INFO: response {"acntno":"9000004904","result":"УЯНГА БАТЗАЯА"} []
[2022-08-17T10:14:23.623283+08:00] request.INFO: request {"acntno":"9000004904"} []
[2022-08-17T10:14:24.055829+08:00] response.INFO: response {"acntno":"9000004904","result":"УЯНГА БАТЗАЯА"} []
[2022-08-17T10:14:25.568957+08:00] request.INFO: request {"acntno":"9000004904"} []
[2022-08-17T10:14:25.980309+08:00] response.INFO: response {"acntno":"9000004904","result":"УЯНГА БАТЗАЯА"} []
[2022-08-17T10:15:22.155964+08:00] request.INFO: request {"acntno":"9000004904"} []
[2022-08-17T10:15:22.583402+08:00] response.INFO: response {"acntno":"9000004904","result":"УЯНГА БАТЗАЯА"} []
[2022-08-17T10:16:18.630810+08:00] request.INFO: request {"acntno":"MN460019009000007387"} []
[2022-08-17T10:16:19.065527+08:00] response.INFO: response {"acntno":"MN460019009000007387","result":"УЯНГА БАТЗАЯА"} []
[2022-08-17T10:16:22.602185+08:00] request.INFO: request {"acntno":"MN460019009000007387"} []
[2022-08-17T10:16:23.015329+08:00] response.INFO: response {"acntno":"MN460019009000007387","result":"УЯНГА БАТЗАЯА"} []
[2022-08-17T10:16:24.427925+08:00] request.INFO: request {"acntno":"MN460019009000007387"} []
[2022-08-17T10:16:24.838939+08:00] response.INFO: response {"acntno":"MN460019009000007387","result":"УЯНГА БАТЗАЯА"} []
[2022-08-17T10:21:03.017774+08:00] request.INFO: request {"acntno":"MN460019009000007387"} []
[2022-08-17T10:21:03.440261+08:00] response.INFO: response {"acntno":"MN460019009000007387","result":"УЯНГА БАТЗАЯА"} []
[2022-08-17T10:21:09.324068+08:00] request.INFO: request {"acntno":"MN460019009000007387"} []
[2022-08-17T10:21:09.747257+08:00] response.INFO: response {"acntno":"MN460019009000007387","result":"УЯНГА БАТЗАЯА"} []
[2022-08-17T10:21:10.932052+08:00] request.INFO: request {"acntno":"MN460019009000007387"} []
[2022-08-17T10:21:11.350779+08:00] response.INFO: response {"acntno":"MN460019009000007387","result":"УЯНГА БАТЗАЯА"} []
[2022-08-17T11:17:45.324830+08:00] request.INFO: request {"acntno":"MN780019009000001573"} []
[2022-08-17T11:17:45.766726+08:00] response.INFO: response {"acntno":"MN780019009000001573","result":"ЗАМЫН ЦАГДАА"} []
[2022-08-17T11:18:48.279658+08:00] request.INFO: request {"acntno":"MN780019009000001573"} []
[2022-08-17T11:18:48.734106+08:00] response.INFO: response {"acntno":"MN780019009000001573","result":"ЗАМЫН ЦАГДАА"} []
[2022-08-17T11:18:54.028337+08:00] request.INFO: request {"acntno":"MN780019009000001573"} []
[2022-08-17T11:18:54.452242+08:00] response.INFO: response {"acntno":"MN780019009000001573","result":"ЗАМЫН ЦАГДАА"} []
[2022-08-17T11:19:00.398471+08:00] request.INFO: request {"acntno":"MN780019009000001573"} []
[2022-08-17T11:19:00.822978+08:00] response.INFO: response {"acntno":"MN780019009000001573","result":"ЗАМЫН ЦАГДАА"} []
[2022-08-17T11:19:31.046539+08:00] request.INFO: request {"acntno":"MN780019009000001573"} []
[2022-08-17T11:19:31.464504+08:00] response.INFO: response {"acntno":"MN780019009000001573","result":"ЗАМЫН ЦАГДАА"} []
[2022-08-17T11:20:25.258474+08:00] request.INFO: request {"acntno":"MN780019009000001573"} []
[2022-08-17T11:20:25.674915+08:00] response.INFO: response {"acntno":"MN780019009000001573","result":"ЗАМЫН ЦАГДАА"} []
[2022-08-17T11:20:44.551830+08:00] request.INFO: request {"acntno":"MN780019009000001573"} []
[2022-08-17T11:20:44.970311+08:00] response.INFO: response {"acntno":"MN780019009000001573","result":"ЗАМЫН ЦАГДАА"} []
[2022-08-17T11:21:27.342661+08:00] request.INFO: request {"acntno":"MN780019009000001573"} []
[2022-08-17T11:21:27.757732+08:00] response.INFO: response {"acntno":"MN780019009000001573","result":"ЗАМЫН ЦАГДАА"} []
[2022-08-17T11:21:31.294615+08:00] request.INFO: request {"acntno":"MN780019009000001573"} []
[2022-08-17T11:21:31.719832+08:00] response.INFO: response {"acntno":"MN780019009000001573","result":"ЗАМЫН ЦАГДАА"} []
[2022-08-17T11:21:55.054955+08:00] request.INFO: request {"acntno":"MN780019009000001573"} []
[2022-08-17T11:21:55.472526+08:00] response.INFO: response {"acntno":"MN780019009000001573","result":"ЗАМЫН ЦАГДАА"} []
[2022-08-17T11:27:51.435167+08:00] request.INFO: request {"acntno":"MN780019009000001573"} []
[2022-08-17T11:27:51.864650+08:00] response.INFO: response {"acntno":"MN780019009000001573","result":"ЗАМЫН ЦАГДАА"} []
[2022-08-17T11:42:33.147337+08:00] request.INFO: request {"acntno":"9000007387"} []
[2022-08-17T11:42:33.590030+08:00] response.INFO: response {"acntno":"9000007387","result":"УЯНГА БАТЗАЯА"} []
[2022-08-17T12:02:15.122248+08:00] request.INFO: request {"acntno":"9000004904"} []
[2022-08-17T12:02:15.555934+08:00] response.INFO: response {"acntno":"9000004904","result":"УЯНГА БАТЗАЯА"} []
[2022-08-17T12:02:23.727480+08:00] request.INFO: request {"acntno":"9000004904"} []
[2022-08-17T12:02:24.146338+08:00] response.INFO: response {"acntno":"9000004904","result":"УЯНГА БАТЗАЯА"} []
[2022-08-17T12:02:25.456275+08:00] request.INFO: request {"acntno":"9000004904"} []
[2022-08-17T12:02:25.900166+08:00] response.INFO: response {"acntno":"9000004904","result":"УЯНГА БАТЗАЯА"} []
[2022-08-17T12:05:34.243363+08:00] request.INFO: request {"acntno":"*"} []
[2022-08-17T12:13:56.342457+08:00] request.INFO: request {"acntno":"900003614"} []
[2022-08-17T12:14:00.525577+08:00] request.INFO: request {"acntno":"9000003614"} []
[2022-08-17T12:14:01.015145+08:00] response.INFO: response {"acntno":"9000003614","result":"БАЗАРМАА РАДНААБАЗАР"} []
[2022-08-17T12:14:04.158311+08:00] request.INFO: request {"acntno":"9000003614"} []
[2022-08-17T12:14:04.599960+08:00] response.INFO: response {"acntno":"9000003614","result":"БАЗАРМАА РАДНААБАЗАР"} []
[2022-08-17T12:14:05.868550+08:00] request.INFO: request {"acntno":"9000003614"} []
[2022-08-17T12:14:06.329468+08:00] response.INFO: response {"acntno":"9000003614","result":"БАЗАРМАА РАДНААБАЗАР"} []
[2022-08-17T12:14:55.929870+08:00] request.INFO: request {"acntno":"9000003614"} []
[2022-08-17T12:14:56.349627+08:00] response.INFO: response {"acntno":"9000003614","result":"БАЗАРМАА РАДНААБАЗАР"} []
[2022-08-17T12:14:58.972678+08:00] request.INFO: request {"acntno":"9000003614"} []
[2022-08-17T12:14:59.402122+08:00] response.INFO: response {"acntno":"9000003614","result":"БАЗАРМАА РАДНААБАЗАР"} []
[2022-08-17T12:15:01.201197+08:00] request.INFO: request {"acntno":"9000003614"} []
[2022-08-17T12:15:01.615375+08:00] response.INFO: response {"acntno":"9000003614","result":"БАЗАРМАА РАДНААБАЗАР"} []
[2022-08-17T12:15:36.503480+08:00] request.INFO: request {"acntno":"*"} []
[2022-08-17T12:16:38.595823+08:00] request.INFO: request {"acntno":"9000003614"} []
[2022-08-17T12:16:39.040806+08:00] response.INFO: response {"acntno":"9000003614","result":"БАЗАРМАА РАДНААБАЗАР"} []
[2022-08-17T12:16:45.669419+08:00] request.INFO: request {"acntno":"9000003614"} []
[2022-08-17T12:16:46.089146+08:00] response.INFO: response {"acntno":"9000003614","result":"БАЗАРМАА РАДНААБАЗАР"} []
[2022-08-17T12:16:48.099464+08:00] request.INFO: request {"acntno":"9000003614"} []
[2022-08-17T12:16:48.558296+08:00] response.INFO: response {"acntno":"9000003614","result":"БАЗАРМАА РАДНААБАЗАР"} []
[2022-08-17T12:18:57.631576+08:00] request.INFO: request {"acntno":"*"} []
[2022-08-17T12:19:41.400228+08:00] request.INFO: request {"acntno":"*"} []
[2022-08-17T12:21:10.229015+08:00] request.INFO: request {"acntno":"900001436"} []
[2022-08-17T12:21:27.117670+08:00] request.INFO: request {"acntno":"9000001436"} []
[2022-08-17T12:21:27.546068+08:00] response.INFO: response {"acntno":"9000001436","result":"ТАМИР"} []
[2022-08-17T12:21:39.727164+08:00] request.INFO: request {"acntno":"9000001436"} []
[2022-08-17T12:21:40.146828+08:00] response.INFO: response {"acntno":"9000001436","result":"ТАМИР"} []
[2022-08-17T12:21:42.750394+08:00] request.INFO: request {"acntno":"9000001436"} []
[2022-08-17T12:21:43.172075+08:00] response.INFO: response {"acntno":"9000001436","result":"ТАМИР"} []
[2022-08-17T12:22:10.055274+08:00] request.INFO: request {"acntno":"*"} []
[2022-08-17T12:22:10.086609+08:00] request.INFO: request {"acntno":"9000001436"} []
[2022-08-17T12:22:10.520935+08:00] response.INFO: response {"acntno":"9000001436","result":"ТАМИР"} []
[2022-08-17T12:22:11.774570+08:00] request.INFO: request {"acntno":"9000001436"} []
[2022-08-17T12:22:12.190772+08:00] response.INFO: response {"acntno":"9000001436","result":"ТАМИР"} []
[2022-08-17T12:22:21.611086+08:00] request.INFO: request {"acntno":"9000001436"} []
[2022-08-17T12:22:22.034871+08:00] response.INFO: response {"acntno":"9000001436","result":"ТАМИР"} []
[2022-08-17T12:24:38.778631+08:00] request.INFO: request {"acntno":"*"} []
[2022-08-17T12:27:02.492376+08:00] request.INFO: request {"acntno":"*"} []
[2022-08-17T12:28:08.451485+08:00] request.INFO: request {"acntno":"9000001436"} []
[2022-08-17T12:28:08.881184+08:00] response.INFO: response {"acntno":"9000001436","result":"ТАМИР"} []
[2022-08-17T12:28:10.472090+08:00] request.INFO: request {"acntno":"9000001436"} []
[2022-08-17T12:28:10.905187+08:00] response.INFO: response {"acntno":"9000001436","result":"ТАМИР"} []
[2022-08-17T12:28:19.939456+08:00] request.INFO: request {"acntno":"9000001436"} []
[2022-08-17T12:28:20.368939+08:00] response.INFO: response {"acntno":"9000001436","result":"ТАМИР"} []
[2022-08-17T12:29:00.439157+08:00] request.INFO: request {"acntno":"*"} []
[2022-08-17T12:31:09.304547+08:00] request.INFO: request {"acntno":"*"} []
[2022-08-17T12:32:06.850568+08:00] request.INFO: request {"acntno":"*"} []
[2022-08-17T12:34:08.517350+08:00] request.INFO: request {"acntno":"*"} []
[2022-08-17T12:39:15.146699+08:00] request.INFO: request {"acntno":"*"} []
[2022-08-17T12:47:07.469063+08:00] request.INFO: request {"acntno":"*"} []
[2022-08-17T13:43:58.722638+08:00] request.INFO: request {"acntno":"*"} []
[2022-08-17T13:45:05.360990+08:00] request.INFO: request {"acntno":"*"} []
[2022-08-17T13:48:35.527498+08:00] request.INFO: request {"acntno":"*"} []
[2022-08-17T13:49:21.976204+08:00] request.INFO: request {"acntno":"*"} []
[2022-08-17T13:49:42.447995+08:00] request.INFO: request {"acntno":"9000001436"} []
[2022-08-17T13:49:42.889062+08:00] response.INFO: response {"acntno":"9000001436","result":"ТАМИР"} []
[2022-08-17T13:49:50.693720+08:00] request.INFO: request {"acntno":"9000001436"} []
[2022-08-17T13:49:51.126960+08:00] response.INFO: response {"acntno":"9000001436","result":"ТАМИР"} []
[2022-08-17T13:49:53.244347+08:00] request.INFO: request {"acntno":"9000001436"} []
[2022-08-17T13:49:53.671135+08:00] response.INFO: response {"acntno":"9000001436","result":"ТАМИР"} []
[2022-08-17T13:50:56.708755+08:00] request.INFO: request {"acntno":"*"} []
[2022-08-17T13:52:06.362969+08:00] request.INFO: request {"acntno":"*"} []
[2022-08-17T13:52:36.772334+08:00] request.INFO: request {"acntno":"*"} []
[2022-08-17T13:53:05.392582+08:00] request.INFO: request {"acntno":"*"} []
[2022-08-17T13:53:38.168719+08:00] request.INFO: request {"acntno":"*"} []
[2022-08-17T13:53:53.296062+08:00] request.INFO: request {"acntno":"*"} []
[2022-08-17T13:54:15.998760+08:00] request.INFO: request {"acntno":"*"} []
[2022-08-17T13:54:29.442483+08:00] request.INFO: request {"acntno":"*"} []
[2022-08-17T14:00:25.763709+08:00] request.INFO: request {"acntno":"*"} []
[2022-08-17T14:01:14.303446+08:00] request.INFO: request {"acntno":"*"} []
[2022-08-17T14:01:55.975043+08:00] request.INFO: request {"acntno":"*"} []
[2022-08-17T14:03:19.101584+08:00] request.INFO: request {"acntno":"*"} []
[2022-08-17T14:03:39.530016+08:00] request.INFO: request {"acntno":"*"} []
[2022-08-17T14:18:56.111805+08:00] request.INFO: request {"acntno":"*"} []
[2022-08-17T14:24:00.290008+08:00] request.INFO: request {"acntno":"*"} []
[2022-08-17T14:55:51.354556+08:00] request.INFO: request {"acntno":"MN220019009000001708"} []
[2022-08-17T14:55:51.791976+08:00] response.INFO: response {"acntno":"MN220019009000001708","result":"БАНЗРАГЧ ВАНДАНСҮРЭН"} []
[2022-08-17T14:55:55.769730+08:00] request.INFO: request {"acntno":"MN220019009000001708"} []
[2022-08-17T14:55:56.198076+08:00] response.INFO: response {"acntno":"MN220019009000001708","result":"БАНЗРАГЧ ВАНДАНСҮРЭН"} []
[2022-08-17T14:55:57.971153+08:00] request.INFO: request {"acntno":"MN220019009000001708"} []
[2022-08-17T14:55:58.399028+08:00] response.INFO: response {"acntno":"MN220019009000001708","result":"БАНЗРАГЧ ВАНДАНСҮРЭН"} []
[2022-08-17T14:57:14.737604+08:00] request.INFO: request {"acntno":"MN670019009000001577"} []
[2022-08-17T14:57:15.159793+08:00] response.INFO: response {"acntno":"MN670019009000001577","result":"ЗХУТ"} []
[2022-08-17T14:57:20.711521+08:00] request.INFO: request {"acntno":"MN670019009000001577"} []
[2022-08-17T14:57:21.126582+08:00] response.INFO: response {"acntno":"MN670019009000001577","result":"ЗХУТ"} []
[2022-08-17T14:57:32.992810+08:00] request.INFO: request {"acntno":"MN670019009000001577"} []
[2022-08-17T14:57:33.423300+08:00] response.INFO: response {"acntno":"MN670019009000001577","result":"ЗХУТ"} []
[2022-08-17T14:58:38.879618+08:00] request.INFO: request {"acntno":"MN670019009000001577"} []
[2022-08-17T14:58:39.309184+08:00] response.INFO: response {"acntno":"MN670019009000001577","result":"ЗХУТ"} []
[2022-08-17T15:14:42.466171+08:00] request.INFO: request {"acntno":"9000004904"} []
[2022-08-17T15:14:42.903132+08:00] response.INFO: response {"acntno":"9000004904","result":"УЯНГА БАТЗАЯА"} []
[2022-08-17T15:15:40.672025+08:00] request.INFO: request {"acntno":"9000004904"} []
[2022-08-17T15:15:41.104986+08:00] response.INFO: response {"acntno":"9000004904","result":"УЯНГА БАТЗАЯА"} []
[2022-08-17T15:15:55.716862+08:00] request.INFO: request {"acntno":"9000004904"} []
[2022-08-17T15:15:56.156481+08:00] response.INFO: response {"acntno":"9000004904","result":"УЯНГА БАТЗАЯА"} []
[2022-08-17T15:19:55.678742+08:00] request.INFO: request {"acntno":"9000004904"} []
[2022-08-17T15:19:56.117474+08:00] response.INFO: response {"acntno":"9000004904","result":"УЯНГА БАТЗАЯА"} []
[2022-08-17T15:22:45.179445+08:00] request.INFO: request {"acntno":"9000004904"} []
[2022-08-17T15:22:45.593172+08:00] response.INFO: response {"acntno":"9000004904","result":"УЯНГА БАТЗАЯА"} []
[2022-08-17T15:22:49.173008+08:00] request.INFO: request {"acntno":"9000004904"} []
[2022-08-17T15:22:49.609720+08:00] response.INFO: response {"acntno":"9000004904","result":"УЯНГА БАТЗАЯА"} []
[2022-08-17T15:22:56.707786+08:00] request.INFO: request {"acntno":"9000004904"} []
[2022-08-17T15:22:57.145347+08:00] response.INFO: response {"acntno":"9000004904","result":"УЯНГА БАТЗАЯА"} []
[2022-08-17T15:23:03.381760+08:00] request.INFO: request {"acntno":"9000004904"} []
[2022-08-17T15:23:03.798801+08:00] response.INFO: response {"acntno":"9000004904","result":"УЯНГА БАТЗАЯА"} []
[2022-08-17T15:23:09.754084+08:00] request.INFO: request {"acntno":"9000004904"} []
[2022-08-17T15:23:10.165566+08:00] response.INFO: response {"acntno":"9000004904","result":"УЯНГА БАТЗАЯА"} []
[2022-08-17T15:23:14.328987+08:00] request.INFO: request {"acntno":"9000004904"} []
[2022-08-17T15:23:14.758991+08:00] response.INFO: response {"acntno":"9000004904","result":"УЯНГА БАТЗАЯА"} []
[2022-08-17T15:23:16.218786+08:00] request.INFO: request {"acntno":"9000004904"} []
[2022-08-17T15:23:16.643987+08:00] response.INFO: response {"acntno":"9000004904","result":"УЯНГА БАТЗАЯА"} []
[2022-08-17T15:23:29.887607+08:00] request.INFO: request {"acntno":"9000004904"} []
[2022-08-17T15:23:30.318267+08:00] response.INFO: response {"acntno":"9000004904","result":"УЯНГА БАТЗАЯА"} []
[2022-08-17T15:23:41.865050+08:00] request.INFO: request {"acntno":"9000004904"} []
[2022-08-17T15:23:42.281433+08:00] response.INFO: response {"acntno":"9000004904","result":"УЯНГА БАТЗАЯА"} []
[2022-08-17T15:23:43.993322+08:00] request.INFO: request {"acntno":"9000004904"} []
[2022-08-17T15:23:44.414399+08:00] response.INFO: response {"acntno":"9000004904","result":"УЯНГА БАТЗАЯА"} []
[2022-08-17T16:21:28.182776+08:00] request.INFO: request {"acntno":"*"} []
[2022-08-17T16:31:48.673954+08:00] request.INFO: request {"acntno":"9000004904"} []
[2022-08-17T16:31:49.121112+08:00] response.INFO: response {"acntno":"9000004904","result":"УЯНГА БАТЗАЯА"} []
[2022-08-17T16:32:03.787803+08:00] request.INFO: request {"acntno":"9000004904"} []
[2022-08-17T16:32:04.217752+08:00] response.INFO: response {"acntno":"9000004904","result":"УЯНГА БАТЗАЯА"} []
[2022-08-17T16:32:18.998995+08:00] request.INFO: request {"acntno":"9000004904"} []
[2022-08-17T16:32:19.449226+08:00] response.INFO: response {"acntno":"9000004904","result":"УЯНГА БАТЗАЯА"} []
[2022-08-17T16:32:20.600453+08:00] request.INFO: request {"acntno":"9000004904"} []
[2022-08-17T16:32:21.033399+08:00] response.INFO: response {"acntno":"9000004904","result":"УЯНГА БАТЗАЯА"} []
[2022-08-17T16:32:35.546941+08:00] request.INFO: request {"acntno":"9000004904"} []
[2022-08-17T16:32:35.980911+08:00] response.INFO: response {"acntno":"9000004904","result":"УЯНГА БАТЗАЯА"} []
[2022-08-17T16:32:49.476805+08:00] request.INFO: request {"acntno":"9000004904"} []
[2022-08-17T16:32:49.913841+08:00] response.INFO: response {"acntno":"9000004904","result":"УЯНГА БАТЗАЯА"} []
[2022-08-17T16:32:56.934182+08:00] request.INFO: request {"acntno":"9000004904"} []
[2022-08-17T16:32:57.362958+08:00] response.INFO: response {"acntno":"9000004904","result":"УЯНГА БАТЗАЯА"} []
[2022-08-17T16:32:58.934902+08:00] request.INFO: request {"acntno":"9000004904"} []
[2022-08-17T16:32:59.350196+08:00] response.INFO: response {"acntno":"9000004904","result":"УЯНГА БАТЗАЯА"} []
[2022-08-17T16:33:08.342429+08:00] request.INFO: request {"acntno":"9000004904"} []
[2022-08-17T16:33:08.760654+08:00] response.INFO: response {"acntno":"9000004904","result":"УЯНГА БАТЗАЯА"} []
[2022-08-17T16:42:27.367310+08:00] request.INFO: request {"acntno":"*"} []
[2022-08-17T16:59:17.450432+08:00] request.INFO: request {"acntno":"9000004904"} []
[2022-08-17T16:59:17.881295+08:00] response.INFO: response {"acntno":"9000004904","result":"УЯНГА БАТЗАЯА"} []
[2022-08-17T16:59:22.839142+08:00] request.INFO: request {"acntno":"9000004904"} []
[2022-08-17T16:59:23.260228+08:00] response.INFO: response {"acntno":"9000004904","result":"УЯНГА БАТЗАЯА"} []
[2022-08-17T17:45:45.491418+08:00] request.INFO: request {"acntno":"*"} []
[2022-08-17T17:50:56.183477+08:00] request.INFO: request {"acntno":"*"} []
[2022-08-17T17:51:42.352305+08:00] request.INFO: request {"acntno":"*"} []
[2022-08-17T18:49:00.952951+08:00] request.INFO: request {"acntno":"MN670019009000001577"} []
[2022-08-17T18:49:01.380646+08:00] response.INFO: response {"acntno":"MN670019009000001577","result":"ЗХУТ"} []
[2022-08-17T18:49:11.512523+08:00] request.INFO: request {"acntno":"MN670019009000001577"} []
[2022-08-17T18:49:11.938158+08:00] response.INFO: response {"acntno":"MN670019009000001577","result":"ЗХУТ"} []
[2022-08-17T18:49:16.707253+08:00] request.INFO: request {"acntno":"MN670019009000001577"} []
[2022-08-17T18:49:17.150379+08:00] response.INFO: response {"acntno":"MN670019009000001577","result":"ЗХУТ"} []
[2022-08-17T18:49:23.258125+08:00] request.INFO: request {"acntno":"MN670019009000001577"} []
[2022-08-17T18:49:23.754344+08:00] response.INFO: response {"acntno":"MN670019009000001577","result":"ЗХУТ"} []
[2022-08-17T18:54:50.544510+08:00] request.INFO: request {"acntno":"MN670019009000001577"} []
[2022-08-17T18:54:50.976871+08:00] response.INFO: response {"acntno":"MN670019009000001577","result":"ЗХУТ"} []
[2022-08-17T18:55:19.549978+08:00] request.INFO: request {"acntno":"MN670019009000001577"} []
[2022-08-17T18:55:19.963492+08:00] response.INFO: response {"acntno":"MN670019009000001577","result":"ЗХУТ"} []
[2022-08-17T18:55:28.466909+08:00] request.INFO: request {"acntno":"MN670019009000001577"} []
[2022-08-17T18:55:28.903532+08:00] response.INFO: response {"acntno":"MN670019009000001577","result":"ЗХУТ"} []
[2022-08-17T18:59:42.009380+08:00] request.INFO: request {"acntno":"MN670019009000001577"} []
[2022-08-17T18:59:42.426228+08:00] response.INFO: response {"acntno":"MN670019009000001577","result":"ЗХУТ"} []
[2022-08-17T18:59:49.161348+08:00] request.INFO: request {"acntno":"MN670019009000001577"} []
[2022-08-17T18:59:49.579937+08:00] response.INFO: response {"acntno":"MN670019009000001577","result":"ЗХУТ"} []
[2022-08-17T18:59:53.181195+08:00] request.INFO: request {"acntno":"MN670019009000001577"} []
[2022-08-17T18:59:53.615213+08:00] response.INFO: response {"acntno":"MN670019009000001577","result":"ЗХУТ"} []
