[2022-07-22T11:06:06.154463+08:00] request.INFO: request {"acntno":"9000023691"} []
[2022-07-22T11:06:06.585755+08:00] response.INFO: response {"acntno":"9000023691","result":"ЭНХТУЯА ДАНЗАНБАЛЖИР"} []
[2022-07-22T11:06:13.808897+08:00] request.INFO: request {"acntno":"9000023691"} []
[2022-07-22T11:06:14.229868+08:00] response.INFO: response {"acntno":"9000023691","result":"ЭНХТУЯА ДАНЗАНБАЛЖИР"} []
[2022-07-22T11:06:15.821906+08:00] request.INFO: request {"acntno":"9000023691"} []
[2022-07-22T11:06:16.262722+08:00] response.INFO: response {"acntno":"9000023691","result":"ЭНХТУЯА ДАНЗАНБАЛЖИР"} []
[2022-07-22T11:06:21.432077+08:00] request.INFO: request {"acntno":"9000023691"} []
[2022-07-22T11:06:21.866166+08:00] response.INFO: response {"acntno":"9000023691","result":"ЭНХТУЯА ДАНЗАНБАЛЖИР"} []
[2022-07-22T11:11:42.185436+08:00] request.INFO: request {"acntno":"MN670019009000001577"} []
[2022-07-22T11:11:42.614840+08:00] response.INFO: response {"acntno":"MN670019009000001577","result":"ЗХУТ"} []
[2022-07-22T11:13:07.636767+08:00] request.INFO: request {"acntno":"*"} []
[2022-07-22T14:04:50.079460+08:00] request.INFO: request {"acntno":"MN670019009000001577"} []
[2022-07-22T14:04:50.511729+08:00] response.INFO: response {"acntno":"MN670019009000001577","result":"ЗХУТ"} []
[2022-07-22T14:04:54.682807+08:00] request.INFO: request {"acntno":"MN670019009000001577"} []
[2022-07-22T14:04:55.097934+08:00] response.INFO: response {"acntno":"MN670019009000001577","result":"ЗХУТ"} []
[2022-07-22T14:05:03.688707+08:00] request.INFO: request {"acntno":"MN670019009000001577"} []
[2022-07-22T14:05:04.106758+08:00] response.INFO: response {"acntno":"MN670019009000001577","result":"ЗХУТ"} []
[2022-07-22T14:12:48.829561+08:00] request.INFO: request {"acntno":"9000007387"} []
[2022-07-22T14:12:49.248945+08:00] response.INFO: response {"acntno":"9000007387","result":"УЯНГА БАТЗАЯА"} []
[2022-07-22T14:13:49.727274+08:00] request.INFO: request {"acntno":"9000007387"} []
[2022-07-22T14:13:50.155633+08:00] response.INFO: response {"acntno":"9000007387","result":"УЯНГА БАТЗАЯА"} []
[2022-07-22T14:13:53.740583+08:00] request.INFO: request {"acntno":"9000007387"} []
[2022-07-22T14:13:54.160282+08:00] response.INFO: response {"acntno":"9000007387","result":"УЯНГА БАТЗАЯА"} []
[2022-07-22T14:13:55.522126+08:00] request.INFO: request {"acntno":"9000007387"} []
[2022-07-22T14:13:55.939103+08:00] response.INFO: response {"acntno":"9000007387","result":"УЯНГА БАТЗАЯА"} []
[2022-07-22T14:13:59.808469+08:00] request.INFO: request {"acntno":"9000007387"} []
[2022-07-22T14:14:00.241823+08:00] response.INFO: response {"acntno":"9000007387","result":"УЯНГА БАТЗАЯА"} []
[2022-07-22T14:14:15.860558+08:00] request.INFO: request {"acntno":"9000007387"} []
[2022-07-22T14:14:16.285782+08:00] response.INFO: response {"acntno":"9000007387","result":"УЯНГА БАТЗАЯА"} []
[2022-07-22T14:14:54.409101+08:00] request.INFO: request {"acntno":"9000007387"} []
[2022-07-22T14:14:54.845081+08:00] response.INFO: response {"acntno":"9000007387","result":"УЯНГА БАТЗАЯА"} []
[2022-07-22T14:14:58.180891+08:00] request.INFO: request {"acntno":"9000007387"} []
[2022-07-22T14:14:58.602847+08:00] response.INFO: response {"acntno":"9000007387","result":"УЯНГА БАТЗАЯА"} []
[2022-07-22T14:15:59.759754+08:00] request.INFO: request {"acntno":"9000007387"} []
[2022-07-22T14:16:00.194127+08:00] response.INFO: response {"acntno":"9000007387","result":"УЯНГА БАТЗАЯА"} []
[2022-07-22T14:20:17.541430+08:00] request.INFO: request {"acntno":"9000007387"} []
[2022-07-22T14:20:17.966512+08:00] response.INFO: response {"acntno":"9000007387","result":"УЯНГА БАТЗАЯА"} []
[2022-07-22T14:20:23.056992+08:00] request.INFO: request {"acntno":"9000007387"} []
[2022-07-22T14:20:23.489662+08:00] response.INFO: response {"acntno":"9000007387","result":"УЯНГА БАТЗАЯА"} []
[2022-07-22T14:23:22.726528+08:00] request.INFO: request {"acntno":"*"} []
[2022-07-22T14:36:47.635611+08:00] request.INFO: request {"acntno":"9000007387"} []
[2022-07-22T14:36:48.061010+08:00] response.INFO: response {"acntno":"9000007387","result":"УЯНГА БАТЗАЯА"} []
[2022-07-22T15:04:01.916458+08:00] request.INFO: request {"acntno":"9000007387"} []
[2022-07-22T15:04:02.348462+08:00] response.INFO: response {"acntno":"9000007387","result":"УЯНГА БАТЗАЯА"} []
[2022-07-22T15:04:07.621926+08:00] request.INFO: request {"acntno":"9000007387"} []
[2022-07-22T15:04:08.052992+08:00] response.INFO: response {"acntno":"9000007387","result":"УЯНГА БАТЗАЯА"} []
[2022-07-22T15:04:09.308202+08:00] request.INFO: request {"acntno":"9000007387"} []
[2022-07-22T15:04:09.738511+08:00] response.INFO: response {"acntno":"9000007387","result":"УЯНГА БАТЗАЯА"} []
[2022-07-22T15:05:23.043999+08:00] request.INFO: request {"acntno":"MN670019009000001577"} []
[2022-07-22T15:05:23.475211+08:00] response.INFO: response {"acntno":"MN670019009000001577","result":"ЗХУТ"} []
[2022-07-22T15:06:35.595646+08:00] request.INFO: request {"acntno":"MN670019009000001577"} []
[2022-07-22T15:06:36.027883+08:00] response.INFO: response {"acntno":"MN670019009000001577","result":"ЗХУТ"} []
[2022-07-22T15:06:37.553581+08:00] request.INFO: request {"acntno":"MN670019009000001577"} []
[2022-07-22T15:06:37.965225+08:00] response.INFO: response {"acntno":"MN670019009000001577","result":"ЗХУТ"} []
[2022-07-22T15:06:40.773439+08:00] request.INFO: request {"acntno":"MN670019009000001577"} []
[2022-07-22T15:06:41.205545+08:00] response.INFO: response {"acntno":"MN670019009000001577","result":"ЗХУТ"} []
[2022-07-22T15:10:04.948150+08:00] request.INFO: request {"acntno":"9000007387"} []
[2022-07-22T15:10:05.371310+08:00] response.INFO: response {"acntno":"9000007387","result":"УЯНГА БАТЗАЯА"} []
[2022-07-22T15:10:14.388870+08:00] request.INFO: request {"acntno":"9000007387"} []
[2022-07-22T15:10:14.817455+08:00] response.INFO: response {"acntno":"9000007387","result":"УЯНГА БАТЗАЯА"} []
[2022-07-22T15:10:24.358296+08:00] request.INFO: request {"acntno":"9000007387"} []
[2022-07-22T15:10:24.777567+08:00] response.INFO: response {"acntno":"9000007387","result":"УЯНГА БАТЗАЯА"} []
[2022-07-22T15:10:26.007504+08:00] request.INFO: request {"acntno":"9000007387"} []
[2022-07-22T15:10:26.442578+08:00] response.INFO: response {"acntno":"9000007387","result":"УЯНГА БАТЗАЯА"} []
[2022-07-22T15:10:29.234979+08:00] request.INFO: request {"acntno":"9000007387"} []
[2022-07-22T15:10:29.654282+08:00] response.INFO: response {"acntno":"9000007387","result":"УЯНГА БАТЗАЯА"} []
[2022-07-22T15:21:50.753187+08:00] request.INFO: request {"acntno":"9000007387"} []
[2022-07-22T15:21:51.195137+08:00] response.INFO: response {"acntno":"9000007387","result":"УЯНГА БАТЗАЯА"} []
[2022-07-22T15:21:54.433745+08:00] request.INFO: request {"acntno":"9000007387"} []
[2022-07-22T15:21:54.859182+08:00] response.INFO: response {"acntno":"9000007387","result":"УЯНГА БАТЗАЯА"} []
[2022-07-22T15:21:56.014627+08:00] request.INFO: request {"acntno":"9000007387"} []
[2022-07-22T15:21:56.429632+08:00] response.INFO: response {"acntno":"9000007387","result":"УЯНГА БАТЗАЯА"} []
[2022-07-22T15:22:04.462223+08:00] request.INFO: request {"acntno":"9000007387"} []
[2022-07-22T15:22:04.882650+08:00] response.INFO: response {"acntno":"9000007387","result":"УЯНГА БАТЗАЯА"} []
[2022-07-22T15:22:06.180982+08:00] request.INFO: request {"acntno":"9000007387"} []
[2022-07-22T15:22:06.612436+08:00] response.INFO: response {"acntno":"9000007387","result":"УЯНГА БАТЗАЯА"} []
[2022-07-22T15:27:13.925841+08:00] request.INFO: request {"acntno":"MN670019009000001577"} []
[2022-07-22T15:27:14.376682+08:00] response.INFO: response {"acntno":"MN670019009000001577","result":"ЗХУТ"} []
[2022-07-22T15:27:15.831832+08:00] request.INFO: request {"acntno":"MN670019009000001577"} []
[2022-07-22T15:27:16.258296+08:00] response.INFO: response {"acntno":"MN670019009000001577","result":"ЗХУТ"} []
[2022-07-22T15:34:49.082809+08:00] request.INFO: request {"acntno":"9000004904"} []
[2022-07-22T15:34:49.561945+08:00] response.INFO: response {"acntno":"9000004904","result":"УЯНГА БАТЗАЯА"} []
[2022-07-22T15:34:59.050137+08:00] request.INFO: request {"acntno":"9000004904"} []
[2022-07-22T15:34:59.481900+08:00] response.INFO: response {"acntno":"9000004904","result":"УЯНГА БАТЗАЯА"} []
[2022-07-22T15:35:09.001207+08:00] request.INFO: request {"acntno":"9000001577"} []
[2022-07-22T15:35:09.439136+08:00] response.INFO: response {"acntno":"9000001577","result":"ЗХУТ"} []
[2022-07-22T15:35:13.798603+08:00] request.INFO: request {"acntno":"9000001577"} []
[2022-07-22T15:35:14.223157+08:00] response.INFO: response {"acntno":"9000001577","result":"ЗХУТ"} []
[2022-07-22T15:35:15.384841+08:00] request.INFO: request {"acntno":"9000001577"} []
[2022-07-22T15:35:15.849035+08:00] response.INFO: response {"acntno":"9000001577","result":"ЗХУТ"} []
[2022-07-22T15:35:26.136082+08:00] request.INFO: request {"acntno":"9000004904"} []
[2022-07-22T15:35:26.569034+08:00] response.INFO: response {"acntno":"9000004904","result":"УЯНГА БАТЗАЯА"} []
[2022-07-22T15:35:30.685585+08:00] request.INFO: request {"acntno":"9000004904"} []
[2022-07-22T15:35:31.117556+08:00] response.INFO: response {"acntno":"9000004904","result":"УЯНГА БАТЗАЯА"} []
[2022-07-22T15:35:35.408102+08:00] request.INFO: request {"acntno":"9000004904"} []
[2022-07-22T15:35:35.835581+08:00] response.INFO: response {"acntno":"9000004904","result":"УЯНГА БАТЗАЯА"} []
[2022-07-22T15:35:45.090296+08:00] request.INFO: request {"acntno":"9000004904"} []
[2022-07-22T15:35:45.523719+08:00] response.INFO: response {"acntno":"9000004904","result":"УЯНГА БАТЗАЯА"} []
[2022-07-22T15:35:46.856736+08:00] request.INFO: request {"acntno":"9000004904"} []
[2022-07-22T15:35:47.284521+08:00] response.INFO: response {"acntno":"9000004904","result":"УЯНГА БАТЗАЯА"} []
[2022-07-22T15:37:25.805888+08:00] request.INFO: request {"acntno":"MN460019009000007387"} []
[2022-07-22T15:37:26.239339+08:00] response.INFO: response {"acntno":"MN460019009000007387","result":"УЯНГА БАТЗАЯА"} []
[2022-07-22T15:37:44.448172+08:00] request.INFO: request {"acntno":"MN460019009000007387"} []
[2022-07-22T15:37:44.870224+08:00] response.INFO: response {"acntno":"MN460019009000007387","result":"УЯНГА БАТЗАЯА"} []
[2022-07-22T15:37:46.268558+08:00] request.INFO: request {"acntno":"MN460019009000007387"} []
[2022-07-22T15:37:46.701124+08:00] response.INFO: response {"acntno":"MN460019009000007387","result":"УЯНГА БАТЗАЯА"} []
[2022-07-22T15:38:13.689401+08:00] request.INFO: request {"acntno":"MN460019009000007387"} []
[2022-07-22T15:38:14.121061+08:00] response.INFO: response {"acntno":"MN460019009000007387","result":"УЯНГА БАТЗАЯА"} []
[2022-07-22T15:38:21.464249+08:00] request.INFO: request {"acntno":"MN460019009000007387"} []
[2022-07-22T15:38:21.888028+08:00] response.INFO: response {"acntno":"MN460019009000007387","result":"УЯНГА БАТЗАЯА"} []
[2022-07-22T15:38:23.217032+08:00] request.INFO: request {"acntno":"MN460019009000007387"} []
[2022-07-22T15:38:23.636334+08:00] response.INFO: response {"acntno":"MN460019009000007387","result":"УЯНГА БАТЗАЯА"} []
[2022-07-22T15:38:26.090657+08:00] request.INFO: request {"acntno":"MN460019009000007387"} []
[2022-07-22T15:38:26.522526+08:00] response.INFO: response {"acntno":"MN460019009000007387","result":"УЯНГА БАТЗАЯА"} []
[2022-07-22T15:38:54.594689+08:00] request.INFO: request {"acntno":"MN460019009000007387"} []
[2022-07-22T15:38:55.028081+08:00] response.INFO: response {"acntno":"MN460019009000007387","result":"УЯНГА БАТЗАЯА"} []
[2022-07-22T15:39:01.159445+08:00] request.INFO: request {"acntno":"MN460019009000007387"} []
[2022-07-22T15:39:01.590416+08:00] response.INFO: response {"acntno":"MN460019009000007387","result":"УЯНГА БАТЗАЯА"} []
[2022-07-22T15:39:02.515887+08:00] request.INFO: request {"acntno":"MN460019009000007387"} []
[2022-07-22T15:39:02.934606+08:00] response.INFO: response {"acntno":"MN460019009000007387","result":"УЯНГА БАТЗАЯА"} []
[2022-07-22T15:39:30.265273+08:00] request.INFO: request {"acntno":"MN460019009000007387"} []
[2022-07-22T15:39:30.696277+08:00] response.INFO: response {"acntno":"MN460019009000007387","result":"УЯНГА БАТЗАЯА"} []
[2022-07-22T15:41:56.513278+08:00] request.INFO: request {"acntno":"MN460019009000007387"} []
[2022-07-22T15:41:56.943253+08:00] response.INFO: response {"acntno":"MN460019009000007387","result":"УЯНГА БАТЗАЯА"} []
[2022-07-22T15:42:00.194713+08:00] request.INFO: request {"acntno":"MN460019009000007387"} []
[2022-07-22T15:42:00.617641+08:00] response.INFO: response {"acntno":"MN460019009000007387","result":"УЯНГА БАТЗАЯА"} []
[2022-07-22T15:42:01.917417+08:00] request.INFO: request {"acntno":"MN460019009000007387"} []
[2022-07-22T15:42:02.352445+08:00] response.INFO: response {"acntno":"MN460019009000007387","result":"УЯНГА БАТЗАЯА"} []
[2022-07-22T15:42:04.893316+08:00] request.INFO: request {"acntno":"MN460019009000007387"} []
[2022-07-22T15:42:05.310250+08:00] response.INFO: response {"acntno":"MN460019009000007387","result":"УЯНГА БАТЗАЯА"} []
[2022-07-22T16:15:22.279374+08:00] request.INFO: request {"acntno":"MN670019009000001577"} []
[2022-07-22T16:15:22.710928+08:00] response.INFO: response {"acntno":"MN670019009000001577","result":"ЗХУТ"} []
[2022-07-22T16:18:04.170969+08:00] request.INFO: request {"acntno":"*"} []
[2022-07-22T16:32:51.035075+08:00] request.INFO: request {"acntno":"MN220019009000001708"} []
[2022-07-22T16:32:51.456084+08:00] response.INFO: response {"acntno":"MN220019009000001708","result":"БАНЗРАГЧ ВАНДАНСҮРЭН"} []
[2022-07-22T16:32:52.407133+08:00] request.INFO: request {"acntno":"MN220019009000001708"} []
[2022-07-22T16:32:52.832548+08:00] response.INFO: response {"acntno":"MN220019009000001708","result":"БАНЗРАГЧ ВАНДАНСҮРЭН"} []
[2022-07-22T16:32:54.414462+08:00] request.INFO: request {"acntno":"MN220019009000001708"} []
[2022-07-22T16:32:54.842671+08:00] response.INFO: response {"acntno":"MN220019009000001708","result":"БАНЗРАГЧ ВАНДАНСҮРЭН"} []
[2022-07-22T17:12:25.374041+08:00] request.INFO: request {"acntno":"9000007387"} []
[2022-07-22T17:12:25.806102+08:00] response.INFO: response {"acntno":"9000007387","result":"УЯНГА БАТЗАЯА"} []
[2022-07-22T17:12:31.684847+08:00] request.INFO: request {"acntno":"9000007387"} []
[2022-07-22T17:12:32.102487+08:00] response.INFO: response {"acntno":"9000007387","result":"УЯНГА БАТЗАЯА"} []
[2022-07-22T17:12:33.366066+08:00] request.INFO: request {"acntno":"9000007387"} []
[2022-07-22T17:12:33.791466+08:00] response.INFO: response {"acntno":"9000007387","result":"УЯНГА БАТЗАЯА"} []
[2022-07-22T17:12:38.858048+08:00] request.INFO: request {"acntno":"9000007387"} []
[2022-07-22T17:12:39.282552+08:00] response.INFO: response {"acntno":"9000007387","result":"УЯНГА БАТЗАЯА"} []
[2022-07-22T17:12:51.793517+08:00] request.INFO: request {"acntno":"9000007387"} []
[2022-07-22T17:12:52.206567+08:00] response.INFO: response {"acntno":"9000007387","result":"УЯНГА БАТЗАЯА"} []
[2022-07-22T17:12:54.189826+08:00] request.INFO: request {"acntno":"9000007387"} []
[2022-07-22T17:12:54.624297+08:00] response.INFO: response {"acntno":"9000007387","result":"УЯНГА БАТЗАЯА"} []
[2022-07-22T17:51:12.979343+08:00] request.INFO: request {"acntno":"9000003614"} []
[2022-07-22T17:51:13.448166+08:00] response.INFO: response {"acntno":"9000003614","result":"БАЗАРМАА РАДНААБАЗАР"} []
[2022-07-22T17:51:22.410355+08:00] request.INFO: request {"acntno":"9000003614"} []
[2022-07-22T17:51:22.828293+08:00] response.INFO: response {"acntno":"9000003614","result":"БАЗАРМАА РАДНААБАЗАР"} []
[2022-07-22T17:51:26.826085+08:00] request.INFO: request {"acntno":"9000003614"} []
[2022-07-22T17:51:27.249483+08:00] response.INFO: response {"acntno":"9000003614","result":"БАЗАРМАА РАДНААБАЗАР"} []
[2022-07-22T17:51:33.734398+08:00] request.INFO: request {"acntno":"9000003614"} []
[2022-07-22T17:51:34.170906+08:00] response.INFO: response {"acntno":"9000003614","result":"БАЗАРМАА РАДНААБАЗАР"} []
[2022-07-22T18:25:24.407690+08:00] request.INFO: request {"acntno":"*"} []
[2022-07-22T18:29:37.347249+08:00] request.INFO: request {"acntno":"MN670019009000001577"} []
[2022-07-22T18:29:37.777534+08:00] response.INFO: response {"acntno":"MN670019009000001577","result":"ЗХУТ"} []
[2022-07-22T18:43:54.026676+08:00] request.INFO: request {"acntno":"9000001577"} []
[2022-07-22T18:43:54.458939+08:00] response.INFO: response {"acntno":"9000001577","result":"ЗХУТ"} []
[2022-07-22T18:43:56.694247+08:00] request.INFO: request {"acntno":"9000001577"} []
[2022-07-22T18:43:57.111299+08:00] response.INFO: response {"acntno":"9000001577","result":"ЗХУТ"} []
[2022-07-22T18:43:58.301047+08:00] request.INFO: request {"acntno":"9000001577"} []
[2022-07-22T18:43:58.732237+08:00] response.INFO: response {"acntno":"9000001577","result":"ЗХУТ"} []
[2022-07-22T18:44:01.806305+08:00] request.INFO: request {"acntno":"9000001577"} []
[2022-07-22T18:44:02.236290+08:00] response.INFO: response {"acntno":"9000001577","result":"ЗХУТ"} []
