[2022-07-18T10:50:25.324248+08:00] request.INFO: request {"acntno":"MN670019009000001577"} []
[2022-07-18T10:50:25.895276+08:00] response.INFO: response {"acntno":"MN670019009000001577","result":"ЗХУТ"} []
[2022-07-18T10:50:41.320302+08:00] request.INFO: request {"acntno":"MN670019009000001577"} []
[2022-07-18T10:50:41.763533+08:00] response.INFO: response {"acntno":"MN670019009000001577","result":"ЗХУТ"} []
[2022-07-18T11:33:11.552466+08:00] request.INFO: request {"acntno":"MN670019009000001577"} []
[2022-07-18T11:33:12.036036+08:00] response.INFO: response {"acntno":"MN670019009000001577","result":"ЗХУТ"} []
[2022-07-18T11:33:14.700778+08:00] request.INFO: request {"acntno":"MN670019009000001577"} []
[2022-07-18T11:33:15.148510+08:00] response.INFO: response {"acntno":"MN670019009000001577","result":"ЗХУТ"} []
[2022-07-18T11:33:17.548238+08:00] request.INFO: request {"acntno":"MN670019009000001577"} []
[2022-07-18T11:33:17.984759+08:00] response.INFO: response {"acntno":"MN670019009000001577","result":"ЗХУТ"} []
[2022-07-18T11:43:29.806771+08:00] request.INFO: request {"acntno":"*"} []
[2022-07-18T14:39:42.346324+08:00] request.INFO: request {"acntno":"*"} []
[2022-07-18T15:18:05.976795+08:00] request.INFO: request {"acntno":"9000007387"} []
[2022-07-18T15:18:06.512473+08:00] response.INFO: response {"acntno":"9000007387","result":"УЯНГА БАТЗАЯА"} []
[2022-07-18T15:18:21.495916+08:00] request.INFO: request {"acntno":"9000007387"} []
[2022-07-18T15:18:21.926843+08:00] response.INFO: response {"acntno":"9000007387","result":"УЯНГА БАТЗАЯА"} []
[2022-07-18T15:18:24.131823+08:00] request.INFO: request {"acntno":"9000007387"} []
[2022-07-18T15:18:24.581342+08:00] response.INFO: response {"acntno":"9000007387","result":"УЯНГА БАТЗАЯА"} []
[2022-07-18T15:34:08.258629+08:00] request.INFO: request {"acntno":"9000007387"} []
[2022-07-18T15:34:08.684992+08:00] response.INFO: response {"acntno":"9000007387","result":"УЯНГА БАТЗАЯА"} []
[2022-07-18T15:34:14.246697+08:00] request.INFO: request {"acntno":"9000007387"} []
[2022-07-18T15:34:14.694363+08:00] response.INFO: response {"acntno":"9000007387","result":"УЯНГА БАТЗАЯА"} []
[2022-07-18T15:34:15.844316+08:00] request.INFO: request {"acntno":"9000007387"} []
[2022-07-18T15:34:16.303879+08:00] response.INFO: response {"acntno":"9000007387","result":"УЯНГА БАТЗАЯА"} []
[2022-07-18T16:17:14.743510+08:00] request.INFO: request {"acntno":"wqe"} []
[2022-07-18T16:17:21.955715+08:00] request.INFO: request {"acntno":"123123123"} []
[2022-07-18T16:17:49.034025+08:00] request.INFO: request {"acntno":"9000023926"} []
[2022-07-18T16:17:49.505062+08:00] response.INFO: response {"acntno":"9000023926","result":"ЭНХТУЯА ДАНЗАНБАЛЖИР"} []
[2022-07-18T16:18:16.533780+08:00] request.INFO: request {"acntno":"9000023926"} []
[2022-07-18T16:18:16.962099+08:00] response.INFO: response {"acntno":"9000023926","result":"ЭНХТУЯА ДАНЗАНБАЛЖИР"} []
[2022-07-18T16:18:23.135152+08:00] request.INFO: request {"acntno":"9000023926"} []
[2022-07-18T16:18:23.556543+08:00] response.INFO: response {"acntno":"9000023926","result":"ЭНХТУЯА ДАНЗАНБАЛЖИР"} []
[2022-07-18T18:00:35.295054+08:00] request.INFO: request {"acntno":"9000007387"} []
[2022-07-18T18:00:35.721362+08:00] response.INFO: response {"acntno":"9000007387","result":"УЯНГА БАТЗАЯА"} []
[2022-07-18T18:00:39.382835+08:00] request.INFO: request {"acntno":"9000007387"} []
[2022-07-18T18:00:39.807461+08:00] response.INFO: response {"acntno":"9000007387","result":"УЯНГА БАТЗАЯА"} []
[2022-07-18T18:00:41.242626+08:00] request.INFO: request {"acntno":"9000007387"} []
[2022-07-18T18:00:41.675431+08:00] response.INFO: response {"acntno":"9000007387","result":"УЯНГА БАТЗАЯА"} []
