[2022-08-23T08:21:55.465347+08:00] request.INFO: request {"acntno":"*"} []
[2022-08-23T08:22:01.868572+08:00] request.INFO: request {"acntno":"*"} []
[2022-08-23T08:22:09.377603+08:00] request.INFO: request {"acntno":"*"} []
[2022-08-23T09:33:21.676591+08:00] request.INFO: request {"acntno":"2201000627"} []
[2022-08-23T09:33:22.132381+08:00] response.INFO: response {"acntno":"2201000627","result":"БАНЗРАГЧ ВАНДАНСҮРЭН"} []
[2022-08-23T10:08:29.639717+08:00] request.INFO: request {"acntno":"MN670019009000001577"} []
[2022-08-23T10:08:30.106020+08:00] response.INFO: response {"acntno":"MN670019009000001577","result":"ЗХУТ"} []
[2022-08-23T10:08:31.725854+08:00] request.INFO: request {"acntno":"MN670019009000001577"} []
[2022-08-23T10:08:32.152728+08:00] response.INFO: response {"acntno":"MN670019009000001577","result":"ЗХУТ"} []
[2022-08-23T10:09:23.722372+08:00] request.INFO: request {"acntno":"*"} []
[2022-08-23T10:25:00.042669+08:00] request.INFO: request {"acntno":"MN220019009000001708"} []
[2022-08-23T10:25:00.484274+08:00] response.INFO: response {"acntno":"MN220019009000001708","result":"БАНЗРАГЧ ВАНДАНСҮРЭН"} []
[2022-08-23T10:55:51.932070+08:00] request.INFO: request {"acntno":"*"} []
[2022-08-23T11:09:12.760091+08:00] request.INFO: request {"acntno":"*"} []
[2022-08-23T11:19:57.881991+08:00] request.INFO: request {"acntno":"*"} []
[2022-08-23T11:22:16.551982+08:00] request.INFO: request {"acntno":"MN780019009000001573"} []
[2022-08-23T11:22:16.966504+08:00] response.INFO: response {"acntno":"MN780019009000001573","result":"ЗАМЫН ЦАГДАА"} []
[2022-08-23T11:22:18.634913+08:00] request.INFO: request {"acntno":"MN780019009000001573"} []
[2022-08-23T11:22:19.047185+08:00] response.INFO: response {"acntno":"MN780019009000001573","result":"ЗАМЫН ЦАГДАА"} []
[2022-08-23T11:22:25.884087+08:00] request.INFO: request {"acntno":"MN780019009000001573"} []
[2022-08-23T11:22:26.304123+08:00] response.INFO: response {"acntno":"MN780019009000001573","result":"ЗАМЫН ЦАГДАА"} []
[2022-08-23T11:22:33.892832+08:00] request.INFO: request {"acntno":"MN780019009000001573"} []
[2022-08-23T11:22:34.312641+08:00] response.INFO: response {"acntno":"MN780019009000001573","result":"ЗАМЫН ЦАГДАА"} []
[2022-08-23T11:30:20.879923+08:00] request.INFO: request {"acntno":"*"} []
[2022-08-23T11:33:02.040150+08:00] request.INFO: request {"acntno":"*"} []
[2022-08-23T11:43:15.402224+08:00] request.INFO: request {"acntno":"*"} []
[2022-08-23T11:46:05.250393+08:00] request.INFO: request {"acntno":"*"} []
[2022-08-23T11:47:33.819625+08:00] request.INFO: request {"acntno":"*"} []
[2022-08-23T11:47:34.710387+08:00] request.INFO: request {"acntno":"*"} []
[2022-08-23T11:48:16.593657+08:00] request.INFO: request {"acntno":"*"} []
[2022-08-23T13:17:17.603300+08:00] request.INFO: request {"acntno":"*"} []
[2022-08-23T13:25:28.786127+08:00] request.INFO: request {"acntno":"*"} []
[2022-08-23T15:02:23.594394+08:00] request.INFO: request {"acntno":"9000007387"} []
[2022-08-23T15:02:24.033688+08:00] response.INFO: response {"acntno":"9000007387","result":"УЯНГА БАТЗАЯА"} []
[2022-08-23T15:03:07.356485+08:00] request.INFO: request {"acntno":"MN460019009000007387"} []
[2022-08-23T15:03:07.782539+08:00] response.INFO: response {"acntno":"MN460019009000007387","result":"УЯНГА БАТЗАЯА"} []
[2022-08-23T15:31:28.421752+08:00] request.INFO: request {"acntno":"MN670019009000001577"} []
[2022-08-23T15:31:28.849304+08:00] response.INFO: response {"acntno":"MN670019009000001577","result":"ЗХУТ"} []
[2022-08-23T15:31:30.062191+08:00] request.INFO: request {"acntno":"MN670019009000001577"} []
[2022-08-23T15:31:30.480614+08:00] response.INFO: response {"acntno":"MN670019009000001577","result":"ЗХУТ"} []
[2022-08-23T17:22:08.896735+08:00] request.INFO: request {"acntno":"9000003614"} []
[2022-08-23T17:22:09.334968+08:00] response.INFO: response {"acntno":"9000003614","result":"БАЗАРМАА РАДНААБАЗАР"} []
[2022-08-23T17:22:14.786442+08:00] request.INFO: request {"acntno":"9000003614"} []
[2022-08-23T17:22:15.217558+08:00] response.INFO: response {"acntno":"9000003614","result":"БАЗАРМАА РАДНААБАЗАР"} []
[2022-08-23T17:22:25.241090+08:00] request.INFO: request {"acntno":"9000003614"} []
[2022-08-23T17:22:25.677255+08:00] response.INFO: response {"acntno":"9000003614","result":"БАЗАРМАА РАДНААБАЗАР"} []
[2022-08-23T17:22:28.859929+08:00] request.INFO: request {"acntno":"9000003614"} []
[2022-08-23T17:22:29.277649+08:00] response.INFO: response {"acntno":"9000003614","result":"БАЗАРМАА РАДНААБАЗАР"} []
[2022-08-23T17:22:36.206320+08:00] request.INFO: request {"acntno":"9"} []
[2022-08-23T17:22:43.691018+08:00] request.INFO: request {"acntno":"900003614"} []
[2022-08-23T17:22:49.880587+08:00] request.INFO: request {"acntno":"9000003614"} []
[2022-08-23T17:22:50.295275+08:00] response.INFO: response {"acntno":"9000003614","result":"БАЗАРМАА РАДНААБАЗАР"} []
[2022-08-23T17:22:54.868810+08:00] request.INFO: request {"acntno":"9000003614"} []
[2022-08-23T17:22:55.285052+08:00] response.INFO: response {"acntno":"9000003614","result":"БАЗАРМАА РАДНААБАЗАР"} []
[2022-08-23T17:22:56.880658+08:00] request.INFO: request {"acntno":"9000003614"} []
[2022-08-23T17:22:57.294990+08:00] response.INFO: response {"acntno":"9000003614","result":"БАЗАРМАА РАДНААБАЗАР"} []
