[2022-08-21T14:08:58.088463+08:00] request.INFO: request {"acntno":"*"} []
[2022-08-21T16:48:42.159141+08:00] request.INFO: request {"acntno":"9000007387"} []
[2022-08-21T16:48:42.611000+08:00] response.INFO: response {"acntno":"9000007387","result":"УЯНГА БАТЗАЯА"} []
[2022-08-21T16:48:59.120592+08:00] request.INFO: request {"acntno":"9000007387"} []
[2022-08-21T16:48:59.578419+08:00] response.INFO: response {"acntno":"9000007387","result":"УЯНГА БАТЗАЯА"} []
[2022-08-21T16:49:10.743629+08:00] request.INFO: request {"acntno":"9000007387"} []
[2022-08-21T16:49:11.167403+08:00] response.INFO: response {"acntno":"9000007387","result":"УЯНГА БАТЗАЯА"} []
[2022-08-21T16:49:37.278052+08:00] request.INFO: request {"acntno":"9000007387"} []
[2022-08-21T16:49:37.716325+08:00] response.INFO: response {"acntno":"9000007387","result":"УЯНГА БАТЗАЯА"} []
[2022-08-21T16:49:48.769187+08:00] request.INFO: request {"acntno":"9000007387"} []
[2022-08-21T16:49:49.202893+08:00] response.INFO: response {"acntno":"9000007387","result":"УЯНГА БАТЗАЯА"} []
[2022-08-21T16:49:50.739281+08:00] request.INFO: request {"acntno":"9000007387"} []
[2022-08-21T16:49:51.165034+08:00] response.INFO: response {"acntno":"9000007387","result":"УЯНГА БАТЗАЯА"} []
[2022-08-21T16:49:55.956492+08:00] request.INFO: request {"acntno":"9000007387"} []
[2022-08-21T16:49:56.437244+08:00] response.INFO: response {"acntno":"9000007387","result":"УЯНГА БАТЗАЯА"} []
[2022-08-21T16:50:16.885686+08:00] request.INFO: request {"acntno":"9000007387"} []
[2022-08-21T16:50:17.301921+08:00] response.INFO: response {"acntno":"9000007387","result":"УЯНГА БАТЗАЯА"} []
[2022-08-21T16:50:34.279681+08:00] request.INFO: request {"acntno":"9000007387"} []
[2022-08-21T16:50:34.703178+08:00] response.INFO: response {"acntno":"9000007387","result":"УЯНГА БАТЗАЯА"} []
[2022-08-21T16:50:38.463814+08:00] request.INFO: request {"acntno":"9000007387"} []
[2022-08-21T16:50:38.896092+08:00] response.INFO: response {"acntno":"9000007387","result":"УЯНГА БАТЗАЯА"} []
[2022-08-21T16:50:46.448914+08:00] request.INFO: request {"acntno":"9000007387"} []
[2022-08-21T16:50:46.877627+08:00] response.INFO: response {"acntno":"9000007387","result":"УЯНГА БАТЗАЯА"} []
[2022-08-21T16:50:57.649862+08:00] request.INFO: request {"acntno":"9000007387"} []
[2022-08-21T16:50:58.079492+08:00] response.INFO: response {"acntno":"9000007387","result":"УЯНГА БАТЗАЯА"} []
[2022-08-21T16:51:04.227806+08:00] request.INFO: request {"acntno":"9000007387"} []
[2022-08-21T16:51:04.647993+08:00] response.INFO: response {"acntno":"9000007387","result":"УЯНГА БАТЗАЯА"} []
[2022-08-21T16:51:08.233586+08:00] request.INFO: request {"acntno":"9000007387"} []
[2022-08-21T16:51:08.666080+08:00] response.INFO: response {"acntno":"9000007387","result":"УЯНГА БАТЗАЯА"} []
[2022-08-21T16:51:54.575292+08:00] request.INFO: request {"acntno":"9000007387"} []
[2022-08-21T16:51:55.015504+08:00] response.INFO: response {"acntno":"9000007387","result":"УЯНГА БАТЗАЯА"} []
[2022-08-21T16:52:17.045485+08:00] request.INFO: request {"acntno":"MN460019009000007387"} []
[2022-08-21T16:52:17.501549+08:00] response.INFO: response {"acntno":"MN460019009000007387","result":"УЯНГА БАТЗАЯА"} []
[2022-08-21T16:52:24.995558+08:00] request.INFO: request {"acntno":"MN460019009000007387"} []
[2022-08-21T16:52:25.419112+08:00] response.INFO: response {"acntno":"MN460019009000007387","result":"УЯНГА БАТЗАЯА"} []
[2022-08-21T16:52:29.444721+08:00] request.INFO: request {"acntno":"MN460019009000007387"} []
[2022-08-21T16:52:29.869968+08:00] response.INFO: response {"acntno":"MN460019009000007387","result":"УЯНГА БАТЗАЯА"} []
[2022-08-21T16:52:56.454010+08:00] request.INFO: request {"acntno":"MN460019009000007387"} []
[2022-08-21T16:52:56.882282+08:00] response.INFO: response {"acntno":"MN460019009000007387","result":"УЯНГА БАТЗАЯА"} []
[2022-08-21T16:53:24.902967+08:00] request.INFO: request {"acntno":"MN460019009000007387"} []
[2022-08-21T16:53:25.323579+08:00] response.INFO: response {"acntno":"MN460019009000007387","result":"УЯНГА БАТЗАЯА"} []
[2022-08-21T16:53:27.137353+08:00] request.INFO: request {"acntno":"MN460019009000007387"} []
[2022-08-21T16:53:27.551250+08:00] response.INFO: response {"acntno":"MN460019009000007387","result":"УЯНГА БАТЗАЯА"} []
[2022-08-21T16:53:37.214576+08:00] request.INFO: request {"acntno":"MN460019009000007387"} []
[2022-08-21T16:53:37.647556+08:00] response.INFO: response {"acntno":"MN460019009000007387","result":"УЯНГА БАТЗАЯА"} []
[2022-08-21T16:53:46.023143+08:00] request.INFO: request {"acntno":"MN460019009000007387"} []
[2022-08-21T16:53:46.452328+08:00] response.INFO: response {"acntno":"MN460019009000007387","result":"УЯНГА БАТЗАЯА"} []
[2022-08-21T16:53:48.364652+08:00] request.INFO: request {"acntno":"MN460019009000007387"} []
[2022-08-21T16:53:48.790776+08:00] response.INFO: response {"acntno":"MN460019009000007387","result":"УЯНГА БАТЗАЯА"} []
[2022-08-21T16:53:55.656528+08:00] request.INFO: request {"acntno":"MN460019009000007387"} []
[2022-08-21T16:53:56.075672+08:00] response.INFO: response {"acntno":"MN460019009000007387","result":"УЯНГА БАТЗАЯА"} []
[2022-08-21T16:54:09.803858+08:00] request.INFO: request {"acntno":"MN460019009000007387"} []
[2022-08-21T16:54:10.229722+08:00] response.INFO: response {"acntno":"MN460019009000007387","result":"УЯНГА БАТЗАЯА"} []
[2022-08-21T16:54:20.832436+08:00] request.INFO: request {"acntno":"MN460019009000007387"} []
[2022-08-21T16:54:21.259150+08:00] response.INFO: response {"acntno":"MN460019009000007387","result":"УЯНГА БАТЗАЯА"} []
[2022-08-21T16:54:22.754790+08:00] request.INFO: request {"acntno":"MN460019009000007387"} []
[2022-08-21T16:54:23.183882+08:00] response.INFO: response {"acntno":"MN460019009000007387","result":"УЯНГА БАТЗАЯА"} []
[2022-08-21T16:54:50.635865+08:00] request.INFO: request {"acntno":"MN460019009000007387"} []
[2022-08-21T16:54:51.078095+08:00] response.INFO: response {"acntno":"MN460019009000007387","result":"УЯНГА БАТЗАЯА"} []
[2022-08-21T16:57:45.601797+08:00] request.INFO: request {"acntno":"MN460019009000007387"} []
[2022-08-21T16:57:46.027537+08:00] response.INFO: response {"acntno":"MN460019009000007387","result":"УЯНГА БАТЗАЯА"} []
[2022-08-21T16:58:01.911752+08:00] request.INFO: request {"acntno":"MN460019009000007387"} []
[2022-08-21T16:58:02.336078+08:00] response.INFO: response {"acntno":"MN460019009000007387","result":"УЯНГА БАТЗАЯА"} []
[2022-08-21T16:58:20.572191+08:00] request.INFO: request {"acntno":"MN460019009000007387"} []
[2022-08-21T16:58:20.991306+08:00] response.INFO: response {"acntno":"MN460019009000007387","result":"УЯНГА БАТЗАЯА"} []
[2022-08-21T17:11:49.013449+08:00] request.INFO: request {"acntno":"*"} []
[2022-08-21T17:16:49.885181+08:00] request.INFO: request {"acntno":"*"} []
[2022-08-21T17:22:54.304628+08:00] request.INFO: request {"acntno":"*"} []
[2022-08-21T17:30:48.270891+08:00] request.INFO: request {"acntno":"9000007387"} []
[2022-08-21T17:30:48.697766+08:00] response.INFO: response {"acntno":"9000007387","result":"УЯНГА БАТЗАЯА"} []
[2022-08-21T17:30:51.150500+08:00] request.INFO: request {"acntno":"9000007387"} []
[2022-08-21T17:30:51.573977+08:00] response.INFO: response {"acntno":"9000007387","result":"УЯНГА БАТЗАЯА"} []
[2022-08-21T17:30:52.986336+08:00] request.INFO: request {"acntno":"9000007387"} []
[2022-08-21T17:30:53.411523+08:00] response.INFO: response {"acntno":"9000007387","result":"УЯНГА БАТЗАЯА"} []
[2022-08-21T17:30:55.707138+08:00] request.INFO: request {"acntno":"9000007387"} []
[2022-08-21T17:30:56.128072+08:00] response.INFO: response {"acntno":"9000007387","result":"УЯНГА БАТЗАЯА"} []
[2022-08-21T18:09:42.094906+08:00] request.INFO: request {"acntno":"220300008588"} []
[2022-08-21T18:09:48.124033+08:00] request.INFO: request {"acntno":"9000007387"} []
[2022-08-21T18:09:48.544325+08:00] response.INFO: response {"acntno":"9000007387","result":"УЯНГА БАТЗАЯА"} []
[2022-08-21T18:13:07.272739+08:00] request.INFO: request {"acntno":"MN460019009000007387"} []
[2022-08-21T18:13:07.703944+08:00] response.INFO: response {"acntno":"MN460019009000007387","result":"УЯНГА БАТЗАЯА"} []
[2022-08-21T18:13:17.684159+08:00] request.INFO: request {"acntno":"MN460019009000007387"} []
[2022-08-21T18:13:18.101304+08:00] response.INFO: response {"acntno":"MN460019009000007387","result":"УЯНГА БАТЗАЯА"} []
[2022-08-21T18:58:42.070046+08:00] request.INFO: request {"acntno":"9000007387"} []
[2022-08-21T18:58:42.521613+08:00] response.INFO: response {"acntno":"9000007387","result":"УЯНГА БАТЗАЯА"} []
[2022-08-21T18:58:46.272908+08:00] request.INFO: request {"acntno":"9000007387"} []
[2022-08-21T18:58:46.709324+08:00] response.INFO: response {"acntno":"9000007387","result":"УЯНГА БАТЗАЯА"} []
[2022-08-21T18:58:48.213100+08:00] request.INFO: request {"acntno":"9000007387"} []
[2022-08-21T18:58:48.634855+08:00] response.INFO: response {"acntno":"9000007387","result":"УЯНГА БАТЗАЯА"} []
[2022-08-21T18:59:11.004926+08:00] request.INFO: request {"acntno":"9000007387"} []
[2022-08-21T18:59:11.432685+08:00] response.INFO: response {"acntno":"9000007387","result":"УЯНГА БАТЗАЯА"} []
[2022-08-21T18:59:23.477352+08:00] request.INFO: request {"acntno":"9000007387"} []
[2022-08-21T18:59:23.914923+08:00] response.INFO: response {"acntno":"9000007387","result":"УЯНГА БАТЗАЯА"} []
[2022-08-21T18:59:25.076490+08:00] request.INFO: request {"acntno":"9000007387"} []
[2022-08-21T18:59:25.505425+08:00] response.INFO: response {"acntno":"9000007387","result":"УЯНГА БАТЗАЯА"} []
[2022-08-21T18:59:28.745224+08:00] request.INFO: request {"acntno":"9000007387"} []
[2022-08-21T18:59:29.169978+08:00] response.INFO: response {"acntno":"9000007387","result":"УЯНГА БАТЗАЯА"} []
[2022-08-21T18:59:55.283774+08:00] request.INFO: request {"acntno":"9000007387"} []
[2022-08-21T18:59:55.699572+08:00] response.INFO: response {"acntno":"9000007387","result":"УЯНГА БАТЗАЯА"} []
[2022-08-21T19:00:05.888539+08:00] request.INFO: request {"acntno":"9000007387"} []
[2022-08-21T19:00:06.304740+08:00] response.INFO: response {"acntno":"9000007387","result":"УЯНГА БАТЗАЯА"} []
[2022-08-21T19:00:07.435605+08:00] request.INFO: request {"acntno":"9000007387"} []
[2022-08-21T19:00:07.858081+08:00] response.INFO: response {"acntno":"9000007387","result":"УЯНГА БАТЗАЯА"} []
[2022-08-21T19:00:53.204507+08:00] request.INFO: request {"acntno":"9000007387"} []
[2022-08-21T19:00:53.621950+08:00] response.INFO: response {"acntno":"9000007387","result":"УЯНГА БАТЗАЯА"} []
[2022-08-21T19:01:04.336202+08:00] request.INFO: request {"acntno":"9000007387"} []
[2022-08-21T19:01:04.761034+08:00] response.INFO: response {"acntno":"9000007387","result":"УЯНГА БАТЗАЯА"} []
[2022-08-21T19:01:20.656368+08:00] request.INFO: request {"acntno":"9000007387"} []
[2022-08-21T19:01:21.099951+08:00] response.INFO: response {"acntno":"9000007387","result":"УЯНГА БАТЗАЯА"} []
[2022-08-21T19:01:42.989434+08:00] request.INFO: request {"acntno":"9000007387"} []
[2022-08-21T19:01:43.416843+08:00] response.INFO: response {"acntno":"9000007387","result":"УЯНГА БАТЗАЯА"} []
[2022-08-21T19:01:44.679438+08:00] request.INFO: request {"acntno":"9000007387"} []
[2022-08-21T19:01:45.120438+08:00] response.INFO: response {"acntno":"9000007387","result":"УЯНГА БАТЗАЯА"} []
[2022-08-21T19:01:52.739785+08:00] request.INFO: request {"acntno":"9000007387"} []
[2022-08-21T19:01:53.164492+08:00] response.INFO: response {"acntno":"9000007387","result":"УЯНГА БАТЗАЯА"} []
[2022-08-21T19:02:12.351651+08:00] request.INFO: request {"acntno":"MN460019009000007387"} []
[2022-08-21T19:02:12.771205+08:00] response.INFO: response {"acntno":"MN460019009000007387","result":"УЯНГА БАТЗАЯА"} []
[2022-08-21T19:02:20.105323+08:00] request.INFO: request {"acntno":"MN460019009000007387"} []
[2022-08-21T19:02:20.535467+08:00] response.INFO: response {"acntno":"MN460019009000007387","result":"УЯНГА БАТЗАЯА"} []
[2022-08-21T19:02:21.598920+08:00] request.INFO: request {"acntno":"MN460019009000007387"} []
[2022-08-21T19:02:22.033478+08:00] response.INFO: response {"acntno":"MN460019009000007387","result":"УЯНГА БАТЗАЯА"} []
[2022-08-21T19:02:24.143339+08:00] request.INFO: request {"acntno":"MN460019009000007387"} []
[2022-08-21T19:02:24.560074+08:00] response.INFO: response {"acntno":"MN460019009000007387","result":"УЯНГА БАТЗАЯА"} []
[2022-08-21T19:02:32.806824+08:00] request.INFO: request {"acntno":"MN460019009000007387"} []
[2022-08-21T19:02:33.221117+08:00] response.INFO: response {"acntno":"MN460019009000007387","result":"УЯНГА БАТЗАЯА"} []
[2022-08-21T19:02:38.077608+08:00] request.INFO: request {"acntno":"MN460019009000007387"} []
[2022-08-21T19:02:38.513802+08:00] response.INFO: response {"acntno":"MN460019009000007387","result":"УЯНГА БАТЗАЯА"} []
[2022-08-21T19:02:40.245590+08:00] request.INFO: request {"acntno":"MN460019009000007387"} []
[2022-08-21T19:02:40.661831+08:00] response.INFO: response {"acntno":"MN460019009000007387","result":"УЯНГА БАТЗАЯА"} []
[2022-08-21T19:03:26.945346+08:00] request.INFO: request {"acntno":"MN460019009000007387"} []
[2022-08-21T19:03:27.376666+08:00] response.INFO: response {"acntno":"MN460019009000007387","result":"УЯНГА БАТЗАЯА"} []
[2022-08-21T19:03:30.918649+08:00] request.INFO: request {"acntno":"MN460019009000007387"} []
[2022-08-21T19:03:31.355737+08:00] response.INFO: response {"acntno":"MN460019009000007387","result":"УЯНГА БАТЗАЯА"} []
[2022-08-21T19:03:32.460488+08:00] request.INFO: request {"acntno":"MN460019009000007387"} []
[2022-08-21T19:03:32.872772+08:00] response.INFO: response {"acntno":"MN460019009000007387","result":"УЯНГА БАТЗАЯА"} []
[2022-08-21T19:03:41.676984+08:00] request.INFO: request {"acntno":"MN460019009000007387"} []
[2022-08-21T19:03:42.096754+08:00] response.INFO: response {"acntno":"MN460019009000007387","result":"УЯНГА БАТЗАЯА"} []
[2022-08-21T19:03:45.364160+08:00] request.INFO: request {"acntno":"MN460019009000007387"} []
[2022-08-21T19:03:45.801053+08:00] response.INFO: response {"acntno":"MN460019009000007387","result":"УЯНГА БАТЗАЯА"} []
[2022-08-21T19:03:46.686553+08:00] request.INFO: request {"acntno":"MN460019009000007387"} []
[2022-08-21T19:03:47.115567+08:00] response.INFO: response {"acntno":"MN460019009000007387","result":"УЯНГА БАТЗАЯА"} []
[2022-08-21T19:03:49.307590+08:00] request.INFO: request {"acntno":"MN460019009000007387"} []
[2022-08-21T19:03:49.724256+08:00] response.INFO: response {"acntno":"MN460019009000007387","result":"УЯНГА БАТЗАЯА"} []
[2022-08-21T19:04:00.779305+08:00] request.INFO: request {"acntno":"MN460019009000007387"} []
[2022-08-21T19:04:01.193746+08:00] response.INFO: response {"acntno":"MN460019009000007387","result":"УЯНГА БАТЗАЯА"} []
[2022-08-21T19:04:07.055004+08:00] request.INFO: request {"acntno":"MN460019009000007387"} []
[2022-08-21T19:04:07.487817+08:00] response.INFO: response {"acntno":"MN460019009000007387","result":"УЯНГА БАТЗАЯА"} []
[2022-08-21T19:04:09.041742+08:00] request.INFO: request {"acntno":"MN460019009000007387"} []
[2022-08-21T19:04:09.461858+08:00] response.INFO: response {"acntno":"MN460019009000007387","result":"УЯНГА БАТЗАЯА"} []
[2022-08-21T19:04:18.538270+08:00] request.INFO: request {"acntno":"MN460019009000007387"} []
[2022-08-21T19:04:18.954313+08:00] response.INFO: response {"acntno":"MN460019009000007387","result":"УЯНГА БАТЗАЯА"} []
[2022-08-21T19:04:39.843828+08:00] request.INFO: request {"acntno":"9000007387"} []
[2022-08-21T19:04:40.274512+08:00] response.INFO: response {"acntno":"9000007387","result":"УЯНГА БАТЗАЯА"} []
[2022-08-21T19:04:43.632242+08:00] request.INFO: request {"acntno":"9000007387"} []
[2022-08-21T19:04:44.058756+08:00] response.INFO: response {"acntno":"9000007387","result":"УЯНГА БАТЗАЯА"} []
[2022-08-21T19:04:45.412191+08:00] request.INFO: request {"acntno":"9000007387"} []
[2022-08-21T19:04:45.838230+08:00] response.INFO: response {"acntno":"9000007387","result":"УЯНГА БАТЗАЯА"} []
[2022-08-21T19:04:48.257086+08:00] request.INFO: request {"acntno":"9000007387"} []
[2022-08-21T19:04:48.690768+08:00] response.INFO: response {"acntno":"9000007387","result":"УЯНГА БАТЗАЯА"} []
[2022-08-21T19:05:19.594574+08:00] request.INFO: request {"acntno":"9000007387"} []
[2022-08-21T19:05:20.026574+08:00] response.INFO: response {"acntno":"9000007387","result":"УЯНГА БАТЗАЯА"} []
[2022-08-21T19:05:24.319920+08:00] request.INFO: request {"acntno":"9000007387"} []
[2022-08-21T19:05:24.743210+08:00] response.INFO: response {"acntno":"9000007387","result":"УЯНГА БАТЗАЯА"} []
[2022-08-21T19:05:27.519978+08:00] request.INFO: request {"acntno":"9000007387"} []
[2022-08-21T19:05:27.950061+08:00] response.INFO: response {"acntno":"9000007387","result":"УЯНГА БАТЗАЯА"} []
[2022-08-21T19:05:30.779463+08:00] request.INFO: request {"acntno":"9000007387"} []
[2022-08-21T19:05:31.199355+08:00] response.INFO: response {"acntno":"9000007387","result":"УЯНГА БАТЗАЯА"} []
[2022-08-21T19:05:43.293606+08:00] request.INFO: request {"acntno":"9000007387"} []
[2022-08-21T19:05:43.722790+08:00] response.INFO: response {"acntno":"9000007387","result":"УЯНГА БАТЗАЯА"} []
[2022-08-21T19:07:20.795569+08:00] request.INFO: request {"acntno":"9000007387"} []
[2022-08-21T19:07:21.228803+08:00] response.INFO: response {"acntno":"9000007387","result":"УЯНГА БАТЗАЯА"} []
[2022-08-21T19:07:27.436435+08:00] request.INFO: request {"acntno":"9000007387"} []
[2022-08-21T19:07:27.868210+08:00] response.INFO: response {"acntno":"9000007387","result":"УЯНГА БАТЗАЯА"} []
[2022-08-21T19:07:31.305978+08:00] request.INFO: request {"acntno":"9000007387"} []
[2022-08-21T19:07:31.729235+08:00] response.INFO: response {"acntno":"9000007387","result":"УЯНГА БАТЗАЯА"} []
[2022-08-21T19:07:47.267334+08:00] request.INFO: request {"acntno":"9000007387"} []
[2022-08-21T19:07:47.708218+08:00] response.INFO: response {"acntno":"9000007387","result":"УЯНГА БАТЗАЯА"} []
[2022-08-21T20:04:29.495706+08:00] request.INFO: request {"acntno":"9000007387"} []
[2022-08-21T20:04:29.915548+08:00] response.INFO: response {"acntno":"9000007387","result":"УЯНГА БАТЗАЯА"} []
[2022-08-21T20:04:36.275598+08:00] request.INFO: request {"acntno":"9000007387"} []
[2022-08-21T20:04:36.704242+08:00] response.INFO: response {"acntno":"9000007387","result":"УЯНГА БАТЗАЯА"} []
[2022-08-21T20:04:37.793394+08:00] request.INFO: request {"acntno":"9000007387"} []
[2022-08-21T20:04:38.212141+08:00] response.INFO: response {"acntno":"9000007387","result":"УЯНГА БАТЗАЯА"} []
[2022-08-21T20:04:41.672733+08:00] request.INFO: request {"acntno":"9000007387"} []
[2022-08-21T20:04:42.100499+08:00] response.INFO: response {"acntno":"9000007387","result":"УЯНГА БАТЗАЯА"} []
[2022-08-21T20:04:45.587272+08:00] request.INFO: request {"acntno":"9000007387"} []
[2022-08-21T20:04:46.019054+08:00] response.INFO: response {"acntno":"9000007387","result":"УЯНГА БАТЗАЯА"} []
[2022-08-21T20:04:53.852273+08:00] request.INFO: request {"acntno":"9000007387"} []
[2022-08-21T20:04:54.283533+08:00] response.INFO: response {"acntno":"9000007387","result":"УЯНГА БАТЗАЯА"} []
[2022-08-21T20:04:55.729729+08:00] request.INFO: request {"acntno":"9000007387"} []
[2022-08-21T20:04:56.187667+08:00] response.INFO: response {"acntno":"9000007387","result":"УЯНГА БАТЗАЯА"} []
[2022-08-21T20:05:35.324948+08:00] request.INFO: request {"acntno":"MN460019009000007387"} []
[2022-08-21T20:05:35.749494+08:00] response.INFO: response {"acntno":"MN460019009000007387","result":"УЯНГА БАТЗАЯА"} []
[2022-08-21T20:05:39.709646+08:00] request.INFO: request {"acntno":"MN460019009000007387"} []
[2022-08-21T20:05:40.131419+08:00] response.INFO: response {"acntno":"MN460019009000007387","result":"УЯНГА БАТЗАЯА"} []
[2022-08-21T20:05:41.162741+08:00] request.INFO: request {"acntno":"MN460019009000007387"} []
[2022-08-21T20:05:41.578634+08:00] response.INFO: response {"acntno":"MN460019009000007387","result":"УЯНГА БАТЗАЯА"} []
[2022-08-21T20:05:44.274144+08:00] request.INFO: request {"acntno":"MN460019009000007387"} []
[2022-08-21T20:05:44.700582+08:00] response.INFO: response {"acntno":"MN460019009000007387","result":"УЯНГА БАТЗАЯА"} []
[2022-08-21T20:05:50.340653+08:00] request.INFO: request {"acntno":"MN460019009000007387"} []
[2022-08-21T20:05:50.759628+08:00] response.INFO: response {"acntno":"MN460019009000007387","result":"УЯНГА БАТЗАЯА"} []
[2022-08-21T20:05:55.161385+08:00] request.INFO: request {"acntno":"MN460019009000007387"} []
[2022-08-21T20:05:55.584627+08:00] response.INFO: response {"acntno":"MN460019009000007387","result":"УЯНГА БАТЗАЯА"} []
[2022-08-21T20:05:57.908402+08:00] request.INFO: request {"acntno":"MN460019009000007387"} []
[2022-08-21T20:05:58.355013+08:00] response.INFO: response {"acntno":"MN460019009000007387","result":"УЯНГА БАТЗАЯА"} []
[2022-08-21T20:06:11.718578+08:00] request.INFO: request {"acntno":"MN460019009000007387"} []
[2022-08-21T20:06:12.145141+08:00] response.INFO: response {"acntno":"MN460019009000007387","result":"УЯНГА БАТЗАЯА"} []
