[2022-07-25T08:52:35.165481+08:00] request.INFO: request {"acntno":"MN670019009000001577"} []
[2022-07-25T08:52:35.597442+08:00] response.INFO: response {"acntno":"MN670019009000001577","result":"ЗХУТ"} []
[2022-07-25T08:52:44.998971+08:00] request.INFO: request {"acntno":"MN670019009000001577"} []
[2022-07-25T08:52:45.425419+08:00] response.INFO: response {"acntno":"MN670019009000001577","result":"ЗХУТ"} []
[2022-07-25T08:53:06.902229+08:00] request.INFO: request {"acntno":"MN670019009000001577"} []
[2022-07-25T08:53:07.319540+08:00] response.INFO: response {"acntno":"MN670019009000001577","result":"ЗХУТ"} []
[2022-07-25T08:54:29.156632+08:00] request.INFO: request {"acntno":"*"} []
[2022-07-25T09:15:49.667666+08:00] request.INFO: request {"acntno":"*"} []
[2022-07-25T09:57:01.896120+08:00] request.INFO: request {"acntno":"9000007387"} []
[2022-07-25T09:57:02.351899+08:00] response.INFO: response {"acntno":"9000007387","result":"УЯНГА БАТЗАЯА"} []
[2022-07-25T09:57:14.207612+08:00] request.INFO: request {"acntno":"9000007387"} []
[2022-07-25T09:57:14.637869+08:00] response.INFO: response {"acntno":"9000007387","result":"УЯНГА БАТЗАЯА"} []
[2022-07-25T09:57:16.187447+08:00] request.INFO: request {"acntno":"9000007387"} []
[2022-07-25T09:57:16.618093+08:00] response.INFO: response {"acntno":"9000007387","result":"УЯНГА БАТЗАЯА"} []
[2022-07-25T09:57:36.205741+08:00] request.INFO: request {"acntno":"9000007387"} []
[2022-07-25T09:57:36.622702+08:00] response.INFO: response {"acntno":"9000007387","result":"УЯНГА БАТЗАЯА"} []
[2022-07-25T09:57:41.771507+08:00] request.INFO: request {"acntno":"9000007387"} []
[2022-07-25T09:57:42.191453+08:00] response.INFO: response {"acntno":"9000007387","result":"УЯНГА БАТЗАЯА"} []
[2022-07-25T09:57:43.325532+08:00] request.INFO: request {"acntno":"9000007387"} []
[2022-07-25T09:57:43.751078+08:00] response.INFO: response {"acntno":"9000007387","result":"УЯНГА БАТЗАЯА"} []
[2022-07-25T10:01:35.178370+08:00] request.INFO: request {"acntno":"MN300019009100000222 ҮЛДЭГДЭЛ:  ***.** ₮"} []
[2022-07-25T10:01:40.739837+08:00] request.INFO: request {"acntno":"MN300019009100000222"} []
[2022-07-25T10:01:41.174010+08:00] response.INFO: response {"acntno":"MN300019009100000222","result":"АСАХ ДӨЛ"} []
[2022-07-25T10:02:02.322154+08:00] request.INFO: request {"acntno":"MN300019009100000222"} []
[2022-07-25T10:02:02.752007+08:00] response.INFO: response {"acntno":"MN300019009100000222","result":"АСАХ ДӨЛ"} []
[2022-07-25T10:02:05.454738+08:00] request.INFO: request {"acntno":"MN300019009100000222"} []
[2022-07-25T10:02:05.875414+08:00] response.INFO: response {"acntno":"MN300019009100000222","result":"АСАХ ДӨЛ"} []
[2022-07-25T10:02:11.127034+08:00] request.INFO: request {"acntno":"MN300019009100000222"} []
[2022-07-25T10:02:11.567125+08:00] response.INFO: response {"acntno":"MN300019009100000222","result":"АСАХ ДӨЛ"} []
[2022-07-25T10:02:21.197390+08:00] request.INFO: request {"acntno":"900007387"} []
[2022-07-25T10:02:22.055874+08:00] request.INFO: request {"acntno":"MN300019009100000222"} []
[2022-07-25T10:02:22.485398+08:00] response.INFO: response {"acntno":"MN300019009100000222","result":"АСАХ ДӨЛ"} []
[2022-07-25T10:02:29.541372+08:00] request.INFO: request {"acntno":"9000007387"} []
[2022-07-25T10:02:29.960722+08:00] response.INFO: response {"acntno":"9000007387","result":"УЯНГА БАТЗАЯА"} []
[2022-07-25T10:02:33.922975+08:00] request.INFO: request {"acntno":"9000007387"} []
[2022-07-25T10:02:34.347203+08:00] response.INFO: response {"acntno":"9000007387","result":"УЯНГА БАТЗАЯА"} []
[2022-07-25T10:02:35.889299+08:00] request.INFO: request {"acntno":"9000007387"} []
[2022-07-25T10:02:36.304959+08:00] response.INFO: response {"acntno":"9000007387","result":"УЯНГА БАТЗАЯА"} []
[2022-07-25T10:03:04.078802+08:00] request.INFO: request {"acntno":"9000007387"} []
[2022-07-25T10:03:04.502765+08:00] response.INFO: response {"acntno":"9000007387","result":"УЯНГА БАТЗАЯА"} []
[2022-07-25T10:34:03.785958+08:00] request.INFO: request {"acntno":"MN330019009000013635"} []
[2022-07-25T10:34:04.234583+08:00] response.INFO: response {"acntno":"MN330019009000013635","result":"АНУЖИН ПҮРЭВЖАВ"} []
[2022-07-25T11:33:52.499547+08:00] request.INFO: request {"acntno":"9000013635"} []
[2022-07-25T11:33:52.963541+08:00] response.INFO: response {"acntno":"9000013635","result":"АНУЖИН ПҮРЭВЖАВ"} []
[2022-07-25T11:34:08.461089+08:00] request.INFO: request {"acntno":"9000013635"} []
[2022-07-25T11:34:08.878867+08:00] response.INFO: response {"acntno":"9000013635","result":"АНУЖИН ПҮРЭВЖАВ"} []
[2022-07-25T11:34:10.373367+08:00] request.INFO: request {"acntno":"9000013635"} []
[2022-07-25T11:34:10.802611+08:00] response.INFO: response {"acntno":"9000013635","result":"АНУЖИН ПҮРЭВЖАВ"} []
[2022-07-25T11:44:38.958829+08:00] request.INFO: request {"acntno":"9000003614"} []
[2022-07-25T11:44:39.408687+08:00] response.INFO: response {"acntno":"9000003614","result":"БАЗАРМАА РАДНААБАЗАР"} []
[2022-07-25T11:44:42.524068+08:00] request.INFO: request {"acntno":"9000003614"} []
[2022-07-25T11:44:42.944363+08:00] response.INFO: response {"acntno":"9000003614","result":"БАЗАРМАА РАДНААБАЗАР"} []
[2022-07-25T11:44:44.090579+08:00] request.INFO: request {"acntno":"9000003614"} []
[2022-07-25T11:44:44.513068+08:00] response.INFO: response {"acntno":"9000003614","result":"БАЗАРМАА РАДНААБАЗАР"} []
[2022-07-25T11:44:58.539223+08:00] request.INFO: request {"acntno":"9000003614"} []
[2022-07-25T11:44:58.954949+08:00] response.INFO: response {"acntno":"9000003614","result":"БАЗАРМАА РАДНААБАЗАР"} []
[2022-07-25T11:45:01.224040+08:00] request.INFO: request {"acntno":"9000003614"} []
[2022-07-25T11:45:01.645359+08:00] response.INFO: response {"acntno":"9000003614","result":"БАЗАРМАА РАДНААБАЗАР"} []
[2022-07-25T11:45:17.972611+08:00] request.INFO: request {"acntno":"9000003614"} []
[2022-07-25T11:45:18.393845+08:00] response.INFO: response {"acntno":"9000003614","result":"БАЗАРМАА РАДНААБАЗАР"} []
[2022-07-25T11:45:28.111522+08:00] request.INFO: request {"acntno":"9000003614"} []
[2022-07-25T11:45:28.549414+08:00] response.INFO: response {"acntno":"9000003614","result":"БАЗАРМАА РАДНААБАЗАР"} []
[2022-07-25T11:45:29.748815+08:00] request.INFO: request {"acntno":"9000003614"} []
[2022-07-25T11:45:30.167037+08:00] response.INFO: response {"acntno":"9000003614","result":"БАЗАРМАА РАДНААБАЗАР"} []
[2022-07-25T11:50:03.251011+08:00] request.INFO: request {"acntno":"9000003614"} []
[2022-07-25T11:50:03.677997+08:00] response.INFO: response {"acntno":"9000003614","result":"БАЗАРМАА РАДНААБАЗАР"} []
[2022-07-25T11:52:32.011305+08:00] request.INFO: request {"acntno":"9000003614"} []
[2022-07-25T11:52:32.441498+08:00] response.INFO: response {"acntno":"9000003614","result":"БАЗАРМАА РАДНААБАЗАР"} []
[2022-07-25T13:28:48.670853+08:00] request.INFO: request {"acntno":"MN670019009000001577"} []
[2022-07-25T13:28:49.093377+08:00] response.INFO: response {"acntno":"MN670019009000001577","result":"ЗХУТ"} []
[2022-07-25T14:24:53.199145+08:00] request.INFO: request {"acntno":"MN780019009000001573"} []
[2022-07-25T14:24:53.653311+08:00] response.INFO: response {"acntno":"MN780019009000001573","result":"ЗАМЫН ЦАГДАА"} []
[2022-07-25T14:25:13.805238+08:00] request.INFO: request {"acntno":"MN780019009000001573"} []
[2022-07-25T14:25:14.231344+08:00] response.INFO: response {"acntno":"MN780019009000001573","result":"ЗАМЫН ЦАГДАА"} []
[2022-07-25T14:31:14.876560+08:00] request.INFO: request {"acntno":"MN670019009000001577"} []
[2022-07-25T14:31:15.297733+08:00] response.INFO: response {"acntno":"MN670019009000001577","result":"ЗХУТ"} []
[2022-07-25T14:31:16.777139+08:00] request.INFO: request {"acntno":"MN670019009000001577"} []
[2022-07-25T14:31:17.223202+08:00] response.INFO: response {"acntno":"MN670019009000001577","result":"ЗХУТ"} []
[2022-07-25T14:31:23.146806+08:00] request.INFO: request {"acntno":"MN670019009000001577"} []
[2022-07-25T14:31:23.562221+08:00] response.INFO: response {"acntno":"MN670019009000001577","result":"ЗХУТ"} []
[2022-07-25T14:32:23.329334+08:00] request.INFO: request {"acntno":"9000003614"} []
[2022-07-25T14:32:23.808189+08:00] response.INFO: response {"acntno":"9000003614","result":"БАЗАРМАА РАДНААБАЗАР"} []
[2022-07-25T14:32:27.027809+08:00] request.INFO: request {"acntno":"9000003614"} []
[2022-07-25T14:32:27.447326+08:00] response.INFO: response {"acntno":"9000003614","result":"БАЗАРМАА РАДНААБАЗАР"} []
[2022-07-25T14:32:28.488447+08:00] request.INFO: request {"acntno":"9000003614"} []
[2022-07-25T14:32:28.912658+08:00] response.INFO: response {"acntno":"9000003614","result":"БАЗАРМАА РАДНААБАЗАР"} []
[2022-07-25T14:32:37.883496+08:00] request.INFO: request {"acntno":"9000003614"} []
[2022-07-25T14:32:38.313740+08:00] response.INFO: response {"acntno":"9000003614","result":"БАЗАРМАА РАДНААБАЗАР"} []
[2022-07-25T14:36:41.806691+08:00] request.INFO: request {"acntno":"MN670019009000001577"} []
[2022-07-25T14:36:42.260840+08:00] response.INFO: response {"acntno":"MN670019009000001577","result":"ЗХУТ"} []
[2022-07-25T14:36:43.637791+08:00] request.INFO: request {"acntno":"MN670019009000001577"} []
[2022-07-25T14:36:44.053369+08:00] response.INFO: response {"acntno":"MN670019009000001577","result":"ЗХУТ"} []
[2022-07-25T14:36:49.868446+08:00] request.INFO: request {"acntno":"MN670019009000001577"} []
[2022-07-25T14:36:50.298042+08:00] response.INFO: response {"acntno":"MN670019009000001577","result":"ЗХУТ"} []
[2022-07-25T14:36:56.136943+08:00] request.INFO: request {"acntno":"MN670019009000001577"} []
[2022-07-25T14:36:56.568759+08:00] response.INFO: response {"acntno":"MN670019009000001577","result":"ЗХУТ"} []
[2022-07-25T14:41:28.381742+08:00] request.INFO: request {"acntno":"9000004904"} []
[2022-07-25T14:41:28.836717+08:00] response.INFO: response {"acntno":"9000004904","result":"УЯНГА БАТЗАЯА"} []
[2022-07-25T14:41:35.155669+08:00] request.INFO: request {"acntno":"9000004904"} []
[2022-07-25T14:41:35.585490+08:00] response.INFO: response {"acntno":"9000004904","result":"УЯНГА БАТЗАЯА"} []
[2022-07-25T14:41:37.029353+08:00] request.INFO: request {"acntno":"9000004904"} []
[2022-07-25T14:41:37.467889+08:00] response.INFO: response {"acntno":"9000004904","result":"УЯНГА БАТЗАЯА"} []
[2022-07-25T14:41:46.232979+08:00] request.INFO: request {"acntno":"9000004904"} []
[2022-07-25T14:41:46.665235+08:00] response.INFO: response {"acntno":"9000004904","result":"УЯНГА БАТЗАЯА"} []
[2022-07-25T14:42:03.625833+08:00] request.INFO: request {"acntno":"9000004904"} []
[2022-07-25T14:42:04.042309+08:00] response.INFO: response {"acntno":"9000004904","result":"УЯНГА БАТЗАЯА"} []
[2022-07-25T14:44:22.431345+08:00] request.INFO: request {"acntno":"MN190019009090001175"} []
[2022-07-25T14:44:22.863348+08:00] response.INFO: response {"acntno":"MN190019009090001175","result":"ОДГАРИГ БЯМБАЦОГТ"} []
[2022-07-25T14:44:30.456638+08:00] request.INFO: request {"acntno":"MN190019009090001175"} []
[2022-07-25T14:44:30.869498+08:00] response.INFO: response {"acntno":"MN190019009090001175","result":"ОДГАРИГ БЯМБАЦОГТ"} []
[2022-07-25T14:44:32.165398+08:00] request.INFO: request {"acntno":"MN190019009090001175"} []
[2022-07-25T14:44:32.588012+08:00] response.INFO: response {"acntno":"MN190019009090001175","result":"ОДГАРИГ БЯМБАЦОГТ"} []
[2022-07-25T14:44:51.911439+08:00] request.INFO: request {"acntno":"MN190019009090001175"} []
[2022-07-25T14:44:52.340307+08:00] response.INFO: response {"acntno":"MN190019009090001175","result":"ОДГАРИГ БЯМБАЦОГТ"} []
[2022-07-25T14:46:33.997551+08:00] request.INFO: request {"acntno":"MN670019009000001577"} []
[2022-07-25T14:46:34.434077+08:00] response.INFO: response {"acntno":"MN670019009000001577","result":"ЗХУТ"} []
[2022-07-25T14:46:37.060814+08:00] request.INFO: request {"acntno":"MN670019009000001577"} []
[2022-07-25T14:46:37.495023+08:00] response.INFO: response {"acntno":"MN670019009000001577","result":"ЗХУТ"} []
[2022-07-25T14:46:55.250053+08:00] request.INFO: request {"acntno":"MN670019009000001577"} []
[2022-07-25T14:46:55.678582+08:00] response.INFO: response {"acntno":"MN670019009000001577","result":"ЗХУТ"} []
[2022-07-25T15:03:13.907890+08:00] request.INFO: request {"acntno":"9000004904"} []
[2022-07-25T15:03:14.327865+08:00] response.INFO: response {"acntno":"9000004904","result":"УЯНГА БАТЗАЯА"} []
[2022-07-25T15:03:19.369880+08:00] request.INFO: request {"acntno":"MN620019009100000228"} []
[2022-07-25T15:03:19.792513+08:00] response.INFO: response {"acntno":"MN620019009100000228","result":"ХАЛИУН БАТСАЙХАН"} []
[2022-07-25T15:03:21.429290+08:00] request.INFO: request {"acntno":"MN620019009100000228"} []
[2022-07-25T15:03:21.862328+08:00] response.INFO: response {"acntno":"MN620019009100000228","result":"ХАЛИУН БАТСАЙХАН"} []
[2022-07-25T15:03:32.837479+08:00] request.INFO: request {"acntno":"MN620019009100000228"} []
[2022-07-25T15:03:33.254784+08:00] response.INFO: response {"acntno":"MN620019009100000228","result":"ХАЛИУН БАТСАЙХАН"} []
[2022-07-25T15:03:44.154130+08:00] request.INFO: request {"acntno":"MN620019009100000228"} []
[2022-07-25T15:03:44.585790+08:00] response.INFO: response {"acntno":"MN620019009100000228","result":"ХАЛИУН БАТСАЙХАН"} []
[2022-07-25T15:04:30.813365+08:00] request.INFO: request {"acntno":"MN330019009000013635"} []
[2022-07-25T15:04:31.238596+08:00] response.INFO: response {"acntno":"MN330019009000013635","result":"АНУЖИН ПҮРЭВЖАВ"} []
[2022-07-25T15:04:32.838397+08:00] request.INFO: request {"acntno":"MN330019009000013635"} []
[2022-07-25T15:04:33.250553+08:00] response.INFO: response {"acntno":"MN330019009000013635","result":"АНУЖИН ПҮРЭВЖАВ"} []
[2022-07-25T15:07:57.281811+08:00] request.INFO: request {"acntno":"MN670019009000001577"} []
[2022-07-25T15:07:57.717723+08:00] response.INFO: response {"acntno":"MN670019009000001577","result":"ЗХУТ"} []
[2022-07-25T15:09:24.839282+08:00] request.INFO: request {"acntno":"MN670019009000001577"} []
[2022-07-25T15:09:25.253775+08:00] response.INFO: response {"acntno":"MN670019009000001577","result":"ЗХУТ"} []
[2022-07-25T15:09:45.852151+08:00] request.INFO: request {"acntno":"MN670019009000001577"} []
[2022-07-25T15:09:46.268481+08:00] response.INFO: response {"acntno":"MN670019009000001577","result":"ЗХУТ"} []
[2022-07-25T15:13:43.829567+08:00] request.INFO: request {"acntno":"MN670019009000001577"} []
[2022-07-25T15:13:44.261205+08:00] response.INFO: response {"acntno":"MN670019009000001577","result":"ЗХУТ"} []
[2022-07-25T15:13:46.860357+08:00] request.INFO: request {"acntno":"MN670019009000001577"} []
[2022-07-25T15:13:47.288183+08:00] response.INFO: response {"acntno":"MN670019009000001577","result":"ЗХУТ"} []
[2022-07-25T15:13:58.885872+08:00] request.INFO: request {"acntno":"MN670019009000001577"} []
[2022-07-25T15:13:59.308633+08:00] response.INFO: response {"acntno":"MN670019009000001577","result":"ЗХУТ"} []
[2022-07-25T15:14:15.600719+08:00] request.INFO: request {"acntno":"MN670019009000001577"} []
[2022-07-25T15:14:16.018693+08:00] response.INFO: response {"acntno":"MN670019009000001577","result":"ЗХУТ"} []
[2022-07-25T15:14:22.083583+08:00] request.INFO: request {"acntno":"MN670019009000001577"} []
[2022-07-25T15:14:22.508646+08:00] response.INFO: response {"acntno":"MN670019009000001577","result":"ЗХУТ"} []
[2022-07-25T15:16:22.714025+08:00] request.INFO: request {"acntno":"MN670019009000001577"} []
[2022-07-25T15:16:23.135106+08:00] response.INFO: response {"acntno":"MN670019009000001577","result":"ЗХУТ"} []
[2022-07-25T15:16:28.472092+08:00] request.INFO: request {"acntno":"MN670019009000001577"} []
[2022-07-25T15:16:28.892464+08:00] response.INFO: response {"acntno":"MN670019009000001577","result":"ЗХУТ"} []
[2022-07-25T15:17:17.953459+08:00] request.INFO: request {"acntno":"MN670019009000001577"} []
[2022-07-25T15:17:18.380886+08:00] response.INFO: response {"acntno":"MN670019009000001577","result":"ЗХУТ"} []
[2022-07-25T15:17:24.351227+08:00] request.INFO: request {"acntno":"MN670019009000001577"} []
[2022-07-25T15:17:24.767852+08:00] response.INFO: response {"acntno":"MN670019009000001577","result":"ЗХУТ"} []
[2022-07-25T15:23:07.033261+08:00] request.INFO: request {"acntno":"9000004904"} []
[2022-07-25T15:23:07.468885+08:00] response.INFO: response {"acntno":"9000004904","result":"УЯНГА БАТЗАЯА"} []
[2022-07-25T15:23:10.153351+08:00] request.INFO: request {"acntno":"9000004904"} []
[2022-07-25T15:23:10.571542+08:00] response.INFO: response {"acntno":"9000004904","result":"УЯНГА БАТЗАЯА"} []
[2022-07-25T15:23:12.173071+08:00] request.INFO: request {"acntno":"9000004904"} []
[2022-07-25T15:23:12.605098+08:00] response.INFO: response {"acntno":"9000004904","result":"УЯНГА БАТЗАЯА"} []
[2022-07-25T15:23:15.376281+08:00] request.INFO: request {"acntno":"9000004904"} []
[2022-07-25T15:23:15.833341+08:00] response.INFO: response {"acntno":"9000004904","result":"УЯНГА БАТЗАЯА"} []
[2022-07-25T15:23:36.528097+08:00] request.INFO: request {"acntno":"9000004904"} []
[2022-07-25T15:23:36.961901+08:00] response.INFO: response {"acntno":"9000004904","result":"УЯНГА БАТЗАЯА"} []
[2022-07-25T15:23:39.208056+08:00] request.INFO: request {"acntno":"9000004904"} []
[2022-07-25T15:23:39.628223+08:00] response.INFO: response {"acntno":"9000004904","result":"УЯНГА БАТЗАЯА"} []
[2022-07-25T15:23:40.878248+08:00] request.INFO: request {"acntno":"9000004904"} []
[2022-07-25T15:23:41.303906+08:00] response.INFO: response {"acntno":"9000004904","result":"УЯНГА БАТЗАЯА"} []
[2022-07-25T15:23:43.613096+08:00] request.INFO: request {"acntno":"9000004904"} []
[2022-07-25T15:23:44.032384+08:00] response.INFO: response {"acntno":"9000004904","result":"УЯНГА БАТЗАЯА"} []
[2022-07-25T15:31:12.977881+08:00] request.INFO: request {"acntno":"*"} []
[2022-07-25T15:57:09.585192+08:00] request.INFO: request {"acntno":"*"} []
[2022-07-25T16:16:20.089166+08:00] request.INFO: request {"acntno":"*"} []
[2022-07-25T16:17:12.948039+08:00] request.INFO: request {"acntno":"*"} []
[2022-07-25T16:18:18.745322+08:00] request.INFO: request {"acntno":"*"} []
[2022-07-25T16:20:17.958882+08:00] request.INFO: request {"acntno":"*"} []
[2022-07-25T17:18:32.299294+08:00] request.INFO: request {"acntno":"MN350019009100000229"} []
[2022-07-25T17:18:32.727888+08:00] response.INFO: response {"acntno":"MN350019009100000229","result":"УЯНГА БАТЗАЯА"} []
[2022-07-25T17:18:34.849867+08:00] request.INFO: request {"acntno":"MN350019009100000229"} []
[2022-07-25T17:18:35.274001+08:00] response.INFO: response {"acntno":"MN350019009100000229","result":"УЯНГА БАТЗАЯА"} []
[2022-07-25T17:22:27.461654+08:00] request.INFO: request {"acntno":"MN350019009100000229"} []
[2022-07-25T17:22:27.891693+08:00] response.INFO: response {"acntno":"MN350019009100000229","result":"УЯНГА БАТЗАЯА"} []
[2022-07-25T17:22:29.300340+08:00] request.INFO: request {"acntno":"MN350019009100000229"} []
[2022-07-25T17:22:29.730801+08:00] response.INFO: response {"acntno":"MN350019009100000229","result":"УЯНГА БАТЗАЯА"} []
