[2022-08-05T09:16:18.474497+08:00] request.INFO: request {"acntno":"*"} []
[2022-08-05T10:32:39.692041+08:00] request.INFO: request {"acntno":"*"} []
[2022-08-05T10:53:21.092568+08:00] request.INFO: request {"acntno":"MN040019009000023760"} []
[2022-08-05T10:53:21.514634+08:00] response.INFO: response {"acntno":"MN040019009000023760","result":"УЯНГА БАТЗАЯА"} []
[2022-08-05T10:53:24.877500+08:00] request.INFO: request {"acntno":"MN040019009000023760"} []
[2022-08-05T10:53:25.305836+08:00] response.INFO: response {"acntno":"MN040019009000023760","result":"УЯНГА БАТЗАЯА"} []
[2022-08-05T10:59:26.494145+08:00] request.INFO: request {"acntno":"*"} []
[2022-08-05T11:00:04.381806+08:00] request.INFO: request {"acntno":"MN670019009000001577"} []
[2022-08-05T11:00:04.837539+08:00] response.INFO: response {"acntno":"MN670019009000001577","result":"ЗХУТ"} []
[2022-08-05T11:00:40.486378+08:00] request.INFO: request {"acntno":"*"} []
[2022-08-05T11:00:44.635637+08:00] request.INFO: request {"acntno":"MN670019009000001577"} []
[2022-08-05T11:00:45.066994+08:00] response.INFO: response {"acntno":"MN670019009000001577","result":"ЗХУТ"} []
[2022-08-05T11:02:11.531958+08:00] request.INFO: request {"acntno":"*"} []
[2022-08-05T11:06:20.930827+08:00] request.INFO: request {"acntno":"MN670019009000001577"} []
[2022-08-05T11:06:21.363106+08:00] response.INFO: response {"acntno":"MN670019009000001577","result":"ЗХУТ"} []
[2022-08-05T11:06:29.902768+08:00] request.INFO: request {"acntno":"MN670019009000001577"} []
[2022-08-05T11:06:30.346437+08:00] response.INFO: response {"acntno":"MN670019009000001577","result":"ЗХУТ"} []
[2022-08-05T11:06:38.846042+08:00] request.INFO: request {"acntno":"MN670019009000001577"} []
[2022-08-05T11:06:39.268283+08:00] response.INFO: response {"acntno":"MN670019009000001577","result":"ЗХУТ"} []
[2022-08-05T11:06:47.905495+08:00] request.INFO: request {"acntno":"MN670019009000001577"} []
[2022-08-05T11:06:48.324736+08:00] response.INFO: response {"acntno":"MN670019009000001577","result":"ЗХУТ"} []
[2022-08-05T11:08:10.672854+08:00] request.INFO: request {"acntno":"MN780019009000001573"} []
[2022-08-05T11:08:11.097370+08:00] response.INFO: response {"acntno":"MN780019009000001573","result":"ЗАМЫН ЦАГДАА"} []
[2022-08-05T11:08:12.908869+08:00] request.INFO: request {"acntno":"MN780019009000001573"} []
[2022-08-05T11:08:13.347484+08:00] response.INFO: response {"acntno":"MN780019009000001573","result":"ЗАМЫН ЦАГДАА"} []
[2022-08-05T11:08:19.140019+08:00] request.INFO: request {"acntno":"MN780019009000001573"} []
[2022-08-05T11:08:19.563046+08:00] response.INFO: response {"acntno":"MN780019009000001573","result":"ЗАМЫН ЦАГДАА"} []
[2022-08-05T11:09:11.877343+08:00] request.INFO: request {"acntno":"MN670019009000001577"} []
[2022-08-05T11:09:12.300791+08:00] response.INFO: response {"acntno":"MN670019009000001577","result":"ЗХУТ"} []
[2022-08-05T11:09:14.264255+08:00] request.INFO: request {"acntno":"MN670019009000001577"} []
[2022-08-05T11:09:14.678708+08:00] response.INFO: response {"acntno":"MN670019009000001577","result":"ЗХУТ"} []
[2022-08-05T11:09:19.239412+08:00] request.INFO: request {"acntno":"MN670019009000001577"} []
[2022-08-05T11:09:19.653264+08:00] response.INFO: response {"acntno":"MN670019009000001577","result":"ЗХУТ"} []
[2022-08-05T11:09:24.212582+08:00] request.INFO: request {"acntno":"MN670019009000001577"} []
[2022-08-05T11:09:24.640976+08:00] response.INFO: response {"acntno":"MN670019009000001577","result":"ЗХУТ"} []
[2022-08-05T11:12:19.068325+08:00] request.INFO: request {"acntno":"MN670019009000001577"} []
[2022-08-05T11:12:19.494313+08:00] response.INFO: response {"acntno":"MN670019009000001577","result":"ЗХУТ"} []
[2022-08-05T11:12:24.883952+08:00] request.INFO: request {"acntno":"MN670019009000001577"} []
[2022-08-05T11:12:25.313921+08:00] response.INFO: response {"acntno":"MN670019009000001577","result":"ЗХУТ"} []
[2022-08-05T11:12:40.793410+08:00] request.INFO: request {"acntno":"MN670019009000001577"} []
[2022-08-05T11:12:41.217617+08:00] response.INFO: response {"acntno":"MN670019009000001577","result":"ЗХУТ"} []
[2022-08-05T11:15:25.769432+08:00] request.INFO: request {"acntno":"MN670019009000001577"} []
[2022-08-05T11:15:26.202545+08:00] response.INFO: response {"acntno":"MN670019009000001577","result":"ЗХУТ"} []
[2022-08-05T11:15:55.469233+08:00] request.INFO: request {"acntno":"MN670019009000001577"} []
[2022-08-05T11:15:55.892223+08:00] response.INFO: response {"acntno":"MN670019009000001577","result":"ЗХУТ"} []
[2022-08-05T11:16:02.514228+08:00] request.INFO: request {"acntno":"MN670019009000001577"} []
[2022-08-05T11:16:02.930852+08:00] response.INFO: response {"acntno":"MN670019009000001577","result":"ЗХУТ"} []
[2022-08-05T11:17:06.946594+08:00] request.INFO: request {"acntno":"MN670019009000001577"} []
[2022-08-05T11:17:07.364503+08:00] response.INFO: response {"acntno":"MN670019009000001577","result":"ЗХУТ"} []
[2022-08-05T11:17:13.981055+08:00] request.INFO: request {"acntno":"MN670019009000001577"} []
[2022-08-05T11:17:14.397612+08:00] response.INFO: response {"acntno":"MN670019009000001577","result":"ЗХУТ"} []
[2022-08-05T11:17:16.113832+08:00] request.INFO: request {"acntno":"MN670019009000001577"} []
[2022-08-05T11:17:16.537799+08:00] response.INFO: response {"acntno":"MN670019009000001577","result":"ЗХУТ"} []
[2022-08-05T11:17:21.030751+08:00] request.INFO: request {"acntno":"MN670019009000001577"} []
[2022-08-05T11:17:21.468698+08:00] response.INFO: response {"acntno":"MN670019009000001577","result":"ЗХУТ"} []
[2022-08-05T11:40:03.736088+08:00] request.INFO: request {"acntno":"MN670019009000001577"} []
[2022-08-05T11:40:04.193748+08:00] response.INFO: response {"acntno":"MN670019009000001577","result":"ЗХУТ"} []
[2022-08-05T11:40:32.926870+08:00] request.INFO: request {"acntno":"MN670019009000001577"} []
[2022-08-05T11:40:33.429416+08:00] response.INFO: response {"acntno":"MN670019009000001577","result":"ЗХУТ"} []
[2022-08-05T11:40:45.234591+08:00] request.INFO: request {"acntno":"MN670019009000001577"} []
[2022-08-05T11:40:45.663088+08:00] response.INFO: response {"acntno":"MN670019009000001577","result":"ЗХУТ"} []
[2022-08-05T11:49:43.896573+08:00] request.INFO: request {"acntno":"MN670019009000001577"} []
[2022-08-05T11:49:44.346863+08:00] response.INFO: response {"acntno":"MN670019009000001577","result":"ЗХУТ"} []
[2022-08-05T11:49:46.047453+08:00] request.INFO: request {"acntno":"MN670019009000001577"} []
[2022-08-05T11:49:46.461503+08:00] response.INFO: response {"acntno":"MN670019009000001577","result":"ЗХУТ"} []
[2022-08-05T11:49:55.453268+08:00] request.INFO: request {"acntno":"MN670019009000001577"} []
[2022-08-05T11:49:55.868732+08:00] response.INFO: response {"acntno":"MN670019009000001577","result":"ЗХУТ"} []
[2022-08-05T11:50:20.988012+08:00] request.INFO: request {"acntno":"MN670019009000001577"} []
[2022-08-05T11:50:21.410334+08:00] response.INFO: response {"acntno":"MN670019009000001577","result":"ЗХУТ"} []
[2022-08-05T11:58:47.522164+08:00] request.INFO: request {"acntno":"MN670019009000001577"} []
[2022-08-05T11:58:47.953976+08:00] response.INFO: response {"acntno":"MN670019009000001577","result":"ЗХУТ"} []
[2022-08-05T11:58:49.325788+08:00] request.INFO: request {"acntno":"MN670019009000001577"} []
[2022-08-05T11:58:49.775917+08:00] response.INFO: response {"acntno":"MN670019009000001577","result":"ЗХУТ"} []
[2022-08-05T11:58:54.071575+08:00] request.INFO: request {"acntno":"MN670019009000001577"} []
[2022-08-05T11:58:54.489400+08:00] response.INFO: response {"acntno":"MN670019009000001577","result":"ЗХУТ"} []
[2022-08-05T12:27:14.318963+08:00] request.INFO: request {"acntno":"mn460019009000007387"} []
[2022-08-05T12:27:14.841377+08:00] response.INFO: response {"acntno":"mn460019009000007387","result":"УЯНГА БАТЗАЯА"} []
[2022-08-05T12:27:23.056038+08:00] request.INFO: request {"acntno":"mn460019009000007387"} []
[2022-08-05T12:27:23.575884+08:00] response.INFO: response {"acntno":"mn460019009000007387","result":"УЯНГА БАТЗАЯА"} []
[2022-08-05T12:27:37.968954+08:00] request.INFO: request {"acntno":"mn460019009000007387"} []
[2022-08-05T12:27:38.396195+08:00] response.INFO: response {"acntno":"mn460019009000007387","result":"УЯНГА БАТЗАЯА"} []
[2022-08-05T12:27:40.853741+08:00] request.INFO: request {"acntno":"mn460019009000007387"} []
[2022-08-05T12:27:41.282663+08:00] response.INFO: response {"acntno":"mn460019009000007387","result":"УЯНГА БАТЗАЯА"} []
[2022-08-05T12:28:04.965407+08:00] request.INFO: request {"acntno":"mn460019009000007387"} []
[2022-08-05T12:28:05.419892+08:00] response.INFO: response {"acntno":"mn460019009000007387","result":"УЯНГА БАТЗАЯА"} []
[2022-08-05T12:28:10.467855+08:00] request.INFO: request {"acntno":"MN460019009000007387"} []
[2022-08-05T12:28:10.904350+08:00] response.INFO: response {"acntno":"MN460019009000007387","result":"УЯНГА БАТЗАЯА"} []
[2022-08-05T12:28:46.220274+08:00] request.INFO: request {"acntno":"MN460019009000007387"} []
[2022-08-05T12:28:46.892803+08:00] response.INFO: response {"acntno":"MN460019009000007387","result":"УЯНГА БАТЗАЯА"} []
[2022-08-05T12:28:48.490462+08:00] request.INFO: request {"acntno":"MN460019009000007387"} []
[2022-08-05T12:28:48.979036+08:00] response.INFO: response {"acntno":"MN460019009000007387","result":"УЯНГА БАТЗАЯА"} []
[2022-08-05T12:29:00.120213+08:00] request.INFO: request {"acntno":"MN460019009000007387"} []
[2022-08-05T12:29:00.549274+08:00] response.INFO: response {"acntno":"MN460019009000007387","result":"УЯНГА БАТЗАЯА"} []
[2022-08-05T12:29:26.084149+08:00] request.INFO: request {"acntno":"mn460019009000007387"} []
[2022-08-05T12:29:26.511667+08:00] response.INFO: response {"acntno":"mn460019009000007387","result":"УЯНГА БАТЗАЯА"} []
[2022-08-05T12:32:50.701179+08:00] request.INFO: request {"acntno":"mn460019009000007387"} []
[2022-08-05T12:32:51.130872+08:00] response.INFO: response {"acntno":"mn460019009000007387","result":"УЯНГА БАТЗАЯА"} []
[2022-08-05T12:32:58.860188+08:00] request.INFO: request {"acntno":"mn460019009000007387"} []
[2022-08-05T12:32:59.304105+08:00] response.INFO: response {"acntno":"mn460019009000007387","result":"УЯНГА БАТЗАЯА"} []
[2022-08-05T12:33:58.766368+08:00] request.INFO: request {"acntno":"mn460019009000007387"} []
[2022-08-05T12:33:59.320905+08:00] response.INFO: response {"acntno":"mn460019009000007387","result":"УЯНГА БАТЗАЯА"} []
[2022-08-05T12:34:08.689285+08:00] request.INFO: request {"acntno":"mn460019009000007387"} []
[2022-08-05T12:34:09.109924+08:00] response.INFO: response {"acntno":"mn460019009000007387","result":"УЯНГА БАТЗАЯА"} []
[2022-08-05T12:36:59.332732+08:00] request.INFO: request {"acntno":"mn460019009000007387"} []
[2022-08-05T12:36:59.755615+08:00] response.INFO: response {"acntno":"mn460019009000007387","result":"УЯНГА БАТЗАЯА"} []
[2022-08-05T12:37:25.118729+08:00] request.INFO: request {"acntno":"mn460019009000007387"} []
[2022-08-05T12:37:25.542393+08:00] response.INFO: response {"acntno":"mn460019009000007387","result":"УЯНГА БАТЗАЯА"} []
[2022-08-05T12:37:26.742225+08:00] request.INFO: request {"acntno":"mn460019009000007387"} []
[2022-08-05T12:37:27.161316+08:00] response.INFO: response {"acntno":"mn460019009000007387","result":"УЯНГА БАТЗАЯА"} []
[2022-08-05T12:37:47.528567+08:00] request.INFO: request {"acntno":"mn460019009000007387"} []
[2022-08-05T12:37:47.984045+08:00] response.INFO: response {"acntno":"mn460019009000007387","result":"УЯНГА БАТЗАЯА"} []
[2022-08-05T12:37:53.062756+08:00] request.INFO: request {"acntno":"mn460019009000007387"} []
[2022-08-05T12:37:53.521814+08:00] response.INFO: response {"acntno":"mn460019009000007387","result":"УЯНГА БАТЗАЯА"} []
[2022-08-05T12:37:59.278135+08:00] request.INFO: request {"acntno":"mn460019009000007387"} []
[2022-08-05T12:37:59.920524+08:00] response.INFO: response {"acntno":"mn460019009000007387","result":"УЯНГА БАТЗАЯА"} []
[2022-08-05T12:38:01.168024+08:00] request.INFO: request {"acntno":"mn460019009000007387"} []
[2022-08-05T12:38:01.647428+08:00] response.INFO: response {"acntno":"mn460019009000007387","result":"УЯНГА БАТЗАЯА"} []
[2022-08-05T12:38:11.050690+08:00] request.INFO: request {"acntno":"mn460019009000007387"} []
[2022-08-05T12:38:11.660968+08:00] response.INFO: response {"acntno":"mn460019009000007387","result":"УЯНГА БАТЗАЯА"} []
[2022-08-05T12:38:29.804616+08:00] request.INFO: request {"acntno":"mn460019009000007387"} []
[2022-08-05T12:38:30.237679+08:00] response.INFO: response {"acntno":"mn460019009000007387","result":"УЯНГА БАТЗАЯА"} []
[2022-08-05T12:38:37.173291+08:00] request.INFO: request {"acntno":"mn460019009000007387"} []
[2022-08-05T12:38:37.612061+08:00] response.INFO: response {"acntno":"mn460019009000007387","result":"УЯНГА БАТЗАЯА"} []
[2022-08-05T12:38:38.831433+08:00] request.INFO: request {"acntno":"mn460019009000007387"} []
[2022-08-05T12:38:39.269275+08:00] response.INFO: response {"acntno":"mn460019009000007387","result":"УЯНГА БАТЗАЯА"} []
[2022-08-05T12:38:45.188727+08:00] request.INFO: request {"acntno":"mn460019009000007387"} []
[2022-08-05T12:38:45.619144+08:00] response.INFO: response {"acntno":"mn460019009000007387","result":"УЯНГА БАТЗАЯА"} []
[2022-08-05T12:39:34.439564+08:00] request.INFO: request {"acntno":"mn460019009000007387"} []
[2022-08-05T12:39:34.883404+08:00] response.INFO: response {"acntno":"mn460019009000007387","result":"УЯНГА БАТЗАЯА"} []
[2022-08-05T12:39:39.466018+08:00] request.INFO: request {"acntno":"MN460019009000007387"} []
[2022-08-05T12:39:39.884725+08:00] response.INFO: response {"acntno":"MN460019009000007387","result":"УЯНГА БАТЗАЯА"} []
[2022-08-05T12:39:46.583106+08:00] request.INFO: request {"acntno":"MN460019009000007387"} []
[2022-08-05T12:39:47.015622+08:00] response.INFO: response {"acntno":"MN460019009000007387","result":"УЯНГА БАТЗАЯА"} []
[2022-08-05T12:39:48.326535+08:00] request.INFO: request {"acntno":"MN460019009000007387"} []
[2022-08-05T12:39:48.765161+08:00] response.INFO: response {"acntno":"MN460019009000007387","result":"УЯНГА БАТЗАЯА"} []
[2022-08-05T12:40:11.454686+08:00] request.INFO: request {"acntno":"MN460019009000007387"} []
[2022-08-05T12:40:11.880023+08:00] response.INFO: response {"acntno":"MN460019009000007387","result":"УЯНГА БАТЗАЯА"} []
[2022-08-05T12:40:22.393352+08:00] request.INFO: request {"acntno":"MN460019009000007387"} []
[2022-08-05T12:40:22.828747+08:00] response.INFO: response {"acntno":"MN460019009000007387","result":"УЯНГА БАТЗАЯА"} []
[2022-08-05T12:40:42.848646+08:00] request.INFO: request {"acntno":"MN460019009000007387"} []
[2022-08-05T12:40:43.351251+08:00] response.INFO: response {"acntno":"MN460019009000007387","result":"УЯНГА БАТЗАЯА"} []
[2022-08-05T13:01:15.256717+08:00] request.INFO: request {"acntno":"MN670019009000001577"} []
[2022-08-05T13:01:15.774061+08:00] response.INFO: response {"acntno":"MN670019009000001577","result":"ЗХУТ"} []
[2022-08-05T13:01:18.107261+08:00] request.INFO: request {"acntno":"MN670019009000001577"} []
[2022-08-05T13:01:18.532499+08:00] response.INFO: response {"acntno":"MN670019009000001577","result":"ЗХУТ"} []
[2022-08-05T13:01:27.312963+08:00] request.INFO: request {"acntno":"MN670019009000001577"} []
[2022-08-05T13:01:27.737776+08:00] response.INFO: response {"acntno":"MN670019009000001577","result":"ЗХУТ"} []
[2022-08-05T13:01:35.942864+08:00] request.INFO: request {"acntno":"MN670019009000001577"} []
[2022-08-05T13:01:36.370902+08:00] response.INFO: response {"acntno":"MN670019009000001577","result":"ЗХУТ"} []
[2022-08-05T13:01:43.016611+08:00] request.INFO: request {"acntno":"MN670019009000001577"} []
[2022-08-05T13:01:43.442356+08:00] response.INFO: response {"acntno":"MN670019009000001577","result":"ЗХУТ"} []
[2022-08-05T14:37:26.582247+08:00] request.INFO: request {"acntno":"MN670019009000001577"} []
[2022-08-05T14:37:27.052874+08:00] response.INFO: response {"acntno":"MN670019009000001577","result":"ЗХУТ"} []
[2022-08-05T14:37:29.118214+08:00] request.INFO: request {"acntno":"MN670019009000001577"} []
[2022-08-05T14:37:29.626869+08:00] response.INFO: response {"acntno":"MN670019009000001577","result":"ЗХУТ"} []
[2022-08-05T14:37:36.628240+08:00] request.INFO: request {"acntno":"MN670019009000001577"} []
[2022-08-05T14:37:37.082137+08:00] response.INFO: response {"acntno":"MN670019009000001577","result":"ЗХУТ"} []
[2022-08-05T14:40:07.840680+08:00] request.INFO: request {"acntno":"MN670019009000001577"} []
[2022-08-05T14:40:08.339160+08:00] response.INFO: response {"acntno":"MN670019009000001577","result":"ЗХУТ"} []
[2022-08-05T14:40:10.036843+08:00] request.INFO: request {"acntno":"MN670019009000001577"} []
[2022-08-05T14:40:10.614231+08:00] response.INFO: response {"acntno":"MN670019009000001577","result":"ЗХУТ"} []
[2022-08-05T14:40:19.953061+08:00] request.INFO: request {"acntno":"MN670019009000001577"} []
[2022-08-05T14:40:20.383163+08:00] response.INFO: response {"acntno":"MN670019009000001577","result":"ЗХУТ"} []
[2022-08-05T14:52:30.792217+08:00] request.INFO: request {"acntno":"mn460019009000007387"} []
[2022-08-05T14:52:31.249097+08:00] response.INFO: response {"acntno":"mn460019009000007387","result":"УЯНГА БАТЗАЯА"} []
[2022-08-05T14:53:14.975841+08:00] request.INFO: request {"acntno":"mn460019009000007387"} []
[2022-08-05T14:53:15.599731+08:00] response.INFO: response {"acntno":"mn460019009000007387","result":"УЯНГА БАТЗАЯА"} []
[2022-08-05T17:25:33.762448+08:00] request.INFO: request {"acntno":"MN670019009000001577"} []
[2022-08-05T17:25:34.210236+08:00] response.INFO: response {"acntno":"MN670019009000001577","result":"ЗХУТ"} []
[2022-08-05T17:26:32.920315+08:00] request.INFO: request {"acntno":"MN670019009000001577"} []
[2022-08-05T17:26:33.346143+08:00] response.INFO: response {"acntno":"MN670019009000001577","result":"ЗХУТ"} []
[2022-08-05T17:26:35.104405+08:00] request.INFO: request {"acntno":"MN670019009000001577"} []
[2022-08-05T17:26:35.528277+08:00] response.INFO: response {"acntno":"MN670019009000001577","result":"ЗХУТ"} []
[2022-08-05T17:26:38.684843+08:00] request.INFO: request {"acntno":"MN670019009000001577"} []
[2022-08-05T17:26:39.113524+08:00] response.INFO: response {"acntno":"MN670019009000001577","result":"ЗХУТ"} []
[2022-08-05T19:07:27.997650+08:00] request.INFO: request {"acntno":"MN670019009000001577"} []
[2022-08-05T19:07:28.421294+08:00] response.INFO: response {"acntno":"MN670019009000001577","result":"ЗХУТ"} []
[2022-08-05T19:07:32.347502+08:00] request.INFO: request {"acntno":"MN670019009000001577"} []
[2022-08-05T19:07:32.797173+08:00] response.INFO: response {"acntno":"MN670019009000001577","result":"ЗХУТ"} []
[2022-08-05T19:07:37.840861+08:00] request.INFO: request {"acntno":"MN670019009000001577"} []
[2022-08-05T19:07:38.272792+08:00] response.INFO: response {"acntno":"MN670019009000001577","result":"ЗХУТ"} []
[2022-08-05T19:19:49.726894+08:00] request.INFO: request {"acntno":"9000007387"} []
[2022-08-05T19:19:50.225747+08:00] response.INFO: response {"acntno":"9000007387","result":"УЯНГА БАТЗАЯА"} []
[2022-08-05T19:19:55.272191+08:00] request.INFO: request {"acntno":"9000007387"} []
[2022-08-05T19:19:55.734767+08:00] response.INFO: response {"acntno":"9000007387","result":"УЯНГА БАТЗАЯА"} []
[2022-08-05T19:19:56.945986+08:00] request.INFO: request {"acntno":"9000007387"} []
[2022-08-05T19:19:57.377154+08:00] response.INFO: response {"acntno":"9000007387","result":"УЯНГА БАТЗАЯА"} []
[2022-08-05T19:20:08.990937+08:00] request.INFO: request {"acntno":"9000007387"} []
[2022-08-05T19:20:09.404914+08:00] response.INFO: response {"acntno":"9000007387","result":"УЯНГА БАТЗАЯА"} []
[2022-08-05T19:35:38.416086+08:00] request.INFO: request {"acntno":"9000007387"} []
[2022-08-05T19:35:38.852871+08:00] response.INFO: response {"acntno":"9000007387","result":"УЯНГА БАТЗАЯА"} []
[2022-08-05T19:35:42.129079+08:00] request.INFO: request {"acntno":"9000007387"} []
[2022-08-05T19:35:42.549042+08:00] response.INFO: response {"acntno":"9000007387","result":"УЯНГА БАТЗАЯА"} []
[2022-08-05T19:35:43.938975+08:00] request.INFO: request {"acntno":"9000007387"} []
[2022-08-05T19:35:44.365775+08:00] response.INFO: response {"acntno":"9000007387","result":"УЯНГА БАТЗАЯА"} []
[2022-08-05T19:35:49.700053+08:00] request.INFO: request {"acntno":"9000007387"} []
[2022-08-05T19:35:50.142592+08:00] response.INFO: response {"acntno":"9000007387","result":"УЯНГА БАТЗАЯА"} []
[2022-08-05T19:36:04.255854+08:00] request.INFO: request {"acntno":"9000007387"} []
[2022-08-05T19:36:04.715692+08:00] response.INFO: response {"acntno":"9000007387","result":"УЯНГА БАТЗАЯА"} []
[2022-08-05T19:36:09.737679+08:00] request.INFO: request {"acntno":"9000007387"} []
[2022-08-05T19:36:10.162418+08:00] response.INFO: response {"acntno":"9000007387","result":"УЯНГА БАТЗАЯА"} []
[2022-08-05T19:36:11.791630+08:00] request.INFO: request {"acntno":"9000007387"} []
[2022-08-05T19:36:12.206448+08:00] response.INFO: response {"acntno":"9000007387","result":"УЯНГА БАТЗАЯА"} []
[2022-08-05T19:36:51.294732+08:00] request.INFO: request {"acntno":"9000007387"} []
[2022-08-05T19:36:51.742994+08:00] response.INFO: response {"acntno":"9000007387","result":"УЯНГА БАТЗАЯА"} []
[2022-08-05T19:36:53.222588+08:00] request.INFO: request {"acntno":"9000007387"} []
[2022-08-05T19:36:53.639929+08:00] response.INFO: response {"acntno":"9000007387","result":"УЯНГА БАТЗАЯА"} []
[2022-08-05T19:37:04.933102+08:00] request.INFO: request {"acntno":"9000007387"} []
[2022-08-05T19:37:05.369812+08:00] response.INFO: response {"acntno":"9000007387","result":"УЯНГА БАТЗАЯА"} []
[2022-08-05T19:46:35.339579+08:00] request.INFO: request {"acntno":"MN670019009000001577"} []
[2022-08-05T19:46:35.764206+08:00] response.INFO: response {"acntno":"MN670019009000001577","result":"ЗХУТ"} []
[2022-08-05T19:46:45.548148+08:00] request.INFO: request {"acntno":"MN670019009000001577"} []
[2022-08-05T19:46:45.970954+08:00] response.INFO: response {"acntno":"MN670019009000001577","result":"ЗХУТ"} []
[2022-08-05T19:46:50.515270+08:00] request.INFO: request {"acntno":"MN670019009000001577"} []
[2022-08-05T19:46:50.945892+08:00] response.INFO: response {"acntno":"MN670019009000001577","result":"ЗХУТ"} []
[2022-08-05T19:46:53.531765+08:00] request.INFO: request {"acntno":"MN670019009000001577"} []
[2022-08-05T19:46:53.971286+08:00] response.INFO: response {"acntno":"MN670019009000001577","result":"ЗХУТ"} []
[2022-08-05T19:48:01.725186+08:00] request.INFO: request {"acntno":"MN670019009000001577"} []
[2022-08-05T19:48:02.153308+08:00] response.INFO: response {"acntno":"MN670019009000001577","result":"ЗХУТ"} []
[2022-08-05T19:48:03.267304+08:00] request.INFO: request {"acntno":"MN670019009000001577"} []
[2022-08-05T19:48:03.699970+08:00] response.INFO: response {"acntno":"MN670019009000001577","result":"ЗХУТ"} []
[2022-08-05T19:48:06.422662+08:00] request.INFO: request {"acntno":"MN670019009000001577"} []
[2022-08-05T19:48:06.841213+08:00] response.INFO: response {"acntno":"MN670019009000001577","result":"ЗХУТ"} []
