[2022-07-06T10:57:39.712329+08:00] request.INFO: request {"acntno":"*"} []
[2022-07-06T14:15:27.492576+08:00] request.INFO: request {"acntno":"*"} []
[2022-07-06T14:46:30.447467+08:00] request.INFO: request {"acntno":"*"} []
[2022-07-06T14:50:15.567614+08:00] request.INFO: request {"acntno":"*"} []
[2022-07-06T14:57:52.043294+08:00] request.INFO: request {"acntno":"*"} []
[2022-07-06T15:21:24.621067+08:00] request.INFO: request {"acntno":"MN090019009090001161"} []
[2022-07-06T15:21:25.060853+08:00] response.INFO: response {"acntno":"MN090019009090001161","result":"ОДГАРИГ БЯМБАЦОГТ"} []
[2022-07-06T15:24:41.518189+08:00] request.INFO: request {"acntno":"MN090019009090001161"} []
[2022-07-06T15:24:41.959451+08:00] response.INFO: response {"acntno":"MN090019009090001161","result":"ОДГАРИГ БЯМБАЦОГТ"} []
[2022-07-06T16:00:34.994924+08:00] request.INFO: request {"acntno":"9000004904"} []
[2022-07-06T16:00:35.457413+08:00] response.INFO: response {"acntno":"9000004904","result":"УЯНГА БАТЗАЯА"} []
[2022-07-06T16:07:36.523103+08:00] request.INFO: request {"acntno":"9000004904"} []
[2022-07-06T16:07:36.952131+08:00] response.INFO: response {"acntno":"9000004904","result":"УЯНГА БАТЗАЯА"} []
[2022-07-06T16:07:41.206999+08:00] request.INFO: request {"acntno":"9000004904"} []
[2022-07-06T16:07:41.625350+08:00] response.INFO: response {"acntno":"9000004904","result":"УЯНГА БАТЗАЯА"} []
[2022-07-06T16:08:03.829034+08:00] request.INFO: request {"acntno":"9000004904"} []
[2022-07-06T16:08:04.256684+08:00] response.INFO: response {"acntno":"9000004904","result":"УЯНГА БАТЗАЯА"} []
[2022-07-06T16:08:08.265742+08:00] request.INFO: request {"acntno":"9000004904"} []
[2022-07-06T16:08:08.683724+08:00] response.INFO: response {"acntno":"9000004904","result":"УЯНГА БАТЗАЯА"} []
[2022-07-06T16:11:17.462380+08:00] request.INFO: request {"acntno":"MN220019009000001708"} []
[2022-07-06T16:11:17.895611+08:00] response.INFO: response {"acntno":"MN220019009000001708","result":"БАНЗРАГЧ ВАНДАНСҮРЭН"} []
[2022-07-06T16:23:07.147247+08:00] request.INFO: request {"acntno":"9000004904"} []
[2022-07-06T16:23:07.650193+08:00] response.INFO: response {"acntno":"9000004904","result":"УЯНГА БАТЗАЯА"} []
[2022-07-06T16:53:20.961878+08:00] request.INFO: request {"acntno":"*"} []
[2022-07-06T17:15:48.047950+08:00] request.INFO: request {"acntno":"9000007387"} []
[2022-07-06T17:15:48.697132+08:00] response.INFO: response {"acntno":"9000007387","result":"УЯНГА БАТЗАЯА"} []
[2022-07-06T17:16:08.176696+08:00] request.INFO: request {"acntno":"9000007387"} []
[2022-07-06T17:16:08.704490+08:00] response.INFO: response {"acntno":"9000007387","result":"УЯНГА БАТЗАЯА"} []
[2022-07-06T17:16:11.478723+08:00] request.INFO: request {"acntno":"9000007387"} []
[2022-07-06T17:16:12.046934+08:00] response.INFO: response {"acntno":"9000007387","result":"УЯНГА БАТЗАЯА"} []
[2022-07-06T17:20:01.324786+08:00] request.INFO: request {"acntno":"9000007387"} []
[2022-07-06T17:20:01.932804+08:00] response.INFO: response {"acntno":"9000007387","result":"УЯНГА БАТЗАЯА"} []
[2022-07-06T17:21:04.975859+08:00] request.INFO: request {"acntno":"MN460019009000007387"} []
[2022-07-06T17:21:05.840199+08:00] response.INFO: response {"acntno":"MN460019009000007387","result":"УЯНГА БАТЗАЯА"} []
[2022-07-06T17:21:09.834089+08:00] request.INFO: request {"acntno":"MN460019009000007387"} []
[2022-07-06T17:21:10.410487+08:00] response.INFO: response {"acntno":"MN460019009000007387","result":"УЯНГА БАТЗАЯА"} []
[2022-07-06T17:21:45.310373+08:00] request.INFO: request {"acntno":"MN460019009000007387"} []
[2022-07-06T17:21:45.877863+08:00] response.INFO: response {"acntno":"MN460019009000007387","result":"УЯНГА БАТЗАЯА"} []
[2022-07-06T17:21:59.656064+08:00] request.INFO: request {"acntno":"MN460019009000007387"} []
[2022-07-06T17:22:00.254242+08:00] response.INFO: response {"acntno":"MN460019009000007387","result":"УЯНГА БАТЗАЯА"} []
[2022-07-06T17:34:53.337923+08:00] request.INFO: request {"acntno":"MN080019009040000298"} []
[2022-07-06T17:34:53.761826+08:00] response.INFO: response {"acntno":"MN080019009040000298","result":"SHUGUANG YANG"} []
[2022-07-06T17:34:56.028115+08:00] request.INFO: request {"acntno":"MN080019009040000298"} []
[2022-07-06T17:34:56.450049+08:00] response.INFO: response {"acntno":"MN080019009040000298","result":"SHUGUANG YANG"} []
[2022-07-06T17:35:06.400615+08:00] request.INFO: request {"acntno":"MN080019009040000298"} []
[2022-07-06T17:35:06.837080+08:00] response.INFO: response {"acntno":"MN080019009040000298","result":"SHUGUANG YANG"} []
[2022-07-06T17:35:25.397257+08:00] request.INFO: request {"acntno":"MN090019009090001161"} []
[2022-07-06T17:35:25.809358+08:00] response.INFO: response {"acntno":"MN090019009090001161","result":"ОДГАРИГ БЯМБАЦОГТ"} []
[2022-07-06T17:35:27.270214+08:00] request.INFO: request {"acntno":"MN090019009090001161"} []
[2022-07-06T17:35:27.684383+08:00] response.INFO: response {"acntno":"MN090019009090001161","result":"ОДГАРИГ БЯМБАЦОГТ"} []
[2022-07-06T17:35:37.561979+08:00] request.INFO: request {"acntno":"*"} []
[2022-07-06T17:37:12.953697+08:00] request.INFO: request {"acntno":"9000003614"} []
[2022-07-06T17:37:13.476789+08:00] response.INFO: response {"acntno":"9000003614","result":"БАЗАРМАА РАДНААБАЗАР"} []
[2022-07-06T17:37:16.421411+08:00] request.INFO: request {"acntno":"9000003614"} []
[2022-07-06T17:37:16.832637+08:00] response.INFO: response {"acntno":"9000003614","result":"БАЗАРМАА РАДНААБАЗАР"} []
[2022-07-06T17:37:18.659433+08:00] request.INFO: request {"acntno":"9000003614"} []
[2022-07-06T17:37:19.083733+08:00] response.INFO: response {"acntno":"9000003614","result":"БАЗАРМАА РАДНААБАЗАР"} []
[2022-07-06T17:37:54.248823+08:00] request.INFO: request {"acntno":"9000003614"} []
[2022-07-06T17:37:54.676330+08:00] response.INFO: response {"acntno":"9000003614","result":"БАЗАРМАА РАДНААБАЗАР"} []
[2022-07-06T17:37:57.123586+08:00] request.INFO: request {"acntno":"9000003614"} []
[2022-07-06T17:37:57.542861+08:00] response.INFO: response {"acntno":"9000003614","result":"БАЗАРМАА РАДНААБАЗАР"} []
[2022-07-06T17:38:02.424180+08:00] request.INFO: request {"acntno":"9000003614"} []
[2022-07-06T17:38:02.850208+08:00] response.INFO: response {"acntno":"9000003614","result":"БАЗАРМАА РАДНААБАЗАР"} []
[2022-07-06T17:39:45.697854+08:00] request.INFO: request {"acntno":"MN040019009000023760"} []
[2022-07-06T17:39:46.131682+08:00] response.INFO: response {"acntno":"MN040019009000023760","result":"УЯНГА БАТЗАЯА"} []
[2022-07-06T17:39:47.868973+08:00] request.INFO: request {"acntno":"MN040019009000023760"} []
[2022-07-06T17:39:48.296558+08:00] response.INFO: response {"acntno":"MN040019009000023760","result":"УЯНГА БАТЗАЯА"} []
[2022-07-06T17:40:29.764798+08:00] request.INFO: request {"acntno":"MN040019009000023760"} []
[2022-07-06T17:40:30.233818+08:00] response.INFO: response {"acntno":"MN040019009000023760","result":"УЯНГА БАТЗАЯА"} []
[2022-07-06T17:40:32.123687+08:00] request.INFO: request {"acntno":"MN040019009000023760"} []
[2022-07-06T17:40:32.558303+08:00] response.INFO: response {"acntno":"MN040019009000023760","result":"УЯНГА БАТЗАЯА"} []
[2022-07-06T17:42:02.092547+08:00] request.INFO: request {"acntno":"*"} []
[2022-07-06T17:42:05.400188+08:00] request.INFO: request {"acntno":"*"} []
[2022-07-06T17:43:46.172202+08:00] request.INFO: request {"acntno":"*"} []
[2022-07-06T18:00:15.079799+08:00] request.INFO: request {"acntno":"*"} []
[2022-07-06T19:02:37.020154+08:00] request.INFO: request {"acntno":"MN620019009100000228"} []
[2022-07-06T19:02:37.443373+08:00] response.INFO: response {"acntno":"MN620019009100000228","result":"ХАЛИУН БАТСАЙХАН"} []
