[2022-07-08T09:09:40.581047+08:00] request.INFO: request {"acntno":"MN670019009000001577"} []
[2022-07-08T09:09:41.088804+08:00] response.INFO: response {"acntno":"MN670019009000001577","result":"ЗХУТ"} []
[2022-07-08T09:14:13.675151+08:00] request.INFO: request {"acntno":"9000007387"} []
[2022-07-08T09:14:14.204062+08:00] response.INFO: response {"acntno":"9000007387","result":"УЯНГА БАТЗАЯА"} []
[2022-07-08T09:19:17.829776+08:00] request.INFO: request {"acntno":"*"} []
[2022-07-08T09:23:23.586674+08:00] request.INFO: request {"acntno":"*"} []
[2022-07-08T09:26:03.473135+08:00] request.INFO: request {"acntno":"*"} []
[2022-07-08T09:26:05.547249+08:00] request.INFO: request {"acntno":"*"} []
[2022-07-08T09:41:46.784268+08:00] request.INFO: request {"acntno":"9000001577"} []
[2022-07-08T09:41:47.253795+08:00] response.INFO: response {"acntno":"9000001577","result":"ЗХУТ"} []
[2022-07-08T09:43:01.467910+08:00] request.INFO: request {"acntno":"9000004904"} []
[2022-07-08T09:43:01.942566+08:00] response.INFO: response {"acntno":"9000004904","result":"УЯНГА БАТЗАЯА"} []
[2022-07-08T09:43:36.297491+08:00] request.INFO: request {"acntno":"MN600019009000004904"} []
[2022-07-08T09:43:36.792609+08:00] response.INFO: response {"acntno":"MN600019009000004904","result":"УЯНГА БАТЗАЯА"} []
[2022-07-08T09:44:17.108162+08:00] request.INFO: request {"acntno":"MN600019009000004904"} []
[2022-07-08T09:44:17.546947+08:00] response.INFO: response {"acntno":"MN600019009000004904","result":"УЯНГА БАТЗАЯА"} []
[2022-07-08T09:59:13.147071+08:00] request.INFO: request {"acntno":"mn460019009000007387"} []
[2022-07-08T09:59:13.630294+08:00] response.INFO: response {"acntno":"mn460019009000007387","result":"УЯНГА БАТЗАЯА"} []
[2022-07-08T09:59:15.292285+08:00] request.INFO: request {"acntno":"mn460019009000007387"} []
[2022-07-08T09:59:15.720992+08:00] response.INFO: response {"acntno":"mn460019009000007387","result":"УЯНГА БАТЗАЯА"} []
[2022-07-08T09:59:17.505663+08:00] request.INFO: request {"acntno":"mn460019009000007387"} []
[2022-07-08T09:59:17.937244+08:00] response.INFO: response {"acntno":"mn460019009000007387","result":"УЯНГА БАТЗАЯА"} []
[2022-07-08T10:47:56.906487+08:00] request.INFO: request {"acntno":"9000004904"} []
[2022-07-08T10:47:57.460201+08:00] response.INFO: response {"acntno":"9000004904","result":"УЯНГА БАТЗАЯА"} []
[2022-07-08T10:48:25.759164+08:00] request.INFO: request {"acntno":"9000004904"} []
[2022-07-08T10:48:26.915295+08:00] response.INFO: response {"acntno":"9000004904","result":"УЯНГА БАТЗАЯА"} []
[2022-07-08T10:48:53.094993+08:00] request.INFO: request {"acntno":"9000004904"} []
[2022-07-08T10:48:53.529785+08:00] response.INFO: response {"acntno":"9000004904","result":"УЯНГА БАТЗАЯА"} []
[2022-07-08T10:49:29.808490+08:00] request.INFO: request {"acntno":"9000004904"} []
[2022-07-08T10:49:30.231478+08:00] response.INFO: response {"acntno":"9000004904","result":"УЯНГА БАТЗАЯА"} []
[2022-07-08T10:49:35.021797+08:00] request.INFO: request {"acntno":"9000004904"} []
[2022-07-08T10:49:35.445399+08:00] response.INFO: response {"acntno":"9000004904","result":"УЯНГА БАТЗАЯА"} []
[2022-07-08T10:51:10.493678+08:00] request.INFO: request {"acntno":"9000004904"} []
[2022-07-08T10:51:10.963792+08:00] response.INFO: response {"acntno":"9000004904","result":"УЯНГА БАТЗАЯА"} []
[2022-07-08T10:51:17.445216+08:00] request.INFO: request {"acntno":"9000004904"} []
[2022-07-08T10:51:17.877859+08:00] response.INFO: response {"acntno":"9000004904","result":"УЯНГА БАТЗАЯА"} []
[2022-07-08T10:51:25.569634+08:00] request.INFO: request {"acntno":"9000004904"} []
[2022-07-08T10:51:25.984745+08:00] response.INFO: response {"acntno":"9000004904","result":"УЯНГА БАТЗАЯА"} []
[2022-07-08T11:24:20.076723+08:00] request.INFO: request {"acntno":"MN670019009000001577"} []
[2022-07-08T11:24:20.528544+08:00] response.INFO: response {"acntno":"MN670019009000001577","result":"ЗХУТ"} []
[2022-07-08T11:24:24.578125+08:00] request.INFO: request {"acntno":"MN670019009000001577"} []
[2022-07-08T11:24:24.989119+08:00] response.INFO: response {"acntno":"MN670019009000001577","result":"ЗХУТ"} []
[2022-07-08T11:24:29.217545+08:00] request.INFO: request {"acntno":"MN670019009000001577"} []
[2022-07-08T11:24:29.663265+08:00] response.INFO: response {"acntno":"MN670019009000001577","result":"ЗХУТ"} []
[2022-07-08T11:31:17.888341+08:00] request.INFO: request {"acntno":"*"} []
[2022-07-08T11:32:05.016511+08:00] request.INFO: request {"acntno":"*"} []
[2022-07-08T11:43:18.999855+08:00] request.INFO: request {"acntno":"9000004904"} []
[2022-07-08T11:43:19.490759+08:00] response.INFO: response {"acntno":"9000004904","result":"УЯНГА БАТЗАЯА"} []
[2022-07-08T11:43:26.822433+08:00] request.INFO: request {"acntno":"9000004904"} []
[2022-07-08T11:43:27.253497+08:00] response.INFO: response {"acntno":"9000004904","result":"УЯНГА БАТЗАЯА"} []
[2022-07-08T16:14:05.235664+08:00] request.INFO: request {"acntno":"*"} []
