[2022-07-27T10:01:07.653738+08:00] request.INFO: request {"acntno":"*"} []
[2022-07-27T10:06:13.588730+08:00] request.INFO: request {"acntno":"123456"} []
[2022-07-27T10:06:16.514976+08:00] request.INFO: request {"acntno":"123456"} []
[2022-07-27T10:06:20.317811+08:00] request.INFO: request {"acntno":"MN710019002201002427"} []
[2022-07-27T10:06:20.749955+08:00] response.INFO: response {"acntno":"MN710019002201002427","result":"ОТГОНХҮҮ ЧУЛУУНБААТАР"} []
[2022-07-27T10:06:35.577258+08:00] request.INFO: request {"acntno":"MN710019002201002427"} []
[2022-07-27T10:06:36.001897+08:00] response.INFO: response {"acntno":"MN710019002201002427","result":"ОТГОНХҮҮ ЧУЛУУНБААТАР"} []
[2022-07-27T10:06:37.741569+08:00] request.INFO: request {"acntno":"MN710019002201002427"} []
[2022-07-27T10:06:38.161244+08:00] response.INFO: response {"acntno":"MN710019002201002427","result":"ОТГОНХҮҮ ЧУЛУУНБААТАР"} []
[2022-07-27T10:06:45.880081+08:00] request.INFO: request {"acntno":"MN710019002201002427"} []
[2022-07-27T10:06:46.307676+08:00] response.INFO: response {"acntno":"MN710019002201002427","result":"ОТГОНХҮҮ ЧУЛУУНБААТАР"} []
[2022-07-27T10:15:46.599118+08:00] request.INFO: request {"acntno":"MN670019009000001577"} []
[2022-07-27T10:15:47.024841+08:00] response.INFO: response {"acntno":"MN670019009000001577","result":"ЗХУТ"} []
[2022-07-27T10:16:06.701109+08:00] request.INFO: request {"acntno":"MN670019009000001577"} []
[2022-07-27T10:16:07.127887+08:00] response.INFO: response {"acntno":"MN670019009000001577","result":"ЗХУТ"} []
[2022-07-27T10:16:10.547169+08:00] request.INFO: request {"acntno":"MN670019009000001577"} []
[2022-07-27T10:16:10.968213+08:00] response.INFO: response {"acntno":"MN670019009000001577","result":"ЗХУТ"} []
[2022-07-27T10:16:13.928096+08:00] request.INFO: request {"acntno":"MN670019009000001577"} []
[2022-07-27T10:16:14.343101+08:00] response.INFO: response {"acntno":"MN670019009000001577","result":"ЗХУТ"} []
[2022-07-27T10:18:19.725696+08:00] request.INFO: request {"acntno":"MN670019009000001577"} []
[2022-07-27T10:18:20.147948+08:00] response.INFO: response {"acntno":"MN670019009000001577","result":"ЗХУТ"} []
[2022-07-27T10:18:25.531298+08:00] request.INFO: request {"acntno":"MN670019009000001577"} []
[2022-07-27T10:18:25.967951+08:00] response.INFO: response {"acntno":"MN670019009000001577","result":"ЗХУТ"} []
[2022-07-27T10:19:29.180997+08:00] request.INFO: request {"acntno":"MN670019009000001577"} []
[2022-07-27T10:19:29.620783+08:00] response.INFO: response {"acntno":"MN670019009000001577","result":"ЗХУТ"} []
[2022-07-27T10:19:31.917308+08:00] request.INFO: request {"acntno":"MN670019009000001577"} []
[2022-07-27T10:19:32.342364+08:00] response.INFO: response {"acntno":"MN670019009000001577","result":"ЗХУТ"} []
[2022-07-27T10:19:35.452361+08:00] request.INFO: request {"acntno":"MN670019009000001577"} []
[2022-07-27T10:19:35.872167+08:00] response.INFO: response {"acntno":"MN670019009000001577","result":"ЗХУТ"} []
[2022-07-27T10:29:36.816674+08:00] request.INFO: request {"acntno":"MN670019009000001577"} []
[2022-07-27T10:29:37.262321+08:00] response.INFO: response {"acntno":"MN670019009000001577","result":"ЗХУТ"} []
[2022-07-27T10:29:42.571201+08:00] request.INFO: request {"acntno":"MN670019009000001577"} []
[2022-07-27T10:29:42.989988+08:00] response.INFO: response {"acntno":"MN670019009000001577","result":"ЗХУТ"} []
[2022-07-27T10:30:43.333423+08:00] request.INFO: request {"acntno":"MN670019009000001577"} []
[2022-07-27T10:30:43.770973+08:00] response.INFO: response {"acntno":"MN670019009000001577","result":"ЗХУТ"} []
[2022-07-27T10:33:41.630973+08:00] request.INFO: request {"acntno":"MN670019009000001577"} []
[2022-07-27T10:33:42.047335+08:00] response.INFO: response {"acntno":"MN670019009000001577","result":"ЗХУТ"} []
[2022-07-27T10:33:46.643632+08:00] request.INFO: request {"acntno":"MN670019009000001577"} []
[2022-07-27T10:33:47.061393+08:00] response.INFO: response {"acntno":"MN670019009000001577","result":"ЗХУТ"} []
[2022-07-27T10:34:33.422004+08:00] request.INFO: request {"acntno":"MN670019009000001577"} []
[2022-07-27T10:34:33.848159+08:00] response.INFO: response {"acntno":"MN670019009000001577","result":"ЗХУТ"} []
[2022-07-27T10:34:57.806604+08:00] request.INFO: request {"acntno":"MN670019009000001577"} []
[2022-07-27T10:34:58.265584+08:00] response.INFO: response {"acntno":"MN670019009000001577","result":"ЗХУТ"} []
[2022-07-27T10:35:08.680692+08:00] request.INFO: request {"acntno":"MN670019009000001577"} []
[2022-07-27T10:35:09.104069+08:00] response.INFO: response {"acntno":"MN670019009000001577","result":"ЗХУТ"} []
[2022-07-27T10:45:40.646866+08:00] request.INFO: request {"acntno":"MN670019009000001577"} []
[2022-07-27T10:45:41.077559+08:00] response.INFO: response {"acntno":"MN670019009000001577","result":"ЗХУТ"} []
[2022-07-27T10:45:54.969794+08:00] request.INFO: request {"acntno":"MN670019009000001577"} []
[2022-07-27T10:45:55.396263+08:00] response.INFO: response {"acntno":"MN670019009000001577","result":"ЗХУТ"} []
[2022-07-27T10:47:21.215278+08:00] request.INFO: request {"acntno":"MN670019009000001577"} []
[2022-07-27T10:47:21.644086+08:00] response.INFO: response {"acntno":"MN670019009000001577","result":"ЗХУТ"} []
[2022-07-27T10:59:58.886112+08:00] request.INFO: request {"acntno":"MN670019009000001577"} []
[2022-07-27T10:59:59.310200+08:00] response.INFO: response {"acntno":"MN670019009000001577","result":"ЗХУТ"} []
[2022-07-27T11:00:25.955121+08:00] request.INFO: request {"acntno":"MN670019009000001577"} []
[2022-07-27T11:00:26.419534+08:00] response.INFO: response {"acntno":"MN670019009000001577","result":"ЗХУТ"} []
[2022-07-27T11:06:04.764230+08:00] request.INFO: request {"acntno":"MN670019009000001577"} []
[2022-07-27T11:06:05.181482+08:00] response.INFO: response {"acntno":"MN670019009000001577","result":"ЗХУТ"} []
[2022-07-27T11:06:06.936157+08:00] request.INFO: request {"acntno":"MN670019009000001577"} []
[2022-07-27T11:06:07.361939+08:00] response.INFO: response {"acntno":"MN670019009000001577","result":"ЗХУТ"} []
[2022-07-27T11:06:10.658780+08:00] request.INFO: request {"acntno":"MN670019009000001577"} []
[2022-07-27T11:06:11.093464+08:00] response.INFO: response {"acntno":"MN670019009000001577","result":"ЗХУТ"} []
[2022-07-27T11:08:27.304499+08:00] request.INFO: request {"acntno":"MN670019009000001577"} []
[2022-07-27T11:08:27.724939+08:00] response.INFO: response {"acntno":"MN670019009000001577","result":"ЗХУТ"} []
[2022-07-27T11:08:31.144899+08:00] request.INFO: request {"acntno":"MN670019009000001577"} []
[2022-07-27T11:08:31.580368+08:00] response.INFO: response {"acntno":"MN670019009000001577","result":"ЗХУТ"} []
[2022-07-27T11:08:36.832356+08:00] request.INFO: request {"acntno":"MN670019009000001577"} []
[2022-07-27T11:08:37.265632+08:00] response.INFO: response {"acntno":"MN670019009000001577","result":"ЗХУТ"} []
[2022-07-27T11:10:42.865512+08:00] request.INFO: request {"acntno":"9000007387"} []
[2022-07-27T11:10:43.327221+08:00] response.INFO: response {"acntno":"9000007387","result":"УЯНГА БАТЗАЯА"} []
[2022-07-27T11:10:50.012770+08:00] request.INFO: request {"acntno":"9000007387"} []
[2022-07-27T11:10:50.435385+08:00] response.INFO: response {"acntno":"9000007387","result":"УЯНГА БАТЗАЯА"} []
[2022-07-27T11:10:59.305004+08:00] request.INFO: request {"acntno":"MN030019009000017861"} []
[2022-07-27T11:10:59.732455+08:00] response.INFO: response {"acntno":"MN030019009000017861","result":"БИРА ЦЭРЭНХҮҮ"} []
[2022-07-27T11:11:02.072983+08:00] request.INFO: request {"acntno":"MN030019009000017861"} []
[2022-07-27T11:11:02.494037+08:00] response.INFO: response {"acntno":"MN030019009000017861","result":"БИРА ЦЭРЭНХҮҮ"} []
[2022-07-27T11:11:20.503271+08:00] request.INFO: request {"acntno":"MN670019009000001577"} []
[2022-07-27T11:11:20.924434+08:00] response.INFO: response {"acntno":"MN670019009000001577","result":"ЗХУТ"} []
[2022-07-27T11:11:22.404848+08:00] request.INFO: request {"acntno":"MN670019009000001577"} []
[2022-07-27T11:11:22.821394+08:00] response.INFO: response {"acntno":"MN670019009000001577","result":"ЗХУТ"} []
[2022-07-27T11:11:26.497760+08:00] request.INFO: request {"acntno":"MN670019009000001577"} []
[2022-07-27T11:11:26.920396+08:00] response.INFO: response {"acntno":"MN670019009000001577","result":"ЗХУТ"} []
[2022-07-27T11:11:44.006343+08:00] request.INFO: request {"acntno":"MN760019009070000689"} []
[2022-07-27T11:11:44.447626+08:00] response.INFO: response {"acntno":"MN760019009070000689","result":"ХАЛИУН БАТСАЙХАН"} []
[2022-07-27T11:11:47.397589+08:00] request.INFO: request {"acntno":"MN760019009070000689"} []
[2022-07-27T11:11:47.816526+08:00] response.INFO: response {"acntno":"MN760019009070000689","result":"ХАЛИУН БАТСАЙХАН"} []
[2022-07-27T11:11:50.242904+08:00] request.INFO: request {"acntno":"MN760019009070000689"} []
[2022-07-27T11:11:50.709303+08:00] response.INFO: response {"acntno":"MN760019009070000689","result":"ХАЛИУН БАТСАЙХАН"} []
[2022-07-27T11:12:06.465775+08:00] request.INFO: request {"acntno":"MN220019009070000691"} []
[2022-07-27T11:12:06.949543+08:00] response.INFO: response {"acntno":"MN220019009070000691","result":"ХАЛИУН БАТСАЙХАН"} []
[2022-07-27T11:12:09.322979+08:00] request.INFO: request {"acntno":"MN220019009070000691"} []
[2022-07-27T11:12:09.746426+08:00] response.INFO: response {"acntno":"MN220019009070000691","result":"ХАЛИУН БАТСАЙХАН"} []
[2022-07-27T11:12:11.242501+08:00] request.INFO: request {"acntno":"MN220019009070000691"} []
[2022-07-27T11:12:11.662386+08:00] response.INFO: response {"acntno":"MN220019009070000691","result":"ХАЛИУН БАТСАЙХАН"} []
[2022-07-27T11:12:25.564351+08:00] request.INFO: request {"acntno":"MN670019009000001577"} []
[2022-07-27T11:12:25.991961+08:00] response.INFO: response {"acntno":"MN670019009000001577","result":"ЗХУТ"} []
[2022-07-27T11:12:28.848293+08:00] request.INFO: request {"acntno":"MN670019009000001577"} []
[2022-07-27T11:12:29.274312+08:00] response.INFO: response {"acntno":"MN670019009000001577","result":"ЗХУТ"} []
[2022-07-27T11:12:31.891512+08:00] request.INFO: request {"acntno":"MN670019009000001577"} []
[2022-07-27T11:12:32.312773+08:00] response.INFO: response {"acntno":"MN670019009000001577","result":"ЗХУТ"} []
[2022-07-27T11:13:39.797198+08:00] request.INFO: request {"acntno":"MN220019009070000691"} []
[2022-07-27T11:13:40.231594+08:00] response.INFO: response {"acntno":"MN220019009070000691","result":"ХАЛИУН БАТСАЙХАН"} []
[2022-07-27T11:16:24.892860+08:00] request.INFO: request {"acntno":"MN130019009000017778"} []
[2022-07-27T11:16:25.334890+08:00] response.INFO: response {"acntno":"MN130019009000017778","result":"ОДГАРИГ"} []
[2022-07-27T11:18:22.316620+08:00] request.INFO: request {"acntno":"MN670019009000001577"} []
[2022-07-27T11:18:22.756460+08:00] response.INFO: response {"acntno":"MN670019009000001577","result":"ЗХУТ"} []
[2022-07-27T11:18:24.740581+08:00] request.INFO: request {"acntno":"MN670019009000001577"} []
[2022-07-27T11:18:25.164788+08:00] response.INFO: response {"acntno":"MN670019009000001577","result":"ЗХУТ"} []
[2022-07-27T11:18:27.367870+08:00] request.INFO: request {"acntno":"MN670019009000001577"} []
[2022-07-27T11:18:27.800049+08:00] response.INFO: response {"acntno":"MN670019009000001577","result":"ЗХУТ"} []
[2022-07-27T15:29:28.637318+08:00] request.INFO: request {"acntno":"MN190019009090001175"} []
[2022-07-27T15:29:29.092705+08:00] response.INFO: response {"acntno":"MN190019009090001175","result":"ОДГАРИГ БЯМБАЦОГТ"} []
[2022-07-27T15:29:36.333000+08:00] request.INFO: request {"acntno":"MN190019009090001175"} []
[2022-07-27T15:29:36.765576+08:00] response.INFO: response {"acntno":"MN190019009090001175","result":"ОДГАРИГ БЯМБАЦОГТ"} []
[2022-07-27T15:29:49.581065+08:00] request.INFO: request {"acntno":"MN190019009090001175"} []
[2022-07-27T15:29:50.004033+08:00] response.INFO: response {"acntno":"MN190019009090001175","result":"ОДГАРИГ БЯМБАЦОГТ"} []
