[2022-07-26T09:45:51.821383+08:00] request.INFO: request {"acntno":"MN040019009000023760"} []
[2022-07-26T09:45:52.267225+08:00] response.INFO: response {"acntno":"MN040019009000023760","result":"УЯНГА БАТЗАЯА"} []
[2022-07-26T09:45:53.721635+08:00] request.INFO: request {"acntno":"MN040019009000023760"} []
[2022-07-26T09:45:54.150684+08:00] response.INFO: response {"acntno":"MN040019009000023760","result":"УЯНГА БАТЗАЯА"} []
[2022-07-26T10:05:34.856126+08:00] request.INFO: request {"acntno":"MN240019009000023691"} []
[2022-07-26T10:05:35.300516+08:00] response.INFO: response {"acntno":"MN240019009000023691","result":"ЭНХТУЯА ДАНЗАНБАЛЖИР"} []
[2022-07-26T10:05:37.020511+08:00] request.INFO: request {"acntno":"MN240019009000023691"} []
[2022-07-26T10:05:37.470975+08:00] response.INFO: response {"acntno":"MN240019009000023691","result":"ЭНХТУЯА ДАНЗАНБАЛЖИР"} []
[2022-07-26T10:05:51.393965+08:00] request.INFO: request {"acntno":"MN240019009000023691"} []
[2022-07-26T10:05:51.808872+08:00] response.INFO: response {"acntno":"MN240019009000023691","result":"ЭНХТУЯА ДАНЗАНБАЛЖИР"} []
[2022-07-26T10:05:53.946882+08:00] request.INFO: request {"acntno":"MN240019009000023691"} []
[2022-07-26T10:05:54.376718+08:00] response.INFO: response {"acntno":"MN240019009000023691","result":"ЭНХТУЯА ДАНЗАНБАЛЖИР"} []
[2022-07-26T10:05:58.332289+08:00] request.INFO: request {"acntno":"MN240019009000023691"} []
[2022-07-26T10:05:58.763912+08:00] response.INFO: response {"acntno":"MN240019009000023691","result":"ЭНХТУЯА ДАНЗАНБАЛЖИР"} []
[2022-07-26T10:06:29.452935+08:00] request.INFO: request {"acntno":"MN240019009000023691"} []
[2022-07-26T10:06:29.886852+08:00] response.INFO: response {"acntno":"MN240019009000023691","result":"ЭНХТУЯА ДАНЗАНБАЛЖИР"} []
[2022-07-26T10:06:35.826881+08:00] request.INFO: request {"acntno":"MN240019009000023691"} []
[2022-07-26T10:06:36.246937+08:00] response.INFO: response {"acntno":"MN240019009000023691","result":"ЭНХТУЯА ДАНЗАНБАЛЖИР"} []
[2022-07-26T10:06:39.350955+08:00] request.INFO: request {"acntno":"MN240019009000023691"} []
[2022-07-26T10:06:39.770535+08:00] response.INFO: response {"acntno":"MN240019009000023691","result":"ЭНХТУЯА ДАНЗАНБАЛЖИР"} []
[2022-07-26T10:06:43.789387+08:00] request.INFO: request {"acntno":"MN240019009000023691"} []
[2022-07-26T10:06:44.211922+08:00] response.INFO: response {"acntno":"MN240019009000023691","result":"ЭНХТУЯА ДАНЗАНБАЛЖИР"} []
[2022-07-26T10:06:52.615254+08:00] request.INFO: request {"acntno":"MN240019009000023691"} []
[2022-07-26T10:06:53.044139+08:00] response.INFO: response {"acntno":"MN240019009000023691","result":"ЭНХТУЯА ДАНЗАНБАЛЖИР"} []
[2022-07-26T11:37:02.392395+08:00] request.INFO: request {"acntno":"MN670019009000001577"} []
[2022-07-26T11:37:02.835028+08:00] response.INFO: response {"acntno":"MN670019009000001577","result":"ЗХУТ"} []
[2022-07-26T11:37:07.649388+08:00] request.INFO: request {"acntno":"MN670019009000001577"} []
[2022-07-26T11:37:08.086603+08:00] response.INFO: response {"acntno":"MN670019009000001577","result":"ЗХУТ"} []
[2022-07-26T11:37:11.654925+08:00] request.INFO: request {"acntno":"MN670019009000001577"} []
[2022-07-26T11:37:12.085561+08:00] response.INFO: response {"acntno":"MN670019009000001577","result":"ЗХУТ"} []
[2022-07-26T11:39:54.550303+08:00] request.INFO: request {"acntno":"MN670019009000001577"} []
[2022-07-26T11:39:54.982742+08:00] response.INFO: response {"acntno":"MN670019009000001577","result":"ЗХУТ"} []
[2022-07-26T11:39:58.303007+08:00] request.INFO: request {"acntno":"MN670019009000001577"} []
[2022-07-26T11:39:58.721662+08:00] response.INFO: response {"acntno":"MN670019009000001577","result":"ЗХУТ"} []
[2022-07-26T11:40:01.786773+08:00] request.INFO: request {"acntno":"MN670019009000001577"} []
[2022-07-26T11:40:02.204793+08:00] response.INFO: response {"acntno":"MN670019009000001577","result":"ЗХУТ"} []
[2022-07-26T11:41:25.038080+08:00] request.INFO: request {"acntno":"MN670019009000001577"} []
[2022-07-26T11:41:25.456052+08:00] response.INFO: response {"acntno":"MN670019009000001577","result":"ЗХУТ"} []
[2022-07-26T11:41:30.176537+08:00] request.INFO: request {"acntno":"MN670019009000001577"} []
[2022-07-26T11:41:30.610059+08:00] response.INFO: response {"acntno":"MN670019009000001577","result":"ЗХУТ"} []
[2022-07-26T11:41:32.820885+08:00] request.INFO: request {"acntno":"MN670019009000001577"} []
[2022-07-26T11:41:33.238993+08:00] response.INFO: response {"acntno":"MN670019009000001577","result":"ЗХУТ"} []
[2022-07-26T11:42:56.930320+08:00] request.INFO: request {"acntno":"MN670019009000001577"} []
[2022-07-26T11:42:57.346350+08:00] response.INFO: response {"acntno":"MN670019009000001577","result":"ЗХУТ"} []
[2022-07-26T11:42:59.027017+08:00] request.INFO: request {"acntno":"MN670019009000001577"} []
[2022-07-26T11:42:59.451824+08:00] response.INFO: response {"acntno":"MN670019009000001577","result":"ЗХУТ"} []
[2022-07-26T11:43:02.027508+08:00] request.INFO: request {"acntno":"MN670019009000001577"} []
[2022-07-26T11:43:02.459202+08:00] response.INFO: response {"acntno":"MN670019009000001577","result":"ЗХУТ"} []
[2022-07-26T12:07:39.749562+08:00] request.INFO: request {"acntno":"MN240019009000023691"} []
[2022-07-26T12:07:40.172015+08:00] response.INFO: response {"acntno":"MN240019009000023691","result":"ЭНХТУЯА ДАНЗАНБАЛЖИР"} []
[2022-07-26T16:25:58.539037+08:00] request.INFO: request {"acntno":"MN240019009000023691"} []
[2022-07-26T16:25:58.980178+08:00] response.INFO: response {"acntno":"MN240019009000023691","result":"ЭНХТУЯА ДАНЗАНБАЛЖИР"} []
[2022-07-26T16:26:01.955736+08:00] request.INFO: request {"acntno":"MN240019009000023691"} []
[2022-07-26T16:26:02.388391+08:00] response.INFO: response {"acntno":"MN240019009000023691","result":"ЭНХТУЯА ДАНЗАНБАЛЖИР"} []
[2022-07-26T16:31:18.902517+08:00] request.INFO: request {"acntno":"MN240019009000023691"} []
[2022-07-26T16:31:19.331231+08:00] response.INFO: response {"acntno":"MN240019009000023691","result":"ЭНХТУЯА ДАНЗАНБАЛЖИР"} []
[2022-07-26T16:31:20.739150+08:00] request.INFO: request {"acntno":"MN240019009000023691"} []
[2022-07-26T16:31:21.160316+08:00] response.INFO: response {"acntno":"MN240019009000023691","result":"ЭНХТУЯА ДАНЗАНБАЛЖИР"} []
[2022-07-26T16:37:04.150017+08:00] request.INFO: request {"acntno":"MN090019009090001161"} []
[2022-07-26T16:37:04.616031+08:00] response.INFO: response {"acntno":"MN090019009090001161","result":"ОДГАРИГ БЯМБАЦОГТ"} []
[2022-07-26T16:37:06.037325+08:00] request.INFO: request {"acntno":"MN090019009090001161"} []
[2022-07-26T16:37:06.467368+08:00] response.INFO: response {"acntno":"MN090019009090001161","result":"ОДГАРИГ БЯМБАЦОГТ"} []
[2022-07-26T16:38:29.882075+08:00] request.INFO: request {"acntno":"MN090019009090001161"} []
[2022-07-26T16:38:30.325978+08:00] response.INFO: response {"acntno":"MN090019009090001161","result":"ОДГАРИГ БЯМБАЦОГТ"} []
[2022-07-26T16:38:31.839117+08:00] request.INFO: request {"acntno":"MN090019009090001161"} []
[2022-07-26T16:38:32.255310+08:00] response.INFO: response {"acntno":"MN090019009090001161","result":"ОДГАРИГ БЯМБАЦОГТ"} []
[2022-07-26T16:38:42.478517+08:00] request.INFO: request {"acntno":"MN090019009090001161"} []
[2022-07-26T16:38:42.910648+08:00] response.INFO: response {"acntno":"MN090019009090001161","result":"ОДГАРИГ БЯМБАЦОГТ"} []
