[2022-08-04T09:47:56.090056+08:00] request.INFO: request {"acntno":"9000004904"} []
[2022-08-04T09:47:56.616559+08:00] response.INFO: response {"acntno":"9000004904","result":"УЯНГА БАТЗАЯА"} []
[2022-08-04T09:48:03.178205+08:00] request.INFO: request {"acntno":"9000004904"} []
[2022-08-04T09:48:03.622256+08:00] response.INFO: response {"acntno":"9000004904","result":"УЯНГА БАТЗАЯА"} []
[2022-08-04T09:49:17.185763+08:00] request.INFO: request {"acntno":"9000004904"} []
[2022-08-04T09:49:17.617369+08:00] response.INFO: response {"acntno":"9000004904","result":"УЯНГА БАТЗАЯА"} []
[2022-08-04T10:11:48.185046+08:00] request.INFO: request {"acntno":"MN670019009000001577"} []
[2022-08-04T10:11:48.648044+08:00] response.INFO: response {"acntno":"MN670019009000001577","result":"ЗХУТ"} []
[2022-08-04T10:11:50.941302+08:00] request.INFO: request {"acntno":"MN670019009000001577"} []
[2022-08-04T10:11:51.372952+08:00] response.INFO: response {"acntno":"MN670019009000001577","result":"ЗХУТ"} []
[2022-08-04T10:11:57.933416+08:00] request.INFO: request {"acntno":"MN670019009000001577"} []
[2022-08-04T10:11:58.351503+08:00] response.INFO: response {"acntno":"MN670019009000001577","result":"ЗХУТ"} []
[2022-08-04T10:12:14.912394+08:00] request.INFO: request {"acntno":"MN670019009000001577"} []
[2022-08-04T10:12:15.334006+08:00] response.INFO: response {"acntno":"MN670019009000001577","result":"ЗХУТ"} []
[2022-08-04T10:12:16.870657+08:00] request.INFO: request {"acntno":"MN670019009000001577"} []
[2022-08-04T10:12:17.340396+08:00] response.INFO: response {"acntno":"MN670019009000001577","result":"ЗХУТ"} []
[2022-08-04T10:12:24.523867+08:00] request.INFO: request {"acntno":"MN670019009000001577"} []
[2022-08-04T10:12:24.978052+08:00] response.INFO: response {"acntno":"MN670019009000001577","result":"ЗХУТ"} []
[2022-08-04T10:12:44.279547+08:00] request.INFO: request {"acntno":"MN670019009000001577"} []
[2022-08-04T10:12:44.692041+08:00] response.INFO: response {"acntno":"MN670019009000001577","result":"ЗХУТ"} []
[2022-08-04T10:12:46.557059+08:00] request.INFO: request {"acntno":"MN670019009000001577"} []
[2022-08-04T10:12:47.008519+08:00] response.INFO: response {"acntno":"MN670019009000001577","result":"ЗХУТ"} []
[2022-08-04T10:12:53.944339+08:00] request.INFO: request {"acntno":"MN670019009000001577"} []
[2022-08-04T10:12:54.350764+08:00] response.INFO: response {"acntno":"MN670019009000001577","result":"ЗХУТ"} []
[2022-08-04T10:15:23.201252+08:00] request.INFO: request {"acntno":"MN670019009000001577"} []
[2022-08-04T10:15:23.620214+08:00] response.INFO: response {"acntno":"MN670019009000001577","result":"ЗХУТ"} []
[2022-08-04T10:15:34.794221+08:00] request.INFO: request {"acntno":"MN670019009000001577"} []
[2022-08-04T10:15:35.208823+08:00] response.INFO: response {"acntno":"MN670019009000001577","result":"ЗХУТ"} []
[2022-08-04T10:18:20.265796+08:00] request.INFO: request {"acntno":"9000007387"} []
[2022-08-04T10:18:20.740215+08:00] response.INFO: response {"acntno":"9000007387","result":"УЯНГА БАТЗАЯА"} []
[2022-08-04T10:27:53.977633+08:00] request.INFO: request {"acntno":"MN670019009000001577"} []
[2022-08-04T10:27:54.400501+08:00] response.INFO: response {"acntno":"MN670019009000001577","result":"ЗХУТ"} []
[2022-08-04T10:28:07.125920+08:00] request.INFO: request {"acntno":"MN670019009000001577"} []
[2022-08-04T10:28:07.554512+08:00] response.INFO: response {"acntno":"MN670019009000001577","result":"ЗХУТ"} []
[2022-08-04T10:28:11.471341+08:00] request.INFO: request {"acntno":"MN670019009000001577"} []
[2022-08-04T10:28:11.884270+08:00] response.INFO: response {"acntno":"MN670019009000001577","result":"ЗХУТ"} []
[2022-08-04T10:28:13.682751+08:00] request.INFO: request {"acntno":"MN670019009000001577"} []
[2022-08-04T10:28:14.257069+08:00] response.INFO: response {"acntno":"MN670019009000001577","result":"ЗХУТ"} []
[2022-08-04T10:28:36.022317+08:00] request.INFO: request {"acntno":"MN670019009000001577"} []
[2022-08-04T10:28:36.443061+08:00] response.INFO: response {"acntno":"MN670019009000001577","result":"ЗХУТ"} []
[2022-08-04T10:29:51.745687+08:00] request.INFO: request {"acntno":"MN670019009000001577"} []
[2022-08-04T10:29:52.173044+08:00] response.INFO: response {"acntno":"MN670019009000001577","result":"ЗХУТ"} []
[2022-08-04T10:30:02.525369+08:00] request.INFO: request {"acntno":"MN670019009000001577"} []
[2022-08-04T10:30:02.957101+08:00] response.INFO: response {"acntno":"MN670019009000001577","result":"ЗХУТ"} []
[2022-08-04T10:31:21.904793+08:00] request.INFO: request {"acntno":"MN670019009000001577"} []
[2022-08-04T10:31:22.335301+08:00] response.INFO: response {"acntno":"MN670019009000001577","result":"ЗХУТ"} []
[2022-08-04T10:32:35.674672+08:00] request.INFO: request {"acntno":"MN670019009000001577"} []
[2022-08-04T10:32:36.097147+08:00] response.INFO: response {"acntno":"MN670019009000001577","result":"ЗХУТ"} []
[2022-08-04T10:32:38.869245+08:00] request.INFO: request {"acntno":"MN670019009000001577"} []
[2022-08-04T10:32:39.428398+08:00] response.INFO: response {"acntno":"MN670019009000001577","result":"ЗХУТ"} []
[2022-08-04T10:35:17.313878+08:00] request.INFO: request {"acntno":"mn460019009000007387"} []
[2022-08-04T10:35:17.743162+08:00] response.INFO: response {"acntno":"mn460019009000007387","result":"УЯНГА БАТЗАЯА"} []
[2022-08-04T10:55:04.093720+08:00] request.INFO: request {"acntno":"*"} []
[2022-08-04T10:55:13.201162+08:00] request.INFO: request {"acntno":"*"} []
[2022-08-04T14:13:39.795572+08:00] request.INFO: request {"acntno":"9000007387"} []
[2022-08-04T14:13:40.280809+08:00] response.INFO: response {"acntno":"9000007387","result":"УЯНГА БАТЗАЯА"} []
[2022-08-04T14:25:26.363063+08:00] request.INFO: request {"acntno":"MN040019009000023760"} []
[2022-08-04T14:25:26.795076+08:00] response.INFO: response {"acntno":"MN040019009000023760","result":"УЯНГА БАТЗАЯА"} []
[2022-08-04T14:25:28.457335+08:00] request.INFO: request {"acntno":"MN040019009000023760"} []
[2022-08-04T14:25:28.892321+08:00] response.INFO: response {"acntno":"MN040019009000023760","result":"УЯНГА БАТЗАЯА"} []
[2022-08-04T15:00:18.017296+08:00] request.INFO: request {"acntno":"mn460019009000007387"} []
[2022-08-04T15:00:18.453012+08:00] response.INFO: response {"acntno":"mn460019009000007387","result":"УЯНГА БАТЗАЯА"} []
[2022-08-04T15:05:01.558673+08:00] request.INFO: request {"acntno":"9000007387"} []
[2022-08-04T15:05:02.024267+08:00] response.INFO: response {"acntno":"9000007387","result":"УЯНГА БАТЗАЯА"} []
[2022-08-04T15:05:30.197197+08:00] request.INFO: request {"acntno":"9000007387"} []
[2022-08-04T15:05:30.630177+08:00] response.INFO: response {"acntno":"9000007387","result":"УЯНГА БАТЗАЯА"} []
[2022-08-04T15:05:32.883388+08:00] request.INFO: request {"acntno":"9000007387"} []
[2022-08-04T15:05:33.345840+08:00] response.INFO: response {"acntno":"9000007387","result":"УЯНГА БАТЗАЯА"} []
[2022-08-04T15:10:27.295807+08:00] request.INFO: request {"acntno":"9000007387"} []
[2022-08-04T15:10:27.720321+08:00] response.INFO: response {"acntno":"9000007387","result":"УЯНГА БАТЗАЯА"} []
[2022-08-04T15:10:37.262526+08:00] request.INFO: request {"acntno":"9000007387"} []
[2022-08-04T15:10:37.688151+08:00] response.INFO: response {"acntno":"9000007387","result":"УЯНГА БАТЗАЯА"} []
[2022-08-04T15:10:39.344258+08:00] request.INFO: request {"acntno":"9000007387"} []
[2022-08-04T15:10:39.794940+08:00] response.INFO: response {"acntno":"9000007387","result":"УЯНГА БАТЗАЯА"} []
[2022-08-04T15:14:52.484940+08:00] request.INFO: request {"acntno":"9000007387"} []
[2022-08-04T15:14:52.940258+08:00] response.INFO: response {"acntno":"9000007387","result":"УЯНГА БАТЗАЯА"} []
[2022-08-04T15:15:41.889043+08:00] request.INFO: request {"acntno":"9000007387"} []
[2022-08-04T15:15:42.323404+08:00] response.INFO: response {"acntno":"9000007387","result":"УЯНГА БАТЗАЯА"} []
[2022-08-04T15:15:43.956577+08:00] request.INFO: request {"acntno":"9000007387"} []
[2022-08-04T15:15:44.386907+08:00] response.INFO: response {"acntno":"9000007387","result":"УЯНГА БАТЗАЯА"} []
[2022-08-04T15:17:29.583047+08:00] request.INFO: request {"acntno":"9000007387"} []
[2022-08-04T15:17:30.002189+08:00] response.INFO: response {"acntno":"9000007387","result":"УЯНГА БАТЗАЯА"} []
[2022-08-04T15:17:32.678249+08:00] request.INFO: request {"acntno":"9000007387"} []
[2022-08-04T15:17:33.206042+08:00] response.INFO: response {"acntno":"9000007387","result":"УЯНГА БАТЗАЯА"} []
[2022-08-04T15:17:35.467808+08:00] request.INFO: request {"acntno":"9000007387"} []
[2022-08-04T15:17:36.049870+08:00] response.INFO: response {"acntno":"9000007387","result":"УЯНГА БАТЗАЯА"} []
[2022-08-04T15:18:45.645597+08:00] request.INFO: request {"acntno":"mn460019009000007387"} []
[2022-08-04T15:18:46.060823+08:00] response.INFO: response {"acntno":"mn460019009000007387","result":"УЯНГА БАТЗАЯА"} []
[2022-08-04T15:19:14.045061+08:00] request.INFO: request {"acntno":"mn460019009000007387"} []
[2022-08-04T15:19:14.460659+08:00] response.INFO: response {"acntno":"mn460019009000007387","result":"УЯНГА БАТЗАЯА"} []
[2022-08-04T15:19:16.046013+08:00] request.INFO: request {"acntno":"mn460019009000007387"} []
[2022-08-04T15:19:16.460675+08:00] response.INFO: response {"acntno":"mn460019009000007387","result":"УЯНГА БАТЗАЯА"} []
[2022-08-04T15:20:00.565912+08:00] request.INFO: request {"acntno":"mn460019009000007387"} []
[2022-08-04T15:20:00.979337+08:00] response.INFO: response {"acntno":"mn460019009000007387","result":"УЯНГА БАТЗАЯА"} []
[2022-08-04T15:20:08.327216+08:00] request.INFO: request {"acntno":"mn460019009000007387"} []
[2022-08-04T15:20:08.858200+08:00] response.INFO: response {"acntno":"mn460019009000007387","result":"УЯНГА БАТЗАЯА"} []
[2022-08-04T15:20:10.566804+08:00] request.INFO: request {"acntno":"mn460019009000007387"} []
[2022-08-04T15:20:11.027520+08:00] response.INFO: response {"acntno":"mn460019009000007387","result":"УЯНГА БАТЗАЯА"} []
[2022-08-04T15:20:29.033622+08:00] request.INFO: request {"acntno":"9000007387"} []
[2022-08-04T15:20:29.455521+08:00] response.INFO: response {"acntno":"9000007387","result":"УЯНГА БАТЗАЯА"} []
[2022-08-04T15:20:44.338683+08:00] request.INFO: request {"acntno":"9000007387"} []
[2022-08-04T15:20:44.766623+08:00] response.INFO: response {"acntno":"9000007387","result":"УЯНГА БАТЗАЯА"} []
[2022-08-04T15:20:46.555836+08:00] request.INFO: request {"acntno":"9000007387"} []
[2022-08-04T15:20:46.974080+08:00] response.INFO: response {"acntno":"9000007387","result":"УЯНГА БАТЗАЯА"} []
[2022-08-04T15:20:53.410445+08:00] request.INFO: request {"acntno":"9000007387"} []
[2022-08-04T15:20:53.831340+08:00] response.INFO: response {"acntno":"9000007387","result":"УЯНГА БАТЗАЯА"} []
[2022-08-04T15:21:25.362274+08:00] request.INFO: request {"acntno":"9000007387"} []
[2022-08-04T15:21:25.782500+08:00] response.INFO: response {"acntno":"9000007387","result":"УЯНГА БАТЗАЯА"} []
[2022-08-04T15:21:30.547334+08:00] request.INFO: request {"acntno":"9000007387"} []
[2022-08-04T15:21:30.555712+08:00] request.INFO: request {"acntno":"9000007387"} []
[2022-08-04T15:21:31.002529+08:00] response.INFO: response {"acntno":"9000007387","result":"УЯНГА БАТЗАЯА"} []
[2022-08-04T15:21:31.009323+08:00] response.INFO: response {"acntno":"9000007387","result":"УЯНГА БАТЗАЯА"} []
[2022-08-04T15:21:39.130468+08:00] request.INFO: request {"acntno":"9000007387"} []
[2022-08-04T15:21:39.556208+08:00] response.INFO: response {"acntno":"9000007387","result":"УЯНГА БАТЗАЯА"} []
[2022-08-04T15:21:45.057024+08:00] request.INFO: request {"acntno":"9000007387"} []
[2022-08-04T15:21:45.481930+08:00] response.INFO: response {"acntno":"9000007387","result":"УЯНГА БАТЗАЯА"} []
[2022-08-04T15:22:28.949142+08:00] request.INFO: request {"acntno":"mn460019009000007387"} []
[2022-08-04T15:22:29.376951+08:00] response.INFO: response {"acntno":"mn460019009000007387","result":"УЯНГА БАТЗАЯА"} []
[2022-08-04T15:22:52.431693+08:00] request.INFO: request {"acntno":"mn460019009000007387"} []
[2022-08-04T15:22:52.857277+08:00] response.INFO: response {"acntno":"mn460019009000007387","result":"УЯНГА БАТЗАЯА"} []
[2022-08-04T15:23:06.323798+08:00] request.INFO: request {"acntno":"mn460019009000007387"} []
[2022-08-04T15:23:06.739943+08:00] response.INFO: response {"acntno":"mn460019009000007387","result":"УЯНГА БАТЗАЯА"} []
[2022-08-04T15:23:08.161904+08:00] request.INFO: request {"acntno":"mn460019009000007387"} []
[2022-08-04T15:23:08.642805+08:00] response.INFO: response {"acntno":"mn460019009000007387","result":"УЯНГА БАТЗАЯА"} []
[2022-08-04T17:04:43.008188+08:00] request.INFO: request {"acntno":"9000004904"} []
[2022-08-04T17:04:43.456670+08:00] response.INFO: response {"acntno":"9000004904","result":"УЯНГА БАТЗАЯА"} []
[2022-08-04T17:04:45.601372+08:00] request.INFO: request {"acntno":"9000004904"} []
[2022-08-04T17:04:46.015331+08:00] response.INFO: response {"acntno":"9000004904","result":"УЯНГА БАТЗАЯА"} []
[2022-08-04T17:30:09.814579+08:00] request.INFO: request {"acntno":"9000007387"} []
[2022-08-04T17:30:10.279495+08:00] response.INFO: response {"acntno":"9000007387","result":"УЯНГА БАТЗАЯА"} []
[2022-08-04T17:30:19.157555+08:00] request.INFO: request {"acntno":"9000007387"} []
[2022-08-04T17:30:19.571654+08:00] response.INFO: response {"acntno":"9000007387","result":"УЯНГА БАТЗАЯА"} []
[2022-08-04T17:30:20.799676+08:00] request.INFO: request {"acntno":"9000007387"} []
[2022-08-04T17:30:21.213602+08:00] response.INFO: response {"acntno":"9000007387","result":"УЯНГА БАТЗАЯА"} []
[2022-08-04T17:30:26.726295+08:00] request.INFO: request {"acntno":"9000007387"} []
[2022-08-04T17:30:27.263320+08:00] response.INFO: response {"acntno":"9000007387","result":"УЯНГА БАТЗАЯА"} []
[2022-08-04T17:31:39.157884+08:00] request.INFO: request {"acntno":"mn46001900900007387"} []
[2022-08-04T17:31:59.820201+08:00] request.INFO: request {"acntno":"mn460019009000007387"} []
[2022-08-04T17:32:00.238551+08:00] response.INFO: response {"acntno":"mn460019009000007387","result":"УЯНГА БАТЗАЯА"} []
[2022-08-04T17:32:11.957672+08:00] request.INFO: request {"acntno":"mn460019009000007387"} []
[2022-08-04T17:32:12.453439+08:00] response.INFO: response {"acntno":"mn460019009000007387","result":"УЯНГА БАТЗАЯА"} []
[2022-08-04T17:33:17.959732+08:00] request.INFO: request {"acntno":"mn460019009000007387"} []
[2022-08-04T17:33:18.442521+08:00] response.INFO: response {"acntno":"mn460019009000007387","result":"УЯНГА БАТЗАЯА"} []
[2022-08-04T17:36:59.410735+08:00] request.INFO: request {"acntno":"mn460019009000007387"} []
[2022-08-04T17:36:59.839773+08:00] response.INFO: response {"acntno":"mn460019009000007387","result":"УЯНГА БАТЗАЯА"} []
[2022-08-04T17:37:08.965829+08:00] request.INFO: request {"acntno":"mn460019009000007387"} []
[2022-08-04T17:37:09.385566+08:00] response.INFO: response {"acntno":"mn460019009000007387","result":"УЯНГА БАТЗАЯА"} []
[2022-08-04T17:37:12.683570+08:00] request.INFO: request {"acntno":"mn460019009000007387"} []
[2022-08-04T17:37:13.120452+08:00] response.INFO: response {"acntno":"mn460019009000007387","result":"УЯНГА БАТЗАЯА"} []
[2022-08-04T17:37:14.521394+08:00] request.INFO: request {"acntno":"mn460019009000007387"} []
[2022-08-04T17:37:14.954084+08:00] response.INFO: response {"acntno":"mn460019009000007387","result":"УЯНГА БАТЗАЯА"} []
[2022-08-04T17:37:20.709218+08:00] request.INFO: request {"acntno":"mn460019009000007387"} []
[2022-08-04T17:37:21.135545+08:00] response.INFO: response {"acntno":"mn460019009000007387","result":"УЯНГА БАТЗАЯА"} []
[2022-08-04T17:37:45.703212+08:00] request.INFO: request {"acntno":"mn460019009000007387"} []
[2022-08-04T17:37:46.118326+08:00] response.INFO: response {"acntno":"mn460019009000007387","result":"УЯНГА БАТЗАЯА"} []
[2022-08-04T17:38:02.978205+08:00] request.INFO: request {"acntno":"mn460019009000007387"} []
[2022-08-04T17:38:03.398349+08:00] response.INFO: response {"acntno":"mn460019009000007387","result":"УЯНГА БАТЗАЯА"} []
[2022-08-04T17:38:24.920634+08:00] request.INFO: request {"acntno":"mn460019009000007387"} []
[2022-08-04T17:38:25.337418+08:00] response.INFO: response {"acntno":"mn460019009000007387","result":"УЯНГА БАТЗАЯА"} []
[2022-08-04T17:38:43.895284+08:00] request.INFO: request {"acntno":"mn460019009000007387"} []
[2022-08-04T17:38:44.336509+08:00] response.INFO: response {"acntno":"mn460019009000007387","result":"УЯНГА БАТЗАЯА"} []
[2022-08-04T17:43:20.415429+08:00] request.INFO: request {"acntno":"mn460019009000007387"} []
[2022-08-04T17:43:20.850734+08:00] response.INFO: response {"acntno":"mn460019009000007387","result":"УЯНГА БАТЗАЯА"} []
[2022-08-04T17:43:24.459973+08:00] request.INFO: request {"acntno":"mn460019009000007387"} []
[2022-08-04T17:43:24.882207+08:00] response.INFO: response {"acntno":"mn460019009000007387","result":"УЯНГА БАТЗАЯА"} []
[2022-08-04T17:43:30.771490+08:00] request.INFO: request {"acntno":"mn460019009000007387"} []
[2022-08-04T17:43:31.211619+08:00] response.INFO: response {"acntno":"mn460019009000007387","result":"УЯНГА БАТЗАЯА"} []
[2022-08-04T17:43:32.918140+08:00] request.INFO: request {"acntno":"mn460019009000007387"} []
[2022-08-04T17:43:33.350178+08:00] response.INFO: response {"acntno":"mn460019009000007387","result":"УЯНГА БАТЗАЯА"} []
[2022-08-04T17:43:52.056226+08:00] request.INFO: request {"acntno":"mn460019009000007387"} []
[2022-08-04T17:43:52.487732+08:00] response.INFO: response {"acntno":"mn460019009000007387","result":"УЯНГА БАТЗАЯА"} []
[2022-08-04T17:44:09.403735+08:00] request.INFO: request {"acntno":"mn460019009000007387"} []
[2022-08-04T17:44:09.823509+08:00] response.INFO: response {"acntno":"mn460019009000007387","result":"УЯНГА БАТЗАЯА"} []
[2022-08-04T17:44:24.179893+08:00] request.INFO: request {"acntno":"mn460019009000007387"} []
[2022-08-04T17:44:24.606249+08:00] response.INFO: response {"acntno":"mn460019009000007387","result":"УЯНГА БАТЗАЯА"} []
[2022-08-04T18:55:16.941712+08:00] request.INFO: request {"acntno":"9000007387"} []
[2022-08-04T18:55:17.373942+08:00] response.INFO: response {"acntno":"9000007387","result":"УЯНГА БАТЗАЯА"} []
[2022-08-04T18:56:22.130128+08:00] request.INFO: request {"acntno":"mn460019009000007387"} []
[2022-08-04T18:56:22.557575+08:00] response.INFO: response {"acntno":"mn460019009000007387","result":"УЯНГА БАТЗАЯА"} []
[2022-08-04T19:16:39.066308+08:00] request.INFO: request {"acntno":"MN780019009000001573"} []
[2022-08-04T19:16:39.662923+08:00] response.INFO: response {"acntno":"MN780019009000001573","result":"ЗАМЫН ЦАГДАА"} []
[2022-08-04T19:16:43.928904+08:00] request.INFO: request {"acntno":"MN780019009000001573"} []
[2022-08-04T19:16:44.364590+08:00] response.INFO: response {"acntno":"MN780019009000001573","result":"ЗАМЫН ЦАГДАА"} []
[2022-08-04T19:16:47.023159+08:00] request.INFO: request {"acntno":"MN780019009000001573"} []
[2022-08-04T19:16:47.440254+08:00] response.INFO: response {"acntno":"MN780019009000001573","result":"ЗАМЫН ЦАГДАА"} []
[2022-08-04T19:16:54.605356+08:00] request.INFO: request {"acntno":"MN780019009000001573"} []
[2022-08-04T19:16:55.038385+08:00] response.INFO: response {"acntno":"MN780019009000001573","result":"ЗАМЫН ЦАГДАА"} []
[2022-08-04T19:17:00.528691+08:00] request.INFO: request {"acntno":"MN780019009000001573"} []
[2022-08-04T19:17:00.946516+08:00] response.INFO: response {"acntno":"MN780019009000001573","result":"ЗАМЫН ЦАГДАА"} []
[2022-08-04T19:17:02.020399+08:00] request.INFO: request {"acntno":"MN780019009000001573"} []
[2022-08-04T19:17:02.433352+08:00] response.INFO: response {"acntno":"MN780019009000001573","result":"ЗАМЫН ЦАГДАА"} []
[2022-08-04T19:17:11.791013+08:00] request.INFO: request {"acntno":"MN780019009000001573"} []
[2022-08-04T19:17:12.219707+08:00] response.INFO: response {"acntno":"MN780019009000001573","result":"ЗАМЫН ЦАГДАА"} []
[2022-08-04T19:27:17.718785+08:00] request.INFO: request {"acntno":"*"} []
[2022-08-04T19:29:47.641929+08:00] request.INFO: request {"acntno":"*"} []
[2022-08-04T19:30:41.607403+08:00] request.INFO: request {"acntno":"*"} []
[2022-08-04T19:34:33.681897+08:00] request.INFO: request {"acntno":"MN040019009000023760"} []
[2022-08-04T19:34:34.116639+08:00] response.INFO: response {"acntno":"MN040019009000023760","result":"УЯНГА БАТЗАЯА"} []
[2022-08-04T19:34:35.753526+08:00] request.INFO: request {"acntno":"MN040019009000023760"} []
[2022-08-04T19:34:36.179800+08:00] response.INFO: response {"acntno":"MN040019009000023760","result":"УЯНГА БАТЗАЯА"} []
