[2022-08-03T11:21:06.886156+08:00] request.INFO: request {"acntno":"9000007387"} []
[2022-08-03T11:21:07.408731+08:00] response.INFO: response {"acntno":"9000007387","result":"УЯНГА БАТЗАЯА"} []
[2022-08-03T11:34:01.942945+08:00] request.INFO: request {"acntno":"9000007387"} []
[2022-08-03T11:34:02.374875+08:00] response.INFO: response {"acntno":"9000007387","result":"УЯНГА БАТЗАЯА"} []
[2022-08-03T11:34:09.062762+08:00] request.INFO: request {"acntno":"9000007387"} []
[2022-08-03T11:34:09.487408+08:00] response.INFO: response {"acntno":"9000007387","result":"УЯНГА БАТЗАЯА"} []
[2022-08-03T11:34:20.004329+08:00] request.INFO: request {"acntno":"9000007387"} []
[2022-08-03T11:34:20.440512+08:00] response.INFO: response {"acntno":"9000007387","result":"УЯНГА БАТЗАЯА"} []
[2022-08-03T11:39:51.990026+08:00] request.INFO: request {"acntno":"mn460019009000007387"} []
[2022-08-03T11:39:52.472039+08:00] response.INFO: response {"acntno":"mn460019009000007387","result":"УЯНГА БАТЗАЯА"} []
[2022-08-03T11:39:57.354117+08:00] request.INFO: request {"acntno":"mn460019009000007387"} []
[2022-08-03T11:39:57.935338+08:00] response.INFO: response {"acntno":"mn460019009000007387","result":"УЯНГА БАТЗАЯА"} []
[2022-08-03T11:40:00.144170+08:00] request.INFO: request {"acntno":"mn460019009000007387"} []
[2022-08-03T11:40:00.591686+08:00] response.INFO: response {"acntno":"mn460019009000007387","result":"УЯНГА БАТЗАЯА"} []
[2022-08-03T11:40:57.524335+08:00] request.INFO: request {"acntno":"MN460019009000007387"} []
[2022-08-03T11:40:57.944557+08:00] response.INFO: response {"acntno":"MN460019009000007387","result":"УЯНГА БАТЗАЯА"} []
[2022-08-03T11:44:47.699415+08:00] request.INFO: request {"acntno":"MN460019009000007387"} []
[2022-08-03T11:44:48.128709+08:00] response.INFO: response {"acntno":"MN460019009000007387","result":"УЯНГА БАТЗАЯА"} []
[2022-08-03T11:44:50.217844+08:00] request.INFO: request {"acntno":"MN460019009000007387"} []
[2022-08-03T11:44:50.639563+08:00] response.INFO: response {"acntno":"MN460019009000007387","result":"УЯНГА БАТЗАЯА"} []
[2022-08-03T15:39:59.742101+08:00] request.INFO: request {"acntno":"900"} []
[2022-08-03T15:44:23.560319+08:00] request.INFO: request {"acntno":"mn460019000"} []
[2022-08-03T15:44:38.699091+08:00] request.INFO: request {"acntno":"mn460019009000007387"} []
[2022-08-03T15:44:39.125881+08:00] response.INFO: response {"acntno":"mn460019009000007387","result":"УЯНГА БАТЗАЯА"} []
[2022-08-03T15:44:53.552960+08:00] request.INFO: request {"acntno":"mn460019009000007387"} []
[2022-08-03T15:44:53.965978+08:00] response.INFO: response {"acntno":"mn460019009000007387","result":"УЯНГА БАТЗАЯА"} []
[2022-08-03T15:44:58.328238+08:00] request.INFO: request {"acntno":"mn460019009000007387"} []
[2022-08-03T15:44:58.742549+08:00] response.INFO: response {"acntno":"mn460019009000007387","result":"УЯНГА БАТЗАЯА"} []
[2022-08-03T15:45:03.199272+08:00] request.INFO: request {"acntno":"mn460019009000007387"} []
[2022-08-03T15:45:03.701652+08:00] response.INFO: response {"acntno":"mn460019009000007387","result":"УЯНГА БАТЗАЯА"} []
[2022-08-03T15:46:10.453582+08:00] request.INFO: request {"acntno":"mn460019009000007387"} []
[2022-08-03T15:46:10.864915+08:00] response.INFO: response {"acntno":"mn460019009000007387","result":"УЯНГА БАТЗАЯА"} []
[2022-08-03T15:46:23.708846+08:00] request.INFO: request {"acntno":"mn460019009000007387"} []
[2022-08-03T15:46:24.171410+08:00] response.INFO: response {"acntno":"mn460019009000007387","result":"УЯНГА БАТЗАЯА"} []
[2022-08-03T15:46:26.199198+08:00] request.INFO: request {"acntno":"mn460019009000007387"} []
[2022-08-03T15:46:26.617519+08:00] response.INFO: response {"acntno":"mn460019009000007387","result":"УЯНГА БАТЗАЯА"} []
[2022-08-03T15:46:33.107675+08:00] request.INFO: request {"acntno":"mn460019009000007387"} []
[2022-08-03T15:46:33.529227+08:00] response.INFO: response {"acntno":"mn460019009000007387","result":"УЯНГА БАТЗАЯА"} []
[2022-08-03T15:47:20.622512+08:00] request.INFO: request {"acntno":"9000007387"} []
[2022-08-03T15:47:21.086592+08:00] response.INFO: response {"acntno":"9000007387","result":"УЯНГА БАТЗАЯА"} []
[2022-08-03T15:47:51.677889+08:00] request.INFO: request {"acntno":"*"} []
[2022-08-03T15:47:53.907765+08:00] request.INFO: request {"acntno":"9000007387"} []
[2022-08-03T15:47:54.318584+08:00] response.INFO: response {"acntno":"9000007387","result":"УЯНГА БАТЗАЯА"} []
[2022-08-03T15:47:55.828379+08:00] request.INFO: request {"acntno":"9000007387"} []
[2022-08-03T15:47:56.265101+08:00] response.INFO: response {"acntno":"9000007387","result":"УЯНГА БАТЗАЯА"} []
[2022-08-03T15:48:05.179221+08:00] request.INFO: request {"acntno":"9000007387"} []
[2022-08-03T15:48:05.605942+08:00] response.INFO: response {"acntno":"9000007387","result":"УЯНГА БАТЗАЯА"} []
[2022-08-03T15:48:46.811017+08:00] request.INFO: request {"acntno":"mn460019009000007387"} []
[2022-08-03T15:48:47.238595+08:00] response.INFO: response {"acntno":"mn460019009000007387","result":"УЯНГА БАТЗАЯА"} []
[2022-08-03T15:49:02.147988+08:00] request.INFO: request {"acntno":"mn460019009000007387"} []
[2022-08-03T15:49:02.566569+08:00] response.INFO: response {"acntno":"mn460019009000007387","result":"УЯНГА БАТЗАЯА"} []
[2022-08-03T15:49:05.787304+08:00] request.INFO: request {"acntno":"mn460019009000007387"} []
[2022-08-03T15:49:06.328369+08:00] response.INFO: response {"acntno":"mn460019009000007387","result":"УЯНГА БАТЗАЯА"} []
[2022-08-03T15:50:24.453484+08:00] request.INFO: request {"acntno":"mn460019009000007387"} []
[2022-08-03T15:50:24.874922+08:00] response.INFO: response {"acntno":"mn460019009000007387","result":"УЯНГА БАТЗАЯА"} []
[2022-08-03T15:54:34.852183+08:00] request.INFO: request {"acntno":"9000007387"} []
[2022-08-03T15:54:35.303833+08:00] response.INFO: response {"acntno":"9000007387","result":"УЯНГА БАТЗАЯА"} []
[2022-08-03T15:54:42.158280+08:00] request.INFO: request {"acntno":"9000007387"} []
[2022-08-03T15:54:42.683866+08:00] response.INFO: response {"acntno":"9000007387","result":"УЯНГА БАТЗАЯА"} []
[2022-08-03T15:54:45.660845+08:00] request.INFO: request {"acntno":"9000007387"} []
[2022-08-03T15:54:46.079066+08:00] response.INFO: response {"acntno":"9000007387","result":"УЯНГА БАТЗАЯА"} []
[2022-08-03T15:55:05.110629+08:00] request.INFO: request {"acntno":"9000007387"} []
[2022-08-03T15:55:05.698550+08:00] response.INFO: response {"acntno":"9000007387","result":"УЯНГА БАТЗАЯА"} []
[2022-08-03T16:54:20.896505+08:00] request.INFO: request {"acntno":"*"} []
[2022-08-03T17:51:23.291603+08:00] request.INFO: request {"acntno":"9000004904"} []
[2022-08-03T17:51:23.766682+08:00] response.INFO: response {"acntno":"9000004904","result":"УЯНГА БАТЗАЯА"} []
[2022-08-03T17:51:26.089054+08:00] request.INFO: request {"acntno":"9000004904"} []
[2022-08-03T17:51:26.567272+08:00] response.INFO: response {"acntno":"9000004904","result":"УЯНГА БАТЗАЯА"} []
[2022-08-03T17:51:28.965252+08:00] request.INFO: request {"acntno":"9000004904"} []
[2022-08-03T17:51:29.515805+08:00] response.INFO: response {"acntno":"9000004904","result":"УЯНГА БАТЗАЯА"} []
[2022-08-03T17:51:41.620225+08:00] request.INFO: request {"acntno":"9000004904"} []
[2022-08-03T17:51:42.103919+08:00] response.INFO: response {"acntno":"9000004904","result":"УЯНГА БАТЗАЯА"} []
[2022-08-03T17:51:50.415508+08:00] request.INFO: request {"acntno":"9000004904"} []
[2022-08-03T17:51:50.838718+08:00] response.INFO: response {"acntno":"9000004904","result":"УЯНГА БАТЗАЯА"} []
[2022-08-03T17:54:29.220238+08:00] request.INFO: request {"acntno":"9000004904"} []
[2022-08-03T17:54:29.632982+08:00] response.INFO: response {"acntno":"9000004904","result":"УЯНГА БАТЗАЯА"} []
[2022-08-03T17:54:30.743790+08:00] request.INFO: request {"acntno":"9000004904"} []
[2022-08-03T17:54:31.165815+08:00] response.INFO: response {"acntno":"9000004904","result":"УЯНГА БАТЗАЯА"} []
[2022-08-03T17:54:32.413224+08:00] request.INFO: request {"acntno":"9000004904"} []
[2022-08-03T17:54:32.826378+08:00] response.INFO: response {"acntno":"9000004904","result":"УЯНГА БАТЗАЯА"} []
[2022-08-03T17:54:35.950909+08:00] request.INFO: request {"acntno":"9000004904"} []
[2022-08-03T17:54:36.372834+08:00] response.INFO: response {"acntno":"9000004904","result":"УЯНГА БАТЗАЯА"} []
[2022-08-03T17:54:40.280744+08:00] request.INFO: request {"acntno":"9000004904"} []
[2022-08-03T17:54:40.692690+08:00] response.INFO: response {"acntno":"9000004904","result":"УЯНГА БАТЗАЯА"} []
[2022-08-03T18:01:01.189449+08:00] request.INFO: request {"acntno":"MN040019009000023760"} []
[2022-08-03T18:01:01.752918+08:00] response.INFO: response {"acntno":"MN040019009000023760","result":"УЯНГА БАТЗАЯА"} []
[2022-08-03T18:02:27.971478+08:00] request.INFO: request {"acntno":"MN040019009000023760"} []
[2022-08-03T18:02:28.397370+08:00] response.INFO: response {"acntno":"MN040019009000023760","result":"УЯНГА БАТЗАЯА"} []
[2022-08-03T18:02:30.048528+08:00] request.INFO: request {"acntno":"MN040019009000023760"} []
[2022-08-03T18:02:30.507740+08:00] response.INFO: response {"acntno":"MN040019009000023760","result":"УЯНГА БАТЗАЯА"} []
[2022-08-03T18:02:34.417440+08:00] request.INFO: request {"acntno":"MN040019009000023760"} []
[2022-08-03T18:02:34.833249+08:00] response.INFO: response {"acntno":"MN040019009000023760","result":"УЯНГА БАТЗАЯА"} []
[2022-08-03T18:02:48.648984+08:00] request.INFO: request {"acntno":"MN040019009000023760"} []
[2022-08-03T18:02:49.100416+08:00] response.INFO: response {"acntno":"MN040019009000023760","result":"УЯНГА БАТЗАЯА"} []
[2022-08-03T18:02:52.056349+08:00] request.INFO: request {"acntno":"MN040019009000023760"} []
[2022-08-03T18:02:52.605241+08:00] response.INFO: response {"acntno":"MN040019009000023760","result":"УЯНГА БАТЗАЯА"} []
[2022-08-03T18:02:54.215455+08:00] request.INFO: request {"acntno":"MN040019009000023760"} []
[2022-08-03T18:02:54.669607+08:00] response.INFO: response {"acntno":"MN040019009000023760","result":"УЯНГА БАТЗАЯА"} []
[2022-08-03T18:02:58.268271+08:00] request.INFO: request {"acntno":"MN040019009000023760"} []
[2022-08-03T18:02:58.696753+08:00] response.INFO: response {"acntno":"MN040019009000023760","result":"УЯНГА БАТЗАЯА"} []
[2022-08-03T18:03:05.829674+08:00] request.INFO: request {"acntno":"MN040019009000023760"} []
[2022-08-03T18:03:06.327696+08:00] response.INFO: response {"acntno":"MN040019009000023760","result":"УЯНГА БАТЗАЯА"} []
[2022-08-03T18:03:14.772832+08:00] request.INFO: request {"acntno":"MN040019009000023760"} []
[2022-08-03T18:03:15.319033+08:00] response.INFO: response {"acntno":"MN040019009000023760","result":"УЯНГА БАТЗАЯА"} []
[2022-08-03T18:03:16.657426+08:00] request.INFO: request {"acntno":"MN040019009000023760"} []
[2022-08-03T18:03:17.199132+08:00] response.INFO: response {"acntno":"MN040019009000023760","result":"УЯНГА БАТЗАЯА"} []
[2022-08-03T18:03:20.827820+08:00] request.INFO: request {"acntno":"MN040019009000023760"} []
[2022-08-03T18:03:21.239621+08:00] response.INFO: response {"acntno":"MN040019009000023760","result":"УЯНГА БАТЗАЯА"} []
[2022-08-03T18:06:11.622756+08:00] request.INFO: request {"acntno":"MN040019009000023760"} []
[2022-08-03T18:06:12.049715+08:00] response.INFO: response {"acntno":"MN040019009000023760","result":"УЯНГА БАТЗАЯА"} []
[2022-08-03T18:06:25.615931+08:00] request.INFO: request {"acntno":"MN090019009090001161"} []
[2022-08-03T18:06:26.034885+08:00] response.INFO: response {"acntno":"MN090019009090001161","result":"ОДГАРИГ БЯМБАЦОГТ"} []
[2022-08-03T18:07:07.808010+08:00] request.INFO: request {"acntno":"MN090019009090001161"} []
[2022-08-03T18:07:08.251291+08:00] response.INFO: response {"acntno":"MN090019009090001161","result":"ОДГАРИГ БЯМБАЦОГТ"} []
[2022-08-03T18:07:09.750182+08:00] request.INFO: request {"acntno":"MN090019009090001161"} []
[2022-08-03T18:07:10.183609+08:00] response.INFO: response {"acntno":"MN090019009090001161","result":"ОДГАРИГ БЯМБАЦОГТ"} []
[2022-08-03T18:07:13.753119+08:00] request.INFO: request {"acntno":"MN090019009090001161"} []
[2022-08-03T18:07:14.183398+08:00] response.INFO: response {"acntno":"MN090019009090001161","result":"ОДГАРИГ БЯМБАЦОГТ"} []
[2022-08-03T18:07:19.425032+08:00] request.INFO: request {"acntno":"MN090019009090001161"} []
[2022-08-03T18:07:19.845569+08:00] response.INFO: response {"acntno":"MN090019009090001161","result":"ОДГАРИГ БЯМБАЦОГТ"} []
[2022-08-03T18:07:29.541025+08:00] request.INFO: request {"acntno":"MN820019009090001399"} []
[2022-08-03T18:07:29.976449+08:00] response.INFO: response {"acntno":"MN820019009090001399","result":"ОДГАРИГ БЯМБАЦОГТ"} []
[2022-08-03T18:07:31.800669+08:00] request.INFO: request {"acntno":"MN820019009090001399"} []
[2022-08-03T18:07:32.375443+08:00] response.INFO: response {"acntno":"MN820019009090001399","result":"ОДГАРИГ БЯМБАЦОГТ"} []
[2022-08-03T18:07:41.571104+08:00] request.INFO: request {"acntno":"MN820019009090001399"} []
[2022-08-03T18:07:42.009628+08:00] response.INFO: response {"acntno":"MN820019009090001399","result":"ОДГАРИГ БЯМБАЦОГТ"} []
[2022-08-03T18:30:35.417692+08:00] request.INFO: request {"acntno":"9000004904"} []
[2022-08-03T18:30:35.882022+08:00] response.INFO: response {"acntno":"9000004904","result":"УЯНГА БАТЗАЯА"} []
[2022-08-03T18:34:28.842943+08:00] request.INFO: request {"acntno":"9000004904"} []
[2022-08-03T18:34:29.289518+08:00] response.INFO: response {"acntno":"9000004904","result":"УЯНГА БАТЗАЯА"} []
[2022-08-03T18:34:38.322846+08:00] request.INFO: request {"acntno":"9000004904"} []
[2022-08-03T18:34:38.763875+08:00] response.INFO: response {"acntno":"9000004904","result":"УЯНГА БАТЗАЯА"} []
[2022-08-03T18:34:40.698271+08:00] request.INFO: request {"acntno":"9000004904"} []
[2022-08-03T18:34:41.176322+08:00] response.INFO: response {"acntno":"9000004904","result":"УЯНГА БАТЗАЯА"} []
[2022-08-03T19:02:00.344132+08:00] request.INFO: request {"acntno":"9000004904"} []
[2022-08-03T19:02:00.813435+08:00] response.INFO: response {"acntno":"9000004904","result":"УЯНГА БАТЗАЯА"} []
[2022-08-03T19:02:03.867567+08:00] request.INFO: request {"acntno":"9000004904"} []
[2022-08-03T19:02:04.314019+08:00] response.INFO: response {"acntno":"9000004904","result":"УЯНГА БАТЗАЯА"} []
[2022-08-03T19:02:05.477154+08:00] request.INFO: request {"acntno":"9000004904"} []
[2022-08-03T19:02:06.162579+08:00] response.INFO: response {"acntno":"9000004904","result":"УЯНГА БАТЗАЯА"} []
[2022-08-03T19:02:14.222135+08:00] request.INFO: request {"acntno":"9000004904"} []
[2022-08-03T19:02:14.639139+08:00] response.INFO: response {"acntno":"9000004904","result":"УЯНГА БАТЗАЯА"} []
[2022-08-03T19:03:42.708085+08:00] request.INFO: request {"acntno":"9000004904"} []
[2022-08-03T19:03:43.153050+08:00] response.INFO: response {"acntno":"9000004904","result":"УЯНГА БАТЗАЯА"} []
[2022-08-03T19:03:47.363505+08:00] request.INFO: request {"acntno":"9000004904"} []
[2022-08-03T19:03:47.783792+08:00] response.INFO: response {"acntno":"9000004904","result":"УЯНГА БАТЗАЯА"} []
[2022-08-03T19:03:48.848952+08:00] request.INFO: request {"acntno":"9000004904"} []
[2022-08-03T19:03:49.269173+08:00] response.INFO: response {"acntno":"9000004904","result":"УЯНГА БАТЗАЯА"} []
[2022-08-03T19:04:48.755731+08:00] request.INFO: request {"acntno":"9000007387"} []
[2022-08-03T19:04:49.201863+08:00] response.INFO: response {"acntno":"9000007387","result":"УЯНГА БАТЗАЯА"} []
[2022-08-03T19:04:54.874898+08:00] request.INFO: request {"acntno":"9000007387"} []
[2022-08-03T19:04:55.312688+08:00] response.INFO: response {"acntno":"9000007387","result":"УЯНГА БАТЗАЯА"} []
[2022-08-03T19:05:15.659143+08:00] request.INFO: request {"acntno":"9000007387"} []
[2022-08-03T19:05:16.084295+08:00] response.INFO: response {"acntno":"9000007387","result":"УЯНГА БАТЗАЯА"} []
[2022-08-03T19:05:20.932964+08:00] request.INFO: request {"acntno":"9000007387"} []
[2022-08-03T19:05:21.360678+08:00] response.INFO: response {"acntno":"9000007387","result":"УЯНГА БАТЗАЯА"} []
[2022-08-03T19:05:22.902912+08:00] request.INFO: request {"acntno":"9000007387"} []
[2022-08-03T19:05:23.324002+08:00] response.INFO: response {"acntno":"9000007387","result":"УЯНГА БАТЗАЯА"} []
[2022-08-03T19:05:31.790441+08:00] request.INFO: request {"acntno":"9000007387"} []
[2022-08-03T19:05:32.211248+08:00] response.INFO: response {"acntno":"9000007387","result":"УЯНГА БАТЗАЯА"} []
[2022-08-03T19:05:34.359816+08:00] request.INFO: request {"acntno":"9000007387"} []
[2022-08-03T19:05:34.852016+08:00] response.INFO: response {"acntno":"9000007387","result":"УЯНГА БАТЗАЯА"} []
[2022-08-03T19:07:21.337207+08:00] request.INFO: request {"acntno":"MN240019009000018065"} []
[2022-08-03T19:07:21.774023+08:00] response.INFO: response {"acntno":"MN240019009000018065","result":"ЖАРГАЛМАА БҮЖИНЛХАМ"} []
[2022-08-03T19:07:24.437591+08:00] request.INFO: request {"acntno":"MN240019009000018065"} []
[2022-08-03T19:07:24.848685+08:00] response.INFO: response {"acntno":"MN240019009000018065","result":"ЖАРГАЛМАА БҮЖИНЛХАМ"} []
[2022-08-03T19:07:26.183176+08:00] request.INFO: request {"acntno":"MN240019009000018065"} []
[2022-08-03T19:07:26.613396+08:00] response.INFO: response {"acntno":"MN240019009000018065","result":"ЖАРГАЛМАА БҮЖИНЛХАМ"} []
[2022-08-03T19:08:19.958530+08:00] request.INFO: request {"acntno":"9000004904"} []
[2022-08-03T19:08:20.375564+08:00] response.INFO: response {"acntno":"9000004904","result":"УЯНГА БАТЗАЯА"} []
[2022-08-03T19:08:22.989424+08:00] request.INFO: request {"acntno":"9000004904"} []
[2022-08-03T19:08:23.425906+08:00] response.INFO: response {"acntno":"9000004904","result":"УЯНГА БАТЗАЯА"} []
[2022-08-03T19:08:25.041995+08:00] request.INFO: request {"acntno":"9000004904"} []
[2022-08-03T19:08:25.478930+08:00] response.INFO: response {"acntno":"9000004904","result":"УЯНГА БАТЗАЯА"} []
[2022-08-03T19:08:33.141092+08:00] request.INFO: request {"acntno":"9000004904"} []
[2022-08-03T19:08:33.581292+08:00] response.INFO: response {"acntno":"9000004904","result":"УЯНГА БАТЗАЯА"} []
[2022-08-03T19:09:43.432528+08:00] request.INFO: request {"acntno":"9000004904"} []
[2022-08-03T19:09:43.848654+08:00] response.INFO: response {"acntno":"9000004904","result":"УЯНГА БАТЗАЯА"} []
[2022-08-03T19:09:47.244088+08:00] request.INFO: request {"acntno":"9000004904"} []
[2022-08-03T19:09:47.666581+08:00] response.INFO: response {"acntno":"9000004904","result":"УЯНГА БАТЗАЯА"} []
[2022-08-03T19:09:48.813522+08:00] request.INFO: request {"acntno":"9000004904"} []
[2022-08-03T19:09:49.231417+08:00] response.INFO: response {"acntno":"9000004904","result":"УЯНГА БАТЗАЯА"} []
[2022-08-03T19:09:53.539971+08:00] request.INFO: request {"acntno":"9000004904"} []
[2022-08-03T19:09:53.962719+08:00] response.INFO: response {"acntno":"9000004904","result":"УЯНГА БАТЗАЯА"} []
[2022-08-03T19:10:40.177914+08:00] request.INFO: request {"acntno":"*"} []
