[2022-08-11T09:14:26.898628+08:00] request.INFO: request {"acntno":"MN670019009000001577"} []
[2022-08-11T09:14:27.321118+08:00] response.INFO: response {"acntno":"MN670019009000001577","result":"ЗХУТ"} []
[2022-08-11T09:14:29.865884+08:00] request.INFO: request {"acntno":"MN670019009000001577"} []
[2022-08-11T09:14:30.280449+08:00] response.INFO: response {"acntno":"MN670019009000001577","result":"ЗХУТ"} []
[2022-08-11T09:14:39.400026+08:00] request.INFO: request {"acntno":"MN670019009000001577"} []
[2022-08-11T09:14:39.813766+08:00] response.INFO: response {"acntno":"MN670019009000001577","result":"ЗХУТ"} []
[2022-08-11T09:22:17.494571+08:00] request.INFO: request {"acntno":"MN670019009000001577"} []
[2022-08-11T09:22:17.925148+08:00] response.INFO: response {"acntno":"MN670019009000001577","result":"ЗХУТ"} []
[2022-08-11T09:22:19.873046+08:00] request.INFO: request {"acntno":"MN670019009000001577"} []
[2022-08-11T09:22:20.297141+08:00] response.INFO: response {"acntno":"MN670019009000001577","result":"ЗХУТ"} []
[2022-08-11T09:22:27.823941+08:00] request.INFO: request {"acntno":"MN670019009000001577"} []
[2022-08-11T09:22:28.235139+08:00] response.INFO: response {"acntno":"MN670019009000001577","result":"ЗХУТ"} []
[2022-08-11T09:37:27.470430+08:00] request.INFO: request {"acntno":"MN670019009000001577"} []
[2022-08-11T09:37:27.935159+08:00] response.INFO: response {"acntno":"MN670019009000001577","result":"ЗХУТ"} []
[2022-08-11T09:37:31.054080+08:00] request.INFO: request {"acntno":"MN670019009000001577"} []
[2022-08-11T09:37:31.470861+08:00] response.INFO: response {"acntno":"MN670019009000001577","result":"ЗХУТ"} []
[2022-08-11T09:37:52.971570+08:00] request.INFO: request {"acntno":"MN670019009000001577"} []
[2022-08-11T09:37:53.400638+08:00] response.INFO: response {"acntno":"MN670019009000001577","result":"ЗХУТ"} []
[2022-08-11T10:30:55.383373+08:00] request.INFO: request {"acntno":"MN680019009100000314"} []
[2022-08-11T10:30:55.807128+08:00] response.INFO: response {"acntno":"MN680019009100000314","result":"НАРАНЦЭЦЭГ АМАРСАНАА"} []
[2022-08-11T10:31:09.759895+08:00] request.INFO: request {"acntno":"MN680019009100000314"} []
[2022-08-11T10:31:10.187554+08:00] response.INFO: response {"acntno":"MN680019009100000314","result":"НАРАНЦЭЦЭГ АМАРСАНАА"} []
[2022-08-11T10:31:11.811713+08:00] request.INFO: request {"acntno":"MN680019009100000314"} []
[2022-08-11T10:31:12.238644+08:00] response.INFO: response {"acntno":"MN680019009100000314","result":"НАРАНЦЭЦЭГ АМАРСАНАА"} []
[2022-08-11T10:31:24.297665+08:00] request.INFO: request {"acntno":"MN680019009100000314"} []
[2022-08-11T10:31:24.718518+08:00] response.INFO: response {"acntno":"MN680019009100000314","result":"НАРАНЦЭЦЭГ АМАРСАНАА"} []
[2022-08-11T10:31:26.118690+08:00] request.INFO: request {"acntno":"MN680019009100000314"} []
[2022-08-11T10:31:26.547604+08:00] response.INFO: response {"acntno":"MN680019009100000314","result":"НАРАНЦЭЦЭГ АМАРСАНАА"} []
[2022-08-11T10:31:34.635997+08:00] request.INFO: request {"acntno":"MN680019009100000314"} []
[2022-08-11T10:31:35.061320+08:00] response.INFO: response {"acntno":"MN680019009100000314","result":"НАРАНЦЭЦЭГ АМАРСАНАА"} []
[2022-08-11T10:31:37.251520+08:00] request.INFO: request {"acntno":"MN680019009100000314"} []
[2022-08-11T10:31:37.674158+08:00] response.INFO: response {"acntno":"MN680019009100000314","result":"НАРАНЦЭЦЭГ АМАРСАНАА"} []
[2022-08-11T10:31:49.810269+08:00] request.INFO: request {"acntno":"MN680019009100000314"} []
[2022-08-11T10:31:50.241113+08:00] response.INFO: response {"acntno":"MN680019009100000314","result":"НАРАНЦЭЦЭГ АМАРСАНАА"} []
[2022-08-11T10:31:55.284692+08:00] request.INFO: request {"acntno":"MN680019009100000314"} []
[2022-08-11T10:31:55.722163+08:00] response.INFO: response {"acntno":"MN680019009100000314","result":"НАРАНЦЭЦЭГ АМАРСАНАА"} []
[2022-08-11T10:32:00.115329+08:00] request.INFO: request {"acntno":"MN680019009100000314"} []
[2022-08-11T10:32:00.554611+08:00] response.INFO: response {"acntno":"MN680019009100000314","result":"НАРАНЦЭЦЭГ АМАРСАНАА"} []
[2022-08-11T10:32:01.866546+08:00] request.INFO: request {"acntno":"MN680019009100000314"} []
[2022-08-11T10:32:02.284785+08:00] response.INFO: response {"acntno":"MN680019009100000314","result":"НАРАНЦЭЦЭГ АМАРСАНАА"} []
[2022-08-11T10:35:42.210065+08:00] request.INFO: request {"acntno":"MN670019009000001577"} []
[2022-08-11T10:35:42.624935+08:00] response.INFO: response {"acntno":"MN670019009000001577","result":"ЗХУТ"} []
[2022-08-11T10:36:10.826916+08:00] request.INFO: request {"acntno":"MN670019009000001577"} []
[2022-08-11T10:36:11.253899+08:00] response.INFO: response {"acntno":"MN670019009000001577","result":"ЗХУТ"} []
[2022-08-11T10:38:51.151670+08:00] request.INFO: request {"acntno":"MN670019009000001577"} []
[2022-08-11T10:38:51.597844+08:00] response.INFO: response {"acntno":"MN670019009000001577","result":"ЗХУТ"} []
[2022-08-11T10:44:04.764718+08:00] request.INFO: request {"acntno":"MN670019009000001577"} []
[2022-08-11T10:44:05.190282+08:00] response.INFO: response {"acntno":"MN670019009000001577","result":"ЗХУТ"} []
[2022-08-11T10:48:56.300054+08:00] request.INFO: request {"acntno":"MN670019009000001577"} []
[2022-08-11T10:48:56.728660+08:00] response.INFO: response {"acntno":"MN670019009000001577","result":"ЗХУТ"} []
[2022-08-11T10:49:02.184861+08:00] request.INFO: request {"acntno":"MN670019009000001577"} []
[2022-08-11T10:49:02.611174+08:00] response.INFO: response {"acntno":"MN670019009000001577","result":"ЗХУТ"} []
[2022-08-11T10:49:51.927727+08:00] request.INFO: request {"acntno":"MN670019009000001577"} []
[2022-08-11T10:49:52.373462+08:00] response.INFO: response {"acntno":"MN670019009000001577","result":"ЗХУТ"} []
[2022-08-11T11:57:20.635740+08:00] request.INFO: request {"acntno":"MN780019009000001573"} []
[2022-08-11T11:57:21.069824+08:00] response.INFO: response {"acntno":"MN780019009000001573","result":"ЗАМЫН ЦАГДАА"} []
[2022-08-11T12:14:41.795195+08:00] request.INFO: request {"acntno":"MN670019009000001577"} []
[2022-08-11T12:14:42.213833+08:00] response.INFO: response {"acntno":"MN670019009000001577","result":"ЗХУТ"} []
[2022-08-11T14:51:42.004548+08:00] request.INFO: request {"acntno":"*"} []
[2022-08-11T15:09:18.674271+08:00] request.INFO: request {"acntno":"MN670019009000001577"} []
[2022-08-11T15:09:19.087968+08:00] response.INFO: response {"acntno":"MN670019009000001577","result":"ЗХУТ"} []
[2022-08-11T15:09:21.010679+08:00] request.INFO: request {"acntno":"MN670019009000001577"} []
[2022-08-11T15:09:21.435729+08:00] response.INFO: response {"acntno":"MN670019009000001577","result":"ЗХУТ"} []
[2022-08-11T15:14:49.654020+08:00] request.INFO: request {"acntno":"MN670019009000001577"} []
[2022-08-11T15:14:50.069539+08:00] response.INFO: response {"acntno":"MN670019009000001577","result":"ЗХУТ"} []
[2022-08-11T15:15:23.823819+08:00] request.INFO: request {"acntno":"MN670019009000001577"} []
[2022-08-11T15:15:24.236498+08:00] response.INFO: response {"acntno":"MN670019009000001577","result":"ЗХУТ"} []
[2022-08-11T15:15:30.472465+08:00] request.INFO: request {"acntno":"MN670019009000001577"} []
[2022-08-11T15:15:30.912611+08:00] response.INFO: response {"acntno":"MN670019009000001577","result":"ЗХУТ"} []
[2022-08-11T15:16:23.250917+08:00] request.INFO: request {"acntno":"MN670019009000001577"} []
[2022-08-11T15:16:23.669150+08:00] response.INFO: response {"acntno":"MN670019009000001577","result":"ЗХУТ"} []
[2022-08-11T15:16:25.082615+08:00] request.INFO: request {"acntno":"MN670019009000001577"} []
[2022-08-11T15:16:25.504671+08:00] response.INFO: response {"acntno":"MN670019009000001577","result":"ЗХУТ"} []
[2022-08-11T15:16:31.200977+08:00] request.INFO: request {"acntno":"MN670019009000001577"} []
[2022-08-11T15:16:31.622235+08:00] response.INFO: response {"acntno":"MN670019009000001577","result":"ЗХУТ"} []
[2022-08-11T15:19:28.693610+08:00] request.INFO: request {"acntno":"*"} []
[2022-08-11T15:25:57.273196+08:00] request.INFO: request {"acntno":"MN670019009000001577"} []
[2022-08-11T15:25:57.708392+08:00] response.INFO: response {"acntno":"MN670019009000001577","result":"ЗХУТ"} []
[2022-08-11T15:26:25.971028+08:00] request.INFO: request {"acntno":"MN670019009000001577"} []
[2022-08-11T15:26:26.391660+08:00] response.INFO: response {"acntno":"MN670019009000001577","result":"ЗХУТ"} []
[2022-08-11T15:31:16.779454+08:00] request.INFO: request {"acntno":"MN670019009000001577"} []
[2022-08-11T15:31:17.250159+08:00] response.INFO: response {"acntno":"MN670019009000001577","result":"ЗХУТ"} []
[2022-08-11T15:40:54.470549+08:00] request.INFO: request {"acntno":"MN670019009000001577"} []
[2022-08-11T15:40:54.890720+08:00] response.INFO: response {"acntno":"MN670019009000001577","result":"ЗХУТ"} []
[2022-08-11T15:45:48.287329+08:00] request.INFO: request {"acntno":"MN670019009000001577"} []
[2022-08-11T15:45:48.707321+08:00] response.INFO: response {"acntno":"MN670019009000001577","result":"ЗХУТ"} []
[2022-08-11T15:51:33.960304+08:00] request.INFO: request {"acntno":"MN670019009000001577"} []
[2022-08-11T15:51:34.380109+08:00] response.INFO: response {"acntno":"MN670019009000001577","result":"ЗХУТ"} []
[2022-08-11T15:53:23.370790+08:00] request.INFO: request {"acntno":"MN670019009000001577"} []
[2022-08-11T15:53:23.801744+08:00] response.INFO: response {"acntno":"MN670019009000001577","result":"ЗХУТ"} []
[2022-08-11T15:53:39.947256+08:00] request.INFO: request {"acntno":"MN670019009000001577"} []
[2022-08-11T15:53:40.379694+08:00] response.INFO: response {"acntno":"MN670019009000001577","result":"ЗХУТ"} []
[2022-08-11T15:55:58.748669+08:00] request.INFO: request {"acntno":"MN670019009000001577"} []
[2022-08-11T15:55:59.182403+08:00] response.INFO: response {"acntno":"MN670019009000001577","result":"ЗХУТ"} []
[2022-08-11T16:03:30.964821+08:00] request.INFO: request {"acntno":"MN670019009000001577"} []
[2022-08-11T16:03:31.384571+08:00] response.INFO: response {"acntno":"MN670019009000001577","result":"ЗХУТ"} []
[2022-08-11T16:03:32.733165+08:00] request.INFO: request {"acntno":"MN670019009000001577"} []
[2022-08-11T16:03:33.153442+08:00] response.INFO: response {"acntno":"MN670019009000001577","result":"ЗХУТ"} []
[2022-08-11T16:12:05.002356+08:00] request.INFO: request {"acntno":"9000004904"} []
[2022-08-11T16:12:05.459699+08:00] response.INFO: response {"acntno":"9000004904","result":"УЯНГА БАТЗАЯА"} []
[2022-08-11T16:12:15.938286+08:00] request.INFO: request {"acntno":"9000004904"} []
[2022-08-11T16:12:16.351980+08:00] response.INFO: response {"acntno":"9000004904","result":"УЯНГА БАТЗАЯА"} []
[2022-08-11T16:12:18.070937+08:00] request.INFO: request {"acntno":"9000004904"} []
[2022-08-11T16:12:18.502708+08:00] response.INFO: response {"acntno":"9000004904","result":"УЯНГА БАТЗАЯА"} []
[2022-08-11T16:12:21.281548+08:00] request.INFO: request {"acntno":"9000004904"} []
[2022-08-11T16:12:21.726231+08:00] response.INFO: response {"acntno":"9000004904","result":"УЯНГА БАТЗАЯА"} []
[2022-08-11T16:17:51.341037+08:00] request.INFO: request {"acntno":"MN960019009090001438"} []
[2022-08-11T16:17:51.780861+08:00] response.INFO: response {"acntno":"MN960019009090001438","result":"ХАЛИУН БАТСАЙХАН"} []
[2022-08-11T16:17:59.175186+08:00] request.INFO: request {"acntno":"MN960019009090001438"} []
[2022-08-11T16:17:59.598120+08:00] response.INFO: response {"acntno":"MN960019009090001438","result":"ХАЛИУН БАТСАЙХАН"} []
[2022-08-11T16:18:01.006728+08:00] request.INFO: request {"acntno":"MN960019009090001438"} []
[2022-08-11T16:18:01.418236+08:00] response.INFO: response {"acntno":"MN960019009090001438","result":"ХАЛИУН БАТСАЙХАН"} []
[2022-08-11T16:18:04.765808+08:00] request.INFO: request {"acntno":"MN960019009090001438"} []
[2022-08-11T16:18:05.179957+08:00] response.INFO: response {"acntno":"MN960019009090001438","result":"ХАЛИУН БАТСАЙХАН"} []
[2022-08-11T16:18:27.743596+08:00] request.INFO: request {"acntno":"MN670019009000001577"} []
[2022-08-11T16:18:28.157073+08:00] response.INFO: response {"acntno":"MN670019009000001577","result":"ЗХУТ"} []
[2022-08-11T16:18:52.302086+08:00] request.INFO: request {"acntno":"MN670019009000001577"} []
[2022-08-11T16:18:52.721258+08:00] response.INFO: response {"acntno":"MN670019009000001577","result":"ЗХУТ"} []
[2022-08-11T16:39:27.639466+08:00] request.INFO: request {"acntno":"MN670019009000001577"} []
[2022-08-11T16:39:28.058955+08:00] response.INFO: response {"acntno":"MN670019009000001577","result":"ЗХУТ"} []
[2022-08-11T16:56:45.796585+08:00] request.INFO: request {"acntno":"9000004904"} []
[2022-08-11T16:56:46.238809+08:00] response.INFO: response {"acntno":"9000004904","result":"УЯНГА БАТЗАЯА"} []
[2022-08-11T16:57:53.257978+08:00] request.INFO: request {"acntno":"9000004904"} []
[2022-08-11T16:57:53.676556+08:00] response.INFO: response {"acntno":"9000004904","result":"УЯНГА БАТЗАЯА"} []
[2022-08-11T16:57:55.530784+08:00] request.INFO: request {"acntno":"9000004904"} []
[2022-08-11T16:57:55.953070+08:00] response.INFO: response {"acntno":"9000004904","result":"УЯНГА БАТЗАЯА"} []
[2022-08-11T16:57:59.256725+08:00] request.INFO: request {"acntno":"9000004904"} []
[2022-08-11T16:57:59.676706+08:00] response.INFO: response {"acntno":"9000004904","result":"УЯНГА БАТЗАЯА"} []
[2022-08-11T17:03:36.433425+08:00] request.INFO: request {"acntno":"MN670019009000001577"} []
[2022-08-11T17:03:36.847365+08:00] response.INFO: response {"acntno":"MN670019009000001577","result":"ЗХУТ"} []
[2022-08-11T17:04:16.100740+08:00] request.INFO: request {"acntno":"MN670019009000001577"} []
[2022-08-11T17:04:16.524429+08:00] response.INFO: response {"acntno":"MN670019009000001577","result":"ЗХУТ"} []
[2022-08-11T17:04:18.604549+08:00] request.INFO: request {"acntno":"MN670019009000001577"} []
[2022-08-11T17:04:19.020237+08:00] response.INFO: response {"acntno":"MN670019009000001577","result":"ЗХУТ"} []
[2022-08-11T17:04:21.907109+08:00] request.INFO: request {"acntno":"MN670019009000001577"} []
[2022-08-11T17:04:22.335824+08:00] response.INFO: response {"acntno":"MN670019009000001577","result":"ЗХУТ"} []
[2022-08-11T17:06:13.019271+08:00] request.INFO: request {"acntno":"*"} []
[2022-08-11T17:06:37.853448+08:00] request.INFO: request {"acntno":"MN670019009000001577"} []
[2022-08-11T17:06:38.277119+08:00] response.INFO: response {"acntno":"MN670019009000001577","result":"ЗХУТ"} []
[2022-08-11T17:11:42.695115+08:00] request.INFO: request {"acntno":"*"} []
[2022-08-11T17:12:47.426134+08:00] request.INFO: request {"acntno":"*"} []
[2022-08-11T17:12:57.252901+08:00] request.INFO: request {"acntno":"*"} []
[2022-08-11T17:24:22.088356+08:00] request.INFO: request {"acntno":"MN670019009000001577"} []
[2022-08-11T17:24:22.507122+08:00] response.INFO: response {"acntno":"MN670019009000001577","result":"ЗХУТ"} []
[2022-08-11T17:41:05.544933+08:00] request.INFO: request {"acntno":"MN670019009000001577"} []
[2022-08-11T17:41:05.974761+08:00] response.INFO: response {"acntno":"MN670019009000001577","result":"ЗХУТ"} []
[2022-08-11T17:41:16.243627+08:00] request.INFO: request {"acntno":"MN670019009000001577"} []
[2022-08-11T17:41:16.656981+08:00] response.INFO: response {"acntno":"MN670019009000001577","result":"ЗХУТ"} []
[2022-08-11T17:41:26.563917+08:00] request.INFO: request {"acntno":"MN670019009000001577"} []
[2022-08-11T17:41:26.981038+08:00] response.INFO: response {"acntno":"MN670019009000001577","result":"ЗХУТ"} []
[2022-08-11T17:41:47.242996+08:00] request.INFO: request {"acntno":"MN670019009000001577"} []
[2022-08-11T17:41:47.664060+08:00] response.INFO: response {"acntno":"MN670019009000001577","result":"ЗХУТ"} []
[2022-08-11T17:42:04.774905+08:00] request.INFO: request {"acntno":"MN670019009000001577"} []
[2022-08-11T17:42:05.198239+08:00] response.INFO: response {"acntno":"MN670019009000001577","result":"ЗХУТ"} []
[2022-08-11T17:44:19.105170+08:00] request.INFO: request {"acntno":"MN670019009000001577"} []
[2022-08-11T17:44:19.536363+08:00] response.INFO: response {"acntno":"MN670019009000001577","result":"ЗХУТ"} []
[2022-08-11T17:49:32.352132+08:00] request.INFO: request {"acntno":"MN670019009000001577"} []
[2022-08-11T17:49:32.786335+08:00] response.INFO: response {"acntno":"MN670019009000001577","result":"ЗХУТ"} []
[2022-08-11T18:05:10.591816+08:00] request.INFO: request {"acntno":"*"} []
[2022-08-11T18:05:33.667819+08:00] request.INFO: request {"acntno":"*"} []
