[2022-09-12T15:24:16.667773+08:00] request.INFO: request {"acntno":"9000024083"} []
[2022-09-12T15:24:17.178051+08:00] response.INFO: response {"acntno":"9000024083","result":"ЭНХТУЯА ДАНЗАНБАЛЖИР"} []
[2022-09-12T15:24:24.884570+08:00] request.INFO: request {"acntno":"9000024083"} []
[2022-09-12T15:24:25.305503+08:00] response.INFO: response {"acntno":"9000024083","result":"ЭНХТУЯА ДАНЗАНБАЛЖИР"} []
[2022-09-12T15:24:28.228922+08:00] request.INFO: request {"acntno":"9000024083"} []
[2022-09-12T15:24:28.648128+08:00] response.INFO: response {"acntno":"9000024083","result":"ЭНХТУЯА ДАНЗАНБАЛЖИР"} []
[2022-09-12T15:24:35.493647+08:00] request.INFO: request {"acntno":"9000024083"} []
[2022-09-12T15:24:35.933745+08:00] response.INFO: response {"acntno":"9000024083","result":"ЭНХТУЯА ДАНЗАНБАЛЖИР"} []
[2022-09-12T18:08:26.373789+08:00] request.INFO: request {"acntno":"MN670019009000001577"} []
[2022-09-12T18:08:26.827441+08:00] response.INFO: response {"acntno":"MN670019009000001577","result":"ЗХУТ"} []
[2022-09-12T18:08:28.530612+08:00] request.INFO: request {"acntno":"MN670019009000001577"} []
[2022-09-12T18:08:28.965209+08:00] response.INFO: response {"acntno":"MN670019009000001577","result":"ЗХУТ"} []
[2022-09-12T18:08:32.343038+08:00] request.INFO: request {"acntno":"MN670019009000001577"} []
[2022-09-12T18:08:32.780539+08:00] response.INFO: response {"acntno":"MN670019009000001577","result":"ЗХУТ"} []
[2022-09-12T18:08:38.148505+08:00] request.INFO: request {"acntno":"MN670019009000001577"} []
[2022-09-12T18:08:38.577604+08:00] response.INFO: response {"acntno":"MN670019009000001577","result":"ЗХУТ"} []
[2022-09-12T18:50:55.092017+08:00] request.INFO: request {"acntno":"9000004904"} []
[2022-09-12T18:50:55.555520+08:00] response.INFO: response {"acntno":"9000004904","result":"УЯНГА БАТЗАЯА"} []
[2022-09-12T18:51:03.791794+08:00] request.INFO: request {"acntno":"9000004904"} []
[2022-09-12T18:51:04.216802+08:00] response.INFO: response {"acntno":"9000004904","result":"УЯНГА БАТЗАЯА"} []
[2022-09-12T18:51:05.850629+08:00] request.INFO: request {"acntno":"9000004904"} []
[2022-09-12T18:51:06.265914+08:00] response.INFO: response {"acntno":"9000004904","result":"УЯНГА БАТЗАЯА"} []
[2022-09-12T18:51:10.672828+08:00] request.INFO: request {"acntno":"9000004904"} []
[2022-09-12T18:51:11.105383+08:00] response.INFO: response {"acntno":"9000004904","result":"УЯНГА БАТЗАЯА"} []
[2022-09-12T18:51:46.180589+08:00] request.INFO: request {"acntno":"9000018065"} []
[2022-09-12T18:51:46.638066+08:00] response.INFO: response {"acntno":"9000018065","result":"ЖАРГАЛМАА БҮЖИНЛХАМ"} []
[2022-09-12T18:51:52.038746+08:00] request.INFO: request {"acntno":"9000018065"} []
[2022-09-12T18:51:52.468540+08:00] response.INFO: response {"acntno":"9000018065","result":"ЖАРГАЛМАА БҮЖИНЛХАМ"} []
[2022-09-12T18:51:53.869416+08:00] request.INFO: request {"acntno":"9000018065"} []
[2022-09-12T18:51:54.305230+08:00] response.INFO: response {"acntno":"9000018065","result":"ЖАРГАЛМАА БҮЖИНЛХАМ"} []
