[2023-04-19T10:27:47.705876+08:00] request.INFO: request {"acntno":"9000007387"} []
[2023-04-19T10:27:48.209476+08:00] response.INFO: response {"acntno":"9000007387","result":"УЯНГА БАТЗАЯА"} []
[2023-04-19T10:28:32.545597+08:00] request.INFO: request {"acntno":"MN460019009000007387"} []
[2023-04-19T10:28:33.029962+08:00] response.INFO: response {"acntno":"MN460019009000007387","result":"УЯНГА БАТЗАЯА"} []
[2023-04-19T10:46:31.076216+08:00] request.INFO: request {"acntno":"9000035555"} []
[2023-04-19T10:46:31.568338+08:00] response.INFO: response {"acntno":"9000035555","result":"ДҮГЭРЖАВ ЗУНДУЙ"} []
[2023-04-19T10:47:04.329504+08:00] request.INFO: request {"acntno":"MN460019009000007387"} []
[2023-04-19T10:47:04.794939+08:00] response.INFO: response {"acntno":"MN460019009000007387","result":"УЯНГА БАТЗАЯА"} []
[2023-04-19T10:57:37.657790+08:00] request.INFO: request {"acntno":"9000007387"} []
[2023-04-19T10:57:38.108570+08:00] response.INFO: response {"acntno":"9000007387","result":"УЯНГА БАТЗАЯА"} []
[2023-04-19T10:58:03.752088+08:00] request.INFO: request {"acntno":"MN460019009000007387"} []
[2023-04-19T10:58:04.203331+08:00] response.INFO: response {"acntno":"MN460019009000007387","result":"УЯНГА БАТЗАЯА"} []
[2023-04-19T11:13:03.743588+08:00] request.INFO: request {"acntno":"9000007387"} []
[2023-04-19T11:13:04.253633+08:00] response.INFO: response {"acntno":"9000007387","result":"УЯНГА БАТЗАЯА"} []
[2023-04-19T11:41:11.954776+08:00] request.INFO: request {"acntno":"90000355542"} []
[2023-04-19T11:41:16.257557+08:00] request.INFO: request {"acntno":"90000355543"} []
[2023-04-19T11:41:22.210783+08:00] request.INFO: request {"acntno":"90000355545"} []
[2023-04-19T11:41:26.004070+08:00] request.INFO: request {"acntno":"90000355555"} []
[2023-04-19T11:41:29.746822+08:00] request.INFO: request {"acntno":"9000035555"} []
[2023-04-19T11:41:30.181156+08:00] response.INFO: response {"acntno":"9000035555","result":"ДҮГЭРЖАВ ЗУНДУЙ"} []
