[2023-03-15T17:01:47.144758+08:00] request.INFO: request {"acntno":"MN960019009100000198"} []
[2023-03-15T17:01:47.669969+08:00] response.INFO: response {"acntno":"MN960019009100000198","result":"ГОМБОРАГЧАА ДАШЖАМЦ"} []
[2023-03-15T17:01:55.558384+08:00] request.INFO: request {"acntno":"MN960019009100000198"} []
[2023-03-15T17:01:56.204963+08:00] response.INFO: response {"acntno":"MN960019009100000198","result":"ГОМБОРАГЧАА ДАШЖАМЦ"} []
[2023-03-15T17:01:58.533669+08:00] request.INFO: request {"acntno":"MN960019009100000198"} []
[2023-03-15T17:01:59.057439+08:00] response.INFO: response {"acntno":"MN960019009100000198","result":"ГОМБОРАГЧАА ДАШЖАМЦ"} []
[2023-03-15T17:02:08.581165+08:00] request.INFO: request {"acntno":"MN960019009100000198"} []
[2023-03-15T17:02:09.114799+08:00] response.INFO: response {"acntno":"MN960019009100000198","result":"ГОМБОРАГЧАА ДАШЖАМЦ"} []
[2023-03-15T17:02:10.913956+08:00] request.INFO: request {"acntno":"MN960019009100000198"} []
[2023-03-15T17:02:11.439304+08:00] response.INFO: response {"acntno":"MN960019009100000198","result":"ГОМБОРАГЧАА ДАШЖАМЦ"} []
[2023-03-15T17:06:01.094387+08:00] request.INFO: request {"acntno":"*"} []
[2023-03-15T17:17:35.001433+08:00] request.INFO: request {"acntno":"*"} []
[2023-03-15T17:27:36.586966+08:00] request.INFO: request {"acntno":"MN960019009100000198"} []
[2023-03-15T17:27:37.160600+08:00] response.INFO: response {"acntno":"MN960019009100000198","result":"ГОМБОРАГЧАА ДАШЖАМЦ"} []
[2023-03-15T17:27:55.739887+08:00] request.INFO: request {"acntno":"MN960019009100000198"} []
[2023-03-15T17:27:56.291319+08:00] response.INFO: response {"acntno":"MN960019009100000198","result":"ГОМБОРАГЧАА ДАШЖАМЦ"} []
[2023-03-15T17:27:58.570731+08:00] request.INFO: request {"acntno":"MN960019009100000198"} []
[2023-03-15T17:27:59.102810+08:00] response.INFO: response {"acntno":"MN960019009100000198","result":"ГОМБОРАГЧАА ДАШЖАМЦ"} []
[2023-03-15T17:45:28.853370+08:00] request.INFO: request {"acntno":"9000007387"} []
[2023-03-15T17:45:29.465469+08:00] response.INFO: response {"acntno":"9000007387","result":"УЯНГА БАТЗАЯА"} []
[2023-03-15T18:02:05.525408+08:00] request.INFO: request {"acntno":"*"} []
[2023-03-15T18:04:30.134305+08:00] request.INFO: request {"acntno":"*"} []
[2023-03-15T18:05:14.655255+08:00] request.INFO: request {"acntno":"*"} []
[2023-03-15T19:08:26.756433+08:00] request.INFO: request {"acntno":"*"} []
[2023-03-15T19:13:43.531626+08:00] request.INFO: request {"acntno":"*"} []
[2023-03-15T19:14:22.339740+08:00] request.INFO: request {"acntno":"*"} []
[2023-03-15T19:18:01.603646+08:00] request.INFO: request {"acntno":"*"} []
[2023-03-15T19:19:36.432584+08:00] request.INFO: request {"acntno":"*"} []
[2023-03-15T19:20:30.450127+08:00] request.INFO: request {"acntno":"*"} []
