[2023-08-15T09:21:56.085991+08:00] request.INFO: request {"acntno":"MN150019009100000201"} []
[2023-08-15T09:22:12.300694+08:00] request.INFO: request {"acntno":"MN150019009000028897"} []
[2023-08-15T09:24:15.460239+08:00] request.INFO: request {"acntno":"MN150019009000028897"} []
[2023-08-15T09:24:40.851018+08:00] request.INFO: request {"acntno":"MN150019009000028897"} []
[2023-08-15T09:24:58.959756+08:00] request.INFO: request {"acntno":"MN460019009010012549"} []
[2023-08-15T09:37:07.496313+08:00] request.INFO: request {"acntno":"MN150019009000028897"} []
[2023-08-15T09:37:17.357366+08:00] request.INFO: request {"acntno":"MN600019009000045159"} []
[2023-08-15T09:49:42.879041+08:00] request.INFO: request {"acntno":"MN600019009000045159"} []
[2023-08-15T12:13:25.337258+08:00] request.INFO: request {"acntno":"MN150019009100000201"} []
[2023-08-15T12:17:01.073282+08:00] request.INFO: request {"acntno":"MN150019009100000201"} []
[2023-08-15T14:09:13.825891+08:00] request.INFO: request {"acntno":"MN460019009010012549"} []
[2023-08-15T14:13:57.213315+08:00] request.INFO: request {"acntno":"MN150019009000028897"} []
[2023-08-15T14:22:37.252430+08:00] request.INFO: request {"acntno":"MN150019009000028897"} []
[2023-08-15T14:25:51.052044+08:00] request.INFO: request {"acntno":"MN150019009000028897"} []
[2023-08-15T14:25:55.718535+08:00] request.INFO: request {"acntno":"MN150019009000028897"} []
[2023-08-15T14:26:00.733571+08:00] request.INFO: request {"acntno":"MN150019009000028897"} []
[2023-08-15T14:26:10.882021+08:00] request.INFO: request {"acntno":"MN150019009000028897"} []
[2023-08-15T14:26:16.512968+08:00] request.INFO: request {"acntno":"MN150019009100000201"} []
[2023-08-15T14:34:23.372659+08:00] request.INFO: request {"acntno":"MN330019009100000362"} []
[2023-08-15T14:34:34.297794+08:00] request.INFO: request {"acntno":"9100000362"} []
[2023-08-15T14:36:40.738211+08:00] request.INFO: request {"acntno":"MN150019009100000201"} []
[2023-08-15T14:38:23.933600+08:00] request.INFO: request {"acntno":"9000017424"} []
[2023-08-15T14:38:24.413942+08:00] response.INFO: response {"acntno":"9000017424","result":"ЭРДЭНЭБАЯР ШАР"} []
[2023-08-15T14:38:32.271600+08:00] request.INFO: request {"acntno":"9000017424"} []
[2023-08-15T14:38:32.726824+08:00] response.INFO: response {"acntno":"9000017424","result":"ЭРДЭНЭБАЯР ШАР"} []
[2023-08-15T14:38:35.063315+08:00] request.INFO: request {"acntno":"9000017424"} []
[2023-08-15T14:38:35.486807+08:00] response.INFO: response {"acntno":"9000017424","result":"ЭРДЭНЭБАЯР ШАР"} []
[2023-08-15T14:40:44.455773+08:00] request.INFO: request {"acntno":"9000017424"} []
[2023-08-15T14:40:44.899562+08:00] response.INFO: response {"acntno":"9000017424","result":"ЭРДЭНЭБАЯР ШАР"} []
[2023-08-15T14:40:52.697190+08:00] request.INFO: request {"acntno":"MN650019009000017424"} []
[2023-08-15T14:40:52.982726+08:00] request.INFO: request {"acntno":"9000017424"} []
[2023-08-15T14:40:53.150791+08:00] response.INFO: response {"acntno":"MN650019009000017424","result":"ЭРДЭНЭБАЯР ШАР"} []
[2023-08-15T14:40:53.407735+08:00] response.INFO: response {"acntno":"9000017424","result":"ЭРДЭНЭБАЯР ШАР"} []
[2023-08-15T14:40:55.624203+08:00] request.INFO: request {"acntno":"9000017424"} []
[2023-08-15T14:40:56.072680+08:00] response.INFO: response {"acntno":"9000017424","result":"ЭРДЭНЭБАЯР ШАР"} []
[2023-08-15T14:41:01.940273+08:00] request.INFO: request {"acntno":"MN150019009100000201"} []
[2023-08-15T14:41:02.390106+08:00] response.INFO: response {"acntno":"MN150019009100000201","result":"ДАВААЖАВ БАТБААТАР"} []
[2023-08-15T14:41:17.021420+08:00] request.INFO: request {"acntno":"MN150019009000028897"} []
[2023-08-15T14:41:17.482087+08:00] response.INFO: response {"acntno":"MN150019009000028897","result":"НАРАНЦЭЦЭГ АМАРСАНАА"} []
[2023-08-15T14:41:18.760465+08:00] request.INFO: request {"acntno":"900015705"} []
[2023-08-15T14:41:22.452527+08:00] request.INFO: request {"acntno":"9000015705"} []
[2023-08-15T14:41:22.907300+08:00] response.INFO: response {"acntno":"9000015705","result":"ЗОЛБОО ЧУЛУУНБААТАР"} []
[2023-08-15T14:41:26.783570+08:00] request.INFO: request {"acntno":"9000015705"} []
[2023-08-15T14:41:27.231046+08:00] response.INFO: response {"acntno":"9000015705","result":"ЗОЛБОО ЧУЛУУНБААТАР"} []
[2023-08-15T14:41:28.940469+08:00] request.INFO: request {"acntno":"9000015705"} []
[2023-08-15T14:41:29.398864+08:00] response.INFO: response {"acntno":"9000015705","result":"ЗОЛБОО ЧУЛУУНБААТАР"} []
[2023-08-15T15:02:15.577991+08:00] request.INFO: request {"acntno":"MN150019009100000201"} []
[2023-08-15T15:02:16.020755+08:00] response.INFO: response {"acntno":"MN150019009100000201","result":"ДАВААЖАВ БАТБААТАР"} []
[2023-08-15T15:02:19.145874+08:00] request.INFO: request {"acntno":"MN150019009100000201"} []
[2023-08-15T15:02:19.572725+08:00] response.INFO: response {"acntno":"MN150019009100000201","result":"ДАВААЖАВ БАТБААТАР"} []
[2023-08-15T15:02:21.391294+08:00] request.INFO: request {"acntno":"MN150019009100000201"} []
[2023-08-15T15:02:21.876178+08:00] response.INFO: response {"acntno":"MN150019009100000201","result":"ДАВААЖАВ БАТБААТАР"} []
[2023-08-15T15:25:09.297230+08:00] request.INFO: request {"acntno":"MN150019009000028897"} []
[2023-08-15T15:25:09.741526+08:00] response.INFO: response {"acntno":"MN150019009000028897","result":"НАРАНЦЭЦЭГ АМАРСАНАА"} []
[2023-08-15T15:25:38.522166+08:00] request.INFO: request {"acntno":"MN150019009000028897"} []
[2023-08-15T15:25:39.011263+08:00] response.INFO: response {"acntno":"MN150019009000028897","result":"НАРАНЦЭЦЭГ АМАРСАНАА"} []
[2023-08-15T15:25:47.012712+08:00] request.INFO: request {"acntno":"MN150019009000028897"} []
[2023-08-15T15:25:47.444266+08:00] response.INFO: response {"acntno":"MN150019009000028897","result":"НАРАНЦЭЦЭГ АМАРСАНАА"} []
[2023-08-15T15:25:49.234393+08:00] request.INFO: request {"acntno":"MN150019009000028897"} []
[2023-08-15T15:25:49.667349+08:00] response.INFO: response {"acntno":"MN150019009000028897","result":"НАРАНЦЭЦЭГ АМАРСАНАА"} []
[2023-08-15T15:39:10.669899+08:00] request.INFO: request {"acntno":"*"} []
[2023-08-15T17:27:19.862536+08:00] request.INFO: request {"acntno":"MN150019009000028897"} []
[2023-08-15T17:27:20.348688+08:00] response.INFO: response {"acntno":"MN150019009000028897","result":"НАРАНЦЭЦЭГ АМАРСАНАА"} []
[2023-08-15T17:27:23.567365+08:00] request.INFO: request {"acntno":"MN150019009000028897"} []
[2023-08-15T17:27:23.996942+08:00] response.INFO: response {"acntno":"MN150019009000028897","result":"НАРАНЦЭЦЭГ АМАРСАНАА"} []
[2023-08-15T17:27:25.690954+08:00] request.INFO: request {"acntno":"MN150019009000028897"} []
[2023-08-15T17:27:26.127017+08:00] response.INFO: response {"acntno":"MN150019009000028897","result":"НАРАНЦЭЦЭГ АМАРСАНАА"} []
[2023-08-15T17:28:34.171387+08:00] request.INFO: request {"acntno":"MN150019009000028897"} []
[2023-08-15T17:28:34.626415+08:00] response.INFO: response {"acntno":"MN150019009000028897","result":"НАРАНЦЭЦЭГ АМАРСАНАА"} []
[2023-08-15T17:28:37.706466+08:00] request.INFO: request {"acntno":"MN150019009000028897"} []
[2023-08-15T17:28:38.140031+08:00] response.INFO: response {"acntno":"MN150019009000028897","result":"НАРАНЦЭЦЭГ АМАРСАНАА"} []
[2023-08-15T17:28:39.753200+08:00] request.INFO: request {"acntno":"MN150019009000028897"} []
[2023-08-15T17:28:40.177960+08:00] response.INFO: response {"acntno":"MN150019009000028897","result":"НАРАНЦЭЦЭГ АМАРСАНАА"} []
