[2023-05-15T10:29:58.354597+08:00] request.INFO: request {"acntno":"MN340019009030000779"} []
[2023-05-15T10:29:58.872315+08:00] response.INFO: response {"acntno":"MN340019009030000779","result":"ОНТОП МТБЛ"} []
[2023-05-15T10:30:14.888090+08:00] request.INFO: request {"acntno":"MN340019009030000779"} []
[2023-05-15T10:30:15.325307+08:00] response.INFO: response {"acntno":"MN340019009030000779","result":"ОНТОП МТБЛ"} []
[2023-05-15T10:30:17.614208+08:00] request.INFO: request {"acntno":"MN340019009030000779"} []
[2023-05-15T10:30:18.057292+08:00] response.INFO: response {"acntno":"MN340019009030000779","result":"ОНТОП МТБЛ"} []
[2023-05-15T11:04:35.816002+08:00] request.INFO: request {"acntno":"MN960019009100000198"} []
[2023-05-15T11:04:36.290010+08:00] response.INFO: response {"acntno":"MN960019009100000198","result":"ГОМБОРАГЧАА ДАШЖАМЦ"} []
[2023-05-15T11:04:42.318437+08:00] request.INFO: request {"acntno":"MN960019009100000198"} []
[2023-05-15T11:04:42.763484+08:00] response.INFO: response {"acntno":"MN960019009100000198","result":"ГОМБОРАГЧАА ДАШЖАМЦ"} []
[2023-05-15T11:04:45.033529+08:00] request.INFO: request {"acntno":"MN960019009100000198"} []
[2023-05-15T11:04:45.480391+08:00] response.INFO: response {"acntno":"MN960019009100000198","result":"ГОМБОРАГЧАА ДАШЖАМЦ"} []
[2023-05-15T11:13:07.403082+08:00] request.INFO: request {"acntno":"MN960019009090001729"} []
[2023-05-15T11:13:07.856904+08:00] response.INFO: response {"acntno":"MN960019009090001729","result":"ЦАГДААГИЙН ЕРӨНХИЙ ГАЗАР"} []
[2023-05-15T11:13:09.530665+08:00] request.INFO: request {"acntno":"MN960019009090001729"} []
[2023-05-15T11:13:09.983787+08:00] response.INFO: response {"acntno":"MN960019009090001729","result":"ЦАГДААГИЙН ЕРӨНХИЙ ГАЗАР"} []
[2023-05-15T11:20:31.253468+08:00] request.INFO: request {"acntno":"MN340019009030000779"} []
[2023-05-15T11:20:31.708111+08:00] response.INFO: response {"acntno":"MN340019009030000779","result":"ОНТОП МТБЛ"} []
[2023-05-15T11:20:39.282203+08:00] request.INFO: request {"acntno":"MN340019009030000779"} []
[2023-05-15T11:20:39.748984+08:00] response.INFO: response {"acntno":"MN340019009030000779","result":"ОНТОП МТБЛ"} []
[2023-05-15T11:20:41.398850+08:00] request.INFO: request {"acntno":"MN340019009030000779"} []
[2023-05-15T11:20:41.849893+08:00] response.INFO: response {"acntno":"MN340019009030000779","result":"ОНТОП МТБЛ"} []
[2023-05-15T11:20:45.033666+08:00] request.INFO: request {"acntno":"MN340019009030000779"} []
[2023-05-15T11:20:45.501036+08:00] response.INFO: response {"acntno":"MN340019009030000779","result":"ОНТОП МТБЛ"} []
[2023-05-15T14:48:00.218260+08:00] request.INFO: request {"acntno":"9000030002"} []
[2023-05-15T14:48:05.567264+08:00] request.INFO: request {"acntno":"9000030052"} []
[2023-05-15T14:48:06.042993+08:00] response.INFO: response {"acntno":"9000030052","result":"НОМИН ЦОГТСАЙХАН"} []
[2023-05-15T14:48:16.491141+08:00] request.INFO: request {"acntno":"9000030052"} []
[2023-05-15T14:48:16.940556+08:00] response.INFO: response {"acntno":"9000030052","result":"НОМИН ЦОГТСАЙХАН"} []
[2023-05-15T14:54:05.635868+08:00] request.INFO: request {"acntno":"9000035709"} []
[2023-05-15T14:54:06.170567+08:00] response.INFO: response {"acntno":"9000035709","result":"СОДНОМ БААСАНСҮРЭН"} []
[2023-05-15T14:54:09.224386+08:00] request.INFO: request {"acntno":"9000035709"} []
[2023-05-15T14:54:09.682709+08:00] response.INFO: response {"acntno":"9000035709","result":"СОДНОМ БААСАНСҮРЭН"} []
[2023-05-15T14:54:11.961901+08:00] request.INFO: request {"acntno":"9000035709"} []
[2023-05-15T14:54:12.439325+08:00] response.INFO: response {"acntno":"9000035709","result":"СОДНОМ БААСАНСҮРЭН"} []
[2023-05-15T14:54:22.674755+08:00] request.INFO: request {"acntno":"9000035709"} []
[2023-05-15T14:54:23.128637+08:00] response.INFO: response {"acntno":"9000035709","result":"СОДНОМ БААСАНСҮРЭН"} []
[2023-05-15T15:22:54.908720+08:00] request.INFO: request {"acntno":"MN260019009090001728"} []
[2023-05-15T15:22:55.450443+08:00] response.INFO: response {"acntno":"MN260019009090001728","result":"ЗАМЫН ХӨДӨЛГӨӨНИЙ УДИРДЛАГЫН ТӨВ"} []
[2023-05-15T15:22:57.192475+08:00] request.INFO: request {"acntno":"MN260019009090001728"} []
[2023-05-15T15:22:57.673155+08:00] response.INFO: response {"acntno":"MN260019009090001728","result":"ЗАМЫН ХӨДӨЛГӨӨНИЙ УДИРДЛАГЫН ТӨВ"} []
[2023-05-15T15:23:05.050811+08:00] request.INFO: request {"acntno":"MN260019009090001728"} []
[2023-05-15T15:23:05.491047+08:00] response.INFO: response {"acntno":"MN260019009090001728","result":"ЗАМЫН ХӨДӨЛГӨӨНИЙ УДИРДЛАГЫН ТӨВ"} []
[2023-05-15T15:40:13.655155+08:00] request.INFO: request {"acntno":"MN340019009030000779"} []
[2023-05-15T15:40:14.107675+08:00] response.INFO: response {"acntno":"MN340019009030000779","result":"ОНТОП МТБЛ"} []
[2023-05-15T16:18:07.226700+08:00] request.INFO: request {"acntno":"MN960019009090001729"} []
[2023-05-15T16:18:07.681051+08:00] response.INFO: response {"acntno":"MN960019009090001729","result":"ЦАГДААГИЙН ЕРӨНХИЙ ГАЗАР"} []
[2023-05-15T16:18:19.560450+08:00] request.INFO: request {"acntno":"MN960019009090001729"} []
[2023-05-15T16:18:20.020788+08:00] response.INFO: response {"acntno":"MN960019009090001729","result":"ЦАГДААГИЙН ЕРӨНХИЙ ГАЗАР"} []
[2023-05-15T16:19:03.262605+08:00] request.INFO: request {"acntno":"MN260019009090001728"} []
[2023-05-15T16:19:03.717394+08:00] response.INFO: response {"acntno":"MN260019009090001728","result":"ЗАМЫН ХӨДӨЛГӨӨНИЙ УДИРДЛАГЫН ТӨВ"} []
[2023-05-15T16:19:32.291605+08:00] request.INFO: request {"acntno":"MN960019009090001729"} []
[2023-05-15T16:19:32.733031+08:00] response.INFO: response {"acntno":"MN960019009090001729","result":"ЦАГДААГИЙН ЕРӨНХИЙ ГАЗАР"} []
