[2023-03-22T10:10:11.475206+08:00] request.INFO: request {"acntno":"*"} []
[2023-03-22T12:37:22.536765+08:00] request.INFO: request {"acntno":"MN190019009000034354"} []
[2023-03-22T12:37:23.119075+08:00] response.INFO: response {"acntno":"MN190019009000034354","result":"НАРАНЦЭЦЭГ ЦЭРЭН"} []
[2023-03-22T12:37:36.800400+08:00] request.INFO: request {"acntno":"MN190019009000034354"} []
[2023-03-22T12:37:37.299223+08:00] response.INFO: response {"acntno":"MN190019009000034354","result":"НАРАНЦЭЦЭГ ЦЭРЭН"} []
[2023-03-22T12:40:39.518470+08:00] request.INFO: request {"acntno":"MN190019009000034354"} []
[2023-03-22T12:40:40.010517+08:00] response.INFO: response {"acntno":"MN190019009000034354","result":"НАРАНЦЭЦЭГ ЦЭРЭН"} []
[2023-03-22T12:40:44.360462+08:00] request.INFO: request {"acntno":"MN190019009000034354"} []
[2023-03-22T12:40:44.868530+08:00] response.INFO: response {"acntno":"MN190019009000034354","result":"НАРАНЦЭЦЭГ ЦЭРЭН"} []
[2023-03-22T12:40:47.001941+08:00] request.INFO: request {"acntno":"MN190019009000034354"} []
[2023-03-22T12:40:47.520192+08:00] response.INFO: response {"acntno":"MN190019009000034354","result":"НАРАНЦЭЦЭГ ЦЭРЭН"} []
[2023-03-22T12:40:59.337795+08:00] request.INFO: request {"acntno":"MN190019009000034354"} []
[2023-03-22T12:40:59.859619+08:00] response.INFO: response {"acntno":"MN190019009000034354","result":"НАРАНЦЭЦЭГ ЦЭРЭН"} []
[2023-03-22T12:51:38.169451+08:00] request.INFO: request {"acntno":"MN340019009030000779"} []
[2023-03-22T12:51:38.820461+08:00] response.INFO: response {"acntno":"MN340019009030000779","result":"ОНТОП МТБЛ"} []
[2023-03-22T12:51:47.620162+08:00] request.INFO: request {"acntno":"MN340019009030000779"} []
[2023-03-22T12:51:48.145483+08:00] response.INFO: response {"acntno":"MN340019009030000779","result":"ОНТОП МТБЛ"} []
[2023-03-22T12:51:49.957042+08:00] request.INFO: request {"acntno":"MN340019009030000779"} []
[2023-03-22T12:51:50.486485+08:00] response.INFO: response {"acntno":"MN340019009030000779","result":"ОНТОП МТБЛ"} []
[2023-03-22T12:52:28.058459+08:00] request.INFO: request {"acntno":"MN190019009000034354"} []
[2023-03-22T12:52:28.553300+08:00] response.INFO: response {"acntno":"MN190019009000034354","result":"НАРАНЦЭЦЭГ ЦЭРЭН"} []
[2023-03-22T12:52:34.579505+08:00] request.INFO: request {"acntno":"MN190019009000034354"} []
[2023-03-22T12:52:35.080226+08:00] response.INFO: response {"acntno":"MN190019009000034354","result":"НАРАНЦЭЦЭГ ЦЭРЭН"} []
[2023-03-22T12:52:38.403807+08:00] request.INFO: request {"acntno":"MN190019009000034354"} []
[2023-03-22T12:52:38.934017+08:00] response.INFO: response {"acntno":"MN190019009000034354","result":"НАРАНЦЭЦЭГ ЦЭРЭН"} []
[2023-03-22T12:52:57.712446+08:00] request.INFO: request {"acntno":"MN190019009000034354"} []
[2023-03-22T12:52:58.211185+08:00] response.INFO: response {"acntno":"MN190019009000034354","result":"НАРАНЦЭЦЭГ ЦЭРЭН"} []
[2023-03-22T12:53:31.805041+08:00] request.INFO: request {"acntno":"MN150019009100000201"} []
[2023-03-22T12:53:32.334172+08:00] response.INFO: response {"acntno":"MN150019009100000201","result":"ДАВААЖАВ БАТБААТАР"} []
[2023-03-22T12:53:36.108640+08:00] request.INFO: request {"acntno":"MN150019009100000201"} []
[2023-03-22T12:53:36.643877+08:00] response.INFO: response {"acntno":"MN150019009100000201","result":"ДАВААЖАВ БАТБААТАР"} []
[2023-03-22T12:53:38.782359+08:00] request.INFO: request {"acntno":"MN150019009100000201"} []
[2023-03-22T12:53:39.299704+08:00] response.INFO: response {"acntno":"MN150019009100000201","result":"ДАВААЖАВ БАТБААТАР"} []
[2023-03-22T12:53:42.770893+08:00] request.INFO: request {"acntno":"MN150019009100000201"} []
[2023-03-22T12:53:43.297890+08:00] response.INFO: response {"acntno":"MN150019009100000201","result":"ДАВААЖАВ БАТБААТАР"} []
[2023-03-22T13:14:03.088047+08:00] request.INFO: request {"acntno":"MN150019009100000201"} []
[2023-03-22T13:14:03.647956+08:00] response.INFO: response {"acntno":"MN150019009100000201","result":"ДАВААЖАВ БАТБААТАР"} []
[2023-03-22T13:14:05.998878+08:00] request.INFO: request {"acntno":"MN150019009100000201"} []
[2023-03-22T13:14:06.540737+08:00] response.INFO: response {"acntno":"MN150019009100000201","result":"ДАВААЖАВ БАТБААТАР"} []
[2023-03-22T13:14:08.983255+08:00] request.INFO: request {"acntno":"MN150019009100000201"} []
[2023-03-22T13:14:09.523457+08:00] response.INFO: response {"acntno":"MN150019009100000201","result":"ДАВААЖАВ БАТБААТАР"} []
[2023-03-22T13:14:16.957358+08:00] request.INFO: request {"acntno":"MN150019009100000201"} []
[2023-03-22T13:14:17.448628+08:00] response.INFO: response {"acntno":"MN150019009100000201","result":"ДАВААЖАВ БАТБААТАР"} []
[2023-03-22T13:14:29.694195+08:00] request.INFO: request {"acntno":"MN150019009100000201"} []
[2023-03-22T13:14:30.316504+08:00] response.INFO: response {"acntno":"MN150019009100000201","result":"ДАВААЖАВ БАТБААТАР"} []
[2023-03-22T13:14:39.456409+08:00] request.INFO: request {"acntno":"MN150019009100000201"} []
[2023-03-22T13:14:39.959299+08:00] response.INFO: response {"acntno":"MN150019009100000201","result":"ДАВААЖАВ БАТБААТАР"} []
[2023-03-22T13:14:41.910377+08:00] request.INFO: request {"acntno":"MN150019009100000201"} []
[2023-03-22T13:14:42.420447+08:00] response.INFO: response {"acntno":"MN150019009100000201","result":"ДАВААЖАВ БАТБААТАР"} []
[2023-03-22T13:14:45.481072+08:00] request.INFO: request {"acntno":"MN150019009100000201"} []
[2023-03-22T13:14:45.967460+08:00] response.INFO: response {"acntno":"MN150019009100000201","result":"ДАВААЖАВ БАТБААТАР"} []
[2023-03-22T13:50:57.610072+08:00] request.INFO: request {"acntno":"MN960019009100000198"} []
[2023-03-22T13:50:58.129569+08:00] response.INFO: response {"acntno":"MN960019009100000198","result":"ГОМБОРАГЧАА ДАШЖАМЦ"} []
[2023-03-22T13:51:07.465202+08:00] request.INFO: request {"acntno":"MN960019009100000198"} []
[2023-03-22T13:51:07.967631+08:00] response.INFO: response {"acntno":"MN960019009100000198","result":"ГОМБОРАГЧАА ДАШЖАМЦ"} []
[2023-03-22T13:51:10.463211+08:00] request.INFO: request {"acntno":"MN960019009100000198"} []
[2023-03-22T13:51:10.997453+08:00] response.INFO: response {"acntno":"MN960019009100000198","result":"ГОМБОРАГЧАА ДАШЖАМЦ"} []
[2023-03-22T14:06:11.954107+08:00] request.INFO: request {"acntno":"MN960019009100000198"} []
[2023-03-22T14:06:12.479371+08:00] response.INFO: response {"acntno":"MN960019009100000198","result":"ГОМБОРАГЧАА ДАШЖАМЦ"} []
[2023-03-22T14:19:51.312488+08:00] request.INFO: request {"acntno":"MN960019009100000198"} []
[2023-03-22T14:19:51.916551+08:00] response.INFO: response {"acntno":"MN960019009100000198","result":"ГОМБОРАГЧАА ДАШЖАМЦ"} []
[2023-03-22T14:19:56.619326+08:00] request.INFO: request {"acntno":"MN960019009100000198"} []
[2023-03-22T14:19:57.312915+08:00] response.INFO: response {"acntno":"MN960019009100000198","result":"ГОМБОРАГЧАА ДАШЖАМЦ"} []
[2023-03-22T14:19:59.570807+08:00] request.INFO: request {"acntno":"MN960019009100000198"} []
[2023-03-22T14:20:00.142921+08:00] response.INFO: response {"acntno":"MN960019009100000198","result":"ГОМБОРАГЧАА ДАШЖАМЦ"} []
[2023-03-22T16:02:29.510263+08:00] request.INFO: request {"acntno":"MN340019009030000779"} []
[2023-03-22T16:02:30.067512+08:00] response.INFO: response {"acntno":"MN340019009030000779","result":"ОНТОП МТБЛ"} []
[2023-03-22T16:19:46.210496+08:00] request.INFO: request {"acntno":"*"} []
[2023-03-22T16:31:45.817501+08:00] request.INFO: request {"acntno":"MN150019009100000201"} []
[2023-03-22T16:31:46.372882+08:00] response.INFO: response {"acntno":"MN150019009100000201","result":"ДАВААЖАВ БАТБААТАР"} []
[2023-03-22T16:31:49.422164+08:00] request.INFO: request {"acntno":"MN150019009100000201"} []
[2023-03-22T16:31:49.935594+08:00] response.INFO: response {"acntno":"MN150019009100000201","result":"ДАВААЖАВ БАТБААТАР"} []
[2023-03-22T16:31:52.802647+08:00] request.INFO: request {"acntno":"MN150019009100000201"} []
[2023-03-22T16:31:53.360446+08:00] response.INFO: response {"acntno":"MN150019009100000201","result":"ДАВААЖАВ БАТБААТАР"} []
[2023-03-22T18:05:08.851417+08:00] request.INFO: request {"acntno":"MN150019009100000201"} []
[2023-03-22T18:05:09.361254+08:00] response.INFO: response {"acntno":"MN150019009100000201","result":"ДАВААЖАВ БАТБААТАР"} []
[2023-03-22T18:05:18.381757+08:00] request.INFO: request {"acntno":"MN150019009100000201"} []
[2023-03-22T18:05:18.927925+08:00] response.INFO: response {"acntno":"MN150019009100000201","result":"ДАВААЖАВ БАТБААТАР"} []
[2023-03-22T18:05:21.260885+08:00] request.INFO: request {"acntno":"MN150019009100000201"} []
[2023-03-22T18:05:21.797098+08:00] response.INFO: response {"acntno":"MN150019009100000201","result":"ДАВААЖАВ БАТБААТАР"} []
[2023-03-22T18:06:06.763986+08:00] request.INFO: request {"acntno":"MN150019009100000201"} []
[2023-03-22T18:06:07.339701+08:00] response.INFO: response {"acntno":"MN150019009100000201","result":"ДАВААЖАВ БАТБААТАР"} []
[2023-03-22T18:06:24.150253+08:00] request.INFO: request {"acntno":"MN150019009100000201"} []
[2023-03-22T18:06:24.651031+08:00] response.INFO: response {"acntno":"MN150019009100000201","result":"ДАВААЖАВ БАТБААТАР"} []
[2023-03-22T18:06:27.364189+08:00] request.INFO: request {"acntno":"MN150019009100000201"} []
[2023-03-22T18:06:27.877014+08:00] response.INFO: response {"acntno":"MN150019009100000201","result":"ДАВААЖАВ БАТБААТАР"} []
[2023-03-22T18:06:29.578704+08:00] request.INFO: request {"acntno":"MN150019009100000201"} []
[2023-03-22T18:06:30.080662+08:00] response.INFO: response {"acntno":"MN150019009100000201","result":"ДАВААЖАВ БАТБААТАР"} []
