[2023-03-27T10:42:26.387872+08:00] request.INFO: request {"acntno":"9000007387"} []
[2023-03-27T10:42:26.903068+08:00] response.INFO: response {"acntno":"9000007387","result":"УЯНГА БАТЗАЯА"} []
[2023-03-27T11:35:26.022778+08:00] request.INFO: request {"acntno":"48448584708"} []
[2023-03-27T11:35:59.316994+08:00] request.INFO: request {"acntno":"9000031836"} []
[2023-03-27T11:35:59.826420+08:00] response.INFO: response {"acntno":"9000031836","result":"ЦЭНД БИЛЭГСАЙХАН"} []
[2023-03-27T11:39:37.530249+08:00] request.INFO: request {"acntno":"9000007387"} []
[2023-03-27T11:39:38.035370+08:00] response.INFO: response {"acntno":"9000007387","result":"УЯНГА БАТЗАЯА"} []
[2023-03-27T11:51:15.345694+08:00] request.INFO: request {"acntno":"5045280761"} []
[2023-03-27T11:51:18.724871+08:00] request.INFO: request {"acntno":"5045280761"} []
[2023-03-27T11:51:49.883271+08:00] request.INFO: request {"acntno":"90000285645"} []
[2023-03-27T11:51:53.010486+08:00] request.INFO: request {"acntno":"9000028564"} []
[2023-03-27T11:51:56.240537+08:00] request.INFO: request {"acntno":"900002856"} []
[2023-03-27T11:52:02.144295+08:00] request.INFO: request {"acntno":"900001111"} []
[2023-03-27T11:52:05.125750+08:00] request.INFO: request {"acntno":"9000011111"} []
[2023-03-27T11:52:05.639373+08:00] response.INFO: response {"acntno":"9000011111","result":"НАРАНГАРАВ БОЛД"} []
[2023-03-27T12:02:36.143840+08:00] request.INFO: request {"acntno":"900"} []
[2023-03-27T12:22:04.809197+08:00] request.INFO: request {"acntno":"9000031836"} []
[2023-03-27T12:22:05.323334+08:00] response.INFO: response {"acntno":"9000031836","result":"ЦЭНД БИЛЭГСАЙХАН"} []
[2023-03-27T12:24:31.775134+08:00] request.INFO: request {"acntno":"9000007387"} []
[2023-03-27T12:24:32.313072+08:00] response.INFO: response {"acntno":"9000007387","result":"УЯНГА БАТЗАЯА"} []
[2023-03-27T12:24:41.792368+08:00] request.INFO: request {"acntno":"9000007387"} []
[2023-03-27T12:24:42.289762+08:00] response.INFO: response {"acntno":"9000007387","result":"УЯНГА БАТЗАЯА"} []
[2023-03-27T12:39:36.883715+08:00] request.INFO: request {"acntno":"MN960019009100000198"} []
[2023-03-27T12:39:37.438452+08:00] response.INFO: response {"acntno":"MN960019009100000198","result":"ГОМБОРАГЧАА ДАШЖАМЦ"} []
[2023-03-27T12:45:56.214028+08:00] request.INFO: request {"acntno":"9000031836"} []
[2023-03-27T12:45:56.773506+08:00] response.INFO: response {"acntno":"9000031836","result":"ЦЭНД БИЛЭГСАЙХАН"} []
[2023-03-27T12:52:42.663705+08:00] request.INFO: request {"acntno":"9000007387"} []
[2023-03-27T12:52:43.208081+08:00] response.INFO: response {"acntno":"9000007387","result":"УЯНГА БАТЗАЯА"} []
[2023-03-27T16:13:12.038758+08:00] request.INFO: request {"acntno":"*"} []
