[2023-08-31T11:27:23.519322+08:00] request.INFO: request {"acntno":"*"} []
[2023-08-31T12:36:55.681961+08:00] request.INFO: request {"acntno":"*"} []
[2023-08-31T12:51:15.171996+08:00] request.INFO: request {"acntno":"*"} []
[2023-08-31T12:51:22.616134+08:00] request.INFO: request {"acntno":"*"} []
[2023-08-31T12:51:36.855694+08:00] request.INFO: request {"acntno":"*"} []
[2023-08-31T12:52:03.634528+08:00] request.INFO: request {"acntno":"*"} []
[2023-08-31T12:55:04.779391+08:00] request.INFO: request {"acntno":"*"} []
[2023-08-31T12:55:35.104459+08:00] request.INFO: request {"acntno":"*"} []
[2023-08-31T12:56:20.785740+08:00] request.INFO: request {"acntno":"*"} []
[2023-08-31T12:59:05.274403+08:00] request.INFO: request {"acntno":"*"} []
[2023-08-31T13:01:08.113242+08:00] request.INFO: request {"acntno":"*"} []
[2023-08-31T13:01:36.554072+08:00] request.INFO: request {"acntno":"*"} []
[2023-08-31T13:02:14.910533+08:00] request.INFO: request {"acntno":"*"} []
[2023-08-31T13:02:42.920513+08:00] request.INFO: request {"acntno":"*"} []
[2023-08-31T13:14:10.589220+08:00] request.INFO: request {"acntno":"*"} []
[2023-08-31T13:19:30.750196+08:00] request.INFO: request {"acntno":"*"} []
[2023-08-31T13:20:01.453138+08:00] request.INFO: request {"acntno":"*"} []
[2023-08-31T13:59:43.524621+08:00] request.INFO: request {"acntno":"*"} []
[2023-08-31T14:14:03.018216+08:00] request.INFO: request {"acntno":"*"} []
[2023-08-31T14:31:47.912851+08:00] request.INFO: request {"acntno":"*"} []
[2023-08-31T14:40:23.447132+08:00] request.INFO: request {"acntno":"*"} []
[2023-08-31T15:14:57.436821+08:00] request.INFO: request {"acntno":"MN150019009100000201"} []
[2023-08-31T15:14:57.908213+08:00] response.INFO: response {"acntno":"MN150019009100000201","result":"ДАВААЖАВ БАТБААТАР"} []
[2023-08-31T15:15:03.766463+08:00] request.INFO: request {"acntno":"MN150019009000028897"} []
[2023-08-31T15:15:04.246613+08:00] response.INFO: response {"acntno":"MN150019009000028897","result":"НАРАНЦЭЦЭГ АМАРСАНАА"} []
[2023-08-31T15:15:07.360310+08:00] request.INFO: request {"acntno":"MN150019009000028897"} []
[2023-08-31T15:15:07.828873+08:00] response.INFO: response {"acntno":"MN150019009000028897","result":"НАРАНЦЭЦЭГ АМАРСАНАА"} []
[2023-08-31T15:15:09.665492+08:00] request.INFO: request {"acntno":"MN150019009000028897"} []
[2023-08-31T15:15:10.185411+08:00] response.INFO: response {"acntno":"MN150019009000028897","result":"НАРАНЦЭЦЭГ АМАРСАНАА"} []
[2023-08-31T15:17:32.230156+08:00] request.INFO: request {"acntno":"220300008588"} []
[2023-08-31T15:20:36.291165+08:00] request.INFO: request {"acntno":"*"} []
[2023-08-31T15:21:00.554352+08:00] request.INFO: request {"acntno":"*"} []
[2023-08-31T15:38:56.133904+08:00] request.INFO: request {"acntno":"*"} []
[2023-08-31T15:45:09.420445+08:00] request.INFO: request {"acntno":"*"} []
[2023-08-31T15:45:46.715272+08:00] request.INFO: request {"acntno":"*"} []
[2023-08-31T15:49:51.053689+08:00] request.INFO: request {"acntno":"*"} []
[2023-08-31T15:56:26.708683+08:00] request.INFO: request {"acntno":"*"} []
[2023-08-31T15:57:13.375213+08:00] request.INFO: request {"acntno":"*"} []
[2023-08-31T16:00:44.219387+08:00] request.INFO: request {"acntno":"*"} []
[2023-08-31T16:50:44.365109+08:00] request.INFO: request {"acntno":"*"} []
[2023-08-31T18:42:21.590401+08:00] request.INFO: request {"acntno":"*"} []
