[2023-02-14T12:00:47.074063+08:00] request.INFO: request {"acntno":"900007387"} []
[2023-02-14T12:00:58.292412+08:00] request.INFO: request {"acntno":"9000007387"} []
[2023-02-14T15:10:02.462160+08:00] request.INFO: request {"acntno":"9000007387"} []
[2023-02-14T15:10:15.053728+08:00] request.INFO: request {"acntno":"9000007387"} []
[2023-02-14T15:10:37.259297+08:00] request.INFO: request {"acntno":"9000007387"} []
[2023-02-14T15:10:41.726224+08:00] request.INFO: request {"acntno":"9000007387"} []
[2023-02-14T15:10:48.274395+08:00] request.INFO: request {"acntno":"mN460019009000007387"} []
[2023-02-14T15:12:09.627822+08:00] request.INFO: request {"acntno":"MN460019009000007387"} []
[2023-02-14T15:12:28.817456+08:00] request.INFO: request {"acntno":"MN460019009000007387"} []
[2023-02-14T15:42:31.035263+08:00] request.INFO: request {"acntno":"9000007387"} []
[2023-02-14T16:11:30.913144+08:00] request.INFO: request {"acntno":"*"} []
[2023-02-14T16:11:45.271792+08:00] request.INFO: request {"acntno":"*"} []
[2023-02-14T17:45:07.951383+08:00] request.INFO: request {"acntno":"9000007387"} []
[2023-02-14T17:45:08.517252+08:00] response.INFO: response {"acntno":"9000007387","result":"УЯНГА БАТЗАЯА"} []
[2023-02-14T17:45:14.421965+08:00] request.INFO: request {"acntno":"9000007387"} []
[2023-02-14T17:45:14.924924+08:00] response.INFO: response {"acntno":"9000007387","result":"УЯНГА БАТЗАЯА"} []
[2023-02-14T17:45:22.354421+08:00] request.INFO: request {"acntno":"9000007387"} []
[2023-02-14T17:45:22.844969+08:00] response.INFO: response {"acntno":"9000007387","result":"УЯНГА БАТЗАЯА"} []
[2023-02-14T17:45:26.809892+08:00] request.INFO: request {"acntno":"9000007387"} []
[2023-02-14T17:45:27.298159+08:00] response.INFO: response {"acntno":"9000007387","result":"УЯНГА БАТЗАЯА"} []
[2023-02-14T17:45:34.276063+08:00] request.INFO: request {"acntno":"9000007387"} []
[2023-02-14T17:45:34.786505+08:00] response.INFO: response {"acntno":"9000007387","result":"УЯНГА БАТЗАЯА"} []
[2023-02-14T17:45:40.666984+08:00] request.INFO: request {"acntno":"9000007387"} []
[2023-02-14T17:45:41.167444+08:00] response.INFO: response {"acntno":"9000007387","result":"УЯНГА БАТЗАЯА"} []
[2023-02-14T17:45:42.956511+08:00] request.INFO: request {"acntno":"9000007387"} []
[2023-02-14T17:45:43.442630+08:00] response.INFO: response {"acntno":"9000007387","result":"УЯНГА БАТЗАЯА"} []
[2023-02-14T17:46:15.623884+08:00] request.INFO: request {"acntno":"9000007387"} []
[2023-02-14T17:46:16.115388+08:00] response.INFO: response {"acntno":"9000007387","result":"УЯНГА БАТЗАЯА"} []
[2023-02-14T17:47:06.023486+08:00] request.INFO: request {"acntno":"9000007387"} []
[2023-02-14T17:47:06.574097+08:00] response.INFO: response {"acntno":"9000007387","result":"УЯНГА БАТЗАЯА"} []
[2023-02-14T17:47:31.035203+08:00] request.INFO: request {"acntno":"9000007387"} []
[2023-02-14T17:47:31.528911+08:00] response.INFO: response {"acntno":"9000007387","result":"УЯНГА БАТЗАЯА"} []
[2023-02-14T18:04:56.723211+08:00] request.INFO: request {"acntno":"9000007387"} []
[2023-02-14T18:04:57.240800+08:00] response.INFO: response {"acntno":"9000007387","result":"УЯНГА БАТЗАЯА"} []
[2023-02-14T18:05:05.044553+08:00] request.INFO: request {"acntno":"9000007387"} []
[2023-02-14T18:05:05.603439+08:00] response.INFO: response {"acntno":"9000007387","result":"УЯНГА БАТЗАЯА"} []
[2023-02-14T18:05:07.110627+08:00] request.INFO: request {"acntno":"9000007387"} []
[2023-02-14T18:05:07.606210+08:00] response.INFO: response {"acntno":"9000007387","result":"УЯНГА БАТЗАЯА"} []
[2023-02-14T18:05:11.852455+08:00] request.INFO: request {"acntno":"9000007387"} []
[2023-02-14T18:05:12.334348+08:00] response.INFO: response {"acntno":"9000007387","result":"УЯНГА БАТЗАЯА"} []
[2023-02-14T18:05:52.756924+08:00] request.INFO: request {"acntno":"9000007387"} []
[2023-02-14T18:05:53.252098+08:00] response.INFO: response {"acntno":"9000007387","result":"УЯНГА БАТЗАЯА"} []
[2023-02-14T18:05:58.370644+08:00] request.INFO: request {"acntno":"9000007387"} []
[2023-02-14T18:05:58.876116+08:00] response.INFO: response {"acntno":"9000007387","result":"УЯНГА БАТЗАЯА"} []
[2023-02-14T18:06:00.618839+08:00] request.INFO: request {"acntno":"9000007387"} []
[2023-02-14T18:06:01.117481+08:00] response.INFO: response {"acntno":"9000007387","result":"УЯНГА БАТЗАЯА"} []
[2023-02-14T18:06:13.814811+08:00] request.INFO: request {"acntno":"9000007387"} []
[2023-02-14T18:06:14.356450+08:00] response.INFO: response {"acntno":"9000007387","result":"УЯНГА БАТЗАЯА"} []
[2023-02-14T18:06:15.734092+08:00] request.INFO: request {"acntno":"9000007387"} []
[2023-02-14T18:06:16.235882+08:00] response.INFO: response {"acntno":"9000007387","result":"УЯНГА БАТЗАЯА"} []
[2023-02-14T18:06:38.057908+08:00] request.INFO: request {"acntno":"9000007387"} []
[2023-02-14T18:06:38.598743+08:00] response.INFO: response {"acntno":"9000007387","result":"УЯНГА БАТЗАЯА"} []
[2023-02-14T18:10:00.638499+08:00] request.INFO: request {"acntno":"9000007387"} []
[2023-02-14T18:10:01.133504+08:00] response.INFO: response {"acntno":"9000007387","result":"УЯНГА БАТЗАЯА"} []
[2023-02-14T18:10:08.819249+08:00] request.INFO: request {"acntno":"9000007387"} []
[2023-02-14T18:10:09.325640+08:00] response.INFO: response {"acntno":"9000007387","result":"УЯНГА БАТЗАЯА"} []
[2023-02-14T18:10:10.941131+08:00] request.INFO: request {"acntno":"9000007387"} []
[2023-02-14T18:10:11.428935+08:00] response.INFO: response {"acntno":"9000007387","result":"УЯНГА БАТЗАЯА"} []
[2023-02-14T18:10:14.835112+08:00] request.INFO: request {"acntno":"9000007387"} []
[2023-02-14T18:10:15.324585+08:00] response.INFO: response {"acntno":"9000007387","result":"УЯНГА БАТЗАЯА"} []
[2023-02-14T18:10:23.513709+08:00] request.INFO: request {"acntno":"9000007387"} []
[2023-02-14T18:10:24.026414+08:00] response.INFO: response {"acntno":"9000007387","result":"УЯНГА БАТЗАЯА"} []
[2023-02-14T18:10:28.461536+08:00] request.INFO: request {"acntno":"9000007387"} []
[2023-02-14T18:10:29.068325+08:00] response.INFO: response {"acntno":"9000007387","result":"УЯНГА БАТЗАЯА"} []
[2023-02-14T18:10:30.804566+08:00] request.INFO: request {"acntno":"9000007387"} []
[2023-02-14T18:10:31.298590+08:00] response.INFO: response {"acntno":"9000007387","result":"УЯНГА БАТЗАЯА"} []
[2023-02-14T18:10:39.904400+08:00] request.INFO: request {"acntno":"9000007387"} []
[2023-02-14T18:10:40.449605+08:00] response.INFO: response {"acntno":"9000007387","result":"УЯНГА БАТЗАЯА"} []
[2023-02-14T18:10:41.978515+08:00] request.INFO: request {"acntno":"9000007387"} []
[2023-02-14T18:10:42.464207+08:00] response.INFO: response {"acntno":"9000007387","result":"УЯНГА БАТЗАЯА"} []
[2023-02-14T18:11:07.295228+08:00] request.INFO: request {"acntno":"9000007387"} []
[2023-02-14T18:11:07.812877+08:00] response.INFO: response {"acntno":"9000007387","result":"УЯНГА БАТЗАЯА"} []
[2023-02-14T18:13:50.196284+08:00] request.INFO: request {"acntno":"9000007387"} []
[2023-02-14T18:13:50.718754+08:00] response.INFO: response {"acntno":"9000007387","result":"УЯНГА БАТЗАЯА"} []
[2023-02-14T18:14:25.729107+08:00] request.INFO: request {"acntno":"*"} []
[2023-02-14T19:11:54.796913+08:00] request.INFO: request {"acntno":"*"} []
[2023-02-14T19:27:05.738868+08:00] request.INFO: request {"acntno":"900"} []
[2023-02-14T19:27:50.158687+08:00] request.INFO: request {"acntno":"900007387"} []
[2023-02-14T19:27:54.058807+08:00] request.INFO: request {"acntno":"9000007387"} []
[2023-02-14T19:27:54.567985+08:00] response.INFO: response {"acntno":"9000007387","result":"УЯНГА БАТЗАЯА"} []
[2023-02-14T19:27:59.917041+08:00] request.INFO: request {"acntno":"9000007387"} []
[2023-02-14T19:28:00.432777+08:00] response.INFO: response {"acntno":"9000007387","result":"УЯНГА БАТЗАЯА"} []
[2023-02-14T19:28:07.759207+08:00] request.INFO: request {"acntno":"9000007387"} []
[2023-02-14T19:28:08.280425+08:00] response.INFO: response {"acntno":"9000007387","result":"УЯНГА БАТЗАЯА"} []
[2023-02-14T19:48:12.536310+08:00] request.INFO: request {"acntno":"9000007387"} []
[2023-02-14T19:48:13.061129+08:00] response.INFO: response {"acntno":"9000007387","result":"УЯНГА БАТЗАЯА"} []
[2023-02-14T19:48:18.586263+08:00] request.INFO: request {"acntno":"9000007387"} []
[2023-02-14T19:48:19.088494+08:00] response.INFO: response {"acntno":"9000007387","result":"УЯНГА БАТЗАЯА"} []
[2023-02-14T19:48:21.140766+08:00] request.INFO: request {"acntno":"9000007387"} []
[2023-02-14T19:48:21.654493+08:00] response.INFO: response {"acntno":"9000007387","result":"УЯНГА БАТЗАЯА"} []
[2023-02-14T19:48:31.182803+08:00] request.INFO: request {"acntno":"9000007387"} []
[2023-02-14T19:48:31.681167+08:00] response.INFO: response {"acntno":"9000007387","result":"УЯНГА БАТЗАЯА"} []
[2023-02-14T19:51:47.419070+08:00] request.INFO: request {"acntno":"9000007387"} []
[2023-02-14T19:51:47.929739+08:00] response.INFO: response {"acntno":"9000007387","result":"УЯНГА БАТЗАЯА"} []
[2023-02-14T19:51:52.478109+08:00] request.INFO: request {"acntno":"9000007387"} []
[2023-02-14T19:51:52.977610+08:00] response.INFO: response {"acntno":"9000007387","result":"УЯНГА БАТЗАЯА"} []
[2023-02-14T19:51:54.530137+08:00] request.INFO: request {"acntno":"9000007387"} []
[2023-02-14T19:51:55.042478+08:00] response.INFO: response {"acntno":"9000007387","result":"УЯНГА БАТЗАЯА"} []
[2023-02-14T19:52:01.642958+08:00] request.INFO: request {"acntno":"9000007387"} []
[2023-02-14T19:52:02.158340+08:00] response.INFO: response {"acntno":"9000007387","result":"УЯНГА БАТЗАЯА"} []
[2023-02-14T19:52:33.762945+08:00] request.INFO: request {"acntno":"9000007387"} []
[2023-02-14T19:52:34.252702+08:00] response.INFO: response {"acntno":"9000007387","result":"УЯНГА БАТЗАЯА"} []
[2023-02-14T19:52:40.904134+08:00] request.INFO: request {"acntno":"9000007387"} []
[2023-02-14T19:52:41.407054+08:00] response.INFO: response {"acntno":"9000007387","result":"УЯНГА БАТЗАЯА"} []
[2023-02-14T19:52:42.984306+08:00] request.INFO: request {"acntno":"9000007387"} []
[2023-02-14T19:52:43.527703+08:00] response.INFO: response {"acntno":"9000007387","result":"УЯНГА БАТЗАЯА"} []
[2023-02-14T19:52:58.940439+08:00] request.INFO: request {"acntno":"9000007387"} []
[2023-02-14T19:52:59.473214+08:00] response.INFO: response {"acntno":"9000007387","result":"УЯНГА БАТЗАЯА"} []
[2023-02-14T19:54:00.056213+08:00] request.INFO: request {"acntno":"900007387"} []
[2023-02-14T19:54:03.377612+08:00] request.INFO: request {"acntno":"9000007387"} []
[2023-02-14T19:54:03.879830+08:00] response.INFO: response {"acntno":"9000007387","result":"УЯНГА БАТЗАЯА"} []
[2023-02-14T19:54:09.795375+08:00] request.INFO: request {"acntno":"9000007387"} []
[2023-02-14T19:54:10.296633+08:00] response.INFO: response {"acntno":"9000007387","result":"УЯНГА БАТЗАЯА"} []
[2023-02-14T19:54:11.842777+08:00] request.INFO: request {"acntno":"9000007387"} []
[2023-02-14T19:54:12.354152+08:00] response.INFO: response {"acntno":"9000007387","result":"УЯНГА БАТЗАЯА"} []
[2023-02-14T19:54:23.013115+08:00] request.INFO: request {"acntno":"9000007387"} []
[2023-02-14T19:54:23.502972+08:00] response.INFO: response {"acntno":"9000007387","result":"УЯНГА БАТЗАЯА"} []
[2023-02-14T19:54:37.166959+08:00] request.INFO: request {"acntno":"90000007387"} []
[2023-02-14T19:54:40.547123+08:00] request.INFO: request {"acntno":"9000007387"} []
[2023-02-14T19:54:41.060201+08:00] response.INFO: response {"acntno":"9000007387","result":"УЯНГА БАТЗАЯА"} []
[2023-02-14T19:54:45.622816+08:00] request.INFO: request {"acntno":"9000007387"} []
[2023-02-14T19:54:46.123234+08:00] response.INFO: response {"acntno":"9000007387","result":"УЯНГА БАТЗАЯА"} []
[2023-02-14T19:54:47.756075+08:00] request.INFO: request {"acntno":"9000007387"} []
[2023-02-14T19:54:48.244660+08:00] response.INFO: response {"acntno":"9000007387","result":"УЯНГА БАТЗАЯА"} []
[2023-02-14T19:55:01.717833+08:00] request.INFO: request {"acntno":"9000007387"} []
[2023-02-14T19:55:02.224286+08:00] response.INFO: response {"acntno":"9000007387","result":"УЯНГА БАТЗАЯА"} []
[2023-02-14T19:55:14.933652+08:00] request.INFO: request {"acntno":"9000007387"} []
[2023-02-14T19:55:15.422808+08:00] response.INFO: response {"acntno":"9000007387","result":"УЯНГА БАТЗАЯА"} []
[2023-02-14T20:07:11.194098+08:00] request.INFO: request {"acntno":"9000007387"} []
[2023-02-14T20:07:11.726058+08:00] response.INFO: response {"acntno":"9000007387","result":"УЯНГА БАТЗАЯА"} []
[2023-02-14T20:07:14.411528+08:00] request.INFO: request {"acntno":"9000007387"} []
[2023-02-14T20:07:14.909373+08:00] response.INFO: response {"acntno":"9000007387","result":"УЯНГА БАТЗАЯА"} []
[2023-02-14T20:07:25.817973+08:00] request.INFO: request {"acntno":"9000007387"} []
[2023-02-14T20:07:26.311824+08:00] response.INFO: response {"acntno":"9000007387","result":"УЯНГА БАТЗАЯА"} []
[2023-02-14T20:07:27.953715+08:00] request.INFO: request {"acntno":"9000007387"} []
[2023-02-14T20:07:28.461546+08:00] response.INFO: response {"acntno":"9000007387","result":"УЯНГА БАТЗАЯА"} []
[2023-02-14T20:08:33.589476+08:00] request.INFO: request {"acntno":"9000007387"} []
[2023-02-14T20:08:34.131980+08:00] response.INFO: response {"acntno":"9000007387","result":"УЯНГА БАТЗАЯА"} []
[2023-02-14T20:08:37.726532+08:00] request.INFO: request {"acntno":"9000007387"} []
[2023-02-14T20:08:38.247201+08:00] response.INFO: response {"acntno":"9000007387","result":"УЯНГА БАТЗАЯА"} []
[2023-02-14T20:08:39.706277+08:00] request.INFO: request {"acntno":"9000007387"} []
[2023-02-14T20:08:40.228493+08:00] response.INFO: response {"acntno":"9000007387","result":"УЯНГА БАТЗАЯА"} []
