[2023-12-13T15:40:30.568340+08:00] request.INFO: request {"acntno":"9000035881"} []
[2023-12-13T15:40:30.666407+08:00] response.INFO: response {"acntno":"9000035881","result":"ДАВААЖАВ БАТБААТАР"} []
[2023-12-13T15:40:47.772607+08:00] request.INFO: request {"acntno":"9000035881"} []
[2023-12-13T15:40:47.834710+08:00] response.INFO: response {"acntno":"9000035881","result":"ДАВААЖАВ БАТБААТАР"} []
[2023-12-13T15:40:49.622992+08:00] request.INFO: request {"acntno":"9000035881"} []
[2023-12-13T15:40:49.694452+08:00] response.INFO: response {"acntno":"9000035881","result":"ДАВААЖАВ БАТБААТАР"} []
[2023-12-13T16:40:03.440575+08:00] request.INFO: request {"acntno":"MN020019009000002553"} []
[2023-12-13T16:40:03.536802+08:00] response.INFO: response {"acntno":"MN020019009000002553","result":"НАРАН ПЕТРОЛИУМ"} []
[2023-12-13T16:43:58.147012+08:00] request.INFO: request {"acntno":"MN020019009000002553"} []
[2023-12-13T16:43:58.209410+08:00] response.INFO: response {"acntno":"MN020019009000002553","result":"НАРАН ПЕТРОЛИУМ"} []
[2023-12-13T16:44:06.252288+08:00] request.INFO: request {"acntno":"MN020019009000002553"} []
[2023-12-13T16:44:06.318214+08:00] response.INFO: response {"acntno":"MN020019009000002553","result":"НАРАН ПЕТРОЛИУМ"} []
[2023-12-13T16:45:01.316889+08:00] request.INFO: request {"acntno":"MN020019002201001050"} []
[2023-12-13T16:45:01.387981+08:00] response.INFO: response {"acntno":"MN020019002201001050","result":"ТЭМҮҮЛЭН БОЛОР-ЭРДЭНЭ"} []
[2023-12-13T16:45:04.370475+08:00] request.INFO: request {"acntno":"MN020019002201001050"} []
[2023-12-13T16:45:04.445018+08:00] response.INFO: response {"acntno":"MN020019002201001050","result":"ТЭМҮҮЛЭН БОЛОР-ЭРДЭНЭ"} []
[2023-12-13T16:46:46.427641+08:00] request.INFO: request {"acntno":"MN020019002201001050"} []
[2023-12-13T16:46:46.502809+08:00] response.INFO: response {"acntno":"MN020019002201001050","result":"ТЭМҮҮЛЭН БОЛОР-ЭРДЭНЭ"} []
[2023-12-13T16:46:51.505194+08:00] request.INFO: request {"acntno":"MN020019002201001050"} []
[2023-12-13T16:46:51.573956+08:00] response.INFO: response {"acntno":"MN020019002201001050","result":"ТЭМҮҮЛЭН БОЛОР-ЭРДЭНЭ"} []
[2023-12-13T16:47:46.478325+08:00] request.INFO: request {"acntno":"MN020019009000002553"} []
[2023-12-13T16:47:46.554780+08:00] response.INFO: response {"acntno":"MN020019009000002553","result":"НАРАН ПЕТРОЛИУМ"} []
[2023-12-13T16:48:21.879974+08:00] request.INFO: request {"acntno":"MN020019009000014290"} []
[2023-12-13T16:48:21.942331+08:00] response.INFO: response {"acntno":"MN020019009000014290","result":"ТИ ПИ ОЙЛ"} []
[2023-12-13T16:48:26.623338+08:00] request.INFO: request {"acntno":"MN020019009000014290"} []
[2023-12-13T16:48:26.688185+08:00] response.INFO: response {"acntno":"MN020019009000014290","result":"ТИ ПИ ОЙЛ"} []
[2023-12-13T16:48:32.129807+08:00] request.INFO: request {"acntno":"MN020019009000014290"} []
[2023-12-13T16:48:32.184954+08:00] response.INFO: response {"acntno":"MN020019009000014290","result":"ТИ ПИ ОЙЛ"} []
[2023-12-13T16:49:22.940853+08:00] request.INFO: request {"acntno":"MN020019009000014290"} []
[2023-12-13T16:49:23.004261+08:00] response.INFO: response {"acntno":"MN020019009000014290","result":"ТИ ПИ ОЙЛ"} []
