[2023-01-30T09:48:34.152539+08:00] request.INFO: request {"acntno":"2604064875"} []
[2023-01-30T09:49:18.372268+08:00] request.INFO: request {"acntno":"MN190019009000022811"} []
[2023-01-30T09:49:18.895917+08:00] response.INFO: response {"acntno":"MN190019009000022811","result":"БАТБОЛД ПҮРЭВБААТАР"} []
[2023-01-30T09:50:40.536320+08:00] request.INFO: request {"acntno":"*"} []
[2023-01-30T10:47:40.081605+08:00] request.INFO: request {"acntno":"9000007387"} []
[2023-01-30T10:47:40.634181+08:00] response.INFO: response {"acntno":"9000007387","result":"УЯНГА БАТЗАЯА"} []
[2023-01-30T10:47:46.062334+08:00] request.INFO: request {"acntno":"9000007387"} []
[2023-01-30T10:47:46.553965+08:00] response.INFO: response {"acntno":"9000007387","result":"УЯНГА БАТЗАЯА"} []
[2023-01-30T10:48:03.759737+08:00] request.INFO: request {"acntno":"9000007387"} []
[2023-01-30T10:48:04.275127+08:00] response.INFO: response {"acntno":"9000007387","result":"УЯНГА БАТЗАЯА"} []
[2023-01-30T10:48:34.377310+08:00] request.INFO: request {"acntno":"9000007387"} []
[2023-01-30T10:48:34.924092+08:00] response.INFO: response {"acntno":"9000007387","result":"УЯНГА БАТЗАЯА"} []
[2023-01-30T11:10:05.812416+08:00] request.INFO: request {"acntno":"9000007387"} []
[2023-01-30T11:10:06.333498+08:00] response.INFO: response {"acntno":"9000007387","result":"УЯНГА БАТЗАЯА"} []
[2023-01-30T11:10:09.953837+08:00] request.INFO: request {"acntno":"9000007387"} []
[2023-01-30T11:10:10.470086+08:00] response.INFO: response {"acntno":"9000007387","result":"УЯНГА БАТЗАЯА"} []
[2023-01-30T11:10:11.897929+08:00] request.INFO: request {"acntno":"9000007387"} []
[2023-01-30T11:10:12.393352+08:00] response.INFO: response {"acntno":"9000007387","result":"УЯНГА БАТЗАЯА"} []
[2023-01-30T11:10:18.443617+08:00] request.INFO: request {"acntno":"9000007387"} []
[2023-01-30T11:10:18.916033+08:00] response.INFO: response {"acntno":"9000007387","result":"УЯНГА БАТЗАЯА"} []
[2023-01-30T11:18:35.362483+08:00] request.INFO: request {"acntno":"9000007387"} []
[2023-01-30T11:18:35.883632+08:00] response.INFO: response {"acntno":"9000007387","result":"УЯНГА БАТЗАЯА"} []
[2023-01-30T11:18:39.813742+08:00] request.INFO: request {"acntno":"9000007387"} []
[2023-01-30T11:18:40.326643+08:00] response.INFO: response {"acntno":"9000007387","result":"УЯНГА БАТЗАЯА"} []
[2023-01-30T11:18:41.896068+08:00] request.INFO: request {"acntno":"9000007387"} []
[2023-01-30T11:18:42.400030+08:00] response.INFO: response {"acntno":"9000007387","result":"УЯНГА БАТЗАЯА"} []
[2023-01-30T11:18:55.499695+08:00] request.INFO: request {"acntno":"9000007387"} []
[2023-01-30T11:18:56.027524+08:00] response.INFO: response {"acntno":"9000007387","result":"УЯНГА БАТЗАЯА"} []
[2023-01-30T11:19:09.440681+08:00] request.INFO: request {"acntno":"9000007387"} []
[2023-01-30T11:19:09.934229+08:00] response.INFO: response {"acntno":"9000007387","result":"УЯНГА БАТЗАЯА"} []
