[2023-03-29T09:32:29.388864+08:00] request.INFO: request {"acntno":"*"} []
[2023-03-29T09:39:59.773190+08:00] request.INFO: request {"acntno":"MN960019009100000198"} []
[2023-03-29T09:40:00.366920+08:00] response.INFO: response {"acntno":"MN960019009100000198","result":"ГОМБОРАГЧАА ДАШЖАМЦ"} []
[2023-03-29T09:40:09.006172+08:00] request.INFO: request {"acntno":"MN960019009100000198"} []
[2023-03-29T09:40:09.565152+08:00] response.INFO: response {"acntno":"MN960019009100000198","result":"ГОМБОРАГЧАА ДАШЖАМЦ"} []
[2023-03-29T09:40:11.566382+08:00] request.INFO: request {"acntno":"MN960019009100000198"} []
[2023-03-29T09:40:12.088342+08:00] response.INFO: response {"acntno":"MN960019009100000198","result":"ГОМБОРАГЧАА ДАШЖАМЦ"} []
[2023-03-29T09:40:23.605692+08:00] request.INFO: request {"acntno":"MN960019009100000198"} []
[2023-03-29T09:40:24.125459+08:00] response.INFO: response {"acntno":"MN960019009100000198","result":"ГОМБОРАГЧАА ДАШЖАМЦ"} []
[2023-03-29T09:41:04.914000+08:00] request.INFO: request {"acntno":"MN960019009100000198"} []
[2023-03-29T09:41:05.413219+08:00] response.INFO: response {"acntno":"MN960019009100000198","result":"ГОМБОРАГЧАА ДАШЖАМЦ"} []
[2023-03-29T09:41:08.624057+08:00] request.INFO: request {"acntno":"MN960019009100000198"} []
[2023-03-29T09:41:09.140179+08:00] response.INFO: response {"acntno":"MN960019009100000198","result":"ГОМБОРАГЧАА ДАШЖАМЦ"} []
[2023-03-29T09:41:26.205083+08:00] request.INFO: request {"acntno":"MN960019009100000198"} []
[2023-03-29T09:41:26.704787+08:00] response.INFO: response {"acntno":"MN960019009100000198","result":"ГОМБОРАГЧАА ДАШЖАМЦ"} []
[2023-03-29T09:41:32.703706+08:00] request.INFO: request {"acntno":"MN960019009100000198"} []
[2023-03-29T09:41:33.212179+08:00] response.INFO: response {"acntno":"MN960019009100000198","result":"ГОМБОРАГЧАА ДАШЖАМЦ"} []
[2023-03-29T09:41:53.890398+08:00] request.INFO: request {"acntno":"MN960019009100000198"} []
[2023-03-29T09:41:54.394785+08:00] response.INFO: response {"acntno":"MN960019009100000198","result":"ГОМБОРАГЧАА ДАШЖАМЦ"} []
[2023-03-29T09:41:56.155626+08:00] request.INFO: request {"acntno":"MN960019009100000198"} []
[2023-03-29T09:41:56.682887+08:00] response.INFO: response {"acntno":"MN960019009100000198","result":"ГОМБОРАГЧАА ДАШЖАМЦ"} []
[2023-03-29T09:42:08.306977+08:00] request.INFO: request {"acntno":"MN960019009100000198"} []
[2023-03-29T09:42:08.828978+08:00] response.INFO: response {"acntno":"MN960019009100000198","result":"ГОМБОРАГЧАА ДАШЖАМЦ"} []
[2023-03-29T09:42:14.815066+08:00] request.INFO: request {"acntno":"MN960019009100000198"} []
[2023-03-29T09:42:15.341897+08:00] response.INFO: response {"acntno":"MN960019009100000198","result":"ГОМБОРАГЧАА ДАШЖАМЦ"} []
[2023-03-29T09:42:17.222408+08:00] request.INFO: request {"acntno":"MN960019009100000198"} []
[2023-03-29T09:42:17.731796+08:00] response.INFO: response {"acntno":"MN960019009100000198","result":"ГОМБОРАГЧАА ДАШЖАМЦ"} []
[2023-03-29T09:43:54.997270+08:00] request.INFO: request {"acntno":"MN960019009100000198"} []
[2023-03-29T09:43:55.618579+08:00] response.INFO: response {"acntno":"MN960019009100000198","result":"ГОМБОРАГЧАА ДАШЖАМЦ"} []
[2023-03-29T12:32:37.685365+08:00] request.INFO: request {"acntno":"9000007387"} []
[2023-03-29T12:32:38.240453+08:00] response.INFO: response {"acntno":"9000007387","result":"УЯНГА БАТЗАЯА"} []
[2023-03-29T13:47:11.450065+08:00] request.INFO: request {"acntno":"9000007387"} []
[2023-03-29T13:47:12.002896+08:00] response.INFO: response {"acntno":"9000007387","result":"УЯНГА БАТЗАЯА"} []
[2023-03-29T13:51:28.618224+08:00] request.INFO: request {"acntno":"9000007387"} []
[2023-03-29T13:51:29.144750+08:00] response.INFO: response {"acntno":"9000007387","result":"УЯНГА БАТЗАЯА"} []
[2023-03-29T13:51:48.821261+08:00] request.INFO: request {"acntno":"220300008588"} []
[2023-03-29T13:56:52.763426+08:00] request.INFO: request {"acntno":"9000007387"} []
[2023-03-29T13:56:53.281810+08:00] response.INFO: response {"acntno":"9000007387","result":"УЯНГА БАТЗАЯА"} []
[2023-03-29T14:05:51.287755+08:00] request.INFO: request {"acntno":"9000007387"} []
[2023-03-29T14:05:51.785931+08:00] response.INFO: response {"acntno":"9000007387","result":"УЯНГА БАТЗАЯА"} []
[2023-03-29T14:19:35.544166+08:00] request.INFO: request {"acntno":"5217106766"} []
[2023-03-29T14:20:02.194150+08:00] request.INFO: request {"acntno":"9000001346"} []
[2023-03-29T14:20:02.797012+08:00] response.INFO: response {"acntno":"9000001346","result":"ЭНХТУЯА"} []
[2023-03-29T14:20:12.070246+08:00] request.INFO: request {"acntno":"9000001346"} []
[2023-03-29T14:20:12.633740+08:00] response.INFO: response {"acntno":"9000001346","result":"ЭНХТУЯА"} []
[2023-03-29T14:31:55.506246+08:00] request.INFO: request {"acntno":"9000007387"} []
[2023-03-29T14:31:56.057775+08:00] response.INFO: response {"acntno":"9000007387","result":"УЯНГА БАТЗАЯА"} []
[2023-03-29T14:32:22.179632+08:00] request.INFO: request {"acntno":"9000007387"} []
[2023-03-29T14:32:22.700917+08:00] response.INFO: response {"acntno":"9000007387","result":"УЯНГА БАТЗАЯА"} []
[2023-03-29T14:33:04.000905+08:00] request.INFO: request {"acntno":"9000007387"} []
[2023-03-29T14:33:04.563738+08:00] response.INFO: response {"acntno":"9000007387","result":"УЯНГА БАТЗАЯА"} []
[2023-03-29T14:40:14.345736+08:00] request.INFO: request {"acntno":"9000007387"} []
[2023-03-29T14:40:14.895202+08:00] response.INFO: response {"acntno":"9000007387","result":"УЯНГА БАТЗАЯА"} []
[2023-03-29T14:52:38.547397+08:00] request.INFO: request {"acntno":"9000035249"} []
[2023-03-29T14:52:39.068455+08:00] response.INFO: response {"acntno":"9000035249","result":"ЭНХТУЯА ДАНЗАНБАЛЖИР"} []
[2023-03-29T14:52:42.471785+08:00] request.INFO: request {"acntno":"9000035249"} []
[2023-03-29T14:52:42.977922+08:00] response.INFO: response {"acntno":"9000035249","result":"ЭНХТУЯА ДАНЗАНБАЛЖИР"} []
[2023-03-29T14:52:44.789912+08:00] request.INFO: request {"acntno":"9000035249"} []
[2023-03-29T14:52:45.311510+08:00] response.INFO: response {"acntno":"9000035249","result":"ЭНХТУЯА ДАНЗАНБАЛЖИР"} []
[2023-03-29T15:46:11.637694+08:00] request.INFO: request {"acntno":"*"} []
[2023-03-29T18:14:48.331831+08:00] request.INFO: request {"acntno":"*"} []
