[2023-03-01T09:50:01.751231+08:00] request.INFO: request {"acntno":"*"} []
[2023-03-01T09:52:43.371937+08:00] request.INFO: request {"acntno":"*"} []
[2023-03-01T09:56:59.559397+08:00] request.INFO: request {"acntno":"*"} []
[2023-03-01T10:12:08.206862+08:00] request.INFO: request {"acntno":"900"} []
[2023-03-01T10:12:24.941433+08:00] request.INFO: request {"acntno":"900007387"} []
[2023-03-01T10:12:28.946351+08:00] request.INFO: request {"acntno":"9000007387"} []
[2023-03-01T10:12:29.433845+08:00] response.INFO: response {"acntno":"9000007387","result":"УЯНГА БАТЗАЯА"} []
[2023-03-01T10:13:10.723569+08:00] request.INFO: request {"acntno":"9000009255"} []
[2023-03-01T10:13:11.248240+08:00] response.INFO: response {"acntno":"9000009255","result":"ЖЭТФИНАНС ББСБ"} []
[2023-03-01T10:23:21.922561+08:00] request.INFO: request {"acntno":"*"} []
[2023-03-01T10:29:33.907291+08:00] request.INFO: request {"acntno":"*"} []
[2023-03-01T10:31:18.654824+08:00] request.INFO: request {"acntno":"*"} []
[2023-03-01T10:48:17.820208+08:00] request.INFO: request {"acntno":"*"} []
[2023-03-01T10:52:40.956844+08:00] request.INFO: request {"acntno":"*"} []
[2023-03-01T11:49:53.578874+08:00] request.INFO: request {"acntno":"*"} []
[2023-03-01T12:02:57.890211+08:00] request.INFO: request {"acntno":"*"} []
[2023-03-01T12:08:18.500365+08:00] request.INFO: request {"acntno":"*"} []
[2023-03-01T13:56:22.804582+08:00] request.INFO: request {"acntno":"*"} []
[2023-03-01T14:43:52.341531+08:00] request.INFO: request {"acntno":"9000014818"} []
[2023-03-01T14:43:52.890056+08:00] response.INFO: response {"acntno":"9000014818","result":"БАТБОЛД ПҮРЭВБААТАР"} []
[2023-03-01T14:43:57.989799+08:00] request.INFO: request {"acntno":"9000014818"} []
[2023-03-01T14:43:58.529016+08:00] response.INFO: response {"acntno":"9000014818","result":"БАТБОЛД ПҮРЭВБААТАР"} []
[2023-03-01T14:44:01.533561+08:00] request.INFO: request {"acntno":"9000014818"} []
[2023-03-01T14:44:02.063795+08:00] response.INFO: response {"acntno":"9000014818","result":"БАТБОЛД ПҮРЭВБААТАР"} []
[2023-03-01T14:44:19.828418+08:00] request.INFO: request {"acntno":"9000014818"} []
[2023-03-01T14:44:20.345041+08:00] response.INFO: response {"acntno":"9000014818","result":"БАТБОЛД ПҮРЭВБААТАР"} []
[2023-03-01T15:40:30.067309+08:00] request.INFO: request {"acntno":"*"} []
[2023-03-01T16:51:56.673459+08:00] request.INFO: request {"acntno":"9000007387"} []
[2023-03-01T16:51:57.240387+08:00] response.INFO: response {"acntno":"9000007387","result":"УЯНГА БАТЗАЯА"} []
[2023-03-01T16:52:02.761303+08:00] request.INFO: request {"acntno":"9000007387"} []
[2023-03-01T16:52:03.312461+08:00] response.INFO: response {"acntno":"9000007387","result":"УЯНГА БАТЗАЯА"} []
[2023-03-01T16:52:04.944652+08:00] request.INFO: request {"acntno":"9000007387"} []
[2023-03-01T16:52:05.476699+08:00] response.INFO: response {"acntno":"9000007387","result":"УЯНГА БАТЗАЯА"} []
[2023-03-01T16:52:13.636883+08:00] request.INFO: request {"acntno":"9000007387"} []
[2023-03-01T16:52:14.198941+08:00] response.INFO: response {"acntno":"9000007387","result":"УЯНГА БАТЗАЯА"} []
[2023-03-01T16:52:15.860303+08:00] request.INFO: request {"acntno":"9000007387"} []
[2023-03-01T16:52:16.368875+08:00] response.INFO: response {"acntno":"9000007387","result":"УЯНГА БАТЗАЯА"} []
[2023-03-01T16:52:31.741332+08:00] request.INFO: request {"acntno":"MN460019009000007387"} []
[2023-03-01T16:52:32.302501+08:00] response.INFO: response {"acntno":"MN460019009000007387","result":"УЯНГА БАТЗАЯА"} []
[2023-03-01T16:52:37.555266+08:00] request.INFO: request {"acntno":"MN460019009000007387"} []
[2023-03-01T16:52:38.084296+08:00] response.INFO: response {"acntno":"MN460019009000007387","result":"УЯНГА БАТЗАЯА"} []
[2023-03-01T16:52:39.528830+08:00] request.INFO: request {"acntno":"MN460019009000007387"} []
[2023-03-01T16:52:40.030012+08:00] response.INFO: response {"acntno":"MN460019009000007387","result":"УЯНГА БАТЗАЯА"} []
[2023-03-01T16:52:42.804863+08:00] request.INFO: request {"acntno":"MN460019009000007387"} []
[2023-03-01T16:52:43.309498+08:00] response.INFO: response {"acntno":"MN460019009000007387","result":"УЯНГА БАТЗАЯА"} []
[2023-03-01T16:54:06.469156+08:00] request.INFO: request {"acntno":"MN460019009000007387"} []
[2023-03-01T16:54:06.983659+08:00] response.INFO: response {"acntno":"MN460019009000007387","result":"УЯНГА БАТЗАЯА"} []
[2023-03-01T16:54:26.464730+08:00] request.INFO: request {"acntno":"MN460019009000007387"} []
[2023-03-01T16:54:26.961148+08:00] response.INFO: response {"acntno":"MN460019009000007387","result":"УЯНГА БАТЗАЯА"} []
[2023-03-01T16:54:28.484560+08:00] request.INFO: request {"acntno":"MN460019009000007387"} []
[2023-03-01T16:54:28.989002+08:00] response.INFO: response {"acntno":"MN460019009000007387","result":"УЯНГА БАТЗАЯА"} []
[2023-03-01T16:54:34.177615+08:00] request.INFO: request {"acntno":"MN460019009000007387"} []
[2023-03-01T16:54:34.686100+08:00] response.INFO: response {"acntno":"MN460019009000007387","result":"УЯНГА БАТЗАЯА"} []
[2023-03-01T16:54:44.078103+08:00] request.INFO: request {"acntno":"9000007387"} []
[2023-03-01T16:54:44.744321+08:00] response.INFO: response {"acntno":"9000007387","result":"УЯНГА БАТЗАЯА"} []
[2023-03-01T16:54:53.631053+08:00] request.INFO: request {"acntno":"9000007387"} []
[2023-03-01T16:54:54.143842+08:00] response.INFO: response {"acntno":"9000007387","result":"УЯНГА БАТЗАЯА"} []
[2023-03-01T16:54:57.393624+08:00] request.INFO: request {"acntno":"9000007387"} []
[2023-03-01T16:54:57.914187+08:00] response.INFO: response {"acntno":"9000007387","result":"УЯНГА БАТЗАЯА"} []
[2023-03-01T16:55:13.753917+08:00] request.INFO: request {"acntno":"9000007387"} []
[2023-03-01T16:55:14.266679+08:00] response.INFO: response {"acntno":"9000007387","result":"УЯНГА БАТЗАЯА"} []
[2023-03-01T17:14:44.838755+08:00] request.INFO: request {"acntno":"9000007387"} []
[2023-03-01T17:14:45.354545+08:00] response.INFO: response {"acntno":"9000007387","result":"УЯНГА БАТЗАЯА"} []
[2023-03-01T17:14:52.836336+08:00] request.INFO: request {"acntno":"9000007387"} []
[2023-03-01T17:14:53.348372+08:00] response.INFO: response {"acntno":"9000007387","result":"УЯНГА БАТЗАЯА"} []
[2023-03-01T17:14:55.172793+08:00] request.INFO: request {"acntno":"9000007387"} []
[2023-03-01T17:14:55.683186+08:00] response.INFO: response {"acntno":"9000007387","result":"УЯНГА БАТЗАЯА"} []
[2023-03-01T17:14:58.585358+08:00] request.INFO: request {"acntno":"9000007387"} []
[2023-03-01T17:14:59.099325+08:00] response.INFO: response {"acntno":"9000007387","result":"УЯНГА БАТЗАЯА"} []
