[2023-04-24T11:14:09.757827+08:00] request.INFO: request {"acntno":"220300008588"} []
[2023-04-24T11:29:55.127863+08:00] request.INFO: request {"acntno":"*"} []
[2023-04-24T11:30:49.801445+08:00] request.INFO: request {"acntno":"*"} []
[2023-04-24T12:47:48.484974+08:00] request.INFO: request {"acntno":"MN260019009090001728"} []
[2023-04-24T12:47:48.980880+08:00] response.INFO: response {"acntno":"MN260019009090001728","result":"ЗАМЫН ХӨДӨЛГӨӨНИЙ УДИРДЛАГЫН ТӨВ"} []
[2023-04-24T14:42:22.860319+08:00] request.INFO: request {"acntno":"*"} []
[2023-04-24T14:55:18.262876+08:00] request.INFO: request {"acntno":"*"} []
[2023-04-24T14:55:30.527871+08:00] request.INFO: request {"acntno":"*"} []
[2023-04-24T14:55:59.576567+08:00] request.INFO: request {"acntno":"*"} []
[2023-04-24T16:20:10.141600+08:00] request.INFO: request {"acntno":"2500000"} []
[2023-04-24T16:20:20.092857+08:00] request.INFO: request {"acntno":"MN460019009010012549"} []
[2023-04-24T16:20:20.569466+08:00] response.INFO: response {"acntno":"MN460019009010012549","result":"НАРАНЦЭЦЭГ ЦЭРЭН"} []
[2023-04-24T16:20:28.876793+08:00] request.INFO: request {"acntno":"MN460019009010012549"} []
[2023-04-24T16:20:29.355290+08:00] response.INFO: response {"acntno":"MN460019009010012549","result":"НАРАНЦЭЦЭГ ЦЭРЭН"} []
[2023-04-24T16:20:31.141742+08:00] request.INFO: request {"acntno":"MN460019009010012549"} []
[2023-04-24T16:20:31.608996+08:00] response.INFO: response {"acntno":"MN460019009010012549","result":"НАРАНЦЭЦЭГ ЦЭРЭН"} []
[2023-04-24T16:20:47.902379+08:00] request.INFO: request {"acntno":"MN460019009010012549"} []
[2023-04-24T16:20:48.336624+08:00] response.INFO: response {"acntno":"MN460019009010012549","result":"НАРАНЦЭЦЭГ ЦЭРЭН"} []
[2023-04-24T16:23:35.151874+08:00] request.INFO: request {"acntno":"*"} []
[2023-04-24T16:50:17.380319+08:00] request.INFO: request {"acntno":"*"} []
[2023-04-24T16:59:52.913213+08:00] request.INFO: request {"acntno":"MN960019009090001729"} []
[2023-04-24T16:59:53.364176+08:00] response.INFO: response {"acntno":"MN960019009090001729","result":"ЦАГДААГИЙН ЕРӨНХИЙ ГАЗАР"} []
[2023-04-24T16:59:57.593794+08:00] request.INFO: request {"acntno":"MN960019009090001729"} []
[2023-04-24T16:59:58.063219+08:00] response.INFO: response {"acntno":"MN960019009090001729","result":"ЦАГДААГИЙН ЕРӨНХИЙ ГАЗАР"} []
