[2023-05-03T10:22:04.620754+08:00] request.INFO: request {"acntno":"900007387"} []
[2023-05-03T10:22:09.510728+08:00] request.INFO: request {"acntno":"9000007387"} []
[2023-05-03T10:22:10.016951+08:00] response.INFO: response {"acntno":"9000007387","result":"УЯНГА БАТЗАЯА"} []
[2023-05-03T10:22:13.856858+08:00] request.INFO: request {"acntno":"9000007387"} []
[2023-05-03T10:22:14.306829+08:00] response.INFO: response {"acntno":"9000007387","result":"УЯНГА БАТЗАЯА"} []
[2023-05-03T10:31:44.365357+08:00] request.INFO: request {"acntno":"900007387"} []
[2023-05-03T10:31:47.542322+08:00] request.INFO: request {"acntno":"9000007387"} []
[2023-05-03T10:31:48.057833+08:00] response.INFO: response {"acntno":"9000007387","result":"УЯНГА БАТЗАЯА"} []
[2023-05-03T10:32:12.239057+08:00] request.INFO: request {"acntno":"9000007387"} []
[2023-05-03T10:32:12.693930+08:00] response.INFO: response {"acntno":"9000007387","result":"УЯНГА БАТЗАЯА"} []
[2023-05-03T10:32:14.416356+08:00] request.INFO: request {"acntno":"9000007387"} []
[2023-05-03T10:32:14.860048+08:00] response.INFO: response {"acntno":"9000007387","result":"УЯНГА БАТЗАЯА"} []
[2023-05-03T10:32:30.066393+08:00] request.INFO: request {"acntno":"9000007387"} []
[2023-05-03T10:32:30.509254+08:00] response.INFO: response {"acntno":"9000007387","result":"УЯНГА БАТЗАЯА"} []
[2023-05-03T10:32:58.247678+08:00] request.INFO: request {"acntno":"MN340019009030000779"} []
[2023-05-03T10:32:58.847728+08:00] response.INFO: response {"acntno":"MN340019009030000779","result":"ОНТОП МТБЛ"} []
[2023-05-03T10:33:20.075325+08:00] request.INFO: request {"acntno":"MN340019009030000779"} []
[2023-05-03T10:33:20.825299+08:00] response.INFO: response {"acntno":"MN340019009030000779","result":"ОНТОП МТБЛ"} []
[2023-05-03T10:35:00.107815+08:00] request.INFO: request {"acntno":"MN340019009030000779"} []
[2023-05-03T10:35:00.602045+08:00] response.INFO: response {"acntno":"MN340019009030000779","result":"ОНТОП МТБЛ"} []
[2023-05-03T10:38:53.690745+08:00] request.INFO: request {"acntno":"MN340019009030000779"} []
[2023-05-03T10:38:54.127289+08:00] response.INFO: response {"acntno":"MN340019009030000779","result":"ОНТОП МТБЛ"} []
[2023-05-03T10:38:56.104731+08:00] request.INFO: request {"acntno":"MN340019009030000779"} []
[2023-05-03T10:38:56.570721+08:00] response.INFO: response {"acntno":"MN340019009030000779","result":"ОНТОП МТБЛ"} []
[2023-05-03T10:39:42.616964+08:00] request.INFO: request {"acntno":"MN340019009030000779"} []
[2023-05-03T10:39:43.063268+08:00] response.INFO: response {"acntno":"MN340019009030000779","result":"ОНТОП МТБЛ"} []
[2023-05-03T10:39:51.521436+08:00] request.INFO: request {"acntno":"MN340019009030000779"} []
[2023-05-03T10:39:51.990565+08:00] response.INFO: response {"acntno":"MN340019009030000779","result":"ОНТОП МТБЛ"} []
[2023-05-03T10:39:53.548946+08:00] request.INFO: request {"acntno":"MN340019009030000779"} []
[2023-05-03T10:39:53.976883+08:00] response.INFO: response {"acntno":"MN340019009030000779","result":"ОНТОП МТБЛ"} []
[2023-05-03T10:39:57.562289+08:00] request.INFO: request {"acntno":"MN340019009030000779"} []
[2023-05-03T10:39:58.029485+08:00] response.INFO: response {"acntno":"MN340019009030000779","result":"ОНТОП МТБЛ"} []
[2023-05-03T10:49:33.612859+08:00] request.INFO: request {"acntno":"MN960019009090001729"} []
[2023-05-03T10:49:34.062234+08:00] response.INFO: response {"acntno":"MN960019009090001729","result":"ЦАГДААГИЙН ЕРӨНХИЙ ГАЗАР"} []
[2023-05-03T10:49:40.479658+08:00] request.INFO: request {"acntno":"MN960019009090001729"} []
[2023-05-03T10:49:40.918606+08:00] response.INFO: response {"acntno":"MN960019009090001729","result":"ЦАГДААГИЙН ЕРӨНХИЙ ГАЗАР"} []
[2023-05-03T11:23:09.481421+08:00] request.INFO: request {"acntno":"9000007387"} []
[2023-05-03T11:23:10.003543+08:00] response.INFO: response {"acntno":"9000007387","result":"УЯНГА БАТЗАЯА"} []
[2023-05-03T11:24:27.565153+08:00] request.INFO: request {"acntno":"9000007387"} []
[2023-05-03T11:24:28.013995+08:00] response.INFO: response {"acntno":"9000007387","result":"УЯНГА БАТЗАЯА"} []
[2023-05-03T11:24:32.283683+08:00] request.INFO: request {"acntno":"9000007387"} []
[2023-05-03T11:24:32.711412+08:00] response.INFO: response {"acntno":"9000007387","result":"УЯНГА БАТЗАЯА"} []
[2023-05-03T11:24:35.396527+08:00] request.INFO: request {"acntno":"9000007387"} []
[2023-05-03T11:24:35.838839+08:00] response.INFO: response {"acntno":"9000007387","result":"УЯНГА БАТЗАЯА"} []
[2023-05-03T11:36:52.019282+08:00] request.INFO: request {"acntno":"MN150019009100000201"} []
[2023-05-03T11:36:52.571265+08:00] response.INFO: response {"acntno":"MN150019009100000201","result":"ДАВААЖАВ БАТБААТАР"} []
[2023-05-03T11:36:58.430764+08:00] request.INFO: request {"acntno":"MN150019009100000201"} []
[2023-05-03T11:36:58.889781+08:00] response.INFO: response {"acntno":"MN150019009100000201","result":"ДАВААЖАВ БАТБААТАР"} []
[2023-05-03T11:37:01.278536+08:00] request.INFO: request {"acntno":"MN150019009100000201"} []
[2023-05-03T11:37:01.703368+08:00] response.INFO: response {"acntno":"MN150019009100000201","result":"ДАВААЖАВ БАТБААТАР"} []
[2023-05-03T14:56:40.965030+08:00] request.INFO: request {"acntno":"MN340019009030000779"} []
[2023-05-03T14:56:41.484279+08:00] response.INFO: response {"acntno":"MN340019009030000779","result":"ОНТОП МТБЛ"} []
[2023-05-03T14:56:46.519203+08:00] request.INFO: request {"acntno":"MN340019009030000779"} []
[2023-05-03T14:56:46.952607+08:00] response.INFO: response {"acntno":"MN340019009030000779","result":"ОНТОП МТБЛ"} []
[2023-05-03T14:56:48.469812+08:00] request.INFO: request {"acntno":"MN340019009030000779"} []
[2023-05-03T14:56:48.918782+08:00] response.INFO: response {"acntno":"MN340019009030000779","result":"ОНТОП МТБЛ"} []
[2023-05-03T14:56:52.762211+08:00] request.INFO: request {"acntno":"MN340019009030000779"} []
[2023-05-03T14:56:53.214850+08:00] response.INFO: response {"acntno":"MN340019009030000779","result":"ОНТОП МТБЛ"} []
[2023-05-03T15:10:18.877073+08:00] request.INFO: request {"acntno":"MN080019009000010399"} []
[2023-05-03T15:10:19.319588+08:00] response.INFO: response {"acntno":"MN080019009000010399","result":"АМАР ДААТГАЛ"} []
[2023-05-03T15:10:34.495354+08:00] request.INFO: request {"acntno":"MN080019009000010399"} []
[2023-05-03T15:10:34.936060+08:00] response.INFO: response {"acntno":"MN080019009000010399","result":"АМАР ДААТГАЛ"} []
[2023-05-03T15:10:36.634303+08:00] request.INFO: request {"acntno":"MN080019009000010399"} []
[2023-05-03T15:10:37.083605+08:00] response.INFO: response {"acntno":"MN080019009000010399","result":"АМАР ДААТГАЛ"} []
[2023-05-03T15:12:47.561245+08:00] request.INFO: request {"acntno":"MN080019009000010399"} []
[2023-05-03T15:12:48.021999+08:00] response.INFO: response {"acntno":"MN080019009000010399","result":"АМАР ДААТГАЛ"} []
[2023-05-03T15:13:06.569283+08:00] request.INFO: request {"acntno":"MN080019009000010399"} []
[2023-05-03T15:13:07.089137+08:00] response.INFO: response {"acntno":"MN080019009000010399","result":"АМАР ДААТГАЛ"} []
[2023-05-03T15:13:38.762620+08:00] request.INFO: request {"acntno":"MN340019009030000779"} []
[2023-05-03T15:13:39.230878+08:00] response.INFO: response {"acntno":"MN340019009030000779","result":"ОНТОП МТБЛ"} []
[2023-05-03T15:13:57.553723+08:00] request.INFO: request {"acntno":"MN150019009100000201"} []
[2023-05-03T15:13:58.021463+08:00] response.INFO: response {"acntno":"MN150019009100000201","result":"ДАВААЖАВ БАТБААТАР"} []
[2023-05-03T15:14:09.636438+08:00] request.INFO: request {"acntno":"MN150019009100000201"} []
[2023-05-03T15:14:10.083533+08:00] response.INFO: response {"acntno":"MN150019009100000201","result":"ДАВААЖАВ БАТБААТАР"} []
[2023-05-03T15:14:12.226470+08:00] request.INFO: request {"acntno":"MN150019009100000201"} []
[2023-05-03T15:14:12.676341+08:00] response.INFO: response {"acntno":"MN150019009100000201","result":"ДАВААЖАВ БАТБААТАР"} []
[2023-05-03T15:14:35.158199+08:00] request.INFO: request {"acntno":"MN150019009100000201"} []
[2023-05-03T15:14:35.596224+08:00] response.INFO: response {"acntno":"MN150019009100000201","result":"ДАВААЖАВ БАТБААТАР"} []
[2023-05-03T15:14:47.954271+08:00] request.INFO: request {"acntno":"MN150019009100000201"} []
[2023-05-03T15:14:48.408901+08:00] response.INFO: response {"acntno":"MN150019009100000201","result":"ДАВААЖАВ БАТБААТАР"} []
[2023-05-03T15:14:50.018684+08:00] request.INFO: request {"acntno":"MN150019009100000201"} []
[2023-05-03T15:14:50.470261+08:00] response.INFO: response {"acntno":"MN150019009100000201","result":"ДАВААЖАВ БАТБААТАР"} []
[2023-05-03T15:18:26.799178+08:00] request.INFO: request {"acntno":"MN340019009030000779"} []
[2023-05-03T15:18:27.263926+08:00] response.INFO: response {"acntno":"MN340019009030000779","result":"ОНТОП МТБЛ"} []
[2023-05-03T15:18:44.578570+08:00] request.INFO: request {"acntno":"MN340019009030000779"} []
[2023-05-03T15:18:45.069355+08:00] response.INFO: response {"acntno":"MN340019009030000779","result":"ОНТОП МТБЛ"} []
[2023-05-03T15:18:46.811824+08:00] request.INFO: request {"acntno":"MN340019009030000779"} []
[2023-05-03T15:18:47.249723+08:00] response.INFO: response {"acntno":"MN340019009030000779","result":"ОНТОП МТБЛ"} []
[2023-05-03T15:18:51.743542+08:00] request.INFO: request {"acntno":"MN340019009030000779"} []
[2023-05-03T15:18:52.203573+08:00] response.INFO: response {"acntno":"MN340019009030000779","result":"ОНТОП МТБЛ"} []
[2023-05-03T15:19:05.640445+08:00] request.INFO: request {"acntno":"MN340019009030000779"} []
[2023-05-03T15:19:06.144225+08:00] response.INFO: response {"acntno":"MN340019009030000779","result":"ОНТОП МТБЛ"} []
[2023-05-03T15:19:33.831898+08:00] request.INFO: request {"acntno":"MN340019009030000779"} []
[2023-05-03T15:19:34.283097+08:00] response.INFO: response {"acntno":"MN340019009030000779","result":"ОНТОП МТБЛ"} []
[2023-05-03T15:37:10.538499+08:00] request.INFO: request {"acntno":"9000030564"} []
[2023-05-03T15:37:11.055106+08:00] response.INFO: response {"acntno":"9000030564","result":"ГАНДӨШ БАТТУЛГА"} []
[2023-05-03T15:37:17.189975+08:00] request.INFO: request {"acntno":"9000030564"} []
[2023-05-03T15:37:17.643907+08:00] response.INFO: response {"acntno":"9000030564","result":"ГАНДӨШ БАТТУЛГА"} []
[2023-05-03T15:37:19.544673+08:00] request.INFO: request {"acntno":"9000030564"} []
[2023-05-03T15:37:19.997783+08:00] response.INFO: response {"acntno":"9000030564","result":"ГАНДӨШ БАТТУЛГА"} []
[2023-05-03T15:37:35.579074+08:00] request.INFO: request {"acntno":"9000030564"} []
[2023-05-03T15:37:36.108156+08:00] response.INFO: response {"acntno":"9000030564","result":"ГАНДӨШ БАТТУЛГА"} []
