[2023-03-10T12:00:41.418060+08:00] request.INFO: request {"acntno":"9000007387"} []
[2023-03-10T12:00:41.963826+08:00] response.INFO: response {"acntno":"9000007387","result":"УЯНГА БАТЗАЯА"} []
[2023-03-10T12:00:46.695079+08:00] request.INFO: request {"acntno":"9000007387"} []
[2023-03-10T12:00:47.185868+08:00] response.INFO: response {"acntno":"9000007387","result":"УЯНГА БАТЗАЯА"} []
[2023-03-10T12:00:49.448647+08:00] request.INFO: request {"acntno":"9000007387"} []
[2023-03-10T12:00:49.975734+08:00] response.INFO: response {"acntno":"9000007387","result":"УЯНГА БАТЗАЯА"} []
[2023-03-10T14:54:07.574009+08:00] request.INFO: request {"acntno":"*"} []
[2023-03-10T14:56:42.464127+08:00] request.INFO: request {"acntno":"*"} []
[2023-03-10T15:22:42.562470+08:00] request.INFO: request {"acntno":"MN960019009100000198"} []
[2023-03-10T15:22:43.136501+08:00] response.INFO: response {"acntno":"MN960019009100000198","result":"ГОМБОРАГЧАА ДАШЖАМЦ"} []
[2023-03-10T15:22:56.776863+08:00] request.INFO: request {"acntno":"MN960019009100000198"} []
[2023-03-10T15:22:57.282226+08:00] response.INFO: response {"acntno":"MN960019009100000198","result":"ГОМБОРАГЧАА ДАШЖАМЦ"} []
[2023-03-10T15:22:59.425902+08:00] request.INFO: request {"acntno":"MN960019009100000198"} []
[2023-03-10T15:22:59.966703+08:00] response.INFO: response {"acntno":"MN960019009100000198","result":"ГОМБОРАГЧАА ДАШЖАМЦ"} []
[2023-03-10T15:23:07.448598+08:00] request.INFO: request {"acntno":"MN960019009100000198"} []
[2023-03-10T15:23:07.957567+08:00] response.INFO: response {"acntno":"MN960019009100000198","result":"ГОМБОРАГЧАА ДАШЖАМЦ"} []
[2023-03-10T15:23:37.326872+08:00] request.INFO: request {"acntno":"MN960019009100000198"} []
[2023-03-10T15:23:37.857210+08:00] response.INFO: response {"acntno":"MN960019009100000198","result":"ГОМБОРАГЧАА ДАШЖАМЦ"} []
[2023-03-10T16:30:54.148617+08:00] request.INFO: request {"acntno":"*"} []
[2023-03-10T16:32:53.557348+08:00] request.INFO: request {"acntno":"9000007387"} []
[2023-03-10T16:32:54.125077+08:00] response.INFO: response {"acntno":"9000007387","result":"УЯНГА БАТЗАЯА"} []
[2023-03-10T16:33:01.388925+08:00] request.INFO: request {"acntno":"9000007387"} []
[2023-03-10T16:33:01.970395+08:00] response.INFO: response {"acntno":"9000007387","result":"УЯНГА БАТЗАЯА"} []
[2023-03-10T16:33:03.833574+08:00] request.INFO: request {"acntno":"9000007387"} []
[2023-03-10T16:33:04.339696+08:00] response.INFO: response {"acntno":"9000007387","result":"УЯНГА БАТЗАЯА"} []
[2023-03-10T16:33:08.323981+08:00] request.INFO: request {"acntno":"9000007387"} []
[2023-03-10T16:33:08.819391+08:00] response.INFO: response {"acntno":"9000007387","result":"УЯНГА БАТЗАЯА"} []
[2023-03-10T16:34:02.590064+08:00] request.INFO: request {"acntno":"9000007387"} []
[2023-03-10T16:34:03.088693+08:00] response.INFO: response {"acntno":"9000007387","result":"УЯНГА БАТЗАЯА"} []
[2023-03-10T16:34:16.578068+08:00] request.INFO: request {"acntno":"9000007387"} []
[2023-03-10T16:34:17.101112+08:00] response.INFO: response {"acntno":"9000007387","result":"УЯНГА БАТЗАЯА"} []
[2023-03-10T16:41:12.950662+08:00] request.INFO: request {"acntno":"9000007387"} []
[2023-03-10T16:41:13.457550+08:00] response.INFO: response {"acntno":"9000007387","result":"УЯНГА БАТЗАЯА"} []
[2023-03-10T16:41:50.048241+08:00] request.INFO: request {"acntno":"9000007387"} []
[2023-03-10T16:41:50.566594+08:00] response.INFO: response {"acntno":"9000007387","result":"УЯНГА БАТЗАЯА"} []
[2023-03-10T16:41:54.564837+08:00] request.INFO: request {"acntno":"9000007387"} []
[2023-03-10T16:41:55.120133+08:00] response.INFO: response {"acntno":"9000007387","result":"УЯНГА БАТЗАЯА"} []
[2023-03-10T16:41:57.568748+08:00] request.INFO: request {"acntno":"9000007387"} []
[2023-03-10T16:41:58.081997+08:00] response.INFO: response {"acntno":"9000007387","result":"УЯНГА БАТЗАЯА"} []
[2023-03-10T16:42:16.898075+08:00] request.INFO: request {"acntno":"9000007387"} []
[2023-03-10T16:42:17.459304+08:00] response.INFO: response {"acntno":"9000007387","result":"УЯНГА БАТЗАЯА"} []
[2023-03-10T16:51:07.750198+08:00] request.INFO: request {"acntno":"9000007387"} []
[2023-03-10T16:51:08.378149+08:00] response.INFO: response {"acntno":"9000007387","result":"УЯНГА БАТЗАЯА"} []
[2023-03-10T16:51:13.699433+08:00] request.INFO: request {"acntno":"9000007387"} []
[2023-03-10T16:51:14.227931+08:00] response.INFO: response {"acntno":"9000007387","result":"УЯНГА БАТЗАЯА"} []
[2023-03-10T16:51:15.591668+08:00] request.INFO: request {"acntno":"9000007387"} []
[2023-03-10T16:51:16.090078+08:00] response.INFO: response {"acntno":"9000007387","result":"УЯНГА БАТЗАЯА"} []
[2023-03-10T16:51:19.635395+08:00] request.INFO: request {"acntno":"9000007387"} []
[2023-03-10T16:51:20.163057+08:00] response.INFO: response {"acntno":"9000007387","result":"УЯНГА БАТЗАЯА"} []
[2023-03-10T16:51:31.610582+08:00] request.INFO: request {"acntno":"9000007387"} []
[2023-03-10T16:51:32.106642+08:00] response.INFO: response {"acntno":"9000007387","result":"УЯНГА БАТЗАЯА"} []
[2023-03-10T16:51:37.701033+08:00] request.INFO: request {"acntno":"9000007387"} []
[2023-03-10T16:51:38.193227+08:00] response.INFO: response {"acntno":"9000007387","result":"УЯНГА БАТЗАЯА"} []
[2023-03-10T16:51:44.294523+08:00] request.INFO: request {"acntno":"9000007387"} []
[2023-03-10T16:51:44.798301+08:00] response.INFO: response {"acntno":"9000007387","result":"УЯНГА БАТЗАЯА"} []
[2023-03-10T16:52:08.057544+08:00] request.INFO: request {"acntno":"9000007387"} []
[2023-03-10T16:52:08.541299+08:00] response.INFO: response {"acntno":"9000007387","result":"УЯНГА БАТЗАЯА"} []
