[2023-05-31T10:31:24.585993+08:00] request.INFO: request {"acntno":"900007387"} []
[2023-05-31T10:31:28.235036+08:00] request.INFO: request {"acntno":"9000007387"} []
[2023-05-31T10:31:28.704535+08:00] response.INFO: response {"acntno":"9000007387","result":"УЯНГА БАТЗАЯА"} []
[2023-05-31T10:31:32.936488+08:00] request.INFO: request {"acntno":"9000007387"} []
[2023-05-31T10:31:33.375000+08:00] response.INFO: response {"acntno":"9000007387","result":"УЯНГА БАТЗАЯА"} []
[2023-05-31T10:31:35.047438+08:00] request.INFO: request {"acntno":"9000007387"} []
[2023-05-31T10:31:35.498908+08:00] response.INFO: response {"acntno":"9000007387","result":"УЯНГА БАТЗАЯА"} []
[2023-05-31T10:33:46.605917+08:00] request.INFO: request {"acntno":"9100000388"} []
[2023-05-31T10:33:47.140550+08:00] response.INFO: response {"acntno":"9100000388","result":"ЭНХТУЯА ДАНЗАНБАЛЖИР"} []
[2023-05-31T10:35:42.144731+08:00] request.INFO: request {"acntno":"9"} []
[2023-05-31T10:35:55.645143+08:00] request.INFO: request {"acntno":"9100000305"} []
[2023-05-31T10:35:56.094102+08:00] response.INFO: response {"acntno":"9100000305","result":"ЭНХТУЯА ДАНЗАНБАЛЖИР"} []
[2023-05-31T10:36:06.140204+08:00] request.INFO: request {"acntno":"9100000305"} []
[2023-05-31T10:36:06.596092+08:00] response.INFO: response {"acntno":"9100000305","result":"ЭНХТУЯА ДАНЗАНБАЛЖИР"} []
[2023-05-31T10:36:08.314074+08:00] request.INFO: request {"acntno":"9100000305"} []
[2023-05-31T10:36:08.777743+08:00] response.INFO: response {"acntno":"9100000305","result":"ЭНХТУЯА ДАНЗАНБАЛЖИР"} []
[2023-05-31T10:48:32.633258+08:00] request.INFO: request {"acntno":"9100000240"} []
[2023-05-31T10:48:33.111262+08:00] response.INFO: response {"acntno":"9100000240","result":"БЭЮС"} []
[2023-05-31T10:48:45.405679+08:00] request.INFO: request {"acntno":"9100000240"} []
[2023-05-31T10:48:45.855349+08:00] response.INFO: response {"acntno":"9100000240","result":"БЭЮС"} []
[2023-05-31T10:48:48.023595+08:00] request.INFO: request {"acntno":"9100000240"} []
[2023-05-31T10:48:48.467326+08:00] response.INFO: response {"acntno":"9100000240","result":"БЭЮС"} []
[2023-05-31T10:49:00.720419+08:00] request.INFO: request {"acntno":"9100000240"} []
[2023-05-31T10:49:01.159547+08:00] response.INFO: response {"acntno":"9100000240","result":"БЭЮС"} []
[2023-05-31T10:50:20.176953+08:00] request.INFO: request {"acntno":"9000030596"} []
[2023-05-31T10:50:20.669336+08:00] response.INFO: response {"acntno":"9000030596","result":"МАГНЕТ ЧАПЛЕТ МАЯНЭРС"} []
[2023-05-31T10:50:30.122114+08:00] request.INFO: request {"acntno":"9000030596"} []
[2023-05-31T10:50:30.571440+08:00] response.INFO: response {"acntno":"9000030596","result":"МАГНЕТ ЧАПЛЕТ МАЯНЭРС"} []
[2023-05-31T10:50:32.358661+08:00] request.INFO: request {"acntno":"9000030596"} []
[2023-05-31T10:50:32.794968+08:00] response.INFO: response {"acntno":"9000030596","result":"МАГНЕТ ЧАПЛЕТ МАЯНЭРС"} []
[2023-05-31T10:50:54.281299+08:00] request.INFO: request {"acntno":"9000030596"} []
[2023-05-31T10:50:54.728138+08:00] response.INFO: response {"acntno":"9000030596","result":"МАГНЕТ ЧАПЛЕТ МАЯНЭРС"} []
[2023-05-31T10:51:29.163576+08:00] request.INFO: request {"acntno":"9100000208"} []
[2023-05-31T10:51:29.609404+08:00] response.INFO: response {"acntno":"9100000208","result":"СОДНОМ БААСАНСҮРЭН"} []
[2023-05-31T10:51:37.661448+08:00] request.INFO: request {"acntno":"9100000208"} []
[2023-05-31T10:51:38.114698+08:00] response.INFO: response {"acntno":"9100000208","result":"СОДНОМ БААСАНСҮРЭН"} []
[2023-05-31T10:51:39.523306+08:00] request.INFO: request {"acntno":"9100000208"} []
[2023-05-31T10:51:40.005276+08:00] response.INFO: response {"acntno":"9100000208","result":"СОДНОМ БААСАНСҮРЭН"} []
[2023-05-31T10:51:52.418293+08:00] request.INFO: request {"acntno":"9100000208"} []
[2023-05-31T10:51:52.875561+08:00] response.INFO: response {"acntno":"9100000208","result":"СОДНОМ БААСАНСҮРЭН"} []
[2023-05-31T11:00:34.344441+08:00] request.INFO: request {"acntno":"90000007387"} []
[2023-05-31T11:00:37.678786+08:00] request.INFO: request {"acntno":"9000007387"} []
[2023-05-31T11:00:38.135683+08:00] response.INFO: response {"acntno":"9000007387","result":"УЯНГА БАТЗАЯА"} []
[2023-05-31T11:00:47.576407+08:00] request.INFO: request {"acntno":"9000007387"} []
[2023-05-31T11:00:48.046097+08:00] response.INFO: response {"acntno":"9000007387","result":"УЯНГА БАТЗАЯА"} []
[2023-05-31T11:00:50.662178+08:00] request.INFO: request {"acntno":"9000007387"} []
[2023-05-31T11:00:51.121487+08:00] response.INFO: response {"acntno":"9000007387","result":"УЯНГА БАТЗАЯА"} []
[2023-05-31T11:01:07.836787+08:00] request.INFO: request {"acntno":"9000007387"} []
[2023-05-31T11:01:08.288742+08:00] response.INFO: response {"acntno":"9000007387","result":"УЯНГА БАТЗАЯА"} []
[2023-05-31T11:01:13.661199+08:00] request.INFO: request {"acntno":"9000007387"} []
[2023-05-31T11:01:14.098600+08:00] response.INFO: response {"acntno":"9000007387","result":"УЯНГА БАТЗАЯА"} []
[2023-05-31T11:01:15.772154+08:00] request.INFO: request {"acntno":"9000007387"} []
[2023-05-31T11:01:16.231950+08:00] response.INFO: response {"acntno":"9000007387","result":"УЯНГА БАТЗАЯА"} []
[2023-05-31T11:02:17.635624+08:00] request.INFO: request {"acntno":"9000007387"} []
[2023-05-31T11:02:18.100333+08:00] response.INFO: response {"acntno":"9000007387","result":"УЯНГА БАТЗАЯА"} []
[2023-05-31T11:02:27.266776+08:00] request.INFO: request {"acntno":"9000007387"} []
[2023-05-31T11:02:27.706966+08:00] response.INFO: response {"acntno":"9000007387","result":"УЯНГА БАТЗАЯА"} []
[2023-05-31T11:03:05.214321+08:00] request.INFO: request {"acntno":"900007387"} []
[2023-05-31T11:03:08.234510+08:00] request.INFO: request {"acntno":"9000007387"} []
[2023-05-31T11:03:08.679393+08:00] response.INFO: response {"acntno":"9000007387","result":"УЯНГА БАТЗАЯА"} []
[2023-05-31T11:03:15.190390+08:00] request.INFO: request {"acntno":"9000007387"} []
[2023-05-31T11:03:15.669657+08:00] response.INFO: response {"acntno":"9000007387","result":"УЯНГА БАТЗАЯА"} []
[2023-05-31T11:03:18.721735+08:00] request.INFO: request {"acntno":"9000007387"} []
[2023-05-31T11:03:19.167061+08:00] response.INFO: response {"acntno":"9000007387","result":"УЯНГА БАТЗАЯА"} []
[2023-05-31T11:03:36.071524+08:00] request.INFO: request {"acntno":"9000007387"} []
[2023-05-31T11:03:36.545353+08:00] response.INFO: response {"acntno":"9000007387","result":"УЯНГА БАТЗАЯА"} []
[2023-05-31T11:04:39.453416+08:00] request.INFO: request {"acntno":"9100000208"} []
[2023-05-31T11:04:39.897738+08:00] response.INFO: response {"acntno":"9100000208","result":"СОДНОМ БААСАНСҮРЭН"} []
[2023-05-31T11:04:42.499108+08:00] request.INFO: request {"acntno":"9000007387"} []
[2023-05-31T11:04:42.967437+08:00] response.INFO: response {"acntno":"9000007387","result":"УЯНГА БАТЗАЯА"} []
[2023-05-31T11:04:45.940617+08:00] request.INFO: request {"acntno":"9100000208"} []
[2023-05-31T11:04:46.389219+08:00] response.INFO: response {"acntno":"9100000208","result":"СОДНОМ БААСАНСҮРЭН"} []
[2023-05-31T11:04:47.872898+08:00] request.INFO: request {"acntno":"9100000208"} []
[2023-05-31T11:04:48.322995+08:00] response.INFO: response {"acntno":"9100000208","result":"СОДНОМ БААСАНСҮРЭН"} []
[2023-05-31T11:04:56.849765+08:00] request.INFO: request {"acntno":"900007387"} []
[2023-05-31T11:05:00.345463+08:00] request.INFO: request {"acntno":"9000007387"} []
[2023-05-31T11:05:00.817029+08:00] response.INFO: response {"acntno":"9000007387","result":"УЯНГА БАТЗАЯА"} []
[2023-05-31T11:05:02.056320+08:00] request.INFO: request {"acntno":"9100000208"} []
[2023-05-31T11:05:02.508148+08:00] response.INFO: response {"acntno":"9100000208","result":"СОДНОМ БААСАНСҮРЭН"} []
[2023-05-31T11:05:24.931464+08:00] request.INFO: request {"acntno":"9000007387"} []
[2023-05-31T11:05:25.402901+08:00] response.INFO: response {"acntno":"9000007387","result":"УЯНГА БАТЗАЯА"} []
[2023-05-31T11:05:27.157573+08:00] request.INFO: request {"acntno":"9000007387"} []
[2023-05-31T11:05:27.630465+08:00] response.INFO: response {"acntno":"9000007387","result":"УЯНГА БАТЗАЯА"} []
[2023-05-31T11:05:45.766055+08:00] request.INFO: request {"acntno":"9000007387"} []
[2023-05-31T11:05:46.215612+08:00] response.INFO: response {"acntno":"9000007387","result":"УЯНГА БАТЗАЯА"} []
[2023-05-31T11:11:43.584122+08:00] request.INFO: request {"acntno":"9100000208"} []
[2023-05-31T11:11:44.040018+08:00] response.INFO: response {"acntno":"9100000208","result":"СОДНОМ БААСАНСҮРЭН"} []
[2023-05-31T11:11:49.432026+08:00] request.INFO: request {"acntno":"9100000208"} []
[2023-05-31T11:11:49.870947+08:00] response.INFO: response {"acntno":"9100000208","result":"СОДНОМ БААСАНСҮРЭН"} []
[2023-05-31T11:11:51.382418+08:00] request.INFO: request {"acntno":"9100000208"} []
[2023-05-31T11:11:51.821299+08:00] response.INFO: response {"acntno":"9100000208","result":"СОДНОМ БААСАНСҮРЭН"} []
[2023-05-31T11:11:55.578280+08:00] request.INFO: request {"acntno":"9100000208"} []
[2023-05-31T11:11:56.055092+08:00] response.INFO: response {"acntno":"9100000208","result":"СОДНОМ БААСАНСҮРЭН"} []
[2023-05-31T11:15:14.242870+08:00] request.INFO: request {"acntno":"9100000208"} []
[2023-05-31T11:15:14.722444+08:00] response.INFO: response {"acntno":"9100000208","result":"СОДНОМ БААСАНСҮРЭН"} []
[2023-05-31T11:15:24.855858+08:00] request.INFO: request {"acntno":"9100000208"} []
[2023-05-31T11:15:25.317160+08:00] response.INFO: response {"acntno":"9100000208","result":"СОДНОМ БААСАНСҮРЭН"} []
[2023-05-31T11:15:28.846572+08:00] request.INFO: request {"acntno":"9100000208"} []
[2023-05-31T11:15:29.310494+08:00] response.INFO: response {"acntno":"9100000208","result":"СОДНОМ БААСАНСҮРЭН"} []
[2023-05-31T11:16:53.494720+08:00] request.INFO: request {"acntno":"9100000208"} []
[2023-05-31T11:16:53.950720+08:00] response.INFO: response {"acntno":"9100000208","result":"СОДНОМ БААСАНСҮРЭН"} []
[2023-05-31T15:04:00.330481+08:00] request.INFO: request {"acntno":"MN090019009100000309"} []
[2023-05-31T15:04:00.809845+08:00] response.INFO: response {"acntno":"MN090019009100000309","result":"ЭНХТУЯА ДАНЗАНБАЛЖИР"} []
[2023-05-31T15:04:19.301233+08:00] request.INFO: request {"acntno":"MN090019009100000309"} []
[2023-05-31T15:04:19.759635+08:00] response.INFO: response {"acntno":"MN090019009100000309","result":"ЭНХТУЯА ДАНЗАНБАЛЖИР"} []
[2023-05-31T15:04:24.254430+08:00] request.INFO: request {"acntno":"MN090019009100000309"} []
[2023-05-31T15:04:24.715173+08:00] response.INFO: response {"acntno":"MN090019009100000309","result":"ЭНХТУЯА ДАНЗАНБАЛЖИР"} []
[2023-05-31T16:51:05.885047+08:00] request.INFO: request {"acntno":"9000007387"} []
[2023-05-31T16:51:06.341134+08:00] response.INFO: response {"acntno":"9000007387","result":"УЯНГА БАТЗАЯА"} []
[2023-05-31T16:51:10.819591+08:00] request.INFO: request {"acntno":"9000007387"} []
[2023-05-31T16:51:11.282682+08:00] response.INFO: response {"acntno":"9000007387","result":"УЯНГА БАТЗАЯА"} []
[2023-05-31T16:51:12.818740+08:00] request.INFO: request {"acntno":"9000007387"} []
[2023-05-31T16:51:13.274810+08:00] response.INFO: response {"acntno":"9000007387","result":"УЯНГА БАТЗАЯА"} []
[2023-05-31T16:56:38.378017+08:00] request.INFO: request {"acntno":"9000007387"} []
[2023-05-31T16:56:38.842446+08:00] response.INFO: response {"acntno":"9000007387","result":"УЯНГА БАТЗАЯА"} []
[2023-05-31T16:59:08.446913+08:00] request.INFO: request {"acntno":"9000007387"} []
[2023-05-31T16:59:08.894031+08:00] response.INFO: response {"acntno":"9000007387","result":"УЯНГА БАТЗАЯА"} []
[2023-05-31T17:07:47.585231+08:00] request.INFO: request {"acntno":"MN070019009000035734"} []
[2023-05-31T17:07:48.038699+08:00] response.INFO: response {"acntno":"MN070019009000035734","result":"СОДНОМ БААСАНСҮРЭН"} []
[2023-05-31T17:07:53.699852+08:00] request.INFO: request {"acntno":"MN070019009000035734"} []
[2023-05-31T17:07:54.142144+08:00] response.INFO: response {"acntno":"MN070019009000035734","result":"СОДНОМ БААСАНСҮРЭН"} []
[2023-05-31T17:07:55.646475+08:00] request.INFO: request {"acntno":"MN070019009000035734"} []
[2023-05-31T17:07:56.096185+08:00] response.INFO: response {"acntno":"MN070019009000035734","result":"СОДНОМ БААСАНСҮРЭН"} []
[2023-05-31T17:09:46.360999+08:00] request.INFO: request {"acntno":"9000007387"} []
[2023-05-31T17:09:46.817940+08:00] response.INFO: response {"acntno":"9000007387","result":"УЯНГА БАТЗАЯА"} []
[2023-05-31T17:09:50.637267+08:00] request.INFO: request {"acntno":"9000007387"} []
[2023-05-31T17:09:51.106661+08:00] response.INFO: response {"acntno":"9000007387","result":"УЯНГА БАТЗАЯА"} []
[2023-05-31T17:09:52.521368+08:00] request.INFO: request {"acntno":"9000007387"} []
[2023-05-31T17:09:52.980612+08:00] response.INFO: response {"acntno":"9000007387","result":"УЯНГА БАТЗАЯА"} []
