[2023-04-21T10:57:53.547807+08:00] request.INFO: request {"acntno":"*"} []
[2023-04-21T11:15:26.615280+08:00] request.INFO: request {"acntno":"900000"} []
[2023-04-21T11:15:38.557781+08:00] request.INFO: request {"acntno":"9000001346"} []
[2023-04-21T11:15:39.043638+08:00] response.INFO: response {"acntno":"9000001346","result":"ЭНХТУЯА"} []
[2023-04-21T11:31:37.856683+08:00] request.INFO: request {"acntno":"*"} []
[2023-04-21T15:13:12.621342+08:00] request.INFO: request {"acntno":"MN340019009030000779"} []
[2023-04-21T15:13:14.007462+08:00] response.INFO: response {"acntno":"MN340019009030000779","result":"ОНТОП МТБЛ"} []
[2023-04-21T15:13:25.560669+08:00] request.INFO: request {"acntno":"MN340019009030000779"} []
[2023-04-21T15:13:26.323645+08:00] response.INFO: response {"acntno":"MN340019009030000779","result":"ОНТОП МТБЛ"} []
[2023-04-21T15:13:31.427663+08:00] request.INFO: request {"acntno":"MN340019009030000779"} []
[2023-04-21T15:13:31.905453+08:00] response.INFO: response {"acntno":"MN340019009030000779","result":"ОНТОП МТБЛ"} []
[2023-04-21T15:13:35.945475+08:00] request.INFO: request {"acntno":"MN340019009030000779"} []
[2023-04-21T15:13:36.372928+08:00] response.INFO: response {"acntno":"MN340019009030000779","result":"ОНТОП МТБЛ"} []
[2023-04-21T15:15:30.652602+08:00] request.INFO: request {"acntno":"*"} []
[2023-04-21T16:35:40.273888+08:00] request.INFO: request {"acntno":"90000017359"} []
[2023-04-21T16:35:46.621585+08:00] request.INFO: request {"acntno":"9000017359"} []
[2023-04-21T16:35:47.056585+08:00] response.INFO: response {"acntno":"9000017359","result":"БИЛГҮҮН ГАНЗОРИГ"} []
[2023-04-21T16:56:39.321411+08:00] request.INFO: request {"acntno":"9000034544"} []
[2023-04-21T16:56:43.870769+08:00] request.INFO: request {"acntno":"9000034541"} []
[2023-04-21T16:56:44.314557+08:00] response.INFO: response {"acntno":"9000034541","result":"ХОНГОРЗУЛ ТҮМЭНДЭМБЭРЭЛ"} []
[2023-04-21T16:56:54.399168+08:00] request.INFO: request {"acntno":"9000034541"} []
[2023-04-21T16:56:54.888856+08:00] response.INFO: response {"acntno":"9000034541","result":"ХОНГОРЗУЛ ТҮМЭНДЭМБЭРЭЛ"} []
[2023-04-21T16:57:46.324039+08:00] request.INFO: request {"acntno":"91000000201"} []
[2023-04-21T16:57:59.589550+08:00] request.INFO: request {"acntno":"9100000201"} []
[2023-04-21T16:58:00.040474+08:00] response.INFO: response {"acntno":"9100000201","result":"ДАВААЖАВ БАТБААТАР"} []
[2023-04-21T16:58:02.631103+08:00] request.INFO: request {"acntno":"9100000201"} []
[2023-04-21T16:58:03.116429+08:00] response.INFO: response {"acntno":"9100000201","result":"ДАВААЖАВ БАТБААТАР"} []
[2023-04-21T16:58:04.684893+08:00] request.INFO: request {"acntno":"9100000201"} []
[2023-04-21T16:58:05.140080+08:00] response.INFO: response {"acntno":"9100000201","result":"ДАВААЖАВ БАТБААТАР"} []
[2023-04-21T17:05:07.600345+08:00] request.INFO: request {"acntno":"9000007387"} []
[2023-04-21T17:05:08.130982+08:00] response.INFO: response {"acntno":"9000007387","result":"УЯНГА БАТЗАЯА"} []
[2023-04-21T17:05:15.421140+08:00] request.INFO: request {"acntno":"9000007387"} []
[2023-04-21T17:05:15.864868+08:00] response.INFO: response {"acntno":"9000007387","result":"УЯНГА БАТЗАЯА"} []
[2023-04-21T17:05:18.279118+08:00] request.INFO: request {"acntno":"9000007387"} []
[2023-04-21T17:05:18.718135+08:00] response.INFO: response {"acntno":"9000007387","result":"УЯНГА БАТЗАЯА"} []
[2023-04-21T17:21:30.729934+08:00] request.INFO: request {"acntno":"9100000202"} []
[2023-04-21T17:21:31.239235+08:00] response.INFO: response {"acntno":"9100000202","result":"ДАВААЖАВ БАТБААТАР"} []
[2023-04-21T17:21:42.636573+08:00] request.INFO: request {"acntno":"9100000202"} []
[2023-04-21T17:21:43.109284+08:00] response.INFO: response {"acntno":"9100000202","result":"ДАВААЖАВ БАТБААТАР"} []
[2023-04-21T17:21:50.053629+08:00] request.INFO: request {"acntno":"9100000202"} []
[2023-04-21T17:21:50.512768+08:00] response.INFO: response {"acntno":"9100000202","result":"ДАВААЖАВ БАТБААТАР"} []
[2023-04-21T17:21:59.002208+08:00] request.INFO: request {"acntno":"9100000202"} []
[2023-04-21T17:21:59.432196+08:00] response.INFO: response {"acntno":"9100000202","result":"ДАВААЖАВ БАТБААТАР"} []
