[2023-04-18T14:26:27.526457+08:00] request.INFO: request {"acntno":"9000035252"} []
[2023-04-18T14:26:28.033806+08:00] response.INFO: response {"acntno":"9000035252","result":"ЭНХТУЯА ДАНЗАНБАЛЖИР"} []
[2023-04-18T17:21:19.105677+08:00] request.INFO: request {"acntno":"MN220019009000001708"} []
[2023-04-18T17:21:19.599547+08:00] response.INFO: response {"acntno":"MN220019009000001708","result":"БАНЗРАГЧ ВАНДАНСҮРЭН"} []
[2023-04-18T17:21:23.759396+08:00] request.INFO: request {"acntno":"MN220019009000001708"} []
[2023-04-18T17:21:24.228266+08:00] response.INFO: response {"acntno":"MN220019009000001708","result":"БАНЗРАГЧ ВАНДАНСҮРЭН"} []
[2023-04-18T17:33:57.319010+08:00] request.INFO: request {"acntno":"MN220019009000001708"} []
[2023-04-18T17:33:57.801052+08:00] response.INFO: response {"acntno":"MN220019009000001708","result":"БАНЗРАГЧ ВАНДАНСҮРЭН"} []
[2023-04-18T17:34:01.089641+08:00] request.INFO: request {"acntno":"MN220019009000001708"} []
[2023-04-18T17:34:01.568526+08:00] response.INFO: response {"acntno":"MN220019009000001708","result":"БАНЗРАГЧ ВАНДАНСҮРЭН"} []
[2023-04-18T17:34:08.719799+08:00] request.INFO: request {"acntno":"MN590019009100000185"} []
[2023-04-18T17:34:09.178603+08:00] response.INFO: response {"acntno":"MN590019009100000185","result":"УЛААНБААТАР КРЕДИТ ББСБ"} []
[2023-04-18T17:34:12.795738+08:00] request.INFO: request {"acntno":"MN590019009100000185"} []
[2023-04-18T17:34:13.251923+08:00] response.INFO: response {"acntno":"MN590019009100000185","result":"УЛААНБААТАР КРЕДИТ ББСБ"} []
[2023-04-18T17:34:15.711954+08:00] request.INFO: request {"acntno":"MN590019009100000185"} []
[2023-04-18T17:34:16.156949+08:00] response.INFO: response {"acntno":"MN590019009100000185","result":"УЛААНБААТАР КРЕДИТ ББСБ"} []
[2023-04-18T17:52:11.992008+08:00] request.INFO: request {"acntno":"MN220019009000001708"} []
[2023-04-18T17:52:12.462372+08:00] response.INFO: response {"acntno":"MN220019009000001708","result":"БАНЗРАГЧ ВАНДАНСҮРЭН"} []
[2023-04-18T17:53:01.811195+08:00] request.INFO: request {"acntno":"MN070019009000035249"} []
[2023-04-18T17:53:02.266822+08:00] response.INFO: response {"acntno":"MN070019009000035249","result":"ЭНХТУЯА ДАНЗАНБАЛЖИР"} []
[2023-04-18T17:55:59.867362+08:00] request.INFO: request {"acntno":"MN070019009000035249"} []
[2023-04-18T17:56:00.310108+08:00] response.INFO: response {"acntno":"MN070019009000035249","result":"ЭНХТУЯА ДАНЗАНБАЛЖИР"} []
[2023-04-18T17:56:02.311406+08:00] request.INFO: request {"acntno":"MN070019009000035249"} []
[2023-04-18T17:56:02.756953+08:00] response.INFO: response {"acntno":"MN070019009000035249","result":"ЭНХТУЯА ДАНЗАНБАЛЖИР"} []
[2023-04-18T18:05:32.552682+08:00] request.INFO: request {"acntno":"9000007387"} []
[2023-04-18T18:05:33.040973+08:00] response.INFO: response {"acntno":"9000007387","result":"УЯНГА БАТЗАЯА"} []
