[2023-02-08T12:20:44.682214+08:00] request.INFO: request {"acntno":"MN190019009000022811"} []
[2023-02-08T12:20:45.267039+08:00] response.INFO: response {"acntno":"MN190019009000022811","result":"БАТБОЛД ПҮРЭВБААТАР"} []
[2023-02-08T13:06:22.166760+08:00] request.INFO: request {"acntno":"9010001999"} []
[2023-02-08T13:06:22.676656+08:00] response.INFO: response {"acntno":"9010001999","result":"ЦЭРЭНДУЛАМ БАТСҮХ"} []
[2023-02-08T13:06:46.413580+08:00] request.INFO: request {"acntno":"9010001999"} []
[2023-02-08T13:06:46.923879+08:00] response.INFO: response {"acntno":"9010001999","result":"ЦЭРЭНДУЛАМ БАТСҮХ"} []
[2023-02-08T13:06:49.154607+08:00] request.INFO: request {"acntno":"9010001999"} []
[2023-02-08T13:06:49.644795+08:00] response.INFO: response {"acntno":"9010001999","result":"ЦЭРЭНДУЛАМ БАТСҮХ"} []
[2023-02-08T13:11:27.543159+08:00] request.INFO: request {"acntno":"MN150019009000014638"} []
[2023-02-08T13:11:28.070128+08:00] response.INFO: response {"acntno":"MN150019009000014638","result":"ТЭЭВЭР ХӨГЖЛИЙН БАНК ( ПОС ДАНС ТЕСТ )"} []
[2023-02-08T13:11:46.139422+08:00] request.INFO: request {"acntno":"MN150019009000014638"} []
[2023-02-08T13:11:46.643646+08:00] response.INFO: response {"acntno":"MN150019009000014638","result":"ТЭЭВЭР ХӨГЖЛИЙН БАНК ( ПОС ДАНС ТЕСТ )"} []
[2023-02-08T13:11:55.119039+08:00] request.INFO: request {"acntno":"MN150019009000014638"} []
[2023-02-08T13:11:55.599021+08:00] response.INFO: response {"acntno":"MN150019009000014638","result":"ТЭЭВЭР ХӨГЖЛИЙН БАНК ( ПОС ДАНС ТЕСТ )"} []
[2023-02-08T13:46:17.682888+08:00] request.INFO: request {"acntno":"*"} []
[2023-02-08T16:07:19.843228+08:00] request.INFO: request {"acntno":"9100000185"} []
[2023-02-08T16:07:20.441449+08:00] response.INFO: response {"acntno":"9100000185","result":"УЛААНБААТАР КРЕДИТ ББСБ"} []
[2023-02-08T16:09:09.994930+08:00] request.INFO: request {"acntno":"9100000185"} []
[2023-02-08T16:09:10.496464+08:00] response.INFO: response {"acntno":"9100000185","result":"УЛААНБААТАР КРЕДИТ ББСБ"} []
[2023-02-08T16:09:23.400074+08:00] request.INFO: request {"acntno":"9100000185"} []
[2023-02-08T16:09:23.929662+08:00] response.INFO: response {"acntno":"9100000185","result":"УЛААНБААТАР КРЕДИТ ББСБ"} []
[2023-02-08T16:10:17.111354+08:00] request.INFO: request {"acntno":"9100000185"} []
[2023-02-08T16:10:17.682485+08:00] response.INFO: response {"acntno":"9100000185","result":"УЛААНБААТАР КРЕДИТ ББСБ"} []
[2023-02-08T16:10:21.410315+08:00] request.INFO: request {"acntno":"9100000185"} []
[2023-02-08T16:10:21.928768+08:00] response.INFO: response {"acntno":"9100000185","result":"УЛААНБААТАР КРЕДИТ ББСБ"} []
[2023-02-08T19:21:29.317848+08:00] request.INFO: request {"acntno":"MN220019009000001708"} []
[2023-02-08T19:21:29.868397+08:00] response.INFO: response {"acntno":"MN220019009000001708","result":"БАНЗРАГЧ ВАНДАНСҮРЭН"} []
[2023-02-08T19:21:34.817463+08:00] request.INFO: request {"acntno":"MN220019009000001708"} []
[2023-02-08T19:21:35.305400+08:00] response.INFO: response {"acntno":"MN220019009000001708","result":"БАНЗРАГЧ ВАНДАНСҮРЭН"} []
[2023-02-08T19:22:05.004556+08:00] request.INFO: request {"acntno":"MN220019009000001708"} []
[2023-02-08T19:22:05.532933+08:00] response.INFO: response {"acntno":"MN220019009000001708","result":"БАНЗРАГЧ ВАНДАНСҮРЭН"} []
[2023-02-08T19:22:11.366963+08:00] request.INFO: request {"acntno":"MN220019009000001708"} []
[2023-02-08T19:22:11.871032+08:00] response.INFO: response {"acntno":"MN220019009000001708","result":"БАНЗРАГЧ ВАНДАНСҮРЭН"} []
[2023-02-08T19:26:56.942160+08:00] request.INFO: request {"acntno":"MN220019009000001708"} []
[2023-02-08T19:26:57.437812+08:00] response.INFO: response {"acntno":"MN220019009000001708","result":"БАНЗРАГЧ ВАНДАНСҮРЭН"} []
[2023-02-08T19:27:22.537415+08:00] request.INFO: request {"acntno":"MN220019009000001708"} []
[2023-02-08T19:27:23.057223+08:00] response.INFO: response {"acntno":"MN220019009000001708","result":"БАНЗРАГЧ ВАНДАНСҮРЭН"} []
[2023-02-08T19:27:31.573530+08:00] request.INFO: request {"acntno":"MN220019009000001708"} []
[2023-02-08T19:27:32.087812+08:00] response.INFO: response {"acntno":"MN220019009000001708","result":"БАНЗРАГЧ ВАНДАНСҮРЭН"} []
[2023-02-08T19:27:39.214156+08:00] request.INFO: request {"acntno":"MN220019009000001708"} []
[2023-02-08T19:27:39.721322+08:00] response.INFO: response {"acntno":"MN220019009000001708","result":"БАНЗРАГЧ ВАНДАНСҮРЭН"} []
[2023-02-08T19:27:48.833483+08:00] request.INFO: request {"acntno":"MN220019009000001708"} []
[2023-02-08T19:27:49.337869+08:00] response.INFO: response {"acntno":"MN220019009000001708","result":"БАНЗРАГЧ ВАНДАНСҮРЭН"} []
[2023-02-08T19:27:54.615563+08:00] request.INFO: request {"acntno":"MN220019009000001708"} []
[2023-02-08T19:27:55.149694+08:00] response.INFO: response {"acntno":"MN220019009000001708","result":"БАНЗРАГЧ ВАНДАНСҮРЭН"} []
[2023-02-08T19:28:00.670187+08:00] request.INFO: request {"acntno":"MN220019009000001708"} []
[2023-02-08T19:28:01.175694+08:00] response.INFO: response {"acntno":"MN220019009000001708","result":"БАНЗРАГЧ ВАНДАНСҮРЭН"} []
[2023-02-08T19:28:14.311288+08:00] request.INFO: request {"acntno":"MN220019009000001708"} []
[2023-02-08T19:28:14.817300+08:00] response.INFO: response {"acntno":"MN220019009000001708","result":"БАНЗРАГЧ ВАНДАНСҮРЭН"} []
