[2023-08-08T09:32:29.265687+08:00] request.INFO: request {"acntno":"9000007387"} []
[2023-08-08T09:32:29.728160+08:00] response.INFO: response {"acntno":"9000007387","result":"УЯНГА БАТЗАЯА"} []
[2023-08-08T09:32:33.243116+08:00] request.INFO: request {"acntno":"9000007387"} []
[2023-08-08T09:32:33.668422+08:00] response.INFO: response {"acntno":"9000007387","result":"УЯНГА БАТЗАЯА"} []
[2023-08-08T09:32:36.041205+08:00] request.INFO: request {"acntno":"9000007387"} []
[2023-08-08T09:32:36.454425+08:00] response.INFO: response {"acntno":"9000007387","result":"УЯНГА БАТЗАЯА"} []
[2023-08-08T11:58:33.623180+08:00] request.INFO: request {"acntno":"9000007387"} []
[2023-08-08T11:58:34.133443+08:00] response.INFO: response {"acntno":"9000007387","result":"УЯНГА БАТЗАЯА"} []
[2023-08-08T11:58:38.342609+08:00] request.INFO: request {"acntno":"9000007387"} []
[2023-08-08T11:58:38.763002+08:00] response.INFO: response {"acntno":"9000007387","result":"УЯНГА БАТЗАЯА"} []
[2023-08-08T11:58:40.382641+08:00] request.INFO: request {"acntno":"9000007387"} []
[2023-08-08T11:58:40.816803+08:00] response.INFO: response {"acntno":"9000007387","result":"УЯНГА БАТЗАЯА"} []
[2023-08-08T11:58:45.300745+08:00] request.INFO: request {"acntno":"9000007387"} []
[2023-08-08T11:58:45.728499+08:00] response.INFO: response {"acntno":"9000007387","result":"УЯНГА БАТЗАЯА"} []
[2023-08-08T11:58:47.135215+08:00] request.INFO: request {"acntno":"9000007387"} []
[2023-08-08T11:58:47.598246+08:00] response.INFO: response {"acntno":"9000007387","result":"УЯНГА БАТЗАЯА"} []
[2023-08-08T11:59:05.350240+08:00] request.INFO: request {"acntno":"9000007387"} []
[2023-08-08T11:59:05.782129+08:00] response.INFO: response {"acntno":"9000007387","result":"УЯНГА БАТЗАЯА"} []
[2023-08-08T14:23:40.665909+08:00] request.INFO: request {"acntno":"9000007387"} []
[2023-08-08T14:23:41.132407+08:00] response.INFO: response {"acntno":"9000007387","result":"УЯНГА БАТЗАЯА"} []
[2023-08-08T14:23:44.195839+08:00] request.INFO: request {"acntno":"9000007387"} []
[2023-08-08T14:23:44.640039+08:00] response.INFO: response {"acntno":"9000007387","result":"УЯНГА БАТЗАЯА"} []
[2023-08-08T14:23:46.095463+08:00] request.INFO: request {"acntno":"9000007387"} []
[2023-08-08T14:23:46.527387+08:00] response.INFO: response {"acntno":"9000007387","result":"УЯНГА БАТЗАЯА"} []
[2023-08-08T15:13:37.974371+08:00] request.INFO: request {"acntno":"9000007387"} []
[2023-08-08T15:13:38.407789+08:00] response.INFO: response {"acntno":"9000007387","result":"УЯНГА БАТЗАЯА"} []
[2023-08-08T15:13:42.112868+08:00] request.INFO: request {"acntno":"9000007387"} []
[2023-08-08T15:13:42.533083+08:00] response.INFO: response {"acntno":"9000007387","result":"УЯНГА БАТЗАЯА"} []
[2023-08-08T15:13:43.825468+08:00] request.INFO: request {"acntno":"9000007387"} []
[2023-08-08T15:13:44.259481+08:00] response.INFO: response {"acntno":"9000007387","result":"УЯНГА БАТЗАЯА"} []
[2023-08-08T16:56:54.183587+08:00] request.INFO: request {"acntno":"MN960019009100000198"} []
[2023-08-08T16:56:54.651315+08:00] response.INFO: response {"acntno":"MN960019009100000198","result":"ГОМБОРАГЧАА ДАШЖАМЦ"} []
[2023-08-08T16:57:00.614033+08:00] request.INFO: request {"acntno":"MN960019009100000198"} []
[2023-08-08T16:57:01.061716+08:00] response.INFO: response {"acntno":"MN960019009100000198","result":"ГОМБОРАГЧАА ДАШЖАМЦ"} []
[2023-08-08T16:57:03.477472+08:00] request.INFO: request {"acntno":"MN960019009100000198"} []
[2023-08-08T16:57:03.904961+08:00] response.INFO: response {"acntno":"MN960019009100000198","result":"ГОМБОРАГЧАА ДАШЖАМЦ"} []
[2023-08-08T17:00:48.214789+08:00] request.INFO: request {"acntno":"9000007387"} []
[2023-08-08T17:00:48.650541+08:00] response.INFO: response {"acntno":"9000007387","result":"УЯНГА БАТЗАЯА"} []
[2023-08-08T17:00:53.108676+08:00] request.INFO: request {"acntno":"9000007387"} []
[2023-08-08T17:00:53.554888+08:00] response.INFO: response {"acntno":"9000007387","result":"УЯНГА БАТЗАЯА"} []
[2023-08-08T17:00:55.149296+08:00] request.INFO: request {"acntno":"9000007387"} []
[2023-08-08T17:00:55.570025+08:00] response.INFO: response {"acntno":"9000007387","result":"УЯНГА БАТЗАЯА"} []
[2023-08-08T17:00:58.590476+08:00] request.INFO: request {"acntno":"9000007387"} []
[2023-08-08T17:00:59.029322+08:00] response.INFO: response {"acntno":"9000007387","result":"УЯНГА БАТЗАЯА"} []
[2023-08-08T17:12:30.221405+08:00] request.INFO: request {"acntno":"9000007387"} []
[2023-08-08T17:12:30.651343+08:00] response.INFO: response {"acntno":"9000007387","result":"УЯНГА БАТЗАЯА"} []
[2023-08-08T17:12:34.009444+08:00] request.INFO: request {"acntno":"9000007387"} []
[2023-08-08T17:12:34.456025+08:00] response.INFO: response {"acntno":"9000007387","result":"УЯНГА БАТЗАЯА"} []
[2023-08-08T17:12:35.985100+08:00] request.INFO: request {"acntno":"9000007387"} []
[2023-08-08T17:12:36.419566+08:00] response.INFO: response {"acntno":"9000007387","result":"УЯНГА БАТЗАЯА"} []
[2023-08-08T17:12:39.274763+08:00] request.INFO: request {"acntno":"9000007387"} []
[2023-08-08T17:12:39.720167+08:00] response.INFO: response {"acntno":"9000007387","result":"УЯНГА БАТЗАЯА"} []
[2023-08-08T17:20:52.124359+08:00] request.INFO: request {"acntno":"9000007387"} []
[2023-08-08T17:20:52.552315+08:00] response.INFO: response {"acntno":"9000007387","result":"УЯНГА БАТЗАЯА"} []
[2023-08-08T17:20:56.350842+08:00] request.INFO: request {"acntno":"9000007387"} []
[2023-08-08T17:20:56.799755+08:00] response.INFO: response {"acntno":"9000007387","result":"УЯНГА БАТЗАЯА"} []
[2023-08-08T17:20:58.096960+08:00] request.INFO: request {"acntno":"9000007387"} []
[2023-08-08T17:20:58.522167+08:00] response.INFO: response {"acntno":"9000007387","result":"УЯНГА БАТЗАЯА"} []
[2023-08-08T17:21:01.762075+08:00] request.INFO: request {"acntno":"9000007387"} []
[2023-08-08T17:21:02.182054+08:00] response.INFO: response {"acntno":"9000007387","result":"УЯНГА БАТЗАЯА"} []
[2023-08-08T18:21:30.819681+08:00] request.INFO: request {"acntno":"900007387"} []
[2023-08-08T18:21:39.046200+08:00] request.INFO: request {"acntno":"900007387"} []
[2023-08-08T18:21:44.451961+08:00] request.INFO: request {"acntno":"9000007387"} []
[2023-08-08T18:21:44.887020+08:00] response.INFO: response {"acntno":"9000007387","result":"УЯНГА БАТЗАЯА"} []
[2023-08-08T18:21:50.269482+08:00] request.INFO: request {"acntno":"9000007387"} []
[2023-08-08T18:21:50.726919+08:00] response.INFO: response {"acntno":"9000007387","result":"УЯНГА БАТЗАЯА"} []
[2023-08-08T18:21:53.622150+08:00] request.INFO: request {"acntno":"9000007387"} []
[2023-08-08T18:21:54.058384+08:00] response.INFO: response {"acntno":"9000007387","result":"УЯНГА БАТЗАЯА"} []
[2023-08-08T18:22:01.193183+08:00] request.INFO: request {"acntno":"9000007387"} []
[2023-08-08T18:22:01.623634+08:00] response.INFO: response {"acntno":"9000007387","result":"УЯНГА БАТЗАЯА"} []
[2023-08-08T18:38:15.664471+08:00] request.INFO: request {"acntno":"*"} []
