[2023-03-06T10:57:36.210086+08:00] request.INFO: request {"acntno":"9000027394"} []
[2023-03-06T10:57:36.792777+08:00] response.INFO: response {"acntno":"9000027394","result":"ЭНХБОЛД ОТГОНБОЛД"} []
[2023-03-06T10:57:45.165339+08:00] request.INFO: request {"acntno":"9000027394"} []
[2023-03-06T10:57:45.703601+08:00] response.INFO: response {"acntno":"9000027394","result":"ЭНХБОЛД ОТГОНБОЛД"} []
[2023-03-06T10:58:17.105160+08:00] request.INFO: request {"acntno":"9000001577"} []
[2023-03-06T10:58:18.217653+08:00] response.INFO: response {"acntno":"9000001577","result":"ОТГОНЗАЯА ТӨГСЖАРГАЛ"} []
[2023-03-06T10:58:20.284117+08:00] request.INFO: request {"acntno":"9000001577"} []
[2023-03-06T10:58:20.852277+08:00] response.INFO: response {"acntno":"9000001577","result":"ОТГОНЗАЯА ТӨГСЖАРГАЛ"} []
[2023-03-06T10:59:37.395439+08:00] request.INFO: request {"acntno":"9000001577"} []
[2023-03-06T10:59:38.027048+08:00] response.INFO: response {"acntno":"9000001577","result":"ОТГОНЗАЯА ТӨГСЖАРГАЛ"} []
[2023-03-06T11:00:48.510884+08:00] request.INFO: request {"acntno":"9000033743"} []
[2023-03-06T11:00:49.054567+08:00] response.INFO: response {"acntno":"9000033743","result":"АРИУНЖАРГАЛ БЯМБА"} []
[2023-03-06T11:00:53.288886+08:00] request.INFO: request {"acntno":"9000033743"} []
[2023-03-06T11:00:53.858031+08:00] response.INFO: response {"acntno":"9000033743","result":"АРИУНЖАРГАЛ БЯМБА"} []
[2023-03-06T12:03:19.965269+08:00] request.INFO: request {"acntno":"*"} []
[2023-03-06T13:21:43.609692+08:00] request.INFO: request {"acntno":"9000007387"} []
[2023-03-06T13:21:44.116044+08:00] response.INFO: response {"acntno":"9000007387","result":"УЯНГА БАТЗАЯА"} []
[2023-03-06T13:21:49.289647+08:00] request.INFO: request {"acntno":"9000007387"} []
[2023-03-06T13:21:49.781700+08:00] response.INFO: response {"acntno":"9000007387","result":"УЯНГА БАТЗАЯА"} []
[2023-03-06T13:35:57.503764+08:00] request.INFO: request {"acntno":"9000003614"} []
[2023-03-06T13:35:58.036552+08:00] response.INFO: response {"acntno":"9000003614","result":"БАЗАРМАА РАДНААБАЗАР"} []
[2023-03-06T13:36:00.668649+08:00] request.INFO: request {"acntno":"9000003614"} []
[2023-03-06T13:36:01.164121+08:00] response.INFO: response {"acntno":"9000003614","result":"БАЗАРМАА РАДНААБАЗАР"} []
[2023-03-06T13:36:03.705727+08:00] request.INFO: request {"acntno":"9000003614"} []
[2023-03-06T13:36:04.216028+08:00] response.INFO: response {"acntno":"9000003614","result":"БАЗАРМАА РАДНААБАЗАР"} []
[2023-03-06T13:37:17.318002+08:00] request.INFO: request {"acntno":"9000003614"} []
[2023-03-06T13:37:17.841285+08:00] response.INFO: response {"acntno":"9000003614","result":"БАЗАРМАА РАДНААБАЗАР"} []
[2023-03-06T13:37:21.651691+08:00] request.INFO: request {"acntno":"9000003614"} []
[2023-03-06T13:37:22.158251+08:00] response.INFO: response {"acntno":"9000003614","result":"БАЗАРМАА РАДНААБАЗАР"} []
[2023-03-06T13:38:26.183452+08:00] request.INFO: request {"acntno":"9000003614"} []
[2023-03-06T13:38:26.699048+08:00] response.INFO: response {"acntno":"9000003614","result":"БАЗАРМАА РАДНААБАЗАР"} []
[2023-03-06T13:41:51.367025+08:00] request.INFO: request {"acntno":"MN220019009000001708"} []
[2023-03-06T13:41:51.911828+08:00] response.INFO: response {"acntno":"MN220019009000001708","result":"БАНЗРАГЧ ВАНДАНСҮРЭН"} []
[2023-03-06T13:41:55.288927+08:00] request.INFO: request {"acntno":"MN220019009000001708"} []
[2023-03-06T13:41:55.791463+08:00] response.INFO: response {"acntno":"MN220019009000001708","result":"БАНЗРАГЧ ВАНДАНСҮРЭН"} []
[2023-03-06T13:42:08.337817+08:00] request.INFO: request {"acntno":"MN590019009100000185"} []
[2023-03-06T13:42:08.865456+08:00] response.INFO: response {"acntno":"MN590019009100000185","result":"УЛААНБААТАР КРЕДИТ ББСБ"} []
[2023-03-06T13:42:11.746999+08:00] request.INFO: request {"acntno":"MN590019009100000185"} []
[2023-03-06T13:42:12.270914+08:00] response.INFO: response {"acntno":"MN590019009100000185","result":"УЛААНБААТАР КРЕДИТ ББСБ"} []
[2023-03-06T13:45:53.244678+08:00] request.INFO: request {"acntno":"MN590019009100000185"} []
[2023-03-06T13:45:53.785463+08:00] response.INFO: response {"acntno":"MN590019009100000185","result":"УЛААНБААТАР КРЕДИТ ББСБ"} []
[2023-03-06T13:51:57.328350+08:00] request.INFO: request {"acntno":"MN590019009100000185"} []
[2023-03-06T13:51:57.863901+08:00] response.INFO: response {"acntno":"MN590019009100000185","result":"УЛААНБААТАР КРЕДИТ ББСБ"} []
[2023-03-06T13:52:00.894187+08:00] request.INFO: request {"acntno":"MN590019009100000185"} []
[2023-03-06T13:52:01.393695+08:00] response.INFO: response {"acntno":"MN590019009100000185","result":"УЛААНБААТАР КРЕДИТ ББСБ"} []
[2023-03-06T13:54:19.600344+08:00] request.INFO: request {"acntno":"MN590019009100000185"} []
[2023-03-06T13:54:20.109443+08:00] response.INFO: response {"acntno":"MN590019009100000185","result":"УЛААНБААТАР КРЕДИТ ББСБ"} []
[2023-03-06T13:54:23.587052+08:00] request.INFO: request {"acntno":"MN590019009100000185"} []
[2023-03-06T13:54:24.120091+08:00] response.INFO: response {"acntno":"MN590019009100000185","result":"УЛААНБААТАР КРЕДИТ ББСБ"} []
[2023-03-06T13:54:41.728910+08:00] request.INFO: request {"acntno":"MN590019009100000185"} []
[2023-03-06T13:54:42.242732+08:00] response.INFO: response {"acntno":"MN590019009100000185","result":"УЛААНБААТАР КРЕДИТ ББСБ"} []
[2023-03-06T13:54:45.111451+08:00] request.INFO: request {"acntno":"MN590019009100000185"} []
[2023-03-06T13:54:45.623721+08:00] response.INFO: response {"acntno":"MN590019009100000185","result":"УЛААНБААТАР КРЕДИТ ББСБ"} []
[2023-03-06T13:56:17.047536+08:00] request.INFO: request {"acntno":"9000003614"} []
[2023-03-06T13:56:17.543881+08:00] response.INFO: response {"acntno":"9000003614","result":"БАЗАРМАА РАДНААБАЗАР"} []
[2023-03-06T13:56:20.577773+08:00] request.INFO: request {"acntno":"9000003614"} []
[2023-03-06T13:56:21.101940+08:00] response.INFO: response {"acntno":"9000003614","result":"БАЗАРМАА РАДНААБАЗАР"} []
[2023-03-06T13:56:23.997364+08:00] request.INFO: request {"acntno":"9000003614"} []
[2023-03-06T13:56:24.488027+08:00] response.INFO: response {"acntno":"9000003614","result":"БАЗАРМАА РАДНААБАЗАР"} []
[2023-03-06T15:11:16.195296+08:00] request.INFO: request {"acntno":"MN190019009000034354"} []
[2023-03-06T15:11:16.705369+08:00] response.INFO: response {"acntno":"MN190019009000034354","result":"НАРАНЦЭЦЭГ ЦЭРЭН"} []
[2023-03-06T15:48:05.641256+08:00] request.INFO: request {"acntno":"9000007387"} []
[2023-03-06T15:48:06.133987+08:00] response.INFO: response {"acntno":"9000007387","result":"УЯНГА БАТЗАЯА"} []
[2023-03-06T15:48:32.614449+08:00] request.INFO: request {"acntno":"9000007387"} []
[2023-03-06T15:48:33.130929+08:00] response.INFO: response {"acntno":"9000007387","result":"УЯНГА БАТЗАЯА"} []
[2023-03-06T15:48:36.790246+08:00] request.INFO: request {"acntno":"9000007387"} []
[2023-03-06T15:48:37.308017+08:00] response.INFO: response {"acntno":"9000007387","result":"УЯНГА БАТЗАЯА"} []
[2023-03-06T15:49:28.524801+08:00] request.INFO: request {"acntno":"9000007387"} []
[2023-03-06T15:49:29.050412+08:00] response.INFO: response {"acntno":"9000007387","result":"УЯНГА БАТЗАЯА"} []
[2023-03-06T15:49:33.317676+08:00] request.INFO: request {"acntno":"9000007387"} []
[2023-03-06T15:49:33.805835+08:00] response.INFO: response {"acntno":"9000007387","result":"УЯНГА БАТЗАЯА"} []
[2023-03-06T15:55:44.490617+08:00] request.INFO: request {"acntno":"MN500019009000009255"} []
[2023-03-06T15:55:44.989281+08:00] response.INFO: response {"acntno":"MN500019009000009255","result":"ЖЭТФИНАНС ББСБ"} []
[2023-03-06T15:55:49.063492+08:00] request.INFO: request {"acntno":"MN500019009000009255"} []
[2023-03-06T15:55:49.564875+08:00] response.INFO: response {"acntno":"MN500019009000009255","result":"ЖЭТФИНАНС ББСБ"} []
[2023-03-06T16:13:55.038284+08:00] request.INFO: request {"acntno":"9000001577"} []
[2023-03-06T16:13:55.565434+08:00] response.INFO: response {"acntno":"9000001577","result":"ОТГОНЗАЯА ТӨГСЖАРГАЛ"} []
[2023-03-06T16:14:00.203329+08:00] request.INFO: request {"acntno":"9000001577"} []
[2023-03-06T16:14:00.705972+08:00] response.INFO: response {"acntno":"9000001577","result":"ОТГОНЗАЯА ТӨГСЖАРГАЛ"} []
[2023-03-06T16:34:56.142199+08:00] request.INFO: request {"acntno":"9000027394"} []
[2023-03-06T16:34:56.636856+08:00] response.INFO: response {"acntno":"9000027394","result":"ЭНХБОЛД ОТГОНБОЛД"} []
[2023-03-06T16:35:00.056458+08:00] request.INFO: request {"acntno":"9000027394"} []
[2023-03-06T16:35:00.563689+08:00] response.INFO: response {"acntno":"9000027394","result":"ЭНХБОЛД ОТГОНБОЛД"} []
[2023-03-06T16:45:42.243363+08:00] request.INFO: request {"acntno":"9000007387"} []
[2023-03-06T16:45:42.788300+08:00] response.INFO: response {"acntno":"9000007387","result":"УЯНГА БАТЗАЯА"} []
[2023-03-06T16:45:45.807799+08:00] request.INFO: request {"acntno":"9000007387"} []
[2023-03-06T16:45:46.354494+08:00] response.INFO: response {"acntno":"9000007387","result":"УЯНГА БАТЗАЯА"} []
