[2023-04-27T10:48:40.326786+08:00] request.INFO: request {"acntno":"MN150019009000028897"} []
[2023-04-27T10:48:40.843555+08:00] response.INFO: response {"acntno":"MN150019009000028897","result":"НАРАНЦЭЦЭГ АМАРСАНАА"} []
[2023-04-27T10:48:48.354565+08:00] request.INFO: request {"acntno":"MN460019009010012549"} []
[2023-04-27T10:48:48.861130+08:00] response.INFO: response {"acntno":"MN460019009010012549","result":"НАРАНЦЭЦЭГ ЦЭРЭН"} []
[2023-04-27T10:48:52.516581+08:00] request.INFO: request {"acntno":"MN150019009100000201"} []
[2023-04-27T10:48:52.968283+08:00] response.INFO: response {"acntno":"MN150019009100000201","result":"ДАВААЖАВ БАТБААТАР"} []
[2023-04-27T10:49:00.038991+08:00] request.INFO: request {"acntno":"MN150019009100000201"} []
[2023-04-27T10:49:00.527545+08:00] response.INFO: response {"acntno":"MN150019009100000201","result":"ДАВААЖАВ БАТБААТАР"} []
[2023-04-27T10:49:02.562048+08:00] request.INFO: request {"acntno":"MN150019009100000201"} []
[2023-04-27T10:49:03.018400+08:00] response.INFO: response {"acntno":"MN150019009100000201","result":"ДАВААЖАВ БАТБААТАР"} []
[2023-04-27T14:28:22.013450+08:00] request.INFO: request {"acntno":"9000007387"} []
[2023-04-27T14:28:22.474932+08:00] response.INFO: response {"acntno":"9000007387","result":"УЯНГА БАТЗАЯА"} []
[2023-04-27T14:28:30.740975+08:00] request.INFO: request {"acntno":"9000007387"} []
[2023-04-27T14:28:31.253389+08:00] response.INFO: response {"acntno":"9000007387","result":"УЯНГА БАТЗАЯА"} []
[2023-04-27T14:28:33.320628+08:00] request.INFO: request {"acntno":"9000007387"} []
[2023-04-27T14:28:33.899303+08:00] response.INFO: response {"acntno":"9000007387","result":"УЯНГА БАТЗАЯА"} []
[2023-04-27T14:29:02.091213+08:00] request.INFO: request {"acntno":"9000007387"} []
[2023-04-27T14:29:02.591725+08:00] response.INFO: response {"acntno":"9000007387","result":"УЯНГА БАТЗАЯА"} []
[2023-04-27T14:29:08.083279+08:00] request.INFO: request {"acntno":"9000007387"} []
[2023-04-27T14:29:08.547366+08:00] response.INFO: response {"acntno":"9000007387","result":"УЯНГА БАТЗАЯА"} []
[2023-04-27T14:29:10.060630+08:00] request.INFO: request {"acntno":"9000007387"} []
[2023-04-27T14:29:10.500291+08:00] response.INFO: response {"acntno":"9000007387","result":"УЯНГА БАТЗАЯА"} []
[2023-04-27T14:49:50.604947+08:00] request.INFO: request {"acntno":"9000007387"} []
[2023-04-27T14:49:51.054307+08:00] response.INFO: response {"acntno":"9000007387","result":"УЯНГА БАТЗАЯА"} []
[2023-04-27T14:50:00.144237+08:00] request.INFO: request {"acntno":"9000007387"} []
[2023-04-27T14:50:00.573034+08:00] response.INFO: response {"acntno":"9000007387","result":"УЯНГА БАТЗАЯА"} []
[2023-04-27T14:50:02.228019+08:00] request.INFO: request {"acntno":"9000007387"} []
[2023-04-27T14:50:02.682353+08:00] response.INFO: response {"acntno":"9000007387","result":"УЯНГА БАТЗАЯА"} []
