[2023-02-02T14:49:15.748606+08:00] request.INFO: request {"acntno":"9000007387"} []
[2023-02-02T14:49:16.258913+08:00] response.INFO: response {"acntno":"9000007387","result":"УЯНГА БАТЗАЯА"} []
[2023-02-02T14:49:20.994980+08:00] request.INFO: request {"acntno":"9000007387"} []
[2023-02-02T14:49:21.483029+08:00] response.INFO: response {"acntno":"9000007387","result":"УЯНГА БАТЗАЯА"} []
[2023-02-02T14:49:23.110460+08:00] request.INFO: request {"acntno":"9000007387"} []
[2023-02-02T14:49:23.632120+08:00] response.INFO: response {"acntno":"9000007387","result":"УЯНГА БАТЗАЯА"} []
[2023-02-02T14:49:26.469493+08:00] request.INFO: request {"acntno":"9000007387"} []
[2023-02-02T14:49:26.984365+08:00] response.INFO: response {"acntno":"9000007387","result":"УЯНГА БАТЗАЯА"} []
[2023-02-02T16:37:00.964558+08:00] request.INFO: request {"acntno":"9010001999"} []
[2023-02-02T16:37:01.506123+08:00] response.INFO: response {"acntno":"9010001999","result":"ЦЭРЭНДУЛАМ БАТСҮХ"} []
[2023-02-02T16:37:05.329170+08:00] request.INFO: request {"acntno":"9010001999"} []
[2023-02-02T16:37:05.836063+08:00] response.INFO: response {"acntno":"9010001999","result":"ЦЭРЭНДУЛАМ БАТСҮХ"} []
[2023-02-02T16:37:08.055771+08:00] request.INFO: request {"acntno":"9010001999"} []
[2023-02-02T16:37:08.598621+08:00] response.INFO: response {"acntno":"9010001999","result":"ЦЭРЭНДУЛАМ БАТСҮХ"} []
[2023-02-02T16:37:12.252073+08:00] request.INFO: request {"acntno":"9010001999"} []
[2023-02-02T16:37:12.741601+08:00] response.INFO: response {"acntno":"9010001999","result":"ЦЭРЭНДУЛАМ БАТСҮХ"} []
[2023-02-02T16:37:17.896890+08:00] request.INFO: request {"acntno":"9010001999"} []
[2023-02-02T16:37:18.384390+08:00] response.INFO: response {"acntno":"9010001999","result":"ЦЭРЭНДУЛАМ БАТСҮХ"} []
[2023-02-02T16:42:11.523263+08:00] request.INFO: request {"acntno":"9000014638"} []
[2023-02-02T16:42:12.044510+08:00] response.INFO: response {"acntno":"9000014638","result":"ТЭЭВЭР ХӨГЖЛИЙН БАНК ( ПОС ДАНС ТЕСТ )"} []
[2023-02-02T16:42:18.280162+08:00] request.INFO: request {"acntno":"9000014638"} []
[2023-02-02T16:42:18.763477+08:00] response.INFO: response {"acntno":"9000014638","result":"ТЭЭВЭР ХӨГЖЛИЙН БАНК ( ПОС ДАНС ТЕСТ )"} []
[2023-02-02T16:45:21.670923+08:00] request.INFO: request {"acntno":"9000014638"} []
[2023-02-02T16:45:22.191180+08:00] response.INFO: response {"acntno":"9000014638","result":"ТЭЭВЭР ХӨГЖЛИЙН БАНК ( ПОС ДАНС ТЕСТ )"} []
[2023-02-02T16:45:22.260476+08:00] request.INFO: request {"acntno":"*"} []
[2023-02-02T16:45:28.386203+08:00] request.INFO: request {"acntno":"9000014638"} []
[2023-02-02T16:45:28.881874+08:00] response.INFO: response {"acntno":"9000014638","result":"ТЭЭВЭР ХӨГЖЛИЙН БАНК ( ПОС ДАНС ТЕСТ )"} []
[2023-02-02T16:45:30.909240+08:00] request.INFO: request {"acntno":"9000014638"} []
[2023-02-02T16:45:31.422771+08:00] response.INFO: response {"acntno":"9000014638","result":"ТЭЭВЭР ХӨГЖЛИЙН БАНК ( ПОС ДАНС ТЕСТ )"} []
[2023-02-02T16:46:15.835319+08:00] request.INFO: request {"acntno":"9000014638"} []
[2023-02-02T16:46:16.331642+08:00] response.INFO: response {"acntno":"9000014638","result":"ТЭЭВЭР ХӨГЖЛИЙН БАНК ( ПОС ДАНС ТЕСТ )"} []
[2023-02-02T16:46:52.334914+08:00] request.INFO: request {"acntno":"*"} []
[2023-02-02T16:56:00.585822+08:00] request.INFO: request {"acntno":"*"} []
[2023-02-02T17:07:01.080245+08:00] request.INFO: request {"acntno":"MN960019009090001729"} []
[2023-02-02T17:07:01.675417+08:00] response.INFO: response {"acntno":"MN960019009090001729","result":"ЦАГДААГИЙН ЕРӨНХИЙ ГАЗАР"} []
[2023-02-02T17:07:09.233133+08:00] request.INFO: request {"acntno":"MN960019009090001729"} []
[2023-02-02T17:07:09.730063+08:00] response.INFO: response {"acntno":"MN960019009090001729","result":"ЦАГДААГИЙН ЕРӨНХИЙ ГАЗАР"} []
[2023-02-02T17:07:13.674745+08:00] request.INFO: request {"acntno":"MN960019009090001729"} []
[2023-02-02T17:07:14.191483+08:00] response.INFO: response {"acntno":"MN960019009090001729","result":"ЦАГДААГИЙН ЕРӨНХИЙ ГАЗАР"} []
