[2023-04-28T10:02:23.319599+08:00] request.INFO: request {"acntno":"9000007387"} []
[2023-04-28T10:02:23.849440+08:00] response.INFO: response {"acntno":"9000007387","result":"УЯНГА БАТЗАЯА"} []
[2023-04-28T10:02:33.339654+08:00] request.INFO: request {"acntno":"9000007387"} []
[2023-04-28T10:02:33.783893+08:00] response.INFO: response {"acntno":"9000007387","result":"УЯНГА БАТЗАЯА"} []
[2023-04-28T10:02:38.102285+08:00] request.INFO: request {"acntno":"9000007387"} []
[2023-04-28T10:02:38.554112+08:00] response.INFO: response {"acntno":"9000007387","result":"УЯНГА БАТЗАЯА"} []
[2023-04-28T10:03:02.233855+08:00] request.INFO: request {"acntno":"9000007387"} []
[2023-04-28T10:03:02.677680+08:00] response.INFO: response {"acntno":"9000007387","result":"УЯНГА БАТЗАЯА"} []
[2023-04-28T12:18:15.943614+08:00] request.INFO: request {"acntno":"9000007387"} []
[2023-04-28T12:18:16.421067+08:00] response.INFO: response {"acntno":"9000007387","result":"УЯНГА БАТЗАЯА"} []
[2023-04-28T14:27:55.442395+08:00] request.INFO: request {"acntno":"MN260019009090001728"} []
[2023-04-28T14:27:56.309545+08:00] response.INFO: response {"acntno":"MN260019009090001728","result":"ЗАМЫН ХӨДӨЛГӨӨНИЙ УДИРДЛАГЫН ТӨВ"} []
[2023-04-28T14:28:49.341357+08:00] request.INFO: request {"acntno":"MN260019009090001728"} []
[2023-04-28T14:28:49.834158+08:00] response.INFO: response {"acntno":"MN260019009090001728","result":"ЗАМЫН ХӨДӨЛГӨӨНИЙ УДИРДЛАГЫН ТӨВ"} []
[2023-04-28T14:29:51.606914+08:00] request.INFO: request {"acntno":"9000030058"} []
[2023-04-28T14:29:52.143753+08:00] response.INFO: response {"acntno":"9000030058","result":"АЛТАНТУЯА САНЛИГМАА"} []
[2023-04-28T14:29:58.397762+08:00] request.INFO: request {"acntno":"9000030058"} []
[2023-04-28T14:29:58.857171+08:00] response.INFO: response {"acntno":"9000030058","result":"АЛТАНТУЯА САНЛИГМАА"} []
[2023-04-28T14:30:09.026495+08:00] request.INFO: request {"acntno":"9000030059"} []
[2023-04-28T14:30:13.069546+08:00] request.INFO: request {"acntno":"9000030056"} []
[2023-04-28T14:30:20.169985+08:00] request.INFO: request {"acntno":"9000030523"} []
[2023-04-28T14:30:26.213121+08:00] request.INFO: request {"acntno":"9000030523"} []
[2023-04-28T14:30:30.024458+08:00] request.INFO: request {"acntno":"9000030528"} []
[2023-04-28T14:30:30.462361+08:00] response.INFO: response {"acntno":"9000030528","result":"БУЛГАН ТӨМӨРТОГОО"} []
[2023-04-28T14:30:34.445684+08:00] request.INFO: request {"acntno":"9000030528"} []
[2023-04-28T14:30:34.898159+08:00] response.INFO: response {"acntno":"9000030528","result":"БУЛГАН ТӨМӨРТОГОО"} []
[2023-04-28T14:30:45.896030+08:00] request.INFO: request {"acntno":"9000030417"} []
[2023-04-28T14:30:50.885154+08:00] request.INFO: request {"acntno":"9000030418"} []
[2023-04-28T14:30:54.847503+08:00] request.INFO: request {"acntno":"9000030412"} []
[2023-04-28T14:30:55.385197+08:00] response.INFO: response {"acntno":"9000030412","result":"ГАНЗОРИГ БАТТУЛГА"} []
[2023-04-28T14:30:57.673808+08:00] request.INFO: request {"acntno":"9000030412"} []
[2023-04-28T14:30:58.110944+08:00] response.INFO: response {"acntno":"9000030412","result":"ГАНЗОРИГ БАТТУЛГА"} []
[2023-04-28T14:31:12.072220+08:00] request.INFO: request {"acntno":"900007387"} []
[2023-04-28T14:31:15.743090+08:00] request.INFO: request {"acntno":"9000007387"} []
[2023-04-28T14:31:16.251296+08:00] response.INFO: response {"acntno":"9000007387","result":"УЯНГА БАТЗАЯА"} []
[2023-04-28T14:31:23.013965+08:00] request.INFO: request {"acntno":"9000007387"} []
[2023-04-28T14:31:23.677136+08:00] response.INFO: response {"acntno":"9000007387","result":"УЯНГА БАТЗАЯА"} []
[2023-04-28T14:31:25.428366+08:00] request.INFO: request {"acntno":"9000007387"} []
[2023-04-28T14:31:25.877427+08:00] response.INFO: response {"acntno":"9000007387","result":"УЯНГА БАТЗАЯА"} []
[2023-04-28T14:33:18.601783+08:00] request.INFO: request {"acntno":"9000031235"} []
[2023-04-28T14:33:19.173992+08:00] response.INFO: response {"acntno":"9000031235","result":"ЧУЛУУНЦЭЦЭГ БАТЗОРИГ"} []
[2023-04-28T14:33:21.128263+08:00] request.INFO: request {"acntno":"9000031235"} []
[2023-04-28T14:33:21.579094+08:00] response.INFO: response {"acntno":"9000031235","result":"ЧУЛУУНЦЭЦЭГ БАТЗОРИГ"} []
[2023-04-28T14:33:23.523706+08:00] request.INFO: request {"acntno":"9000031235"} []
[2023-04-28T14:33:24.023313+08:00] response.INFO: response {"acntno":"9000031235","result":"ЧУЛУУНЦЭЦЭГ БАТЗОРИГ"} []
[2023-04-28T14:56:06.960818+08:00] request.INFO: request {"acntno":"MN340019009030000779"} []
[2023-04-28T14:56:07.442358+08:00] response.INFO: response {"acntno":"MN340019009030000779","result":"ОНТОП МТБЛ"} []
[2023-04-28T14:56:28.690722+08:00] request.INFO: request {"acntno":"MN340019009030000779"} []
[2023-04-28T14:56:29.134439+08:00] response.INFO: response {"acntno":"MN340019009030000779","result":"ОНТОП МТБЛ"} []
[2023-04-28T14:56:31.019565+08:00] request.INFO: request {"acntno":"MN340019009030000779"} []
[2023-04-28T14:56:31.482317+08:00] response.INFO: response {"acntno":"MN340019009030000779","result":"ОНТОП МТБЛ"} []
[2023-04-28T14:56:51.573558+08:00] request.INFO: request {"acntno":"MN340019009030000779"} []
[2023-04-28T14:56:52.042670+08:00] response.INFO: response {"acntno":"MN340019009030000779","result":"ОНТОП МТБЛ"} []
[2023-04-28T14:57:02.682176+08:00] request.INFO: request {"acntno":"MN340019009030000779"} []
[2023-04-28T14:57:03.125597+08:00] response.INFO: response {"acntno":"MN340019009030000779","result":"ОНТОП МТБЛ"} []
[2023-04-28T14:57:04.955216+08:00] request.INFO: request {"acntno":"MN340019009030000779"} []
[2023-04-28T14:57:05.402035+08:00] response.INFO: response {"acntno":"MN340019009030000779","result":"ОНТОП МТБЛ"} []
[2023-04-28T14:59:28.159002+08:00] request.INFO: request {"acntno":"9000007387"} []
[2023-04-28T14:59:28.675450+08:00] response.INFO: response {"acntno":"9000007387","result":"УЯНГА БАТЗАЯА"} []
[2023-04-28T14:59:34.842540+08:00] request.INFO: request {"acntno":"9000007387"} []
[2023-04-28T14:59:35.329000+08:00] response.INFO: response {"acntno":"9000007387","result":"УЯНГА БАТЗАЯА"} []
[2023-04-28T14:59:51.620404+08:00] request.INFO: request {"acntno":"9000007387"} []
[2023-04-28T14:59:52.060333+08:00] response.INFO: response {"acntno":"9000007387","result":"УЯНГА БАТЗАЯА"} []
[2023-04-28T15:22:16.744279+08:00] request.INFO: request {"acntno":"9000007387"} []
[2023-04-28T15:22:17.206933+08:00] response.INFO: response {"acntno":"9000007387","result":"УЯНГА БАТЗАЯА"} []
[2023-04-28T15:22:23.437083+08:00] request.INFO: request {"acntno":"9000007387"} []
[2023-04-28T15:22:23.918521+08:00] response.INFO: response {"acntno":"9000007387","result":"УЯНГА БАТЗАЯА"} []
[2023-04-28T15:22:25.861789+08:00] request.INFO: request {"acntno":"9000007387"} []
[2023-04-28T15:22:26.347698+08:00] response.INFO: response {"acntno":"9000007387","result":"УЯНГА БАТЗАЯА"} []
[2023-04-28T15:22:41.139809+08:00] request.INFO: request {"acntno":"9000007387"} []
[2023-04-28T15:22:41.602979+08:00] response.INFO: response {"acntno":"9000007387","result":"УЯНГА БАТЗАЯА"} []
[2023-04-28T15:45:07.028442+08:00] request.INFO: request {"acntno":"9000007387"} []
[2023-04-28T15:45:07.477088+08:00] response.INFO: response {"acntno":"9000007387","result":"УЯНГА БАТЗАЯА"} []
[2023-04-28T15:45:11.954720+08:00] request.INFO: request {"acntno":"9000007387"} []
[2023-04-28T15:45:12.406217+08:00] response.INFO: response {"acntno":"9000007387","result":"УЯНГА БАТЗАЯА"} []
[2023-04-28T15:45:13.884889+08:00] request.INFO: request {"acntno":"9000007387"} []
[2023-04-28T15:45:14.349032+08:00] response.INFO: response {"acntno":"9000007387","result":"УЯНГА БАТЗАЯА"} []
[2023-04-28T15:56:05.130629+08:00] request.INFO: request {"acntno":"MN150019009000028897"} []
[2023-04-28T15:56:05.608935+08:00] response.INFO: response {"acntno":"MN150019009000028897","result":"НАРАНЦЭЦЭГ АМАРСАНАА"} []
[2023-04-28T16:00:57.528204+08:00] request.INFO: request {"acntno":"MN150019009100000201"} []
[2023-04-28T16:00:57.996632+08:00] response.INFO: response {"acntno":"MN150019009100000201","result":"ДАВААЖАВ БАТБААТАР"} []
[2023-04-28T16:01:34.431201+08:00] request.INFO: request {"acntno":"MN150019009100000201"} []
[2023-04-28T16:01:34.868553+08:00] response.INFO: response {"acntno":"MN150019009100000201","result":"ДАВААЖАВ БАТБААТАР"} []
[2023-04-28T16:01:37.485998+08:00] request.INFO: request {"acntno":"MN150019009100000201"} []
[2023-04-28T16:01:37.944157+08:00] response.INFO: response {"acntno":"MN150019009100000201","result":"ДАВААЖАВ БАТБААТАР"} []
[2023-04-28T16:01:48.806675+08:00] request.INFO: request {"acntno":"MN150019009100000201"} []
[2023-04-28T16:01:49.265941+08:00] response.INFO: response {"acntno":"MN150019009100000201","result":"ДАВААЖАВ БАТБААТАР"} []
[2023-04-28T16:32:18.437221+08:00] request.INFO: request {"acntno":"9100000201"} []
[2023-04-28T16:32:18.931808+08:00] response.INFO: response {"acntno":"9100000201","result":"ДАВААЖАВ БАТБААТАР"} []
[2023-04-28T16:32:31.605746+08:00] request.INFO: request {"acntno":"9100000201"} []
[2023-04-28T16:32:32.042722+08:00] response.INFO: response {"acntno":"9100000201","result":"ДАВААЖАВ БАТБААТАР"} []
[2023-04-28T16:32:34.552590+08:00] request.INFO: request {"acntno":"9100000201"} []
[2023-04-28T16:32:35.026069+08:00] response.INFO: response {"acntno":"9100000201","result":"ДАВААЖАВ БАТБААТАР"} []
[2023-04-28T16:32:48.045030+08:00] request.INFO: request {"acntno":"9100000201"} []
[2023-04-28T16:32:48.497818+08:00] response.INFO: response {"acntno":"9100000201","result":"ДАВААЖАВ БАТБААТАР"} []
[2023-04-28T16:32:55.353051+08:00] request.INFO: request {"acntno":"9100000201"} []
[2023-04-28T16:32:55.790266+08:00] response.INFO: response {"acntno":"9100000201","result":"ДАВААЖАВ БАТБААТАР"} []
[2023-04-28T16:35:37.172254+08:00] request.INFO: request {"acntno":"MN780019009100000328"} []
[2023-04-28T16:35:37.630838+08:00] response.INFO: response {"acntno":"MN780019009100000328","result":"ЭНХДАРЬ БААСАН"} []
[2023-04-28T16:35:44.319854+08:00] request.INFO: request {"acntno":"MN780019009100000328"} []
[2023-04-28T16:35:44.780935+08:00] response.INFO: response {"acntno":"MN780019009100000328","result":"ЭНХДАРЬ БААСАН"} []
[2023-04-28T16:35:46.388899+08:00] request.INFO: request {"acntno":"MN780019009100000328"} []
[2023-04-28T16:35:46.854055+08:00] response.INFO: response {"acntno":"MN780019009100000328","result":"ЭНХДАРЬ БААСАН"} []
[2023-04-28T16:35:50.360661+08:00] request.INFO: request {"acntno":"MN780019009100000328"} []
[2023-04-28T16:35:50.801960+08:00] response.INFO: response {"acntno":"MN780019009100000328","result":"ЭНХДАРЬ БААСАН"} []
[2023-04-28T16:36:54.689784+08:00] request.INFO: request {"acntno":"MN340019009030000779"} []
[2023-04-28T16:36:55.136602+08:00] response.INFO: response {"acntno":"MN340019009030000779","result":"ОНТОП МТБЛ"} []
[2023-04-28T16:42:34.273762+08:00] request.INFO: request {"acntno":"9000007387"} []
[2023-04-28T16:42:34.757189+08:00] response.INFO: response {"acntno":"9000007387","result":"УЯНГА БАТЗАЯА"} []
[2023-04-28T16:42:38.578863+08:00] request.INFO: request {"acntno":"9000007387"} []
[2023-04-28T16:42:39.034713+08:00] response.INFO: response {"acntno":"9000007387","result":"УЯНГА БАТЗАЯА"} []
[2023-04-28T16:42:41.158182+08:00] request.INFO: request {"acntno":"9000007387"} []
[2023-04-28T16:42:41.619944+08:00] response.INFO: response {"acntno":"9000007387","result":"УЯНГА БАТЗАЯА"} []
[2023-04-28T16:44:05.232725+08:00] request.INFO: request {"acntno":"MN340019009030000779"} []
[2023-04-28T16:44:05.711852+08:00] response.INFO: response {"acntno":"MN340019009030000779","result":"ОНТОП МТБЛ"} []
