[2023-02-07T11:34:05.149170+08:00] request.INFO: request {"acntno":"9010012555"} []
[2023-02-07T11:34:06.572474+08:00] response.INFO: response {"acntno":"9010012555","result":"НАРАНЦЭЦЭГ ЦЭРЭН"} []
[2023-02-07T11:49:49.817787+08:00] request.INFO: request {"acntno":"9010012555"} []
[2023-02-07T11:49:50.440891+08:00] response.INFO: response {"acntno":"9010012555","result":"НАРАНЦЭЦЭГ ЦЭРЭН"} []
[2023-02-07T11:54:27.244448+08:00] request.INFO: request {"acntno":"9010012555"} []
[2023-02-07T11:54:27.748948+08:00] response.INFO: response {"acntno":"9010012555","result":"НАРАНЦЭЦЭГ ЦЭРЭН"} []
[2023-02-07T11:54:31.282992+08:00] request.INFO: request {"acntno":"9010012555"} []
[2023-02-07T11:54:31.814209+08:00] response.INFO: response {"acntno":"9010012555","result":"НАРАНЦЭЦЭГ ЦЭРЭН"} []
[2023-02-07T12:16:02.896441+08:00] request.INFO: request {"acntno":"9010012555"} []
[2023-02-07T12:16:03.442527+08:00] response.INFO: response {"acntno":"9010012555","result":"НАРАНЦЭЦЭГ ЦЭРЭН"} []
[2023-02-07T12:16:10.993097+08:00] request.INFO: request {"acntno":"9010012555"} []
[2023-02-07T12:16:11.542698+08:00] response.INFO: response {"acntno":"9010012555","result":"НАРАНЦЭЦЭГ ЦЭРЭН"} []
[2023-02-07T12:16:13.192739+08:00] request.INFO: request {"acntno":"9010012555"} []
[2023-02-07T12:16:13.729525+08:00] response.INFO: response {"acntno":"9010012555","result":"НАРАНЦЭЦЭГ ЦЭРЭН"} []
[2023-02-07T12:16:20.957627+08:00] request.INFO: request {"acntno":"9010012555"} []
[2023-02-07T12:16:21.462453+08:00] response.INFO: response {"acntno":"9010012555","result":"НАРАНЦЭЦЭГ ЦЭРЭН"} []
[2023-02-07T12:16:49.514810+08:00] request.INFO: request {"acntno":"9010012555"} []
[2023-02-07T12:16:50.032835+08:00] response.INFO: response {"acntno":"9010012555","result":"НАРАНЦЭЦЭГ ЦЭРЭН"} []
[2023-02-07T12:16:57.460424+08:00] request.INFO: request {"acntno":"9010012555"} []
[2023-02-07T12:16:57.965060+08:00] response.INFO: response {"acntno":"9010012555","result":"НАРАНЦЭЦЭГ ЦЭРЭН"} []
[2023-02-07T12:17:03.494792+08:00] request.INFO: request {"acntno":"9010012555"} []
[2023-02-07T12:17:03.988753+08:00] response.INFO: response {"acntno":"9010012555","result":"НАРАНЦЭЦЭГ ЦЭРЭН"} []
[2023-02-07T12:17:26.354035+08:00] request.INFO: request {"acntno":"9010012555"} []
[2023-02-07T12:17:26.847070+08:00] response.INFO: response {"acntno":"9010012555","result":"НАРАНЦЭЦЭГ ЦЭРЭН"} []
[2023-02-07T12:17:38.462248+08:00] request.INFO: request {"acntno":"9010012555"} []
[2023-02-07T12:17:38.956036+08:00] response.INFO: response {"acntno":"9010012555","result":"НАРАНЦЭЦЭГ ЦЭРЭН"} []
[2023-02-07T12:17:40.395161+08:00] request.INFO: request {"acntno":"9010012555"} []
[2023-02-07T12:17:40.908627+08:00] response.INFO: response {"acntno":"9010012555","result":"НАРАНЦЭЦЭГ ЦЭРЭН"} []
[2023-02-07T12:17:48.662195+08:00] request.INFO: request {"acntno":"9010012555"} []
[2023-02-07T12:17:49.156821+08:00] response.INFO: response {"acntno":"9010012555","result":"НАРАНЦЭЦЭГ ЦЭРЭН"} []
[2023-02-07T13:33:05.074673+08:00] request.INFO: request {"acntno":"9010001999"} []
[2023-02-07T13:33:05.597185+08:00] response.INFO: response {"acntno":"9010001999","result":"ЦЭРЭНДУЛАМ БАТСҮХ"} []
[2023-02-07T13:33:28.118074+08:00] request.INFO: request {"acntno":"9010001999"} []
[2023-02-07T13:33:28.625380+08:00] response.INFO: response {"acntno":"9010001999","result":"ЦЭРЭНДУЛАМ БАТСҮХ"} []
[2023-02-07T13:33:31.124323+08:00] request.INFO: request {"acntno":"9010001999"} []
[2023-02-07T13:33:31.647119+08:00] response.INFO: response {"acntno":"9010001999","result":"ЦЭРЭНДУЛАМ БАТСҮХ"} []
[2023-02-07T13:41:33.404853+08:00] request.INFO: request {"acntno":"9000014638"} []
[2023-02-07T13:41:33.949739+08:00] response.INFO: response {"acntno":"9000014638","result":"ТЭЭВЭР ХӨГЖЛИЙН БАНК ( ПОС ДАНС ТЕСТ )"} []
[2023-02-07T13:41:43.920100+08:00] request.INFO: request {"acntno":"9000014638"} []
[2023-02-07T13:41:44.419221+08:00] response.INFO: response {"acntno":"9000014638","result":"ТЭЭВЭР ХӨГЖЛИЙН БАНК ( ПОС ДАНС ТЕСТ )"} []
[2023-02-07T13:41:49.418503+08:00] request.INFO: request {"acntno":"9000014638"} []
[2023-02-07T13:41:49.932161+08:00] response.INFO: response {"acntno":"9000014638","result":"ТЭЭВЭР ХӨГЖЛИЙН БАНК ( ПОС ДАНС ТЕСТ )"} []
[2023-02-07T13:47:58.205871+08:00] request.INFO: request {"acntno":"*"} []
[2023-02-07T13:49:37.646317+08:00] request.INFO: request {"acntno":"MN190019009000034354"} []
[2023-02-07T13:49:38.236095+08:00] response.INFO: response {"acntno":"MN190019009000034354","result":"НАРАНЦЭЦЭГ ЦЭРЭН"} []
[2023-02-07T13:49:50.621803+08:00] request.INFO: request {"acntno":"MN190019009000034354"} []
[2023-02-07T13:49:51.146497+08:00] response.INFO: response {"acntno":"MN190019009000034354","result":"НАРАНЦЭЦЭГ ЦЭРЭН"} []
[2023-02-07T13:49:55.530334+08:00] request.INFO: request {"acntno":"MN190019009000034354"} []
[2023-02-07T13:49:56.023728+08:00] response.INFO: response {"acntno":"MN190019009000034354","result":"НАРАНЦЭЦЭГ ЦЭРЭН"} []
[2023-02-07T13:53:43.235129+08:00] request.INFO: request {"acntno":"MN960019009090001729"} []
[2023-02-07T13:53:43.772213+08:00] response.INFO: response {"acntno":"MN960019009090001729","result":"ЦАГДААГИЙН ЕРӨНХИЙ ГАЗАР"} []
[2023-02-07T13:54:17.365622+08:00] request.INFO: request {"acntno":"MN960019009090001729"} []
[2023-02-07T13:54:17.867507+08:00] response.INFO: response {"acntno":"MN960019009090001729","result":"ЦАГДААГИЙН ЕРӨНХИЙ ГАЗАР"} []
[2023-02-07T14:07:08.488803+08:00] request.INFO: request {"acntno":"MN460019009010012549"} []
[2023-02-07T14:07:08.992219+08:00] response.INFO: response {"acntno":"MN460019009010012549","result":"НАРАНЦЭЦЭГ ЦЭРЭН"} []
[2023-02-07T14:07:12.756435+08:00] request.INFO: request {"acntno":"MN460019009010012549"} []
[2023-02-07T14:07:13.265307+08:00] response.INFO: response {"acntno":"MN460019009010012549","result":"НАРАНЦЭЦЭГ ЦЭРЭН"} []
[2023-02-07T14:07:16.534798+08:00] request.INFO: request {"acntno":"MN460019009010012549"} []
[2023-02-07T14:07:17.084844+08:00] response.INFO: response {"acntno":"MN460019009010012549","result":"НАРАНЦЭЦЭГ ЦЭРЭН"} []
[2023-02-07T14:42:15.466462+08:00] request.INFO: request {"acntno":"901001255"} []
[2023-02-07T14:42:26.035017+08:00] request.INFO: request {"acntno":"9010012555"} []
[2023-02-07T14:42:26.539861+08:00] response.INFO: response {"acntno":"9010012555","result":"НАРАНЦЭЦЭГ ЦЭРЭН"} []
[2023-02-07T14:42:33.634839+08:00] request.INFO: request {"acntno":"9010012555"} []
[2023-02-07T14:42:34.195941+08:00] response.INFO: response {"acntno":"9010012555","result":"НАРАНЦЭЦЭГ ЦЭРЭН"} []
[2023-02-07T14:42:36.211730+08:00] request.INFO: request {"acntno":"9010012555"} []
[2023-02-07T14:42:36.718484+08:00] response.INFO: response {"acntno":"9010012555","result":"НАРАНЦЭЦЭГ ЦЭРЭН"} []
[2023-02-07T14:42:44.649116+08:00] request.INFO: request {"acntno":"9010012555"} []
[2023-02-07T14:42:45.146234+08:00] response.INFO: response {"acntno":"9010012555","result":"НАРАНЦЭЦЭГ ЦЭРЭН"} []
[2023-02-07T14:44:04.282648+08:00] request.INFO: request {"acntno":"9000023144"} []
[2023-02-07T14:44:04.899582+08:00] response.INFO: response {"acntno":"9000023144","result":"НАРАНЦЭЦЭГ АМАРСАНАА"} []
[2023-02-07T14:44:09.933832+08:00] request.INFO: request {"acntno":"9000023144"} []
[2023-02-07T14:44:10.419597+08:00] response.INFO: response {"acntno":"9000023144","result":"НАРАНЦЭЦЭГ АМАРСАНАА"} []
[2023-02-07T14:44:13.553843+08:00] request.INFO: request {"acntno":"9000023144"} []
[2023-02-07T14:44:14.043771+08:00] response.INFO: response {"acntno":"9000023144","result":"НАРАНЦЭЦЭГ АМАРСАНАА"} []
[2023-02-07T14:44:21.929917+08:00] request.INFO: request {"acntno":"9000023144"} []
[2023-02-07T14:44:22.449565+08:00] response.INFO: response {"acntno":"9000023144","result":"НАРАНЦЭЦЭГ АМАРСАНАА"} []
[2023-02-07T14:44:43.780329+08:00] request.INFO: request {"acntno":"9000023144"} []
[2023-02-07T14:44:44.278560+08:00] response.INFO: response {"acntno":"9000023144","result":"НАРАНЦЭЦЭГ АМАРСАНАА"} []
[2023-02-07T14:44:50.862477+08:00] request.INFO: request {"acntno":"9000023144"} []
[2023-02-07T14:44:51.467504+08:00] response.INFO: response {"acntno":"9000023144","result":"НАРАНЦЭЦЭГ АМАРСАНАА"} []
[2023-02-07T14:44:53.589836+08:00] request.INFO: request {"acntno":"9000023144"} []
[2023-02-07T14:44:54.089893+08:00] response.INFO: response {"acntno":"9000023144","result":"НАРАНЦЭЦЭГ АМАРСАНАА"} []
[2023-02-07T14:45:01.836920+08:00] request.INFO: request {"acntno":"9000023144"} []
[2023-02-07T14:45:02.359664+08:00] response.INFO: response {"acntno":"9000023144","result":"НАРАНЦЭЦЭГ АМАРСАНАА"} []
[2023-02-07T14:47:18.457998+08:00] request.INFO: request {"acntno":"9010012555"} []
[2023-02-07T14:47:18.966130+08:00] response.INFO: response {"acntno":"9010012555","result":"НАРАНЦЭЦЭГ ЦЭРЭН"} []
[2023-02-07T14:47:26.960971+08:00] request.INFO: request {"acntno":"9010012555"} []
[2023-02-07T14:47:27.442053+08:00] response.INFO: response {"acntno":"9010012555","result":"НАРАНЦЭЦЭГ ЦЭРЭН"} []
[2023-02-07T14:47:28.926473+08:00] request.INFO: request {"acntno":"9010012555"} []
[2023-02-07T14:47:29.434484+08:00] response.INFO: response {"acntno":"9010012555","result":"НАРАНЦЭЦЭГ ЦЭРЭН"} []
[2023-02-07T14:47:36.688943+08:00] request.INFO: request {"acntno":"9010012555"} []
[2023-02-07T14:47:37.188777+08:00] response.INFO: response {"acntno":"9010012555","result":"НАРАНЦЭЦЭГ ЦЭРЭН"} []
[2023-02-07T15:27:13.874049+08:00] request.INFO: request {"acntno":"MN190019009000034354"} []
[2023-02-07T15:27:14.369290+08:00] response.INFO: response {"acntno":"MN190019009000034354","result":"НАРАНЦЭЦЭГ ЦЭРЭН"} []
[2023-02-07T15:27:33.867200+08:00] request.INFO: request {"acntno":"MN190019009000034354"} []
[2023-02-07T15:27:34.368744+08:00] response.INFO: response {"acntno":"MN190019009000034354","result":"НАРАНЦЭЦЭГ ЦЭРЭН"} []
[2023-02-07T15:27:36.398622+08:00] request.INFO: request {"acntno":"MN190019009000034354"} []
[2023-02-07T15:27:36.957623+08:00] response.INFO: response {"acntno":"MN190019009000034354","result":"НАРАНЦЭЦЭГ ЦЭРЭН"} []
[2023-02-07T15:27:42.694988+08:00] request.INFO: request {"acntno":"MN190019009000034354"} []
[2023-02-07T15:27:43.233698+08:00] response.INFO: response {"acntno":"MN190019009000034354","result":"НАРАНЦЭЦЭГ ЦЭРЭН"} []
[2023-02-07T15:27:51.228058+08:00] request.INFO: request {"acntno":"MN190019009000034354"} []
[2023-02-07T15:27:51.726385+08:00] response.INFO: response {"acntno":"MN190019009000034354","result":"НАРАНЦЭЦЭГ ЦЭРЭН"} []
[2023-02-07T15:28:09.621406+08:00] request.INFO: request {"acntno":"MN190019009000034354"} []
[2023-02-07T15:28:10.124594+08:00] response.INFO: response {"acntno":"MN190019009000034354","result":"НАРАНЦЭЦЭГ ЦЭРЭН"} []
[2023-02-07T15:28:12.008557+08:00] request.INFO: request {"acntno":"MN190019009000034354"} []
[2023-02-07T15:28:12.500150+08:00] response.INFO: response {"acntno":"MN190019009000034354","result":"НАРАНЦЭЦЭГ ЦЭРЭН"} []
[2023-02-07T15:28:17.346787+08:00] request.INFO: request {"acntno":"MN190019009000034354"} []
[2023-02-07T15:28:17.858179+08:00] response.INFO: response {"acntno":"MN190019009000034354","result":"НАРАНЦЭЦЭГ ЦЭРЭН"} []
[2023-02-07T15:30:21.922974+08:00] request.INFO: request {"acntno":"MN190019009000034354"} []
[2023-02-07T15:30:22.408064+08:00] response.INFO: response {"acntno":"MN190019009000034354","result":"НАРАНЦЭЦЭГ ЦЭРЭН"} []
[2023-02-07T15:30:32.595013+08:00] request.INFO: request {"acntno":"MN190019009000034354"} []
[2023-02-07T15:30:33.097850+08:00] response.INFO: response {"acntno":"MN190019009000034354","result":"НАРАНЦЭЦЭГ ЦЭРЭН"} []
[2023-02-07T15:30:36.392911+08:00] request.INFO: request {"acntno":"MN190019009000034354"} []
[2023-02-07T15:30:36.897737+08:00] response.INFO: response {"acntno":"MN190019009000034354","result":"НАРАНЦЭЦЭГ ЦЭРЭН"} []
[2023-02-07T15:30:40.025014+08:00] request.INFO: request {"acntno":"MN190019009000034354"} []
[2023-02-07T15:30:40.550871+08:00] response.INFO: response {"acntno":"MN190019009000034354","result":"НАРАНЦЭЦЭГ ЦЭРЭН"} []
[2023-02-07T15:41:14.965869+08:00] request.INFO: request {"acntno":"*"} []
[2023-02-07T15:49:41.065405+08:00] request.INFO: request {"acntno":"*"} []
[2023-02-07T15:51:34.631646+08:00] request.INFO: request {"acntno":"*"} []
