[2023-02-09T09:41:50.354730+08:00] request.INFO: request {"acntno":"9000003614"} []
[2023-02-09T09:41:50.908038+08:00] response.INFO: response {"acntno":"9000003614","result":"БАЗАРМАА РАДНААБАЗАР"} []
[2023-02-09T09:41:57.562842+08:00] request.INFO: request {"acntno":"9000003614"} []
[2023-02-09T09:41:58.087907+08:00] response.INFO: response {"acntno":"9000003614","result":"БАЗАРМАА РАДНААБАЗАР"} []
[2023-02-09T09:41:59.897439+08:00] request.INFO: request {"acntno":"9000003614"} []
[2023-02-09T09:42:00.426849+08:00] response.INFO: response {"acntno":"9000003614","result":"БАЗАРМАА РАДНААБАЗАР"} []
[2023-02-09T11:55:06.126590+08:00] request.INFO: request {"acntno":"900014818"} []
[2023-02-09T11:55:16.860101+08:00] request.INFO: request {"acntno":"9000014818"} []
[2023-02-09T11:55:17.418590+08:00] response.INFO: response {"acntno":"9000014818","result":"БАТБОЛД ПҮРЭВБААТАР"} []
[2023-02-09T11:57:53.730145+08:00] request.INFO: request {"acntno":"255853"} []
[2023-02-09T14:21:58.782597+08:00] request.INFO: request {"acntno":"9000"} []
[2023-02-09T14:23:35.889383+08:00] request.INFO: request {"acntno":"9000007387"} []
[2023-02-09T14:23:36.416563+08:00] response.INFO: response {"acntno":"9000007387","result":"УЯНГА БАТЗАЯА"} []
[2023-02-09T14:36:44.075850+08:00] request.INFO: request {"acntno":"9000009255"} []
[2023-02-09T14:36:44.599348+08:00] response.INFO: response {"acntno":"9000009255","result":"ЖЭТФИНАНС ББСБ"} []
[2023-02-09T15:03:41.311222+08:00] request.INFO: request {"acntno":"9000003614"} []
[2023-02-09T15:03:41.837940+08:00] response.INFO: response {"acntno":"9000003614","result":"БАЗАРМАА РАДНААБАЗАР"} []
[2023-02-09T16:09:45.091286+08:00] request.INFO: request {"acntno":"MN220019009000001708"} []
[2023-02-09T16:09:45.613131+08:00] response.INFO: response {"acntno":"MN220019009000001708","result":"БАНЗРАГЧ ВАНДАНСҮРЭН"} []
[2023-02-09T16:33:41.307690+08:00] request.INFO: request {"acntno":"9000003614"} []
[2023-02-09T16:33:41.867967+08:00] response.INFO: response {"acntno":"9000003614","result":"БАЗАРМАА РАДНААБАЗАР"} []
[2023-02-09T16:34:33.338157+08:00] request.INFO: request {"acntno":"MN220019009000001708"} []
[2023-02-09T16:34:33.854476+08:00] response.INFO: response {"acntno":"MN220019009000001708","result":"БАНЗРАГЧ ВАНДАНСҮРЭН"} []
[2023-02-09T16:34:41.785711+08:00] request.INFO: request {"acntno":"9000003614"} []
[2023-02-09T16:34:42.291627+08:00] response.INFO: response {"acntno":"9000003614","result":"БАЗАРМАА РАДНААБАЗАР"} []
[2023-02-09T16:38:10.455723+08:00] request.INFO: request {"acntno":"MN220019009000001708"} []
[2023-02-09T16:38:10.974658+08:00] response.INFO: response {"acntno":"MN220019009000001708","result":"БАНЗРАГЧ ВАНДАНСҮРЭН"} []
[2023-02-09T17:10:01.650030+08:00] request.INFO: request {"acntno":"11"} []
[2023-02-09T17:10:09.527324+08:00] request.INFO: request {"acntno":"9000014818"} []
[2023-02-09T17:10:10.046462+08:00] response.INFO: response {"acntno":"9000014818","result":"БАТБОЛД ПҮРЭВБААТАР"} []
[2023-02-09T17:10:12.326262+08:00] request.INFO: request {"acntno":"9000014818"} []
[2023-02-09T17:10:12.821128+08:00] response.INFO: response {"acntno":"9000014818","result":"БАТБОЛД ПҮРЭВБААТАР"} []
[2023-02-09T17:12:34.315055+08:00] request.INFO: request {"acntno":"11"} []
[2023-02-09T17:13:10.007590+08:00] request.INFO: request {"acntno":"11"} []
[2023-02-09T17:13:14.013262+08:00] request.INFO: request {"acntno":"11"} []
[2023-02-09T17:13:17.312527+08:00] request.INFO: request {"acntno":"11"} []
