[2023-03-03T09:46:00.825590+08:00] request.INFO: request {"acntno":"*"} []
[2023-03-03T12:08:28.887122+08:00] request.INFO: request {"acntno":"9000007387"} []
[2023-03-03T12:08:29.425792+08:00] response.INFO: response {"acntno":"9000007387","result":"УЯНГА БАТЗАЯА"} []
[2023-03-03T12:08:35.275004+08:00] request.INFO: request {"acntno":"9000007387"} []
[2023-03-03T12:08:35.808501+08:00] response.INFO: response {"acntno":"9000007387","result":"УЯНГА БАТЗАЯА"} []
[2023-03-03T12:08:38.031371+08:00] request.INFO: request {"acntno":"9000007387"} []
[2023-03-03T12:08:38.587899+08:00] response.INFO: response {"acntno":"9000007387","result":"УЯНГА БАТЗАЯА"} []
[2023-03-03T12:52:02.621340+08:00] request.INFO: request {"acntno":"9000007387"} []
[2023-03-03T12:52:03.124405+08:00] response.INFO: response {"acntno":"9000007387","result":"УЯНГА БАТЗАЯА"} []
[2023-03-03T12:52:15.844803+08:00] request.INFO: request {"acntno":"9000007387"} []
[2023-03-03T12:52:16.345995+08:00] response.INFO: response {"acntno":"9000007387","result":"УЯНГА БАТЗАЯА"} []
[2023-03-03T12:52:17.782507+08:00] request.INFO: request {"acntno":"9000007387"} []
[2023-03-03T12:52:18.265957+08:00] response.INFO: response {"acntno":"9000007387","result":"УЯНГА БАТЗАЯА"} []
[2023-03-03T12:52:23.273932+08:00] request.INFO: request {"acntno":"9000007387"} []
[2023-03-03T12:52:23.788062+08:00] response.INFO: response {"acntno":"9000007387","result":"УЯНГА БАТЗАЯА"} []
[2023-03-03T12:54:45.148366+08:00] request.INFO: request {"acntno":"9000007387"} []
[2023-03-03T12:54:45.652290+08:00] response.INFO: response {"acntno":"9000007387","result":"УЯНГА БАТЗАЯА"} []
[2023-03-03T12:55:54.709278+08:00] request.INFO: request {"acntno":"9000007387"} []
[2023-03-03T12:55:55.204540+08:00] response.INFO: response {"acntno":"9000007387","result":"УЯНГА БАТЗАЯА"} []
[2023-03-03T12:56:04.888170+08:00] request.INFO: request {"acntno":"9000007387"} []
[2023-03-03T12:56:05.378955+08:00] response.INFO: response {"acntno":"9000007387","result":"УЯНГА БАТЗАЯА"} []
[2023-03-03T12:56:09.082821+08:00] request.INFO: request {"acntno":"9000007387"} []
[2023-03-03T12:56:09.587977+08:00] response.INFO: response {"acntno":"9000007387","result":"УЯНГА БАТЗАЯА"} []
[2023-03-03T12:58:53.227908+08:00] request.INFO: request {"acntno":"9000007387"} []
[2023-03-03T12:58:53.971021+08:00] response.INFO: response {"acntno":"9000007387","result":"УЯНГА БАТЗАЯА"} []
[2023-03-03T12:58:58.060909+08:00] request.INFO: request {"acntno":"9000007387"} []
[2023-03-03T12:58:58.555407+08:00] response.INFO: response {"acntno":"9000007387","result":"УЯНГА БАТЗАЯА"} []
[2023-03-03T12:59:16.063892+08:00] request.INFO: request {"acntno":"9000007387"} []
[2023-03-03T12:59:16.578259+08:00] response.INFO: response {"acntno":"9000007387","result":"УЯНГА БАТЗАЯА"} []
[2023-03-03T13:01:34.428819+08:00] request.INFO: request {"acntno":"9000007387"} []
[2023-03-03T13:01:34.936291+08:00] response.INFO: response {"acntno":"9000007387","result":"УЯНГА БАТЗАЯА"} []
[2023-03-03T13:01:39.212285+08:00] request.INFO: request {"acntno":"9000007387"} []
[2023-03-03T13:01:39.708142+08:00] response.INFO: response {"acntno":"9000007387","result":"УЯНГА БАТЗАЯА"} []
[2023-03-03T13:01:43.075039+08:00] request.INFO: request {"acntno":"9000007387"} []
[2023-03-03T13:01:43.578498+08:00] response.INFO: response {"acntno":"9000007387","result":"УЯНГА БАТЗАЯА"} []
[2023-03-03T13:01:46.446487+08:00] request.INFO: request {"acntno":"9000007387"} []
[2023-03-03T13:01:46.934026+08:00] response.INFO: response {"acntno":"9000007387","result":"УЯНГА БАТЗАЯА"} []
[2023-03-03T14:06:47.685547+08:00] request.INFO: request {"acntno":"9000007387"} []
[2023-03-03T14:06:48.245877+08:00] response.INFO: response {"acntno":"9000007387","result":"УЯНГА БАТЗАЯА"} []
[2023-03-03T14:07:00.965643+08:00] request.INFO: request {"acntno":"9000007387"} []
[2023-03-03T14:07:01.443245+08:00] response.INFO: response {"acntno":"9000007387","result":"УЯНГА БАТЗАЯА"} []
[2023-03-03T14:07:03.505514+08:00] request.INFO: request {"acntno":"9000007387"} []
[2023-03-03T14:07:04.013956+08:00] response.INFO: response {"acntno":"9000007387","result":"УЯНГА БАТЗАЯА"} []
[2023-03-03T14:07:08.046412+08:00] request.INFO: request {"acntno":"9000007387"} []
[2023-03-03T14:07:08.580643+08:00] response.INFO: response {"acntno":"9000007387","result":"УЯНГА БАТЗАЯА"} []
[2023-03-03T14:45:01.813350+08:00] request.INFO: request {"acntno":"9000035249"} []
[2023-03-03T14:45:02.370800+08:00] response.INFO: response {"acntno":"9000035249","result":"ЭНХТУЯА ДАНЗАНБАЛЖИР"} []
[2023-03-03T14:45:06.886418+08:00] request.INFO: request {"acntno":"9000035249"} []
[2023-03-03T14:45:07.416903+08:00] response.INFO: response {"acntno":"9000035249","result":"ЭНХТУЯА ДАНЗАНБАЛЖИР"} []
[2023-03-03T14:45:09.849200+08:00] request.INFO: request {"acntno":"9000035249"} []
[2023-03-03T14:45:10.384952+08:00] response.INFO: response {"acntno":"9000035249","result":"ЭНХТУЯА ДАНЗАНБАЛЖИР"} []
[2023-03-03T14:46:08.671869+08:00] request.INFO: request {"acntno":"9000007387"} []
[2023-03-03T14:46:09.167798+08:00] response.INFO: response {"acntno":"9000007387","result":"УЯНГА БАТЗАЯА"} []
[2023-03-03T14:46:21.600295+08:00] request.INFO: request {"acntno":"9000007387"} []
[2023-03-03T14:46:22.121511+08:00] response.INFO: response {"acntno":"9000007387","result":"УЯНГА БАТЗАЯА"} []
[2023-03-03T14:46:23.747666+08:00] request.INFO: request {"acntno":"9000007387"} []
[2023-03-03T14:46:24.338166+08:00] response.INFO: response {"acntno":"9000007387","result":"УЯНГА БАТЗАЯА"} []
[2023-03-03T14:46:45.621777+08:00] request.INFO: request {"acntno":"9000007387"} []
[2023-03-03T14:46:46.146276+08:00] response.INFO: response {"acntno":"9000007387","result":"УЯНГА БАТЗАЯА"} []
[2023-03-03T14:46:56.823540+08:00] request.INFO: request {"acntno":"9000007387"} []
[2023-03-03T14:46:57.340319+08:00] response.INFO: response {"acntno":"9000007387","result":"УЯНГА БАТЗАЯА"} []
[2023-03-03T14:46:58.894027+08:00] request.INFO: request {"acntno":"9000007387"} []
[2023-03-03T14:46:59.406694+08:00] response.INFO: response {"acntno":"9000007387","result":"УЯНГА БАТЗАЯА"} []
[2023-03-03T14:47:04.744551+08:00] request.INFO: request {"acntno":"9000007387"} []
[2023-03-03T14:47:05.258920+08:00] response.INFO: response {"acntno":"9000007387","result":"УЯНГА БАТЗАЯА"} []
[2023-03-03T14:47:30.939925+08:00] request.INFO: request {"acntno":"9000007387"} []
[2023-03-03T14:47:31.469429+08:00] response.INFO: response {"acntno":"9000007387","result":"УЯНГА БАТЗАЯА"} []
[2023-03-03T14:47:38.942595+08:00] request.INFO: request {"acntno":"9000007387"} []
[2023-03-03T14:47:39.449332+08:00] response.INFO: response {"acntno":"9000007387","result":"УЯНГА БАТЗАЯА"} []
[2023-03-03T14:47:41.656759+08:00] request.INFO: request {"acntno":"9000007387"} []
[2023-03-03T14:47:42.163868+08:00] response.INFO: response {"acntno":"9000007387","result":"УЯНГА БАТЗАЯА"} []
[2023-03-03T14:47:54.927999+08:00] request.INFO: request {"acntno":"9000007387"} []
[2023-03-03T14:47:55.440862+08:00] response.INFO: response {"acntno":"9000007387","result":"УЯНГА БАТЗАЯА"} []
[2023-03-03T14:48:05.370122+08:00] request.INFO: request {"acntno":"9000007387"} []
[2023-03-03T14:48:05.892112+08:00] response.INFO: response {"acntno":"9000007387","result":"УЯНГА БАТЗАЯА"} []
[2023-03-03T14:48:13.086050+08:00] request.INFO: request {"acntno":"9000007387"} []
[2023-03-03T14:48:13.610387+08:00] response.INFO: response {"acntno":"9000007387","result":"УЯНГА БАТЗАЯА"} []
[2023-03-03T14:48:21.702940+08:00] request.INFO: request {"acntno":"9000007387"} []
[2023-03-03T14:48:22.221020+08:00] response.INFO: response {"acntno":"9000007387","result":"УЯНГА БАТЗАЯА"} []
[2023-03-03T14:48:43.833983+08:00] request.INFO: request {"acntno":"9000007387"} []
[2023-03-03T14:48:44.312259+08:00] response.INFO: response {"acntno":"9000007387","result":"УЯНГА БАТЗАЯА"} []
[2023-03-03T14:49:16.566190+08:00] request.INFO: request {"acntno":"9000007387"} []
[2023-03-03T14:49:17.084182+08:00] response.INFO: response {"acntno":"9000007387","result":"УЯНГА БАТЗАЯА"} []
[2023-03-03T16:06:10.258182+08:00] request.INFO: request {"acntno":"9000007387"} []
[2023-03-03T16:06:10.829365+08:00] response.INFO: response {"acntno":"9000007387","result":"УЯНГА БАТЗАЯА"} []
[2023-03-03T16:06:16.888129+08:00] request.INFO: request {"acntno":"9000007387"} []
[2023-03-03T16:06:17.417155+08:00] response.INFO: response {"acntno":"9000007387","result":"УЯНГА БАТЗАЯА"} []
[2023-03-03T16:06:19.520924+08:00] request.INFO: request {"acntno":"9000007387"} []
[2023-03-03T16:06:20.035585+08:00] response.INFO: response {"acntno":"9000007387","result":"УЯНГА БАТЗАЯА"} []
[2023-03-03T16:06:29.422652+08:00] request.INFO: request {"acntno":"9000007387"} []
[2023-03-03T16:06:29.942113+08:00] response.INFO: response {"acntno":"9000007387","result":"УЯНГА БАТЗАЯА"} []
[2023-03-03T16:06:42.477417+08:00] request.INFO: request {"acntno":"9000007387"} []
[2023-03-03T16:06:42.989671+08:00] response.INFO: response {"acntno":"9000007387","result":"УЯНГА БАТЗАЯА"} []
[2023-03-03T16:06:51.957584+08:00] request.INFO: request {"acntno":"9000007387"} []
[2023-03-03T16:06:52.447791+08:00] response.INFO: response {"acntno":"9000007387","result":"УЯНГА БАТЗАЯА"} []
[2023-03-03T16:06:54.445067+08:00] request.INFO: request {"acntno":"9000007387"} []
[2023-03-03T16:06:54.965956+08:00] response.INFO: response {"acntno":"9000007387","result":"УЯНГА БАТЗАЯА"} []
[2023-03-03T16:07:10.522153+08:00] request.INFO: request {"acntno":"9000007387"} []
[2023-03-03T16:07:11.014481+08:00] response.INFO: response {"acntno":"9000007387","result":"УЯНГА БАТЗАЯА"} []
[2023-03-03T16:19:13.156935+08:00] request.INFO: request {"acntno":"9000007387"} []
[2023-03-03T16:19:13.669604+08:00] response.INFO: response {"acntno":"9000007387","result":"УЯНГА БАТЗАЯА"} []
[2023-03-03T16:19:21.296336+08:00] request.INFO: request {"acntno":"9000007387"} []
[2023-03-03T16:19:21.804115+08:00] response.INFO: response {"acntno":"9000007387","result":"УЯНГА БАТЗАЯА"} []
[2023-03-03T16:19:40.161909+08:00] request.INFO: request {"acntno":"9000007387"} []
[2023-03-03T16:19:40.669920+08:00] response.INFO: response {"acntno":"9000007387","result":"УЯНГА БАТЗАЯА"} []
[2023-03-03T16:19:47.999612+08:00] request.INFO: request {"acntno":"9000007387"} []
[2023-03-03T16:19:48.517633+08:00] response.INFO: response {"acntno":"9000007387","result":"УЯНГА БАТЗАЯА"} []
[2023-03-03T16:20:04.367983+08:00] request.INFO: request {"acntno":"9000007387"} []
[2023-03-03T16:20:04.879875+08:00] response.INFO: response {"acntno":"9000007387","result":"УЯНГА БАТЗАЯА"} []
[2023-03-03T16:20:09.467858+08:00] request.INFO: request {"acntno":"9000007387"} []
[2023-03-03T16:20:09.966957+08:00] response.INFO: response {"acntno":"9000007387","result":"УЯНГА БАТЗАЯА"} []
[2023-03-03T16:20:11.634083+08:00] request.INFO: request {"acntno":"9000007387"} []
[2023-03-03T16:20:12.147850+08:00] response.INFO: response {"acntno":"9000007387","result":"УЯНГА БАТЗАЯА"} []
[2023-03-03T16:20:22.238211+08:00] request.INFO: request {"acntno":"9000007387"} []
[2023-03-03T16:20:22.729796+08:00] response.INFO: response {"acntno":"9000007387","result":"УЯНГА БАТЗАЯА"} []
[2023-03-03T17:57:36.230314+08:00] request.INFO: request {"acntno":"9000023692"} []
[2023-03-03T17:57:36.766460+08:00] response.INFO: response {"acntno":"9000023692","result":"JADE YOOK YING NIPP"} []
