[2023-04-25T09:14:30.384189+08:00] request.INFO: request {"acntno":"MN150019009000028897"} []
[2023-04-25T09:14:31.022050+08:00] response.INFO: response {"acntno":"MN150019009000028897","result":"НАРАНЦЭЦЭГ АМАРСАНАА"} []
[2023-04-25T09:14:37.619418+08:00] request.INFO: request {"acntno":"MN150019009000028897"} []
[2023-04-25T09:14:38.088816+08:00] response.INFO: response {"acntno":"MN150019009000028897","result":"НАРАНЦЭЦЭГ АМАРСАНАА"} []
[2023-04-25T09:14:39.793548+08:00] request.INFO: request {"acntno":"MN150019009000028897"} []
[2023-04-25T09:14:40.246484+08:00] response.INFO: response {"acntno":"MN150019009000028897","result":"НАРАНЦЭЦЭГ АМАРСАНАА"} []
[2023-04-25T09:38:09.118582+08:00] request.INFO: request {"acntno":"MN150019009000028897"} []
[2023-04-25T09:38:09.728457+08:00] response.INFO: response {"acntno":"MN150019009000028897","result":"НАРАНЦЭЦЭГ АМАРСАНАА"} []
[2023-04-25T09:38:36.209574+08:00] request.INFO: request {"acntno":"MN150019009000028897"} []
[2023-04-25T09:38:36.646436+08:00] response.INFO: response {"acntno":"MN150019009000028897","result":"НАРАНЦЭЦЭГ АМАРСАНАА"} []
[2023-04-25T09:39:05.509550+08:00] request.INFO: request {"acntno":"MN460019009010012549"} []
[2023-04-25T09:39:05.955094+08:00] response.INFO: response {"acntno":"MN460019009010012549","result":"НАРАНЦЭЦЭГ ЦЭРЭН"} []
[2023-04-25T09:39:10.704236+08:00] request.INFO: request {"acntno":"MN460019009010012549"} []
[2023-04-25T09:39:11.140185+08:00] response.INFO: response {"acntno":"MN460019009010012549","result":"НАРАНЦЭЦЭГ ЦЭРЭН"} []
[2023-04-25T09:39:13.365715+08:00] request.INFO: request {"acntno":"MN460019009010012549"} []
[2023-04-25T09:39:13.840609+08:00] response.INFO: response {"acntno":"MN460019009010012549","result":"НАРАНЦЭЦЭГ ЦЭРЭН"} []
[2023-04-25T09:39:58.168146+08:00] request.INFO: request {"acntno":"MN460019009010012549"} []
[2023-04-25T09:39:58.683904+08:00] response.INFO: response {"acntno":"MN460019009010012549","result":"НАРАНЦЭЦЭГ ЦЭРЭН"} []
[2023-04-25T09:40:05.917759+08:00] request.INFO: request {"acntno":"MN460019009010012549"} []
[2023-04-25T09:40:06.465719+08:00] response.INFO: response {"acntno":"MN460019009010012549","result":"НАРАНЦЭЦЭГ ЦЭРЭН"} []
[2023-04-25T09:40:13.748253+08:00] request.INFO: request {"acntno":"MN150019009000028897"} []
[2023-04-25T09:40:14.196632+08:00] response.INFO: response {"acntno":"MN150019009000028897","result":"НАРАНЦЭЦЭГ АМАРСАНАА"} []
[2023-04-25T09:40:16.246481+08:00] request.INFO: request {"acntno":"MN150019009000028897"} []
[2023-04-25T09:40:16.699933+08:00] response.INFO: response {"acntno":"MN150019009000028897","result":"НАРАНЦЭЦЭГ АМАРСАНАА"} []
[2023-04-25T09:40:19.722841+08:00] request.INFO: request {"acntno":"MN150019009000028897"} []
[2023-04-25T09:40:20.169441+08:00] response.INFO: response {"acntno":"MN150019009000028897","result":"НАРАНЦЭЦЭГ АМАРСАНАА"} []
[2023-04-25T14:35:23.900814+08:00] request.INFO: request {"acntno":"*"} []
[2023-04-25T17:12:53.319233+08:00] request.INFO: request {"acntno":"9000007387"} []
[2023-04-25T17:12:53.789171+08:00] response.INFO: response {"acntno":"9000007387","result":"УЯНГА БАТЗАЯА"} []
[2023-04-25T17:12:58.983715+08:00] request.INFO: request {"acntno":"9000007387"} []
[2023-04-25T17:12:59.442521+08:00] response.INFO: response {"acntno":"9000007387","result":"УЯНГА БАТЗАЯА"} []
[2023-04-25T17:13:01.563973+08:00] request.INFO: request {"acntno":"9000007387"} []
[2023-04-25T17:13:02.012882+08:00] response.INFO: response {"acntno":"9000007387","result":"УЯНГА БАТЗАЯА"} []
