[2023-01-26T14:23:44.255993+08:00] request.INFO: request {"acntno":"9010000009"} []
[2023-01-26T14:23:44.848866+08:00] response.INFO: response {"acntno":"9010000009","result":"АНУЖИН ПҮРЭВЖАВ"} []
[2023-01-26T14:27:40.628025+08:00] request.INFO: request {"acntno":"9010001451"} []
[2023-01-26T14:27:41.184345+08:00] response.INFO: response {"acntno":"9010001451","result":"БАЯРЦЭНГЭЛ АЮУРЗАНА"} []
[2023-01-26T14:27:47.285019+08:00] request.INFO: request {"acntno":"9010001999"} []
[2023-01-26T14:27:47.760799+08:00] response.INFO: response {"acntno":"9010001999","result":"ЦЭРЭНДУЛАМ БАТСҮХ"} []
[2023-01-26T14:28:01.940732+08:00] request.INFO: request {"acntno":"9010001999"} []
[2023-01-26T14:28:02.457300+08:00] response.INFO: response {"acntno":"9010001999","result":"ЦЭРЭНДУЛАМ БАТСҮХ"} []
[2023-01-26T14:28:05.136069+08:00] request.INFO: request {"acntno":"9010001999"} []
[2023-01-26T14:28:05.643070+08:00] response.INFO: response {"acntno":"9010001999","result":"ЦЭРЭНДУЛАМ БАТСҮХ"} []
[2023-01-26T14:28:35.692095+08:00] request.INFO: request {"acntno":"9010001999"} []
[2023-01-26T14:28:36.211006+08:00] response.INFO: response {"acntno":"9010001999","result":"ЦЭРЭНДУЛАМ БАТСҮХ"} []
[2023-01-26T14:37:48.586587+08:00] request.INFO: request {"acntno":"9000014638"} []
[2023-01-26T14:37:49.158521+08:00] response.INFO: response {"acntno":"9000014638","result":"ТЭЭВЭР ХӨГЖЛИЙН БАНК ( ПОС ДАНС ТЕСТ )"} []
[2023-01-26T14:38:19.455200+08:00] request.INFO: request {"acntno":"9000014638"} []
[2023-01-26T14:38:19.965192+08:00] response.INFO: response {"acntno":"9000014638","result":"ТЭЭВЭР ХӨГЖЛИЙН БАНК ( ПОС ДАНС ТЕСТ )"} []
[2023-01-26T14:38:24.312375+08:00] request.INFO: request {"acntno":"9000014638"} []
[2023-01-26T14:38:24.826273+08:00] response.INFO: response {"acntno":"9000014638","result":"ТЭЭВЭР ХӨГЖЛИЙН БАНК ( ПОС ДАНС ТЕСТ )"} []
[2023-01-26T14:39:09.925933+08:00] request.INFO: request {"acntno":"9000014638"} []
[2023-01-26T14:39:10.415403+08:00] response.INFO: response {"acntno":"9000014638","result":"ТЭЭВЭР ХӨГЖЛИЙН БАНК ( ПОС ДАНС ТЕСТ )"} []
