[2024-02-02T13:45:35.982910+08:00] request.INFO: request {"acntno":"MN960019009090001729"} []
[2024-02-02T13:45:36.407796+08:00] response.INFO: response {"acntno":"MN960019009090001729","result":"ЦАГДААГИЙН ЕРӨНХИЙ ГАЗАР"} []
[2024-02-02T13:45:38.015198+08:00] request.INFO: request {"acntno":"MN960019009090001729"} []
[2024-02-02T13:45:38.409705+08:00] response.INFO: response {"acntno":"MN960019009090001729","result":"ЦАГДААГИЙН ЕРӨНХИЙ ГАЗАР"} []
[2024-02-02T13:50:02.737173+08:00] request.INFO: request {"acntno":"MN960019009090001729"} []
[2024-02-02T13:50:03.143439+08:00] response.INFO: response {"acntno":"MN960019009090001729","result":"ЦАГДААГИЙН ЕРӨНХИЙ ГАЗАР"} []
[2024-02-02T13:50:09.223886+08:00] request.INFO: request {"acntno":"MN960019009090001729"} []
[2024-02-02T13:50:09.630752+08:00] response.INFO: response {"acntno":"MN960019009090001729","result":"ЦАГДААГИЙН ЕРӨНХИЙ ГАЗАР"} []
[2024-02-02T13:54:01.238239+08:00] request.INFO: request {"acntno":"MN960019009090001729"} []
[2024-02-02T13:54:01.638586+08:00] response.INFO: response {"acntno":"MN960019009090001729","result":"ЦАГДААГИЙН ЕРӨНХИЙ ГАЗАР"} []
[2024-02-02T13:54:06.931272+08:00] request.INFO: request {"acntno":"MN960019009090001729"} []
[2024-02-02T13:54:07.344321+08:00] response.INFO: response {"acntno":"MN960019009090001729","result":"ЦАГДААГИЙН ЕРӨНХИЙ ГАЗАР"} []
[2024-02-02T13:54:09.332951+08:00] request.INFO: request {"acntno":"MN960019009090001729"} []
[2024-02-02T13:54:09.731889+08:00] response.INFO: response {"acntno":"MN960019009090001729","result":"ЦАГДААГИЙН ЕРӨНХИЙ ГАЗАР"} []
[2024-02-02T14:47:40.402381+08:00] request.INFO: request {"acntno":"MN030019009000036097"} []
[2024-02-02T14:47:40.944614+08:00] response.INFO: response {"acntno":"MN030019009000036097","result":"9900015673 9900015673"} []
[2024-02-02T14:48:01.235736+08:00] request.INFO: request {"acntno":"MN030019009000036097"} []
[2024-02-02T14:48:01.720440+08:00] response.INFO: response {"acntno":"MN030019009000036097","result":"9900015673 9900015673"} []
[2024-02-02T14:51:25.795935+08:00] request.INFO: request {"acntno":"9000036097"} []
[2024-02-02T14:51:26.224505+08:00] response.INFO: response {"acntno":"9000036097","result":"9900015673 9900015673"} []
[2024-02-02T14:51:42.620983+08:00] request.INFO: request {"acntno":"9000036097"} []
[2024-02-02T14:51:43.025737+08:00] response.INFO: response {"acntno":"9000036097","result":"9900015673 9900015673"} []
[2024-02-02T14:51:49.992981+08:00] request.INFO: request {"acntno":"9000036097"} []
[2024-02-02T14:51:50.401462+08:00] response.INFO: response {"acntno":"9000036097","result":"9900015673 9900015673"} []
[2024-02-02T15:22:35.561039+08:00] request.INFO: request {"acntno":"*"} []
