[2024-02-22T11:24:27.809015+08:00] request.INFO: request {"acntno":"*"} []
[2024-02-22T11:45:35.697227+08:00] request.INFO: request {"acntno":"MN160019009100000183"} []
[2024-02-22T11:45:36.096371+08:00] response.INFO: response {"acntno":"MN160019009100000183","result":"MN160019009100000183"} []
[2024-02-22T11:45:38.012925+08:00] request.INFO: request {"acntno":"MN160019009100000183"} []
[2024-02-22T11:45:38.407859+08:00] response.INFO: response {"acntno":"MN160019009100000183","result":"MN160019009100000183"} []
[2024-02-22T13:22:42.933837+08:00] request.INFO: request {"acntno":"9000030564"} []
[2024-02-22T13:22:43.348652+08:00] response.INFO: response {"acntno":"9000030564","result":"MN140019009000030564"} []
[2024-02-22T13:23:01.705296+08:00] request.INFO: request {"acntno":"9000059556"} []
[2024-02-22T13:23:02.118080+08:00] response.INFO: response {"acntno":"9000059556","result":"MN200019009000059556"} []
[2024-02-22T14:08:25.952356+08:00] request.INFO: request {"acntno":"9000035881"} []
[2024-02-22T14:08:26.402077+08:00] response.INFO: response {"acntno":"9000035881","result":"MN150019009000035881"} []
[2024-02-22T14:08:39.145617+08:00] request.INFO: request {"acntno":"MN200019009000059556"} []
[2024-02-22T14:08:39.541938+08:00] response.INFO: response {"acntno":"MN200019009000059556","result":"MN200019009000059556"} []
[2024-02-22T14:09:04.666225+08:00] request.INFO: request {"acntno":"MN200019009000059556"} []
[2024-02-22T14:09:05.058764+08:00] response.INFO: response {"acntno":"MN200019009000059556","result":"MN200019009000059556"} []
[2024-02-22T14:09:18.860340+08:00] request.INFO: request {"acntno":"MN210019009000045376"} []
[2024-02-22T14:09:19.270437+08:00] response.INFO: response {"acntno":"MN210019009000045376","result":"MN210019009000045376"} []
[2024-02-22T14:09:22.673800+08:00] request.INFO: request {"acntno":"MN210019009000045376"} []
[2024-02-22T14:09:23.064551+08:00] response.INFO: response {"acntno":"MN210019009000045376","result":"MN210019009000045376"} []
[2024-02-22T17:21:07.920818+08:00] request.INFO: request {"acntno":"9000035881"} []
[2024-02-22T17:21:08.331553+08:00] response.INFO: response {"acntno":"9000035881","result":"MN150019009000035881"} []
[2024-02-22T17:21:16.035415+08:00] request.INFO: request {"acntno":"9000030564"} []
[2024-02-22T17:21:16.459643+08:00] response.INFO: response {"acntno":"9000030564","result":"MN140019009000030564"} []
[2024-02-22T17:22:34.246011+08:00] request.INFO: request {"acntno":"9000035779"} []
[2024-02-22T17:22:34.669227+08:00] response.INFO: response {"acntno":"9000035779","result":"ГАНДӨШ БАТТУЛГА"} []
[2024-02-22T17:22:51.591882+08:00] request.INFO: request {"acntno":"9000035779"} []
[2024-02-22T17:22:51.981882+08:00] response.INFO: response {"acntno":"9000035779","result":"ГАНДӨШ БАТТУЛГА"} []
[2024-02-22T17:22:54.860683+08:00] request.INFO: request {"acntno":"9000035779"} []
[2024-02-22T17:22:55.252518+08:00] response.INFO: response {"acntno":"9000035779","result":"ГАНДӨШ БАТТУЛГА"} []
[2024-02-22T18:37:36.435018+08:00] request.INFO: request {"acntno":"MN160019009100000183"} []
[2024-02-22T18:37:36.858925+08:00] response.INFO: response {"acntno":"MN160019009100000183","result":"ЦАГДААГИЙН ЕРӨНХИЙ ГАЗАР"} []
[2024-02-22T18:37:46.683731+08:00] request.INFO: request {"acntno":"MN160019009100000183"} []
[2024-02-22T18:37:47.086009+08:00] response.INFO: response {"acntno":"MN160019009100000183","result":"ЦАГДААГИЙН ЕРӨНХИЙ ГАЗАР"} []
[2024-02-22T18:43:18.460071+08:00] request.INFO: request {"acntno":"*"} []
