[2023-05-08T09:58:12.076294+08:00] Request.INFO: request_getLnAvailableBal {"acntno":"MN100019009000014243"} []
[2023-05-08T09:58:12.937209+08:00] Response.INFO: response_getLnAvailableBal [{"stdClass":{"acnt_code":"MN100019009000014243","ln_available_amount":"8494329.45"}}] []
[2023-05-08T10:03:54.389168+08:00] Request.INFO: request_getIntPayCalc {"acntno":"MN100019009000014243","approve_amount":500000} []
[2023-05-08T10:03:54.848677+08:00] Response.INFO: response_getIntPayCalc [{"stdClass":{"acntno":"MN100019009000014243","cur_code":"MNT","int_amount":"24041.1","princ_amount":"524041.1"}}] []
[2023-05-08T10:04:16.611901+08:00] Request.INFO: request_getIntPayCalc {"acntno":"MN100019009000014243","approve_amount":500000} []
[2023-05-08T10:04:17.065137+08:00] Response.INFO: response_getIntPayCalc [{"stdClass":{"acntno":"MN100019009000014243","cur_code":"MNT","int_amount":"24041.1","princ_amount":"524041.1"}}] []
[2023-05-08T10:06:38.883261+08:00] Request.INFO: request_getLnAvailableBal {"acntno":"MN490019009000035754"} []
[2023-05-08T10:06:39.616208+08:00] Response.INFO: response_getLnAvailableBal [{"stdClass":{"acnt_code":"MN490019009000035754","ln_available_amount":"-8500"}}] []
[2023-05-08T10:07:06.769648+08:00] Request.INFO: request_getLnAvailableBal {"acntno":"MN100019009000014243"} []
[2023-05-08T10:07:07.469544+08:00] Response.INFO: response_getLnAvailableBal [{"stdClass":{"acnt_code":"MN100019009000014243","ln_available_amount":"8494329.45"}}] []
[2023-05-08T10:07:42.588651+08:00] Request.INFO: request_getLnAvailableBal {"acntno":"MN100019009000014243"} []
[2023-05-08T10:07:43.033578+08:00] Response.INFO: response_getLnAvailableBal [{"stdClass":{"acnt_code":"MN100019009000014243","ln_available_amount":"8494329.45"}}] []
[2023-05-08T10:12:52.900608+08:00] Request.INFO: request_getIntPayCalc {"acntno":"MN100019009000014243","approve_amount":8494000} []
[2023-05-08T10:12:53.367962+08:00] Response.INFO: response_getIntPayCalc [{"stdClass":{"acntno":"MN100019009000014243","cur_code":"MNT","int_amount":"408410.14","princ_amount":"8902410.14"}}] []
[2023-05-08T10:14:55.817299+08:00] Request.INFO: request_getIntPayCalc {"acntno":"MN100019009000014243","approve_amount":8494000} []
[2023-05-08T10:14:56.324024+08:00] Response.INFO: response_getIntPayCalc [{"stdClass":{"acntno":"MN100019009000014243","cur_code":"MNT","int_amount":"408410.14","princ_amount":"8902410.14"}}] []
[2023-05-08T10:23:31.490312+08:00] Request.INFO: request_getLnAvailableBal {"acntno":"MN100019009000014243"} []
[2023-05-08T10:23:32.330315+08:00] Response.INFO: response_getLnAvailableBal [{"stdClass":{"acnt_code":"MN100019009000014243","ln_available_amount":"329.45"}}] []
[2023-05-08T10:35:53.283994+08:00] Request.INFO: request_getLnAvailableBal {"acntno":"MN100019009000014243"} []
[2023-05-08T10:35:53.742430+08:00] Response.INFO: response_getLnAvailableBal [{"stdClass":{"acnt_code":"MN100019009000014243","ln_available_amount":"850329.45"}}] []
[2023-05-08T10:36:23.227220+08:00] Request.INFO: request_getIntPayCalc {"acntno":"MN100019009000014243","approve_amount":500000} []
[2023-05-08T10:36:23.690286+08:00] Response.INFO: response_getIntPayCalc [{"stdClass":{"acntno":"MN100019009000014243","cur_code":"MNT","int_amount":"24041.1","princ_amount":"524041.1"}}] []
[2023-05-08T10:37:20.819969+08:00] Request.INFO: request_getIntPayCalc {"acntno":"MN100019009000014243","approve_amount":500000} []
[2023-05-08T10:37:21.287678+08:00] Response.INFO: response_getIntPayCalc [{"stdClass":{"acntno":"MN100019009000014243","cur_code":"MNT","int_amount":"24041.1","princ_amount":"524041.1"}}] []
[2023-05-08T10:53:40.307649+08:00] Request.INFO: request_getLnAvailableBal {"acntno":"MN210019009100000190"} []
[2023-05-08T10:53:55.843103+08:00] Request.INFO: request_getIntPayCalc {"acntno":"MN210019009100000190","approve_amount":1000000} []
[2023-05-08T11:00:09.166869+08:00] Request.INFO: request_getLnAvailableBal {"acntno":"MN100019009000014243"} []
[2023-05-08T11:00:09.923470+08:00] Response.INFO: response_getLnAvailableBal [{"stdClass":{"acnt_code":"MN100019009000014243","ln_available_amount":"350329.45"}}] []
[2023-05-08T11:00:17.009835+08:00] Request.INFO: request_getIntPayCalc {"acntno":"MN100019009000014243","approve_amount":100000} []
[2023-05-08T11:00:17.441256+08:00] Response.INFO: response_getIntPayCalc [{"stdClass":{"acntno":"MN100019009000014243","cur_code":"MNT","int_amount":"4808.22","princ_amount":"104808.22"}}] []
[2023-05-08T11:01:01.686179+08:00] Request.INFO: request_getIntPayCalc {"acntno":"MN100019009000014243","approve_amount":100000} []
[2023-05-08T11:01:02.139008+08:00] Response.INFO: response_getIntPayCalc [{"stdClass":{"acntno":"MN100019009000014243","cur_code":"MNT","int_amount":"4808.22","princ_amount":"104808.22"}}] []
[2023-05-08T15:57:57.288070+08:00] Request.INFO: request_getLnAvailableBal {"acntno":"MN040019009070001694"} []
[2023-05-08T15:57:58.094004+08:00] Response.INFO: response_getLnAvailableBal [{"stdClass":{"acnt_code":"MN040019009070001694","ln_available_amount":"8641796.5"}}] []
[2023-05-08T15:58:08.062554+08:00] Request.INFO: request_getIntPayCalc {"acntno":"MN040019009070001694","approve_amount":1300000} []
[2023-05-08T15:58:08.506271+08:00] Response.INFO: response_getIntPayCalc [{"stdClass":{"acntno":"MN040019009070001694","cur_code":"MNT","int_amount":"106564.38","princ_amount":"1406564.38"}}] []
[2023-05-08T15:58:19.043734+08:00] Request.INFO: request_getIntPayCalc {"acntno":"MN040019009070001694","approve_amount":1300000} []
[2023-05-08T15:58:19.491711+08:00] Response.INFO: response_getIntPayCalc [{"stdClass":{"acntno":"MN040019009070001694","cur_code":"MNT","int_amount":"106564.38","princ_amount":"1406564.38"}}] []
[2023-05-08T16:10:05.025501+08:00] Request.INFO: request_getLnAvailableBal {"acntno":"MN040019009070001694"} []
[2023-05-08T16:10:05.503329+08:00] Response.INFO: response_getLnAvailableBal [{"stdClass":{"acnt_code":"MN040019009070001694","ln_available_amount":"7341796.5"}}] []
[2023-05-08T16:10:20.442616+08:00] Request.INFO: request_getIntPayCalc {"acntno":"MN040019009070001694","approve_amount":2300000} []
[2023-05-08T16:10:20.878043+08:00] Response.INFO: response_getIntPayCalc [{"stdClass":{"acntno":"MN040019009070001694","cur_code":"MNT","int_amount":"188536.99","princ_amount":"2488536.99"}}] []
[2023-05-08T16:10:30.092495+08:00] Request.INFO: request_getIntPayCalc {"acntno":"MN040019009070001694","approve_amount":2300000} []
[2023-05-08T16:10:30.534607+08:00] Response.INFO: response_getIntPayCalc [{"stdClass":{"acntno":"MN040019009070001694","cur_code":"MNT","int_amount":"188536.99","princ_amount":"2488536.99"}}] []
