[2023-10-11T14:41:38.414141+08:00] Request.INFO: request_getLnAvailableBal {"acntno":"MN100019009000035292"} []
[2023-10-11T14:41:38.414133+08:00] Request.INFO: request_getLnAvailableBal {"acntno":"MN070019009000035443"} []
[2023-10-11T14:41:38.414161+08:00] Request.INFO: request_getLnAvailableBal {"acntno":"MN030019009000035806"} []
[2023-10-11T14:41:39.478959+08:00] Request.INFO: request_getLnAvailableBal {"acntno":"MN180019009000035633"} []
[2023-10-11T14:41:39.765853+08:00] Response.INFO: response_getLnAvailableBal [{"stdClass":{"acnt_code":"MN030019009000035806","ln_available_amount":"0"}}] []
[2023-10-11T14:41:39.765885+08:00] Response.INFO: response_getLnAvailableBal [{"stdClass":{"acnt_code":"MN170019009000035651","ln_available_amount":"-85"}}] []
[]
[2023-10-11T14:41:39.785914+08:00] Response.INFO: response_getLnAvailableBal [{"stdClass":{"acnt_code":"MN070019009000035443","ln_available_amount":"2684811.43"}}] []
[2023-10-11T14:41:40.144399+08:00] Response.INFO: response_getLnAvailableBal [{"stdClass":{"acnt_code":"MN180019009000035633","ln_available_amount":"843014.16"}}] []
[2023-10-11T14:41:41.771877+08:00] Request.INFO: request_getLnAvailableBal {"acntno":"MN260019009000035877"} []
[2023-10-11T14:41:42.439975+08:00] Response.INFO: response_getLnAvailableBal [{"stdClass":{"acnt_code":"MN260019009000035877","ln_available_amount":"0"}}] []
[2023-10-11T14:41:46.368355+08:00] Request.INFO: request_getLnAvailableBal {"acntno":"MN580019009000035689"} []
[2023-10-11T14:41:47.025601+08:00] Response.INFO: response_getLnAvailableBal [{"stdClass":{"acnt_code":"MN580019009000035689","ln_available_amount":"257.47"}}] []
[2023-10-11T14:41:49.944438+08:00] Request.INFO: request_getLnAvailableBal {"acntno":"MN970019009000035569"} []
[2023-10-11T14:41:50.629618+08:00] Response.INFO: response_getLnAvailableBal [{"stdClass":{"acnt_code":"MN970019009000035569","ln_available_amount":"5395103.42"}}] []
[2023-10-11T14:41:52.150228+08:00] Request.INFO: request_getLnAvailableBal {"acntno":"MN580019009000035689"} []
[2023-10-11T14:41:52.627694+08:00] Response.INFO: response_getLnAvailableBal [{"stdClass":{"acnt_code":"MN580019009000035689","ln_available_amount":"257.47"}}] []
[2023-10-11T14:41:55.059448+08:00] Request.INFO: request_getLnAvailableBal {"acntno":"MN260019009000035877"} []
[2023-10-11T14:41:55.502194+08:00] Response.INFO: response_getLnAvailableBal [{"stdClass":{"acnt_code":"MN260019009000035877","ln_available_amount":"0"}}] []
[2023-10-11T14:42:08.429921+08:00] Request.INFO: request_getLnAvailableBal {"acntno":"MN070019009000035443"} []
[2023-10-11T14:42:08.878486+08:00] Response.INFO: response_getLnAvailableBal [{"stdClass":{"acnt_code":"MN070019009000035443","ln_available_amount":"2684811.43"}}] []
[2023-10-11T14:58:56.980359+08:00] Request.INFO: request_getLnAvailableBal {"acntno":"MN070019009000035443"} []
[2023-10-11T14:58:57.448337+08:00] Response.INFO: response_getLnAvailableBal [{"stdClass":{"acnt_code":"MN070019009000035443","ln_available_amount":"2684811.43"}}] []
[2023-10-11T14:59:00.513461+08:00] Request.INFO: request_getLnAvailableBal {"acntno":"MN180019009000035633"} []
[2023-10-11T14:59:00.956600+08:00] Response.INFO: response_getLnAvailableBal [{"stdClass":{"acnt_code":"MN180019009000035633","ln_available_amount":"843014.16"}}] []
[2023-10-11T14:59:19.370155+08:00] Request.INFO: request_getLnAvailableBal {"acntno":"MN750019009000035771"} []
[2023-10-11T14:59:20.060775+08:00] Response.INFO: response_getLnAvailableBal [{"stdClass":{"acnt_code":"MN750019009000035771","ln_available_amount":"17425147.21"}}] []
[2023-10-11T14:59:37.940869+08:00] Request.INFO: request_getLnAvailableBal {"acntno":"MN070019009000035443"} []
[2023-10-11T14:59:38.379053+08:00] Response.INFO: response_getLnAvailableBal [{"stdClass":{"acnt_code":"MN070019009000035443","ln_available_amount":"2684811.43"}}] []
[2023-10-11T14:59:46.732090+08:00] Request.INFO: request_getLnAvailableBal {"acntno":"MN100019009000035292"} []
[2023-10-11T14:59:47.184763+08:00] Response.INFO: response_getLnAvailableBal [{"stdClass":{"acnt_code":"MN100019009000035292","ln_available_amount":"866.54"}}] []
[2023-10-11T15:00:00.119945+08:00] Request.INFO: request_getLnAvailableBal {"acntno":"MN070019009000035443"} []
[2023-10-11T15:00:00.569485+08:00] Response.INFO: response_getLnAvailableBal [{"stdClass":{"acnt_code":"MN070019009000035443","ln_available_amount":"2684811.43"}}] []
[2023-10-11T15:01:29.193633+08:00] Request.INFO: request_getLnAvailableBal {"acntno":"MN260019009000035877"} []
[2023-10-11T15:01:29.642314+08:00] Response.INFO: response_getLnAvailableBal [{"stdClass":{"acnt_code":"MN260019009000035877","ln_available_amount":"8500000"}}] []
[2023-10-11T15:01:53.452468+08:00] Request.INFO: request_getIntPayCalc {"acntno":"MN260019009000035877","approve_amount":5000000.0} []
[2023-10-11T15:01:53.893010+08:00] Response.INFO: response_getIntPayCalc [{"stdClass":{"acntno":"MN260019009000035877","cur_code":"MNT","int_amount":"806712.33","princ_amount":"5806712.33"}}] []
[2023-10-11T15:03:12.856036+08:00] Request.INFO: request_getLnAvailableBal {"acntno":"MN870019009000035652"} []
[2023-10-11T15:03:13.548869+08:00] Response.INFO: response_getLnAvailableBal [{"stdClass":{"acnt_code":"MN870019009000035652","ln_available_amount":"85589058.7"}}] []
[2023-10-11T15:03:22.963346+08:00] Request.INFO: request_getLnAvailableBal {"acntno":"MN800019009000035293"} []
[2023-10-11T15:03:23.767330+08:00] Response.INFO: response_getLnAvailableBal [{"stdClass":{"acnt_code":"MN800019009000035293","ln_available_amount":"31560860.97"}}] []
[2023-10-11T15:03:44.940945+08:00] Request.INFO: request_getIntPayCalc {"acntno":"MN800019009000035293","approve_amount":25000000.0} []
[2023-10-11T15:03:45.393792+08:00] Response.INFO: response_getIntPayCalc [{"stdClass":{"acntno":"MN800019009000035293","cur_code":"MNT","int_amount":"1933150.68","princ_amount":"26933150.68"}}] []
