[2023-05-01T09:29:15.477325+08:00] Request.INFO: request_getLnAvailableBal {"acntno":"MN040019009100000302"} []
[2023-05-01T09:29:16.865051+08:00] Response.INFO: response_getLnAvailableBal [{"stdClass":{"acnt_code":"MN040019009100000302","ln_available_amount":"10446500"}}] []
[2023-05-01T09:29:31.913823+08:00] Request.INFO: request_getLnAvailableBal {"acntno":"MN040019009100000302"} []
[2023-05-01T09:29:32.366653+08:00] Response.INFO: response_getLnAvailableBal [{"stdClass":{"acnt_code":"MN040019009100000302","ln_available_amount":"10446500"}}] []
[2023-05-01T12:13:45.327904+08:00] Request.INFO: request_getLnAvailableBal {"acntno":"MN030019009000035709"} []
[2023-05-01T12:13:46.171666+08:00] Response.INFO: response_getLnAvailableBal [{"stdClass":{"acnt_code":"MN030019009000035709","ln_available_amount":"854250"}}] []
[2023-05-01T12:14:15.946240+08:00] Request.INFO: request_getLnAvailableBal {"acntno":"MN040019009000035497"} []
[2023-05-01T12:14:16.427939+08:00] Response.INFO: response_getLnAvailableBal [{"stdClass":{"acnt_code":"MN040019009000035497","ln_available_amount":"537480.13"}}] []
[2023-05-01T12:14:26.880496+08:00] Request.INFO: request_getIntPayCalc {"acntno":"MN040019009000035497","approve_amount":500000} []
[2023-05-01T12:14:27.334542+08:00] Response.INFO: response_getIntPayCalc [{"stdClass":{"acntno":"MN040019009000035497","cur_code":"MNT","int_amount":"96698.63","princ_amount":"596698.63"}}] []
[2023-05-01T15:05:41.873149+08:00] Request.INFO: request_getLnAvailableBal {"acntno":"MN040019009000035497"} []
[2023-05-01T15:05:42.425095+08:00] Response.INFO: response_getLnAvailableBal [{"stdClass":{"acnt_code":"MN040019009000035497","ln_available_amount":"537480.13"}}] []
[2023-05-01T15:05:50.007046+08:00] Request.INFO: request_getIntPayCalc {"acntno":"MN040019009000035497","approve_amount":500000} []
[2023-05-01T15:05:50.458793+08:00] Response.INFO: response_getIntPayCalc [{"stdClass":{"acntno":"MN040019009000035497","cur_code":"MNT","int_amount":"96698.63","princ_amount":"596698.63"}}] []
[2023-05-01T15:06:04.824743+08:00] Request.INFO: request_getIntPayCalc {"acntno":"MN040019009000035497","approve_amount":500000} []
[2023-05-01T15:06:05.272895+08:00] Response.INFO: response_getIntPayCalc [{"stdClass":{"acntno":"MN040019009000035497","cur_code":"MNT","int_amount":"96698.63","princ_amount":"596698.63"}}] []
[2023-05-01T17:43:12.558020+08:00] Request.INFO: request_getIntPayCalc {"acntno":"MN210019009100000190","approve_amount":130000} []
[2023-05-01T17:44:37.073834+08:00] Request.INFO: request_getIntPayCalc {"acntno":"MN210019009100000190","approve_amount":130000} []
[2023-05-01T17:56:24.157603+08:00] Request.INFO: request_getLnAvailableBal {"acntno":"MN210019009100000190"} []
[2023-05-01T17:58:19.217670+08:00] Request.INFO: request_getIntPayCalc {"acntno":"MN210019009100000190","approve_amount":130000} []
