[2023-04-21T11:49:38.144793+08:00] Request.INFO: request_getLnAvailableBal {"acntno":"MN210019009000035288"} []
[2023-04-21T11:49:39.487636+08:00] Response.INFO: response_getLnAvailableBal [{"stdClass":{"acnt_code":"MN210019009000035288","ln_available_amount":"20634.25"}}] []
[2023-04-21T11:52:23.158651+08:00] Request.INFO: request_getLnAvailableBal {"acntno":"MN210019009000035288"} []
[2023-04-21T11:52:23.612302+08:00] Response.INFO: response_getLnAvailableBal [{"stdClass":{"acnt_code":"MN210019009000035288","ln_available_amount":"20634.25"}}] []
[2023-04-21T15:15:48.889778+08:00] Request.INFO: request_getLnAvailableBal {"acntno":"MN180019009000035633"} []
[2023-04-21T15:15:50.180787+08:00] Response.INFO: response_getLnAvailableBal [{"stdClass":{"acnt_code":"MN180019009000035633","ln_available_amount":"4250000"}}] []
[2023-04-21T15:15:56.246938+08:00] Request.INFO: request_getIntPayCalc {"acntno":"MN180019009000035633","approve_amount":1250000} []
[2023-04-21T15:15:56.701202+08:00] Response.INFO: response_getIntPayCalc [{"stdClass":{"acntno":"MN180019009000035633","cur_code":"MNT","int_amount":"493643.84","princ_amount":"1743643.84"}}] []
[2023-04-21T17:02:07.131073+08:00] Request.INFO: request_getLnAvailableBal {"acntno":"MN300019009070001711"} []
[2023-04-21T17:02:07.965823+08:00] Response.INFO: response_getLnAvailableBal [{"stdClass":{"acnt_code":"MN300019009070001711","ln_available_amount":"3585527.28"}}] []
[2023-04-21T17:02:20.599788+08:00] Request.INFO: request_getIntPayCalc {"acntno":"MN300019009070001711","approve_amount":3585000} []
[2023-04-21T17:02:21.033842+08:00] Response.INFO: response_getIntPayCalc [{"stdClass":{"acntno":"MN300019009070001711","cur_code":"MNT","int_amount":"503324.18","princ_amount":"4088324.18"}}] []
[2023-04-21T17:02:29.164110+08:00] Request.INFO: request_getIntPayCalc {"acntno":"MN300019009070001711","approve_amount":3585000} []
[2023-04-21T17:02:29.614882+08:00] Response.INFO: response_getIntPayCalc [{"stdClass":{"acntno":"MN300019009070001711","cur_code":"MNT","int_amount":"503324.18","princ_amount":"4088324.18"}}] []
[2023-04-21T17:02:43.537968+08:00] Request.INFO: request_getIntPayCalc {"acntno":"MN300019009070001711","approve_amount":3585000} []
[2023-04-21T17:02:44.001654+08:00] Response.INFO: response_getIntPayCalc [{"stdClass":{"acntno":"MN300019009070001711","cur_code":"MNT","int_amount":"503324.18","princ_amount":"4088324.18"}}] []
[2023-04-21T17:03:16.937038+08:00] Request.INFO: request_getLnAvailableBal {"acntno":"MN420019009000035298"} []
[2023-04-21T17:03:17.792705+08:00] Response.INFO: response_getLnAvailableBal [{"stdClass":{"acnt_code":"MN420019009000035298","ln_available_amount":"5084785"}}] []
[2023-04-21T17:03:30.740746+08:00] Request.INFO: request_getIntPayCalc {"acntno":"MN420019009000035298","approve_amount":5000000.0} []
[2023-04-21T17:03:31.199398+08:00] Response.INFO: response_getIntPayCalc [{"stdClass":{"acntno":"MN420019009000035298","cur_code":"MNT","int_amount":"849534.25","princ_amount":"5849534.25"}}] []
[2023-04-21T17:03:49.349226+08:00] Request.INFO: request_getIntPayCalc {"acntno":"MN420019009000035298","approve_amount":5000000.0} []
[2023-04-21T17:03:49.805356+08:00] Response.INFO: response_getIntPayCalc [{"stdClass":{"acntno":"MN420019009000035298","cur_code":"MNT","int_amount":"849534.25","princ_amount":"5849534.25"}}] []
[2023-04-21T17:07:41.580007+08:00] Request.INFO: request_getIntPayCalc {"acntno":"MN300019009070001711","approve_amount":3585000} []
[2023-04-21T17:07:42.051089+08:00] Response.INFO: response_getIntPayCalc [{"stdClass":{"acntno":"MN300019009070001711","cur_code":"MNT","int_amount":"503324.18","princ_amount":"4088324.18"}}] []
[2023-04-21T17:18:26.402969+08:00] Request.INFO: request_getLnAvailableBal {"acntno":"MN230019009000030984"} []
[2023-04-21T17:18:27.079778+08:00] Response.INFO: response_getLnAvailableBal [{"stdClass":{"acnt_code":"MN230019009000030984","ln_available_amount":"841500"}}] []
[2023-04-21T17:19:41.565804+08:00] Request.INFO: request_getLnAvailableBal {"acntno":"MN230019009000030984"} []
[2023-04-21T17:19:42.015942+08:00] Response.INFO: response_getLnAvailableBal [{"stdClass":{"acnt_code":"MN230019009000030984","ln_available_amount":"850000"}}] []
[2023-04-21T17:19:56.424713+08:00] Request.INFO: request_getIntPayCalc {"acntno":"MN230019009000030984","approve_amount":850000} []
[2023-04-21T17:19:56.875078+08:00] Response.INFO: response_getIntPayCalc [{"stdClass":{"acntno":"MN230019009000030984","cur_code":"MNT","int_amount":"134157.95","princ_amount":"984157.95"}}] []
[2023-04-21T17:20:06.703678+08:00] Request.INFO: request_getIntPayCalc {"acntno":"MN230019009000030984","approve_amount":850000} []
[2023-04-21T17:20:07.164711+08:00] Response.INFO: response_getIntPayCalc [{"stdClass":{"acntno":"MN230019009000030984","cur_code":"MNT","int_amount":"134157.95","princ_amount":"984157.95"}}] []
[2023-04-21T17:28:45.643543+08:00] Request.INFO: request_getLnAvailableBal {"acntno":"MN040019009000035497"} []
[2023-04-21T17:28:46.320377+08:00] Response.INFO: response_getLnAvailableBal [{"stdClass":{"acnt_code":"MN040019009000035497","ln_available_amount":"536137.2"}}] []
[2023-04-21T17:28:54.967021+08:00] Request.INFO: request_getIntPayCalc {"acntno":"MN040019009000035497","approve_amount":500000.0} []
[2023-04-21T17:28:55.421143+08:00] Response.INFO: response_getIntPayCalc [{"stdClass":{"acntno":"MN040019009000035497","cur_code":"MNT","int_amount":"66575.34","princ_amount":"566575.34"}}] []
[2023-04-21T17:29:08.354997+08:00] Request.INFO: request_getIntPayCalc {"acntno":"MN040019009000035497","approve_amount":500000.0} []
[2023-04-21T17:29:08.825066+08:00] Response.INFO: response_getIntPayCalc [{"stdClass":{"acntno":"MN040019009000035497","cur_code":"MNT","int_amount":"66575.34","princ_amount":"566575.34"}}] []
[2023-04-21T17:36:16.124803+08:00] Request.INFO: request_getLnAvailableBal {"acntno":"MN110019009000030715"} []
[2023-04-21T17:36:17.079734+08:00] Response.INFO: response_getLnAvailableBal [{"stdClass":{"acnt_code":"MN110019009000030715","ln_available_amount":"1325251.78"}}] []
[2023-04-21T17:36:31.494952+08:00] Request.INFO: request_getIntPayCalc {"acntno":"MN110019009000030715","approve_amount":1325000} []
[2023-04-21T17:36:31.996713+08:00] Response.INFO: response_getIntPayCalc [{"stdClass":{"acntno":"MN110019009000030715","cur_code":"MNT","int_amount":"89482.88","princ_amount":"1414482.88"}}] []
[2023-04-21T17:36:50.924069+08:00] Request.INFO: request_getLnAvailableBal {"acntno":"MN110019009000030715"} []
[2023-04-21T17:36:51.894877+08:00] Response.INFO: response_getLnAvailableBal [{"stdClass":{"acnt_code":"MN110019009000030715","ln_available_amount":"1325251.78"}}] []
[2023-04-21T17:42:48.139580+08:00] Request.INFO: request_getLnAvailableBal {"acntno":"MN110019009000030715"} []
[2023-04-21T17:42:48.628901+08:00] Response.INFO: response_getLnAvailableBal [{"stdClass":{"acnt_code":"MN110019009000030715","ln_available_amount":"1325251.78"}}] []
[2023-04-21T17:54:17.750525+08:00] Request.INFO: request_getLnAvailableBal {"acntno":"MN110019009000030715"} []
[2023-04-21T17:54:18.204639+08:00] Response.INFO: response_getLnAvailableBal [{"stdClass":{"acnt_code":"MN110019009000030715","ln_available_amount":"1325251.78"}}] []
[2023-04-21T17:56:46.573744+08:00] Request.INFO: request_getLnAvailableBal {"acntno":"MN670019009010012559"} []
[2023-04-21T17:56:47.292681+08:00] Response.INFO: response_getLnAvailableBal [{"stdClass":{"acnt_code":"MN670019009010012559","ln_available_amount":"6791500"}}] []
[2023-04-21T17:57:04.224064+08:00] Request.INFO: request_getIntPayCalc {"acntno":"MN670019009010012559","approve_amount":1000000} []
[2023-04-21T17:57:04.674304+08:00] Response.INFO: response_getIntPayCalc [{"stdClass":{"acntno":"MN670019009010012559","cur_code":"MNT","int_amount":"-1863.01","princ_amount":"998136.99"}}] []
[2023-04-21T17:58:37.228845+08:00] Request.INFO: request_getLnAvailableBal {"acntno":"MN670019009010012559"} []
[2023-04-21T17:58:37.679419+08:00] Response.INFO: response_getLnAvailableBal [{"stdClass":{"acnt_code":"MN670019009010012559","ln_available_amount":"6791500"}}] []
[2023-04-21T17:59:18.438025+08:00] Request.INFO: request_getLnAvailableBal {"acntno":"MN670019009010012559"} []
[2023-04-21T17:59:18.881455+08:00] Response.INFO: response_getLnAvailableBal [{"stdClass":{"acnt_code":"MN670019009010012559","ln_available_amount":"6791500"}}] []
[2023-04-21T17:59:24.603528+08:00] Request.INFO: request_getIntPayCalc {"acntno":"MN670019009010012559","approve_amount":1000000} []
[2023-04-21T17:59:25.057938+08:00] Response.INFO: response_getIntPayCalc [{"stdClass":{"acntno":"MN670019009010012559","cur_code":"MNT","int_amount":"-1863.01","princ_amount":"998136.99"}}] []
[2023-04-21T18:00:52.921460+08:00] Request.INFO: request_getLnAvailableBal {"acntno":"MN670019009010012559"} []
[2023-04-21T18:00:53.395016+08:00] Response.INFO: response_getLnAvailableBal [{"stdClass":{"acnt_code":"MN670019009010012559","ln_available_amount":"6791500"}}] []
[2023-04-21T18:01:01.814640+08:00] Request.INFO: request_getIntPayCalc {"acntno":"MN670019009010012559","approve_amount":1000000} []
[2023-04-21T18:01:02.294564+08:00] Response.INFO: response_getIntPayCalc [{"stdClass":{"acntno":"MN670019009010012559","cur_code":"MNT","int_amount":"-1863.01","princ_amount":"998136.99"}}] []
[2023-04-21T18:02:05.614566+08:00] Request.INFO: request_getLnAvailableBal {"acntno":"MN670019009010012559"} []
[2023-04-21T18:02:06.071538+08:00] Response.INFO: response_getLnAvailableBal [{"stdClass":{"acnt_code":"MN670019009010012559","ln_available_amount":"6791500"}}] []
[2023-04-21T18:02:12.104399+08:00] Request.INFO: request_getIntPayCalc {"acntno":"MN670019009010012559","approve_amount":1000000} []
[2023-04-21T18:02:12.559051+08:00] Response.INFO: response_getIntPayCalc [{"stdClass":{"acntno":"MN670019009010012559","cur_code":"MNT","int_amount":"-1863.01","princ_amount":"998136.99"}}] []
[2023-04-21T18:06:20.478842+08:00] Request.INFO: request_getLnAvailableBal {"acntno":"MN670019009010012559"} []
[2023-04-21T18:06:20.926390+08:00] Response.INFO: response_getLnAvailableBal [{"stdClass":{"acnt_code":"MN670019009010012559","ln_available_amount":"6791500"}}] []
[2023-04-21T18:06:36.238110+08:00] Request.INFO: request_getIntPayCalc {"acntno":"MN670019009010012559","approve_amount":1000000.0} []
[2023-04-21T18:06:36.695344+08:00] Response.INFO: response_getIntPayCalc [{"stdClass":{"acntno":"MN670019009010012559","cur_code":"MNT","int_amount":"-1863.01","princ_amount":"998136.99"}}] []
[2023-04-21T18:06:42.417635+08:00] Request.INFO: request_getIntPayCalc {"acntno":"MN670019009010012559","approve_amount":1000000.0} []
[2023-04-21T18:06:42.894755+08:00] Response.INFO: response_getIntPayCalc [{"stdClass":{"acntno":"MN670019009010012559","cur_code":"MNT","int_amount":"-1863.01","princ_amount":"998136.99"}}] []
[2023-04-21T18:07:04.831438+08:00] Request.INFO: request_getLnAvailableBal {"acntno":"MN670019009010012559"} []
[2023-04-21T18:07:05.306610+08:00] Response.INFO: response_getLnAvailableBal [{"stdClass":{"acnt_code":"MN670019009010012559","ln_available_amount":"6791500"}}] []
[2023-04-21T18:07:15.511833+08:00] Request.INFO: request_getIntPayCalc {"acntno":"MN670019009010012559","approve_amount":1000000.0} []
[2023-04-21T18:07:15.956297+08:00] Response.INFO: response_getIntPayCalc [{"stdClass":{"acntno":"MN670019009010012559","cur_code":"MNT","int_amount":"-1863.01","princ_amount":"998136.99"}}] []
[2023-04-21T18:08:03.529596+08:00] Request.INFO: request_getLnAvailableBal {"acntno":"MN670019009010012559"} []
[2023-04-21T18:08:03.975271+08:00] Response.INFO: response_getLnAvailableBal [{"stdClass":{"acnt_code":"MN670019009010012559","ln_available_amount":"6791500"}}] []
[2023-04-21T18:08:09.873754+08:00] Request.INFO: request_getIntPayCalc {"acntno":"MN670019009010012559","approve_amount":1000000} []
[2023-04-21T18:08:10.343130+08:00] Response.INFO: response_getIntPayCalc [{"stdClass":{"acntno":"MN670019009010012559","cur_code":"MNT","int_amount":"-1863.01","princ_amount":"998136.99"}}] []
[2023-04-21T18:09:26.626475+08:00] Request.INFO: request_getLnAvailableBal {"acntno":"MN560019009070001728"} []
[2023-04-21T18:09:27.344579+08:00] Response.INFO: response_getLnAvailableBal [{"stdClass":{"acnt_code":"MN560019009070001728","ln_available_amount":"3400000"}}] []
[2023-04-21T18:09:35.198434+08:00] Request.INFO: request_getIntPayCalc {"acntno":"MN560019009070001728","approve_amount":1000000} []
[2023-04-21T18:09:35.652438+08:00] Response.INFO: response_getIntPayCalc [{"stdClass":{"acntno":"MN560019009070001728","cur_code":"MNT","int_amount":"44553.42","princ_amount":"1044553.42"}}] []
[2023-04-21T18:09:46.838678+08:00] Request.INFO: request_getIntPayCalc {"acntno":"MN560019009070001728","approve_amount":1000000} []
[2023-04-21T18:09:47.312623+08:00] Response.INFO: response_getIntPayCalc [{"stdClass":{"acntno":"MN560019009070001728","cur_code":"MNT","int_amount":"44553.42","princ_amount":"1044553.42"}}] []
[2023-04-21T18:14:32.749713+08:00] Request.INFO: request_getLnAvailableBal {"acntno":"MN560019009070001728"} []
[2023-04-21T18:14:33.213123+08:00] Response.INFO: response_getLnAvailableBal [{"stdClass":{"acnt_code":"MN560019009070001728","ln_available_amount":"2400000"}}] []
[2023-04-21T18:14:52.487908+08:00] Request.INFO: request_getIntPayCalc {"acntno":"MN560019009070001728","approve_amount":550000} []
[2023-04-21T18:14:52.935708+08:00] Response.INFO: response_getIntPayCalc [{"stdClass":{"acntno":"MN560019009070001728","cur_code":"MNT","int_amount":"24504.38","princ_amount":"574504.38"}}] []
[2023-04-21T18:15:03.324684+08:00] Request.INFO: request_getIntPayCalc {"acntno":"MN560019009070001728","approve_amount":550000} []
[2023-04-21T18:15:03.777660+08:00] Response.INFO: response_getIntPayCalc [{"stdClass":{"acntno":"MN560019009070001728","cur_code":"MNT","int_amount":"24504.38","princ_amount":"574504.38"}}] []
[2023-04-21T18:18:10.256545+08:00] Request.INFO: request_getLnAvailableBal {"acntno":"MN560019009070001728"} []
[2023-04-21T18:18:10.743443+08:00] Response.INFO: response_getLnAvailableBal [{"stdClass":{"acnt_code":"MN560019009070001728","ln_available_amount":"1850000"}}] []
[2023-04-21T18:18:21.960188+08:00] Request.INFO: request_getIntPayCalc {"acntno":"MN560019009070001728","approve_amount":200000} []
[2023-04-21T18:18:22.435236+08:00] Response.INFO: response_getIntPayCalc [{"stdClass":{"acntno":"MN560019009070001728","cur_code":"MNT","int_amount":"8910.68","princ_amount":"208910.68"}}] []
[2023-04-21T18:18:34.017281+08:00] Request.INFO: request_getIntPayCalc {"acntno":"MN560019009070001728","approve_amount":200000} []
[2023-04-21T18:18:34.459292+08:00] Response.INFO: response_getIntPayCalc [{"stdClass":{"acntno":"MN560019009070001728","cur_code":"MNT","int_amount":"8910.68","princ_amount":"208910.68"}}] []
[2023-04-21T18:30:44.531300+08:00] Request.INFO: request_getLnAvailableBal {"acntno":"MN780019009070001720"} []
[2023-04-21T18:30:45.457917+08:00] Response.INFO: response_getLnAvailableBal [{"stdClass":{"acnt_code":"MN780019009070001720","ln_available_amount":"4791500"}}] []
[2023-04-21T18:31:02.439046+08:00] Request.INFO: request_getIntPayCalc {"acntno":"MN780019009070001720","approve_amount":1250000} []
[2023-04-21T18:31:02.871770+08:00] Response.INFO: response_getIntPayCalc [{"stdClass":{"acntno":"MN780019009070001720","cur_code":"MNT","int_amount":"309883.56","princ_amount":"1559883.56"}}] []
[2023-04-21T18:31:35.976052+08:00] Request.INFO: request_getIntPayCalc {"acntno":"MN780019009070001720","approve_amount":1250000} []
[2023-04-21T18:31:36.416969+08:00] Response.INFO: response_getIntPayCalc [{"stdClass":{"acntno":"MN780019009070001720","cur_code":"MNT","int_amount":"309883.56","princ_amount":"1559883.56"}}] []
