[2023-04-25T09:15:19.793042+08:00] Request.INFO: request_getLnAvailableBal {"acntno":"MN670019009010012559"} []
[2023-04-25T09:15:20.387378+08:00] Response.INFO: response_getLnAvailableBal [{"stdClass":{"acnt_code":"MN670019009010012559","ln_available_amount":"856791500"}}] []
[2023-04-25T09:15:29.626622+08:00] Request.INFO: request_getIntPayCalc {"acntno":"MN670019009010012559","approve_amount":30000000} []
[2023-04-25T09:15:30.088353+08:00] Response.INFO: response_getIntPayCalc [{"stdClass":{"acntno":"MN670019009010012559","cur_code":"MNT","int_amount":"-111780.82","princ_amount":"29888219.18"}}] []
[2023-04-25T09:18:53.528149+08:00] Request.INFO: request_getLnAvailableBal {"acntno":"MN670019009010012559"} []
[2023-04-25T09:18:54.057722+08:00] Response.INFO: response_getLnAvailableBal [{"stdClass":{"acnt_code":"MN670019009010012559","ln_available_amount":"856791500"}}] []
[2023-04-25T09:19:06.629279+08:00] Request.INFO: request_getIntPayCalc {"acntno":"MN670019009010012559","approve_amount":30000000.0} []
[2023-04-25T09:19:07.101457+08:00] Response.INFO: response_getIntPayCalc [{"stdClass":{"acntno":"MN670019009010012559","cur_code":"MNT","int_amount":"-111780.82","princ_amount":"29888219.18"}}] []
[2023-04-25T09:19:12.029434+08:00] Request.INFO: request_getIntPayCalc {"acntno":"MN670019009010012559","approve_amount":30000000.0} []
[2023-04-25T09:19:12.479940+08:00] Response.INFO: response_getIntPayCalc [{"stdClass":{"acntno":"MN670019009010012559","cur_code":"MNT","int_amount":"-111780.82","princ_amount":"29888219.18"}}] []
[2023-04-25T09:19:52.725609+08:00] Request.INFO: request_getLnAvailableBal {"acntno":"MN670019009010012559"} []
[2023-04-25T09:19:53.183183+08:00] Response.INFO: response_getLnAvailableBal [{"stdClass":{"acnt_code":"MN670019009010012559","ln_available_amount":"856791500"}}] []
[2023-04-25T09:20:05.396131+08:00] Request.INFO: request_getIntPayCalc {"acntno":"MN670019009010012559","approve_amount":30000000.0} []
[2023-04-25T09:20:05.865085+08:00] Response.INFO: response_getIntPayCalc [{"stdClass":{"acntno":"MN670019009010012559","cur_code":"MNT","int_amount":"-111780.82","princ_amount":"29888219.18"}}] []
[2023-04-25T09:20:16.064464+08:00] Request.INFO: request_getLnAvailableBal {"acntno":"MN890019009010012551"} []
[2023-04-25T09:20:17.259698+08:00] Response.INFO: response_getLnAvailableBal [{"stdClass":{"acnt_code":"MN890019009010012551","ln_available_amount":"4752019.07"}}] []
[2023-04-25T09:20:25.087971+08:00] Request.INFO: request_getIntPayCalc {"acntno":"MN890019009010012551","approve_amount":3000000.0} []
[2023-04-25T09:20:25.543321+08:00] Response.INFO: response_getIntPayCalc [{"stdClass":{"acntno":"MN890019009010012551","cur_code":"MNT","int_amount":"356646.58","princ_amount":"3356646.58"}}] []
[2023-04-25T09:25:20.009200+08:00] Request.INFO: request_getLnAvailableBal {"acntno":"MN890019009010012551"} []
[2023-04-25T09:25:20.734429+08:00] Response.INFO: response_getLnAvailableBal [{"stdClass":{"acnt_code":"MN890019009010012551","ln_available_amount":"4752019.07"}}] []
[2023-04-25T09:25:23.138868+08:00] Request.INFO: request_getLnAvailableBal {"acntno":"MN670019009010012559"} []
[2023-04-25T09:25:23.585907+08:00] Response.INFO: response_getLnAvailableBal [{"stdClass":{"acnt_code":"MN670019009010012559","ln_available_amount":"856791500"}}] []
[2023-04-25T09:25:35.075745+08:00] Request.INFO: request_getIntPayCalc {"acntno":"MN670019009010012559","approve_amount":1000000.0} []
[2023-04-25T09:25:35.515961+08:00] Response.INFO: response_getIntPayCalc [{"stdClass":{"acntno":"MN670019009010012559","cur_code":"MNT","int_amount":"-3726.03","princ_amount":"996273.97"}}] []
[2023-04-25T09:38:16.266898+08:00] Request.INFO: request_getLnAvailableBal {"acntno":"MN670019009010012559"} []
[2023-04-25T09:38:17.108290+08:00] Response.INFO: response_getLnAvailableBal [{"stdClass":{"acnt_code":"MN670019009010012559","ln_available_amount":"856791500"}}] []
[2023-04-25T09:38:23.528505+08:00] Request.INFO: request_getIntPayCalc {"acntno":"MN670019009010012559","approve_amount":21000000} []
[2023-04-25T09:38:24.009178+08:00] Response.INFO: response_getIntPayCalc [{"stdClass":{"acntno":"MN670019009010012559","cur_code":"MNT","int_amount":"-78246.58","princ_amount":"20921753.42"}}] []
[2023-04-25T09:40:11.548910+08:00] Request.INFO: request_getLnAvailableBal {"acntno":"MN800019009000035293"} []
[2023-04-25T09:40:12.199716+08:00] Response.INFO: response_getLnAvailableBal [{"stdClass":{"acnt_code":"MN800019009000035293","ln_available_amount":"22754753.99"}}] []
[2023-04-25T09:40:20.196352+08:00] Request.INFO: request_getIntPayCalc {"acntno":"MN800019009000035293","approve_amount":21000000} []
[2023-04-25T09:40:20.660958+08:00] Response.INFO: response_getIntPayCalc [{"stdClass":{"acntno":"MN800019009000035293","cur_code":"MNT","int_amount":"3490717.81","princ_amount":"24490717.81"}}] []
[2023-04-25T09:40:33.313336+08:00] Request.INFO: request_getIntPayCalc {"acntno":"MN800019009000035293","approve_amount":21000000} []
[2023-04-25T09:40:33.788250+08:00] Response.INFO: response_getIntPayCalc [{"stdClass":{"acntno":"MN800019009000035293","cur_code":"MNT","int_amount":"3490717.81","princ_amount":"24490717.81"}}] []
[2023-04-25T09:44:39.724908+08:00] Request.INFO: request_getLnAvailableBal {"acntno":"MN400019009010012560"} []
[2023-04-25T09:44:40.538964+08:00] Response.INFO: response_getLnAvailableBal [{"stdClass":{"acnt_code":"MN400019009010012560","ln_available_amount":"128226.57"}}] []
[2023-04-25T09:44:51.204929+08:00] Request.INFO: request_getIntPayCalc {"acntno":"MN400019009010012560","approve_amount":120000} []
[2023-04-25T09:44:51.659673+08:00] Response.INFO: response_getIntPayCalc [{"stdClass":{"acntno":"MN400019009010012560","cur_code":"MNT","int_amount":"-447.12","princ_amount":"119552.88"}}] []
[2023-04-25T09:36:03.101300+08:00] Request.INFO: request_getLnAvailableBal {"acntno":"MN310019009070001693"} []
[2023-04-25T09:36:04.749925+08:00] Response.INFO: response_getLnAvailableBal [{"stdClass":{"acnt_code":"MN310019009070001693","ln_available_amount":"21250260.3"}}] []
[2023-04-25T09:36:19.451750+08:00] Request.INFO: request_getIntPayCalc {"acntno":"MN310019009070001693","approve_amount":20010000} []
[2023-04-25T09:36:19.943670+08:00] Response.INFO: response_getIntPayCalc [{"stdClass":{"acntno":"MN310019009070001693","cur_code":"MNT","int_amount":"6849340.77","princ_amount":"26859340.77"}}] []
[2023-04-25T09:37:20.960312+08:00] Request.INFO: request_getLnAvailableBal {"acntno":"MN310019009070001693"} []
[2023-04-25T09:37:21.436350+08:00] Response.INFO: response_getLnAvailableBal [{"stdClass":{"acnt_code":"MN310019009070001693","ln_available_amount":"29750260.3"}}] []
[2023-04-25T09:37:31.487093+08:00] Request.INFO: request_getIntPayCalc {"acntno":"MN310019009070001693","approve_amount":20010000} []
[2023-04-25T09:37:31.983093+08:00] Response.INFO: response_getIntPayCalc [{"stdClass":{"acntno":"MN310019009070001693","cur_code":"MNT","int_amount":"6849340.77","princ_amount":"26859340.77"}}] []
[2023-04-25T09:37:45.689322+08:00] Request.INFO: request_getIntPayCalc {"acntno":"MN310019009070001693","approve_amount":20010000} []
[2023-04-25T09:37:46.175727+08:00] Response.INFO: response_getIntPayCalc [{"stdClass":{"acntno":"MN310019009070001693","cur_code":"MNT","int_amount":"6849340.77","princ_amount":"26859340.77"}}] []
[2023-04-25T11:15:13.097991+08:00] Request.INFO: request_getLnAvailableBal {"acntno":"MN460019009100000225"} []
