[2023-04-19T10:30:12.527025+08:00] Request.INFO: request_getLnAvailableBal {"acntno":"MN110019009000041094"} []
[2023-04-19T10:30:26.054957+08:00] Request.INFO: request_getLnAvailableBal {"acntno":"MN110019009000041094"} []
[2023-04-19T10:32:23.666349+08:00] Request.INFO: request_getLnAvailableBal {"acntno":"MN110019009000041094"} []
[2023-04-19T16:26:11.532027+08:00] Request.INFO: request_getLnAvailableBal {"acntno":"MN070019009000035443"} []
[2023-04-19T16:26:12.612246+08:00] Response.INFO: response_getLnAvailableBal [{"stdClass":{"acnt_code":"MN070019009000035443","ln_available_amount":"2885000"}}] []
[2023-04-19T16:26:14.681078+08:00] Request.INFO: request_getLnAvailableBal {"acntno":"MN180019009000035633"} []
[2023-04-19T16:26:15.356306+08:00] Response.INFO: response_getLnAvailableBal [{"stdClass":{"acnt_code":"MN180019009000035633","ln_available_amount":"0"}}] []
[2023-04-19T16:26:23.436046+08:00] Request.INFO: request_getLnAvailableBal {"acntno":"MN070019009000035443"} []
[2023-04-19T16:26:23.896108+08:00] Response.INFO: response_getLnAvailableBal [{"stdClass":{"acnt_code":"MN070019009000035443","ln_available_amount":"2885000"}}] []
[2023-04-19T16:27:25.246888+08:00] Request.INFO: request_getLnAvailableBal {"acntno":"MN180019009000035633"} []
[2023-04-19T16:27:25.693497+08:00] Response.INFO: response_getLnAvailableBal [{"stdClass":{"acnt_code":"MN180019009000035633","ln_available_amount":"4250000"}}] []
[2023-04-19T16:27:57.432384+08:00] Request.INFO: request_getIntPayCalc {"acntno":"MN180019009000035633","approve_amount":4250000} []
[2023-04-19T16:27:57.866286+08:00] Response.INFO: response_getIntPayCalc [{"stdClass":{"acntno":"MN180019009000035633","cur_code":"MNT","int_amount":"1683000","princ_amount":"5933000"}}] []
[2023-04-19T16:29:28.048216+08:00] Request.INFO: request_getLnAvailableBal {"acntno":"MN180019009000035633"} []
[2023-04-19T16:29:28.513649+08:00] Response.INFO: response_getLnAvailableBal [{"stdClass":{"acnt_code":"MN180019009000035633","ln_available_amount":"4250000"}}] []
[2023-04-19T16:30:21.137715+08:00] Request.INFO: request_getLnAvailableBal {"acntno":"MN180019009000035633"} []
[2023-04-19T16:30:21.600990+08:00] Response.INFO: response_getLnAvailableBal [{"stdClass":{"acnt_code":"MN180019009000035633","ln_available_amount":"4250000"}}] []
[2023-04-19T16:30:28.610360+08:00] Request.INFO: request_getIntPayCalc {"acntno":"MN180019009000035633","approve_amount":4250000} []
[2023-04-19T16:30:29.046115+08:00] Response.INFO: response_getIntPayCalc [{"stdClass":{"acntno":"MN180019009000035633","cur_code":"MNT","int_amount":"1683000","princ_amount":"5933000"}}] []
[2023-04-19T16:30:31.035063+08:00] Request.INFO: request_getIntPayCalc {"acntno":"MN180019009000035633","approve_amount":4060000} []
[2023-04-19T16:30:31.503505+08:00] Response.INFO: response_getIntPayCalc [{"stdClass":{"acntno":"MN180019009000035633","cur_code":"MNT","int_amount":"1607760","princ_amount":"5667760"}}] []
[2023-04-19T16:31:24.603627+08:00] Request.INFO: request_getLnAvailableBal {"acntno":"MN180019009000035633"} []
[2023-04-19T16:31:25.073744+08:00] Response.INFO: response_getLnAvailableBal [{"stdClass":{"acnt_code":"MN180019009000035633","ln_available_amount":"4250000"}}] []
[2023-04-19T16:32:10.181286+08:00] Request.INFO: request_getIntPayCalc {"acntno":"MN180019009000035633","approve_amount":3500000} []
[2023-04-19T16:32:10.658114+08:00] Response.INFO: response_getIntPayCalc [{"stdClass":{"acntno":"MN180019009000035633","cur_code":"MNT","int_amount":"1386000","princ_amount":"4886000"}}] []
[2023-04-19T16:34:41.829352+08:00] Request.INFO: request_getIntPayCalc {"acntno":"MN180019009000035633","approve_amount":3020000} []
[2023-04-19T16:34:42.291136+08:00] Response.INFO: response_getIntPayCalc [{"stdClass":{"acntno":"MN180019009000035633","cur_code":"MNT","int_amount":"1195920","princ_amount":"4215920"}}] []
[2023-04-19T16:46:24.245779+08:00] Request.INFO: request_getIntPayCalc {"acntno":"MN180019009000035633","approve_amount":3582000} []
[2023-04-19T16:46:24.704030+08:00] Response.INFO: response_getIntPayCalc [{"stdClass":{"acntno":"MN180019009000035633","cur_code":"MNT","int_amount":"1418472","princ_amount":"5000472"}}] []
[2023-04-19T16:46:36.210149+08:00] Request.INFO: request_getIntPayCalc {"acntno":"MN180019009000035633","approve_amount":3581660} []
[2023-04-19T16:46:36.649985+08:00] Response.INFO: response_getIntPayCalc [{"stdClass":{"acntno":"MN180019009000035633","cur_code":"MNT","int_amount":"1418337.36","princ_amount":"4999997.36"}}] []
