[2023-05-03T10:12:38.126047+08:00] Request.INFO: request_getLnAvailableBal {"acntno":"MN570019009070001710"} []
[2023-05-03T10:12:39.433575+08:00] Response.INFO: response_getLnAvailableBal [{"stdClass":{"acnt_code":"MN570019009070001710","ln_available_amount":"10223797.21"}}] []
[2023-05-03T10:13:02.164679+08:00] Request.INFO: request_getLnAvailableBal {"acntno":"MN570019009070001710"} []
[2023-05-03T10:13:02.620637+08:00] Response.INFO: response_getLnAvailableBal [{"stdClass":{"acnt_code":"MN570019009070001710","ln_available_amount":"10223797.21"}}] []
[2023-05-03T10:13:12.056906+08:00] Request.INFO: request_getLnAvailableBal {"acntno":"MN480019009070001775"} []
[2023-05-03T10:13:12.810713+08:00] Response.INFO: response_getLnAvailableBal [{"stdClass":{"acnt_code":"MN480019009070001775","ln_available_amount":"16991500"}}] []
[2023-05-03T10:13:13.759048+08:00] Request.INFO: request_getLnAvailableBal {"acntno":"MN570019009070001710"} []
[2023-05-03T10:13:14.204979+08:00] Response.INFO: response_getLnAvailableBal [{"stdClass":{"acnt_code":"MN570019009070001710","ln_available_amount":"10223797.21"}}] []
[2023-05-03T10:16:01.015436+08:00] Request.INFO: request_getIntPayCalc {"acntno":"MN570019009070001710","approve_amount":2100000} []
[2023-05-03T10:16:01.484044+08:00] Response.INFO: response_getIntPayCalc [{"stdClass":{"acntno":"MN570019009070001710","cur_code":"MNT","int_amount":"183073.97","princ_amount":"2283073.97"}}] []
[2023-05-03T10:32:17.409198+08:00] Request.INFO: request_getLnAvailableBal {"acntno":"MN480019009070001775"} []
[2023-05-03T10:32:18.159619+08:00] Response.INFO: response_getLnAvailableBal [{"stdClass":{"acnt_code":"MN480019009070001775","ln_available_amount":"16991500"}}] []
[2023-05-03T10:32:20.819215+08:00] Request.INFO: request_getLnAvailableBal {"acntno":"MN570019009070001710"} []
[2023-05-03T10:32:21.264572+08:00] Response.INFO: response_getLnAvailableBal [{"stdClass":{"acnt_code":"MN570019009070001710","ln_available_amount":"10223797.21"}}] []
[2023-05-03T10:32:37.808965+08:00] Request.INFO: request_getIntPayCalc {"acntno":"MN570019009070001710","approve_amount":2100000} []
[2023-05-03T10:32:38.272454+08:00] Response.INFO: response_getIntPayCalc [{"stdClass":{"acntno":"MN570019009070001710","cur_code":"MNT","int_amount":"183073.97","princ_amount":"2283073.97"}}] []
[2023-05-03T10:33:24.941574+08:00] Request.INFO: request_getIntPayCalc {"acntno":"MN570019009070001710","approve_amount":2100000} []
[2023-05-03T10:33:25.389219+08:00] Response.INFO: response_getIntPayCalc [{"stdClass":{"acntno":"MN570019009070001710","cur_code":"MNT","int_amount":"183073.97","princ_amount":"2283073.97"}}] []
[2023-05-03T10:33:56.170441+08:00] Request.INFO: request_getIntPayCalc {"acntno":"MN570019009070001710","approve_amount":2100000} []
[2023-05-03T10:33:56.610971+08:00] Response.INFO: response_getIntPayCalc [{"stdClass":{"acntno":"MN570019009070001710","cur_code":"MNT","int_amount":"183073.97","princ_amount":"2283073.97"}}] []
[2023-05-03T10:34:49.942526+08:00] Request.INFO: request_getIntPayCalc {"acntno":"MN570019009070001710","approve_amount":2100000} []
[2023-05-03T10:34:50.455808+08:00] Response.INFO: response_getIntPayCalc [{"stdClass":{"acntno":"MN570019009070001710","cur_code":"MNT","int_amount":"183073.97","princ_amount":"2283073.97"}}] []
[2023-05-03T10:40:49.953164+08:00] Request.INFO: request_getLnAvailableBal {"acntno":"MN480019009070001775"} []
[2023-05-03T10:40:50.423077+08:00] Response.INFO: response_getLnAvailableBal [{"stdClass":{"acnt_code":"MN480019009070001775","ln_available_amount":"16991500"}}] []
[2023-05-03T10:40:53.072298+08:00] Request.INFO: request_getLnAvailableBal {"acntno":"MN570019009070001710"} []
[2023-05-03T10:40:53.537249+08:00] Response.INFO: response_getLnAvailableBal [{"stdClass":{"acnt_code":"MN570019009070001710","ln_available_amount":"8123797.21"}}] []
[2023-05-03T10:42:20.729127+08:00] Request.INFO: request_getIntPayCalc {"acntno":"MN570019009070001710","approve_amount":4500000} []
[2023-05-03T10:42:21.250244+08:00] Response.INFO: response_getIntPayCalc [{"stdClass":{"acntno":"MN570019009070001710","cur_code":"MNT","int_amount":"392301.37","princ_amount":"4892301.37"}}] []
[2023-05-03T10:42:39.889371+08:00] Request.INFO: request_getIntPayCalc {"acntno":"MN570019009070001710","approve_amount":4500000} []
[2023-05-03T10:42:40.320122+08:00] Response.INFO: response_getIntPayCalc [{"stdClass":{"acntno":"MN570019009070001710","cur_code":"MNT","int_amount":"392301.37","princ_amount":"4892301.37"}}] []
[2023-05-03T10:42:44.871590+08:00] Request.INFO: request_getIntPayCalc {"acntno":"MN570019009070001710","approve_amount":4500000} []
[2023-05-03T10:42:45.319008+08:00] Response.INFO: response_getIntPayCalc [{"stdClass":{"acntno":"MN570019009070001710","cur_code":"MNT","int_amount":"392301.37","princ_amount":"4892301.37"}}] []
[2023-05-03T10:43:26.565922+08:00] Request.INFO: request_getIntPayCalc {"acntno":"MN570019009070001710","approve_amount":4500000} []
[2023-05-03T10:43:26.995567+08:00] Response.INFO: response_getIntPayCalc [{"stdClass":{"acntno":"MN570019009070001710","cur_code":"MNT","int_amount":"392301.37","princ_amount":"4892301.37"}}] []
[2023-05-03T10:43:37.492261+08:00] Request.INFO: request_getIntPayCalc {"acntno":"MN570019009070001710","approve_amount":4500000} []
[2023-05-03T10:43:38.023580+08:00] Response.INFO: response_getIntPayCalc [{"stdClass":{"acntno":"MN570019009070001710","cur_code":"MNT","int_amount":"392301.37","princ_amount":"4892301.37"}}] []
[2023-05-03T10:48:27.954020+08:00] Request.INFO: request_getLnAvailableBal {"acntno":"MN570019009070001710"} []
[2023-05-03T10:48:28.395968+08:00] Response.INFO: response_getLnAvailableBal [{"stdClass":{"acnt_code":"MN570019009070001710","ln_available_amount":"3623797.21"}}] []
[2023-05-03T10:48:43.648561+08:00] Request.INFO: request_getIntPayCalc {"acntno":"MN570019009070001710","approve_amount":3623797.21} []
[2023-05-03T10:48:44.102771+08:00] Response.INFO: response_getIntPayCalc [{"stdClass":{"acntno":"MN570019009070001710","cur_code":"MNT","int_amount":"315915.69","princ_amount":"3939712.9"}}] []
[2023-05-03T10:48:53.578304+08:00] Request.INFO: request_getIntPayCalc {"acntno":"MN570019009070001710","approve_amount":3623797.21} []
[2023-05-03T10:48:54.042241+08:00] Response.INFO: response_getIntPayCalc [{"stdClass":{"acntno":"MN570019009070001710","cur_code":"MNT","int_amount":"315915.69","princ_amount":"3939712.9"}}] []
[2023-05-03T10:50:46.792300+08:00] Request.INFO: request_getLnAvailableBal {"acntno":"MN570019009070001710"} []
[2023-05-03T10:50:47.241181+08:00] Response.INFO: response_getLnAvailableBal [{"stdClass":{"acnt_code":"MN570019009070001710","ln_available_amount":"0"}}] []
[2023-05-03T10:51:39.053712+08:00] Request.INFO: request_getLnAvailableBal {"acntno":"MN100019009070001877"} []
[2023-05-03T10:51:39.807162+08:00] Response.INFO: response_getLnAvailableBal [{"stdClass":{"acnt_code":"MN100019009070001877","ln_available_amount":"841500"}}] []
[2023-05-03T10:51:48.131275+08:00] Request.INFO: request_getLnAvailableBal {"acntno":"MN100019009070001877"} []
[2023-05-03T10:51:48.598619+08:00] Response.INFO: response_getLnAvailableBal [{"stdClass":{"acnt_code":"MN100019009070001877","ln_available_amount":"841500"}}] []
[2023-05-03T10:54:13.781841+08:00] Request.INFO: request_getLnAvailableBal {"acntno":"MN570019009070001710"} []
[2023-05-03T10:54:14.232305+08:00] Response.INFO: response_getLnAvailableBal [{"stdClass":{"acnt_code":"MN570019009070001710","ln_available_amount":"2550000"}}] []
[2023-05-03T10:54:21.649438+08:00] Request.INFO: request_getIntPayCalc {"acntno":"MN570019009070001710","approve_amount":2550000} []
[2023-05-03T10:54:22.098543+08:00] Response.INFO: response_getIntPayCalc [{"stdClass":{"acntno":"MN570019009070001710","cur_code":"MNT","int_amount":"222304.11","princ_amount":"2772304.11"}}] []
[2023-05-03T10:54:31.124015+08:00] Request.INFO: request_getIntPayCalc {"acntno":"MN570019009070001710","approve_amount":2550000} []
[2023-05-03T10:54:31.571312+08:00] Response.INFO: response_getIntPayCalc [{"stdClass":{"acntno":"MN570019009070001710","cur_code":"MNT","int_amount":"222304.11","princ_amount":"2772304.11"}}] []
[2023-05-03T11:00:00.926836+08:00] Request.INFO: request_getLnAvailableBal {"acntno":"MN100019009070001877"} []
[2023-05-03T11:00:01.362335+08:00] Response.INFO: response_getLnAvailableBal [{"stdClass":{"acnt_code":"MN100019009070001877","ln_available_amount":"841500"}}] []
[2023-05-03T11:00:09.059206+08:00] Request.INFO: request_getIntPayCalc {"acntno":"MN100019009070001877","approve_amount":10000.0} []
[2023-05-03T11:00:09.498927+08:00] Response.INFO: response_getIntPayCalc [{"stdClass":{"acntno":"MN100019009070001877","cur_code":"MNT","int_amount":"113.01","princ_amount":"10113.01"}}] []
[2023-05-03T11:00:29.162577+08:00] Request.INFO: request_getIntPayCalc {"acntno":"MN100019009070001877","approve_amount":10000.0} []
[2023-05-03T11:00:29.594569+08:00] Response.INFO: response_getIntPayCalc [{"stdClass":{"acntno":"MN100019009070001877","cur_code":"MNT","int_amount":"113.01","princ_amount":"10113.01"}}] []
[2023-05-03T11:00:58.307338+08:00] Request.INFO: request_getLnAvailableBal {"acntno":"MN110019009000030715"} []
[2023-05-03T11:00:59.178365+08:00] Response.INFO: response_getLnAvailableBal [{"stdClass":{"acnt_code":"MN110019009000030715","ln_available_amount":"2125251.78"}}] []
[2023-05-03T11:01:10.399048+08:00] Request.INFO: request_getIntPayCalc {"acntno":"MN110019009000030715","approve_amount":2125000} []
[2023-05-03T11:01:10.825783+08:00] Response.INFO: response_getIntPayCalc [{"stdClass":{"acntno":"MN110019009000030715","cur_code":"MNT","int_amount":"131633.56","princ_amount":"2256633.56"}}] []
[2023-05-03T11:01:18.958184+08:00] Request.INFO: request_getIntPayCalc {"acntno":"MN110019009000030715","approve_amount":2125000} []
[2023-05-03T11:01:19.477784+08:00] Response.INFO: response_getIntPayCalc [{"stdClass":{"acntno":"MN110019009000030715","cur_code":"MNT","int_amount":"131633.56","princ_amount":"2256633.56"}}] []
[2023-05-03T11:04:25.089541+08:00] Request.INFO: request_getLnAvailableBal {"acntno":"MN110019009000030715"} []
[2023-05-03T11:04:25.542017+08:00] Response.INFO: response_getLnAvailableBal [{"stdClass":{"acnt_code":"MN110019009000030715","ln_available_amount":"2125251.78"}}] []
[2023-05-03T11:04:44.308828+08:00] Request.INFO: request_getLnAvailableBal {"acntno":"MN110019009000030715"} []
[2023-05-03T11:04:44.744770+08:00] Response.INFO: response_getLnAvailableBal [{"stdClass":{"acnt_code":"MN110019009000030715","ln_available_amount":"2125251.78"}}] []
[2023-05-03T11:04:57.692557+08:00] Request.INFO: request_getIntPayCalc {"acntno":"MN110019009000030715","approve_amount":2005000} []
[2023-05-03T11:04:58.176420+08:00] Response.INFO: response_getIntPayCalc [{"stdClass":{"acntno":"MN110019009000030715","cur_code":"MNT","int_amount":"124200.14","princ_amount":"2129200.14"}}] []
[2023-05-03T11:05:06.668305+08:00] Request.INFO: request_getIntPayCalc {"acntno":"MN110019009000030715","approve_amount":2005000} []
[2023-05-03T11:05:07.129136+08:00] Response.INFO: response_getIntPayCalc [{"stdClass":{"acntno":"MN110019009000030715","cur_code":"MNT","int_amount":"124200.14","princ_amount":"2129200.14"}}] []
[2023-05-03T11:37:04.875519+08:00] Request.INFO: request_getLnAvailableBal {"acntno":"MN030019009000035709"} []
[2023-05-03T11:37:05.926006+08:00] Response.INFO: response_getLnAvailableBal [{"stdClass":{"acnt_code":"MN030019009000035709","ln_available_amount":"854250"}}] []
[2023-05-03T11:37:18.792976+08:00] Request.INFO: request_getIntPayCalc {"acntno":"MN030019009000035709","approve_amount":200000.0} []
[2023-05-03T11:37:19.242953+08:00] Response.INFO: response_getIntPayCalc [{"stdClass":{"acntno":"MN030019009000035709","cur_code":"MNT","int_amount":"27616.44","princ_amount":"227616.44"}}] []
[2023-05-03T11:37:28.758117+08:00] Request.INFO: request_getIntPayCalc {"acntno":"MN030019009000035709","approve_amount":200000.0} []
[2023-05-03T11:37:29.196807+08:00] Response.INFO: response_getIntPayCalc [{"stdClass":{"acntno":"MN030019009000035709","cur_code":"MNT","int_amount":"27616.44","princ_amount":"227616.44"}}] []
[2023-05-03T15:13:25.477737+08:00] Request.INFO: request_getLnAvailableBal {"acntno":"MN480019009070001775"} []
[2023-05-03T15:13:25.965704+08:00] Response.INFO: response_getLnAvailableBal [{"stdClass":{"acnt_code":"MN480019009070001775","ln_available_amount":"16991500"}}] []
[2023-05-03T15:13:37.697022+08:00] Request.INFO: request_getIntPayCalc {"acntno":"MN480019009070001775","approve_amount":1000000.0} []
[2023-05-03T15:13:38.145021+08:00] Response.INFO: response_getIntPayCalc [{"stdClass":{"acntno":"MN480019009070001775","cur_code":"MNT","int_amount":"109479.45","princ_amount":"1109479.45"}}] []
[2023-05-03T15:13:51.282775+08:00] Request.INFO: request_getIntPayCalc {"acntno":"MN480019009070001775","approve_amount":1000000.0} []
[2023-05-03T15:13:51.722385+08:00] Response.INFO: response_getIntPayCalc [{"stdClass":{"acntno":"MN480019009070001775","cur_code":"MNT","int_amount":"109479.45","princ_amount":"1109479.45"}}] []
[2023-05-03T16:29:24.968575+08:00] Request.INFO: request_getLnAvailableBal {"acntno":"MN070019009000035443"} []
[2023-05-03T16:29:25.761441+08:00] Response.INFO: response_getLnAvailableBal [{"stdClass":{"acnt_code":"MN070019009000035443","ln_available_amount":"1878737.07"}}] []
[2023-05-03T16:29:31.542759+08:00] Request.INFO: request_getIntPayCalc {"acntno":"MN070019009000035443","approve_amount":125000} []
[2023-05-03T16:29:32.010587+08:00] Response.INFO: response_getIntPayCalc [{"stdClass":{"acntno":"MN070019009000035443","cur_code":"MNT","int_amount":"46041.78","princ_amount":"171041.78"}}] []
