[2023-08-08T14:09:35.160779+08:00] Request.INFO: request_getLnAvailableBal {"acntno":"MN180019009000035633"} []
[2023-08-08T14:09:36.054210+08:00] Response.INFO: response_getLnAvailableBal [{"stdClass":{"acnt_code":"MN180019009000035633","ln_available_amount":"4381864.16"}}] []
[2023-08-08T14:10:11.811569+08:00] Request.INFO: request_getIntPayCalc {"acntno":"MN180019009000035633","approve_amount":4380000} []
[2023-08-08T14:10:12.244074+08:00] Response.INFO: response_getIntPayCalc [{"stdClass":{"acntno":"MN180019009000035633","cur_code":"MNT","int_amount":"1470744","princ_amount":"5850744"}}] []
[2023-08-08T14:18:08.119035+08:00] Request.INFO: request_getLnAvailableBal {"acntno":"MN180019009000035633"} []
[2023-08-08T14:18:08.565932+08:00] Response.INFO: response_getLnAvailableBal [{"stdClass":{"acnt_code":"MN180019009000035633","ln_available_amount":"4381864.16"}}] []
[2023-08-08T14:18:50.234989+08:00] Request.INFO: request_getIntPayCalc {"acntno":"MN180019009000035633","approve_amount":4380000} []
[2023-08-08T14:18:50.688005+08:00] Response.INFO: response_getIntPayCalc [{"stdClass":{"acntno":"MN180019009000035633","cur_code":"MNT","int_amount":"1470744","princ_amount":"5850744"}}] []
[2023-08-08T14:24:11.356260+08:00] Request.INFO: request_getLnAvailableBal {"acntno":"MN180019009000035633"} []
[2023-08-08T14:24:11.817144+08:00] Response.INFO: response_getLnAvailableBal [{"stdClass":{"acnt_code":"MN180019009000035633","ln_available_amount":"4381864.16"}}] []
[2023-08-08T14:24:22.580603+08:00] Request.INFO: request_getIntPayCalc {"acntno":"MN180019009000035633","approve_amount":3900000} []
[2023-08-08T14:24:23.022892+08:00] Response.INFO: response_getIntPayCalc [{"stdClass":{"acntno":"MN180019009000035633","cur_code":"MNT","int_amount":"1309566.58","princ_amount":"5209566.58"}}] []
[2023-08-08T14:24:30.571085+08:00] Request.INFO: request_getIntPayCalc {"acntno":"MN180019009000035633","approve_amount":3866000} []
[2023-08-08T14:24:31.026620+08:00] Response.INFO: response_getIntPayCalc [{"stdClass":{"acntno":"MN180019009000035633","cur_code":"MNT","int_amount":"1298149.84","princ_amount":"5164149.84"}}] []
[2023-08-08T14:25:14.600195+08:00] Request.INFO: request_getIntPayCalc {"acntno":"MN180019009000035633","approve_amount":3865000} []
[2023-08-08T14:25:15.032717+08:00] Response.INFO: response_getIntPayCalc [{"stdClass":{"acntno":"MN180019009000035633","cur_code":"MNT","int_amount":"1297814.05","princ_amount":"5162814.05"}}] []
[2023-08-08T14:25:43.898652+08:00] Request.INFO: request_getIntPayCalc {"acntno":"MN180019009000035633","approve_amount":3860000} []
[2023-08-08T14:25:44.337996+08:00] Response.INFO: response_getIntPayCalc [{"stdClass":{"acntno":"MN180019009000035633","cur_code":"MNT","int_amount":"1296135.12","princ_amount":"5156135.12"}}] []
[2023-08-08T14:25:50.828402+08:00] Request.INFO: request_getIntPayCalc {"acntno":"MN180019009000035633","approve_amount":3850000} []
[2023-08-08T14:25:51.250011+08:00] Response.INFO: response_getIntPayCalc [{"stdClass":{"acntno":"MN180019009000035633","cur_code":"MNT","int_amount":"1292777.26","princ_amount":"5142777.26"}}] []
[2023-08-08T14:27:46.367311+08:00] Request.INFO: request_getLnAvailableBal {"acntno":"MN180019009000035633"} []
[2023-08-08T14:27:46.803603+08:00] Response.INFO: response_getLnAvailableBal [{"stdClass":{"acnt_code":"MN180019009000035633","ln_available_amount":"4381864.16"}}] []
[2023-08-08T14:27:54.314786+08:00] Request.INFO: request_getIntPayCalc {"acntno":"MN180019009000035633","approve_amount":3159000} []
[2023-08-08T14:27:54.736846+08:00] Response.INFO: response_getIntPayCalc [{"stdClass":{"acntno":"MN180019009000035633","cur_code":"MNT","int_amount":"1060748.93","princ_amount":"4219748.93"}}] []
[2023-08-08T14:31:05.874613+08:00] Request.INFO: request_getIntPayCalc {"acntno":"MN180019009000035633","approve_amount":3159000} []
[2023-08-08T14:31:06.325441+08:00] Response.INFO: response_getIntPayCalc [{"stdClass":{"acntno":"MN180019009000035633","cur_code":"MNT","int_amount":"1060748.93","princ_amount":"4219748.93"}}] []
[2023-08-08T14:31:15.129952+08:00] Request.INFO: request_getIntPayCalc {"acntno":"MN180019009000035633","approve_amount":3159000} []
[2023-08-08T14:31:15.576846+08:00] Response.INFO: response_getIntPayCalc [{"stdClass":{"acntno":"MN180019009000035633","cur_code":"MNT","int_amount":"1060748.93","princ_amount":"4219748.93"}}] []
[2023-08-08T14:33:49.306992+08:00] Request.INFO: request_getLnAvailableBal {"acntno":"MN820019009000035742"} []
[2023-08-08T14:33:50.027413+08:00] Response.INFO: response_getLnAvailableBal [{"stdClass":{"acnt_code":"MN820019009000035742","ln_available_amount":"43057391.27"}}] []
[2023-08-08T14:33:56.840078+08:00] Request.INFO: request_getLnAvailableBal {"acntno":"MN800019009000035293"} []
[2023-08-08T14:33:57.630090+08:00] Response.INFO: response_getLnAvailableBal [{"stdClass":{"acnt_code":"MN800019009000035293","ln_available_amount":"27889412.23"}}] []
[2023-08-08T14:34:02.863816+08:00] Request.INFO: request_getLnAvailableBal {"acntno":"MN100019009000035292"} []
[2023-08-08T14:34:03.561266+08:00] Response.INFO: response_getLnAvailableBal [{"stdClass":{"acnt_code":"MN100019009000035292","ln_available_amount":"407.85"}}] []
[2023-08-08T14:34:05.787506+08:00] Request.INFO: request_getLnAvailableBal {"acntno":"MN070019009000035443"} []
[2023-08-08T14:34:06.474729+08:00] Response.INFO: response_getLnAvailableBal [{"stdClass":{"acnt_code":"MN070019009000035443","ln_available_amount":"2420701.19"}}] []
[2023-08-08T14:34:16.651970+08:00] Request.INFO: request_getLnAvailableBal {"acntno":"MN180019009000035633"} []
[2023-08-08T14:34:17.087337+08:00] Response.INFO: response_getLnAvailableBal [{"stdClass":{"acnt_code":"MN180019009000035633","ln_available_amount":"1222864.16"}}] []
[2023-08-08T14:34:58.984324+08:00] Request.INFO: request_getLnAvailableBal {"acntno":"MN180019009000035633"} []
[2023-08-08T14:34:59.498526+08:00] Response.INFO: response_getLnAvailableBal [{"stdClass":{"acnt_code":"MN180019009000035633","ln_available_amount":"3908014.16"}}] []
[2023-08-08T14:36:07.174147+08:00] Request.INFO: request_getLnAvailableBal {"acntno":"MN180019009000035633"} []
[2023-08-08T14:36:07.623028+08:00] Response.INFO: response_getLnAvailableBal [{"stdClass":{"acnt_code":"MN180019009000035633","ln_available_amount":"7067014.16"}}] []
[2023-08-08T14:37:25.822868+08:00] Request.INFO: request_getIntPayCalc {"acntno":"MN180019009000035633","approve_amount":7067000} []
[2023-08-08T14:37:26.272704+08:00] Response.INFO: response_getIntPayCalc [{"stdClass":{"acntno":"MN180019009000035633","cur_code":"MNT","int_amount":"2373001.79","princ_amount":"9440001.79"}}] []
[2023-08-08T14:38:33.308503+08:00] Request.INFO: request_getIntPayCalc {"acntno":"MN180019009000035633","approve_amount":6224000} []
[2023-08-08T14:38:33.742805+08:00] Response.INFO: response_getIntPayCalc [{"stdClass":{"acntno":"MN180019009000035633","cur_code":"MNT","int_amount":"2089933.94","princ_amount":"8313933.94"}}] []
[2023-08-08T14:38:51.870031+08:00] Request.INFO: request_getLnAvailableBal {"acntno":"MN180019009000035633"} []
[2023-08-08T14:38:52.307467+08:00] Response.INFO: response_getLnAvailableBal [{"stdClass":{"acnt_code":"MN180019009000035633","ln_available_amount":"7067014.16"}}] []
[2023-08-08T14:39:30.974182+08:00] Request.INFO: request_getIntPayCalc {"acntno":"MN180019009000035633","approve_amount":6224000} []
[2023-08-08T14:39:31.400824+08:00] Response.INFO: response_getIntPayCalc [{"stdClass":{"acntno":"MN180019009000035633","cur_code":"MNT","int_amount":"2089933.94","princ_amount":"8313933.94"}}] []
[2023-08-08T14:39:39.619504+08:00] Request.INFO: request_getIntPayCalc {"acntno":"MN180019009000035633","approve_amount":6224000} []
[2023-08-08T14:39:40.060560+08:00] Response.INFO: response_getIntPayCalc [{"stdClass":{"acntno":"MN180019009000035633","cur_code":"MNT","int_amount":"2089933.94","princ_amount":"8313933.94"}}] []
