[2023-05-29T09:34:46.653523+08:00] Request.INFO: request_getLnAvailableBal {"acntno":"MN670019009010012559"} []
[2023-05-29T09:34:47.709256+08:00] Response.INFO: response_getLnAvailableBal [{"stdClass":{"acnt_code":"MN670019009010012559","ln_available_amount":"856791500"}}] []
[2023-05-29T09:34:58.219444+08:00] Request.INFO: request_getIntPayCalc {"acntno":"MN670019009010012559","approve_amount":1000000} []
[2023-05-29T09:34:58.693623+08:00] Response.INFO: response_getIntPayCalc [{"stdClass":{"acntno":"MN670019009010012559","cur_code":"MNT","int_amount":"-19561.64","princ_amount":"980438.36"}}] []
[2023-05-29T09:37:01.456830+08:00] Request.INFO: request_getLnAvailableBal {"acntno":"MN940019009010012558"} []
[2023-05-29T09:37:02.281496+08:00] Response.INFO: response_getLnAvailableBal [{"stdClass":{"acnt_code":"MN940019009010012558","ln_available_amount":"-85"}}] []
[2023-05-29T09:37:06.617811+08:00] Request.INFO: request_getLnAvailableBal {"acntno":"MN670019009010012559"} []
[2023-05-29T09:37:07.065068+08:00] Response.INFO: response_getLnAvailableBal [{"stdClass":{"acnt_code":"MN670019009010012559","ln_available_amount":"856791500"}}] []
[2023-05-29T09:37:13.311044+08:00] Request.INFO: request_getIntPayCalc {"acntno":"MN670019009010012559","approve_amount":1000000} []
[2023-05-29T09:37:13.789060+08:00] Response.INFO: response_getIntPayCalc [{"stdClass":{"acntno":"MN670019009010012559","cur_code":"MNT","int_amount":"-19561.64","princ_amount":"980438.36"}}] []
[2023-05-29T09:42:50.677924+08:00] Request.INFO: request_getLnAvailableBal {"acntno":"MN210019009070001776"} []
[2023-05-29T09:42:51.348923+08:00] Response.INFO: response_getLnAvailableBal [{"stdClass":{"acnt_code":"MN210019009070001776","ln_available_amount":"9136927.32"}}] []
[2023-05-29T09:42:58.724576+08:00] Request.INFO: request_getIntPayCalc {"acntno":"MN210019009070001776","approve_amount":1000000} []
[2023-05-29T09:42:59.203455+08:00] Response.INFO: response_getIntPayCalc [{"stdClass":{"acntno":"MN210019009070001776","cur_code":"MNT","int_amount":"195000","princ_amount":"1195000"}}] []
[2023-05-29T09:43:12.857566+08:00] Request.INFO: request_getIntPayCalc {"acntno":"MN210019009070001776","approve_amount":1000000} []
[2023-05-29T09:43:13.319427+08:00] Response.INFO: response_getIntPayCalc [{"stdClass":{"acntno":"MN210019009070001776","cur_code":"MNT","int_amount":"195000","princ_amount":"1195000"}}] []
[2023-05-29T09:48:55.879511+08:00] Request.INFO: request_getLnAvailableBal {"acntno":"MN890019009010012551"} []
[2023-05-29T09:48:56.600318+08:00] Response.INFO: response_getLnAvailableBal [{"stdClass":{"acnt_code":"MN890019009010012551","ln_available_amount":"13623744.1"}}] []
[2023-05-29T09:49:02.451793+08:00] Request.INFO: request_getIntPayCalc {"acntno":"MN890019009010012551","approve_amount":1000000} []
[2023-05-29T09:49:02.906554+08:00] Response.INFO: response_getIntPayCalc [{"stdClass":{"acntno":"MN890019009010012551","cur_code":"MNT","int_amount":"100997.26","princ_amount":"1100997.26"}}] []
[2023-05-29T09:49:13.301488+08:00] Request.INFO: request_getIntPayCalc {"acntno":"MN890019009010012551","approve_amount":1000000} []
[2023-05-29T09:49:13.749252+08:00] Response.INFO: response_getIntPayCalc [{"stdClass":{"acntno":"MN890019009010012551","cur_code":"MNT","int_amount":"100997.26","princ_amount":"1100997.26"}}] []
[2023-05-29T09:49:57.015661+08:00] Request.INFO: request_getLnAvailableBal {"acntno":"MN890019009010012551"} []
[2023-05-29T09:49:57.778013+08:00] Response.INFO: response_getLnAvailableBal [{"stdClass":{"acnt_code":"MN890019009010012551","ln_available_amount":"12623744.1"}}] []
[2023-05-29T09:50:05.369325+08:00] Request.INFO: request_getIntPayCalc {"acntno":"MN890019009010012551","approve_amount":1700000} []
[2023-05-29T09:50:05.826647+08:00] Response.INFO: response_getIntPayCalc [{"stdClass":{"acntno":"MN890019009010012551","cur_code":"MNT","int_amount":"171695.34","princ_amount":"1871695.34"}}] []
[2023-05-29T09:50:16.823908+08:00] Request.INFO: request_getIntPayCalc {"acntno":"MN890019009010012551","approve_amount":1700000} []
[2023-05-29T09:50:17.270899+08:00] Response.INFO: response_getIntPayCalc [{"stdClass":{"acntno":"MN890019009010012551","cur_code":"MNT","int_amount":"171695.34","princ_amount":"1871695.34"}}] []
[2023-05-29T11:06:30.991319+08:00] Request.INFO: request_getLnAvailableBal {"acntno":"MN670019009010012559"} []
[2023-05-29T11:06:31.487046+08:00] Response.INFO: response_getLnAvailableBal [{"stdClass":{"acnt_code":"MN670019009010012559","ln_available_amount":"856791500"}}] []
[2023-05-29T11:06:35.258469+08:00] Request.INFO: request_getLnAvailableBal {"acntno":"MN440019009010012585"} []
[2023-05-29T11:06:36.018308+08:00] Response.INFO: response_getLnAvailableBal [{"stdClass":{"acnt_code":"MN440019009010012585","ln_available_amount":"-8500"}}] []
[2023-05-29T11:06:37.943616+08:00] Request.INFO: request_getLnAvailableBal {"acntno":"MN400019009010012560"} []
[2023-05-29T11:06:38.630184+08:00] Response.INFO: response_getLnAvailableBal [{"stdClass":{"acnt_code":"MN400019009010012560","ln_available_amount":"128226.57"}}] []
[2023-05-29T11:07:17.107599+08:00] Request.INFO: request_getIntPayCalc {"acntno":"MN400019009010012560","approve_amount":129000} []
[2023-05-29T11:07:17.572486+08:00] Response.INFO: response_getIntPayCalc [{"stdClass":{"acntno":"MN400019009010012560","cur_code":"MNT","int_amount":"-2523.45","princ_amount":"126476.55"}}] []
[2023-05-29T11:10:18.199289+08:00] Request.INFO: request_getLnAvailableBal {"acntno":"MN110019009000030715"} []
[2023-05-29T11:10:18.905985+08:00] Response.INFO: response_getLnAvailableBal [{"stdClass":{"acnt_code":"MN110019009000030715","ln_available_amount":"120251.78"}}] []
[2023-05-29T11:10:26.752560+08:00] Request.INFO: request_getIntPayCalc {"acntno":"MN110019009000030715","approve_amount":125000} []
[2023-05-29T11:10:27.202758+08:00] Response.INFO: response_getIntPayCalc [{"stdClass":{"acntno":"MN110019009000030715","cur_code":"MNT","int_amount":"6229.45","princ_amount":"131229.45"}}] []
[2023-05-29T11:10:38.572200+08:00] Request.INFO: request_getIntPayCalc {"acntno":"MN110019009000030715","approve_amount":125000} []
[2023-05-29T11:10:39.036669+08:00] Response.INFO: response_getIntPayCalc [{"stdClass":{"acntno":"MN110019009000030715","cur_code":"MNT","int_amount":"6229.45","princ_amount":"131229.45"}}] []
[2023-05-29T11:11:20.734691+08:00] Request.INFO: request_getLnAvailableBal {"acntno":"MN110019009000030715"} []
[2023-05-29T11:11:21.552183+08:00] Response.INFO: response_getLnAvailableBal [{"stdClass":{"acnt_code":"MN110019009000030715","ln_available_amount":"-4748.22"}}] []
[2023-05-29T11:11:25.523226+08:00] Request.INFO: request_getLnAvailableBal {"acntno":"MN570019009070001710"} []
[2023-05-29T11:11:26.374986+08:00] Response.INFO: response_getLnAvailableBal [{"stdClass":{"acnt_code":"MN570019009070001710","ln_available_amount":"89819.36"}}] []
[2023-05-29T11:11:35.170083+08:00] Request.INFO: request_getIntPayCalc {"acntno":"MN570019009070001710","approve_amount":95000} []
[2023-05-29T11:11:35.626316+08:00] Response.INFO: response_getIntPayCalc [{"stdClass":{"acntno":"MN570019009070001710","cur_code":"MNT","int_amount":"7030","princ_amount":"102030"}}] []
[2023-05-29T11:12:27.896581+08:00] Request.INFO: request_getLnAvailableBal {"acntno":"MN480019009070001775"} []
[2023-05-29T11:12:28.579540+08:00] Response.INFO: response_getLnAvailableBal [{"stdClass":{"acnt_code":"MN480019009070001775","ln_available_amount":"15991500"}}] []
[2023-05-29T11:13:12.287347+08:00] Request.INFO: request_getLnAvailableBal {"acntno":"MN890019009070001910"} []
[2023-05-29T11:13:12.963588+08:00] Response.INFO: response_getLnAvailableBal [{"stdClass":{"acnt_code":"MN890019009070001910","ln_available_amount":"759473.83"}}] []
[2023-05-29T11:13:25.031429+08:00] Request.INFO: request_getIntPayCalc {"acntno":"MN890019009070001910","approve_amount":770000} []
[2023-05-29T11:13:25.476791+08:00] Response.INFO: response_getIntPayCalc [{"stdClass":{"acntno":"MN890019009070001910","cur_code":"MNT","int_amount":"59891.23","princ_amount":"829891.23"}}] []
[2023-05-29T11:13:34.443852+08:00] Request.INFO: request_getLnAvailableBal {"acntno":"MN620019009070001911"} []
[2023-05-29T11:13:35.110101+08:00] Response.INFO: response_getLnAvailableBal [{"stdClass":{"acnt_code":"MN620019009070001911","ln_available_amount":"85030.18"}}] []
[2023-05-29T11:13:40.534480+08:00] Request.INFO: request_getIntPayCalc {"acntno":"MN620019009070001911","approve_amount":90000} []
[2023-05-29T11:13:40.988004+08:00] Response.INFO: response_getIntPayCalc [{"stdClass":{"acntno":"MN620019009070001911","cur_code":"MNT","int_amount":"16876.85","princ_amount":"106876.85"}}] []
[2023-05-29T11:14:41.875281+08:00] Request.INFO: request_getLnAvailableBal {"acntno":"MN480019009070001775"} []
[2023-05-29T11:14:42.340076+08:00] Response.INFO: response_getLnAvailableBal [{"stdClass":{"acnt_code":"MN480019009070001775","ln_available_amount":"15991500"}}] []
[2023-05-29T11:14:48.391771+08:00] Request.INFO: request_getLnAvailableBal {"acntno":"MN620019009070001911"} []
[2023-05-29T11:14:48.857383+08:00] Response.INFO: response_getLnAvailableBal [{"stdClass":{"acnt_code":"MN620019009070001911","ln_available_amount":"85030.18"}}] []
[2023-05-29T11:14:54.119643+08:00] Request.INFO: request_getLnAvailableBal {"acntno":"MN890019009070001910"} []
[2023-05-29T11:14:54.594653+08:00] Response.INFO: response_getLnAvailableBal [{"stdClass":{"acnt_code":"MN890019009070001910","ln_available_amount":"759473.83"}}] []
[2023-05-29T11:15:03.161944+08:00] Request.INFO: request_getIntPayCalc {"acntno":"MN890019009070001910","approve_amount":760000} []
[2023-05-29T11:15:03.602369+08:00] Response.INFO: response_getIntPayCalc [{"stdClass":{"acntno":"MN890019009070001910","cur_code":"MNT","int_amount":"59113.42","princ_amount":"819113.42"}}] []
[2023-05-29T11:19:08.138296+08:00] Request.INFO: request_getLnAvailableBal {"acntno":"MN890019009070001910"} []
[2023-05-29T11:19:08.602008+08:00] Response.INFO: response_getLnAvailableBal [{"stdClass":{"acnt_code":"MN890019009070001910","ln_available_amount":"759473.83"}}] []
[2023-05-29T11:19:42.484333+08:00] Request.INFO: request_getLnAvailableBal {"acntno":"MN890019009070001910"} []
[2023-05-29T11:19:42.930349+08:00] Response.INFO: response_getLnAvailableBal [{"stdClass":{"acnt_code":"MN890019009070001910","ln_available_amount":"759473.83"}}] []
[2023-05-29T11:20:03.713655+08:00] Request.INFO: request_getIntPayCalc {"acntno":"MN890019009070001910","approve_amount":850000} []
[2023-05-29T11:20:04.164650+08:00] Response.INFO: response_getIntPayCalc [{"stdClass":{"acntno":"MN890019009070001910","cur_code":"MNT","int_amount":"66113.7","princ_amount":"916113.7"}}] []
[2023-05-29T11:20:10.843806+08:00] Request.INFO: request_getIntPayCalc {"acntno":"MN890019009070001910","approve_amount":760000} []
[2023-05-29T11:20:11.311811+08:00] Response.INFO: response_getIntPayCalc [{"stdClass":{"acntno":"MN890019009070001910","cur_code":"MNT","int_amount":"59113.42","princ_amount":"819113.42"}}] []
[2023-05-29T11:20:21.290816+08:00] Request.INFO: request_getLnAvailableBal {"acntno":"MN890019009070001910"} []
[2023-05-29T11:20:21.735464+08:00] Response.INFO: response_getLnAvailableBal [{"stdClass":{"acnt_code":"MN890019009070001910","ln_available_amount":"759473.83"}}] []
[2023-05-29T11:20:28.039341+08:00] Request.INFO: request_getIntPayCalc {"acntno":"MN890019009070001910","approve_amount":765000} []
[2023-05-29T11:20:28.499467+08:00] Response.INFO: response_getIntPayCalc [{"stdClass":{"acntno":"MN890019009070001910","cur_code":"MNT","int_amount":"59502.33","princ_amount":"824502.33"}}] []
[2023-05-29T11:21:01.726217+08:00] Request.INFO: request_getLnAvailableBal {"acntno":"MN570019009070001710"} []
[2023-05-29T11:21:02.177593+08:00] Response.INFO: response_getLnAvailableBal [{"stdClass":{"acnt_code":"MN570019009070001710","ln_available_amount":"89819.36"}}] []
[2023-05-29T11:21:15.334384+08:00] Request.INFO: request_getIntPayCalc {"acntno":"MN570019009070001710","approve_amount":95000} []
[2023-05-29T11:21:15.792751+08:00] Response.INFO: response_getIntPayCalc [{"stdClass":{"acntno":"MN570019009070001710","cur_code":"MNT","int_amount":"7030","princ_amount":"102030"}}] []
[2023-05-29T11:23:05.579128+08:00] Request.INFO: request_getLnAvailableBal {"acntno":"MN110019009000030715"} []
[2023-05-29T11:23:06.020751+08:00] Response.INFO: response_getLnAvailableBal [{"stdClass":{"acnt_code":"MN110019009000030715","ln_available_amount":"-4748.22"}}] []
[2023-05-29T11:23:33.639122+08:00] Request.INFO: request_getLnAvailableBal {"acntno":"MN040019009070001694"} []
[2023-05-29T11:23:34.443665+08:00] Response.INFO: response_getLnAvailableBal [{"stdClass":{"acnt_code":"MN040019009070001694","ln_available_amount":"4191796.5"}}] []
[2023-05-29T11:23:45.421713+08:00] Request.INFO: request_getIntPayCalc {"acntno":"MN040019009070001694","approve_amount":4195000} []
[2023-05-29T11:23:45.881764+08:00] Response.INFO: response_getIntPayCalc [{"stdClass":{"acntno":"MN040019009070001694","cur_code":"MNT","int_amount":"302844.52","princ_amount":"4497844.52"}}] []
[2023-05-29T11:28:32.432231+08:00] Request.INFO: request_getLnAvailableBal {"acntno":"MN040019009070001694"} []
[2023-05-29T11:28:33.431968+08:00] Response.INFO: response_getLnAvailableBal [{"stdClass":{"acnt_code":"MN040019009070001694","ln_available_amount":"4191796.5"}}] []
[2023-05-29T11:30:57.540697+08:00] Request.INFO: request_getLnAvailableBal {"acntno":"MN210019009070001776"} []
[2023-05-29T11:30:58.333860+08:00] Response.INFO: response_getLnAvailableBal [{"stdClass":{"acnt_code":"MN210019009070001776","ln_available_amount":"8136927.32"}}] []
[2023-05-29T11:31:14.650687+08:00] Request.INFO: request_getIntPayCalc {"acntno":"MN210019009070001776","approve_amount":8150000} []
[2023-05-29T11:31:15.133465+08:00] Response.INFO: response_getIntPayCalc [{"stdClass":{"acntno":"MN210019009070001776","cur_code":"MNT","int_amount":"1589250","princ_amount":"9739250"}}] []
[2023-05-29T11:31:26.011903+08:00] Request.INFO: request_getIntPayCalc {"acntno":"MN210019009070001776","approve_amount":8138000} []
[2023-05-29T11:31:26.460552+08:00] Response.INFO: response_getIntPayCalc [{"stdClass":{"acntno":"MN210019009070001776","cur_code":"MNT","int_amount":"1586910","princ_amount":"9724910"}}] []
[2023-05-29T11:31:36.222441+08:00] Request.INFO: request_getIntPayCalc {"acntno":"MN210019009070001776","approve_amount":8137000} []
[2023-05-29T11:31:36.667825+08:00] Response.INFO: response_getIntPayCalc [{"stdClass":{"acntno":"MN210019009070001776","cur_code":"MNT","int_amount":"1586715","princ_amount":"9723715"}}] []
[2023-05-29T11:35:40.843094+08:00] Request.INFO: request_getLnAvailableBal {"acntno":"MN410019009000035704"} []
[2023-05-29T11:35:41.578620+08:00] Response.INFO: response_getLnAvailableBal [{"stdClass":{"acnt_code":"MN410019009000035704","ln_available_amount":"850000"}}] []
[2023-05-29T11:35:47.807282+08:00] Request.INFO: request_getIntPayCalc {"acntno":"MN410019009000035704","approve_amount":860000} []
[2023-05-29T11:35:48.273650+08:00] Response.INFO: response_getIntPayCalc [{"stdClass":{"acntno":"MN410019009000035704","cur_code":"MNT","int_amount":"24032.88","princ_amount":"884032.88"}}] []
[2023-05-29T11:35:55.889884+08:00] Request.INFO: request_getIntPayCalc {"acntno":"MN410019009000035704","approve_amount":855000} []
[2023-05-29T11:35:56.352726+08:00] Response.INFO: response_getIntPayCalc [{"stdClass":{"acntno":"MN410019009000035704","cur_code":"MNT","int_amount":"23893.15","princ_amount":"878893.15"}}] []
[2023-05-29T11:44:28.443769+08:00] Request.INFO: request_getLnAvailableBal {"acntno":"MN070019009000035443"} []
[2023-05-29T11:44:29.125830+08:00] Response.INFO: response_getLnAvailableBal [{"stdClass":{"acnt_code":"MN070019009000035443","ln_available_amount":"2985000"}}] []
[2023-05-29T11:45:13.333945+08:00] Request.INFO: request_getLnAvailableBal {"acntno":"MN070019009000035443"} []
[2023-05-29T11:45:13.806030+08:00] Response.INFO: response_getLnAvailableBal [{"stdClass":{"acnt_code":"MN070019009000035443","ln_available_amount":"2985000"}}] []
[2023-05-29T11:45:28.164624+08:00] Request.INFO: request_getIntPayCalc {"acntno":"MN070019009000035443","approve_amount":2990000} []
[2023-05-29T11:45:28.632476+08:00] Response.INFO: response_getIntPayCalc [{"stdClass":{"acntno":"MN070019009000035443","cur_code":"MNT","int_amount":"1059148.11","princ_amount":"4049148.11"}}] []
[2023-05-29T11:46:12.123440+08:00] Request.INFO: request_getIntPayCalc {"acntno":"MN070019009000035443","approve_amount":2986000} []
[2023-05-29T11:46:12.592213+08:00] Response.INFO: response_getIntPayCalc [{"stdClass":{"acntno":"MN070019009000035443","cur_code":"MNT","int_amount":"1057731.19","princ_amount":"4043731.19"}}] []
[2023-05-29T11:46:50.951703+08:00] Request.INFO: request_getLnAvailableBal {"acntno":"MN180019009000035633"} []
[2023-05-29T11:46:51.641518+08:00] Response.INFO: response_getLnAvailableBal [{"stdClass":{"acnt_code":"MN180019009000035633","ln_available_amount":"4250000"}}] []
[2023-05-29T11:47:08.470937+08:00] Request.INFO: request_getIntPayCalc {"acntno":"MN180019009000035633","approve_amount":4255000} []
[2023-05-29T11:47:08.919502+08:00] Response.INFO: response_getIntPayCalc [{"stdClass":{"acntno":"MN180019009000035633","cur_code":"MNT","int_amount":"1592652.33","princ_amount":"5847652.33"}}] []
[2023-05-29T11:52:48.296905+08:00] Request.INFO: request_getLnAvailableBal {"acntno":"MN070019009000035443"} []
[2023-05-29T11:52:48.752620+08:00] Response.INFO: response_getLnAvailableBal [{"stdClass":{"acnt_code":"MN070019009000035443","ln_available_amount":"2985000"}}] []
[2023-05-29T11:52:59.601903+08:00] Request.INFO: request_getIntPayCalc {"acntno":"MN070019009000035443","approve_amount":2986000} []
[2023-05-29T11:53:00.050656+08:00] Response.INFO: response_getIntPayCalc [{"stdClass":{"acntno":"MN070019009000035443","cur_code":"MNT","int_amount":"1057731.19","princ_amount":"4043731.19"}}] []
[2023-05-29T11:53:42.197134+08:00] Request.INFO: request_getLnAvailableBal {"acntno":"MN190019009000035712"} []
[2023-05-29T11:53:42.850451+08:00] Response.INFO: response_getLnAvailableBal [{"stdClass":{"acnt_code":"MN190019009000035712","ln_available_amount":"5658166.95"}}] []
[2023-05-29T11:54:07.171043+08:00] Request.INFO: request_getIntPayCalc {"acntno":"MN190019009000035712","approve_amount":5658168} []
[2023-05-29T11:54:07.635691+08:00] Response.INFO: response_getIntPayCalc [{"stdClass":{"acntno":"MN190019009000035712","cur_code":"MNT","int_amount":"158118.67","princ_amount":"5816286.67"}}] []
[2023-05-29T11:57:40.237642+08:00] Request.INFO: request_getLnAvailableBal {"acntno":"MN070019009000035443"} []
[2023-05-29T11:57:40.697743+08:00] Response.INFO: response_getLnAvailableBal [{"stdClass":{"acnt_code":"MN070019009000035443","ln_available_amount":"2985000"}}] []
[2023-05-29T12:00:45.628900+08:00] Request.INFO: request_getLnAvailableBal {"acntno":"MN890019009010012551"} []
[2023-05-29T12:00:46.386752+08:00] Response.INFO: response_getLnAvailableBal [{"stdClass":{"acnt_code":"MN890019009010012551","ln_available_amount":"10923744.1"}}] []
[2023-05-29T12:00:58.891433+08:00] Request.INFO: request_getIntPayCalc {"acntno":"MN890019009010012551","approve_amount":10925000} []
[2023-05-29T12:00:59.391349+08:00] Response.INFO: response_getIntPayCalc [{"stdClass":{"acntno":"MN890019009010012551","cur_code":"MNT","int_amount":"1103395.07","princ_amount":"12028395.07"}}] []
[2023-05-29T12:01:22.975789+08:00] Request.INFO: request_getIntPayCalc {"acntno":"MN890019009010012551","approve_amount":10926000} []
[2023-05-29T12:01:23.442855+08:00] Response.INFO: response_getIntPayCalc [{"stdClass":{"acntno":"MN890019009010012551","cur_code":"MNT","int_amount":"1103496.07","princ_amount":"12029496.07"}}] []
[2023-05-29T12:01:31.523654+08:00] Request.INFO: request_getIntPayCalc {"acntno":"MN890019009010012551","approve_amount":10927000} []
[2023-05-29T12:01:31.968459+08:00] Response.INFO: response_getIntPayCalc [{"stdClass":{"acntno":"MN890019009010012551","cur_code":"MNT","int_amount":"1103597.06","princ_amount":"12030597.06"}}] []
[2023-05-29T12:01:43.614380+08:00] Request.INFO: request_getLnAvailableBal {"acntno":"MN890019009010012551"} []
[2023-05-29T12:01:44.418838+08:00] Response.INFO: response_getLnAvailableBal [{"stdClass":{"acnt_code":"MN890019009010012551","ln_available_amount":"10923744.1"}}] []
[2023-05-29T12:01:53.300057+08:00] Request.INFO: request_getIntPayCalc {"acntno":"MN890019009010012551","approve_amount":10928000} []
[2023-05-29T12:01:53.768539+08:00] Response.INFO: response_getIntPayCalc [{"stdClass":{"acntno":"MN890019009010012551","cur_code":"MNT","int_amount":"1103698.06","princ_amount":"12031698.06"}}] []
[2023-05-29T12:02:02.318062+08:00] Request.INFO: request_getIntPayCalc {"acntno":"MN890019009010012551","approve_amount":10929000} []
[2023-05-29T12:02:02.766141+08:00] Response.INFO: response_getIntPayCalc [{"stdClass":{"acntno":"MN890019009010012551","cur_code":"MNT","int_amount":"1103799.06","princ_amount":"12032799.06"}}] []
[2023-05-29T12:02:14.208191+08:00] Request.INFO: request_getIntPayCalc {"acntno":"MN890019009010012551","approve_amount":10930000} []
[2023-05-29T12:02:14.684962+08:00] Response.INFO: response_getIntPayCalc [{"stdClass":{"acntno":"MN890019009010012551","cur_code":"MNT","int_amount":"1103900.05","princ_amount":"12033900.05"}}] []
[2023-05-29T12:06:03.876489+08:00] Request.INFO: request_getLnAvailableBal {"acntno":"MN890019009010012551"} []
[2023-05-29T12:06:04.353678+08:00] Response.INFO: response_getLnAvailableBal [{"stdClass":{"acnt_code":"MN890019009010012551","ln_available_amount":"10923744.1"}}] []
[2023-05-29T12:06:14.211830+08:00] Request.INFO: request_getIntPayCalc {"acntno":"MN890019009010012551","approve_amount":10935000} []
[2023-05-29T12:06:14.662917+08:00] Response.INFO: response_getIntPayCalc [{"stdClass":{"acntno":"MN890019009010012551","cur_code":"MNT","int_amount":"1104405.04","princ_amount":"12039405.04"}}] []
[2023-05-29T12:06:23.436469+08:00] Request.INFO: request_getIntPayCalc {"acntno":"MN890019009010012551","approve_amount":10940000} []
[2023-05-29T12:06:23.900789+08:00] Response.INFO: response_getIntPayCalc [{"stdClass":{"acntno":"MN890019009010012551","cur_code":"MNT","int_amount":"1104910.03","princ_amount":"12044910.03"}}] []
[2023-05-29T12:06:38.107456+08:00] Request.INFO: request_getIntPayCalc {"acntno":"MN890019009010012551","approve_amount":10950000} []
[2023-05-29T12:06:38.599088+08:00] Response.INFO: response_getIntPayCalc [{"stdClass":{"acntno":"MN890019009010012551","cur_code":"MNT","int_amount":"1105920","princ_amount":"12055920"}}] []
[2023-05-29T12:06:50.039384+08:00] Request.INFO: request_getIntPayCalc {"acntno":"MN890019009010012551","approve_amount":11000000} []
[2023-05-29T12:06:50.496725+08:00] Response.INFO: response_getIntPayCalc [{"stdClass":{"acntno":"MN890019009010012551","cur_code":"MNT","int_amount":"1110969.86","princ_amount":"12110969.86"}}] []
[2023-05-29T12:06:59.810114+08:00] Request.INFO: request_getIntPayCalc {"acntno":"MN890019009010012551","approve_amount":11500000} []
[2023-05-29T12:07:00.264415+08:00] Response.INFO: response_getIntPayCalc [{"stdClass":{"acntno":"MN890019009010012551","cur_code":"MNT","int_amount":"1161468.49","princ_amount":"12661468.49"}}] []
[2023-05-29T12:07:07.901180+08:00] Request.INFO: request_getIntPayCalc {"acntno":"MN890019009010012551","approve_amount":11300000} []
[2023-05-29T12:07:08.361007+08:00] Response.INFO: response_getIntPayCalc [{"stdClass":{"acntno":"MN890019009010012551","cur_code":"MNT","int_amount":"1141269.04","princ_amount":"12441269.04"}}] []
[2023-05-29T12:07:15.158157+08:00] Request.INFO: request_getIntPayCalc {"acntno":"MN890019009010012551","approve_amount":11200000} []
[2023-05-29T12:07:15.601566+08:00] Response.INFO: response_getIntPayCalc [{"stdClass":{"acntno":"MN890019009010012551","cur_code":"MNT","int_amount":"1131169.32","princ_amount":"12331169.32"}}] []
[2023-05-29T12:07:22.892710+08:00] Request.INFO: request_getIntPayCalc {"acntno":"MN890019009010012551","approve_amount":11100000} []
[2023-05-29T12:07:23.365659+08:00] Response.INFO: response_getIntPayCalc [{"stdClass":{"acntno":"MN890019009010012551","cur_code":"MNT","int_amount":"1121069.59","princ_amount":"12221069.59"}}] []
[2023-05-29T12:45:14.030272+08:00] Request.INFO: request_getLnAvailableBal {"acntno":"MN400019009010012560"} []
[2023-05-29T12:45:14.519653+08:00] Response.INFO: response_getLnAvailableBal [{"stdClass":{"acnt_code":"MN400019009010012560","ln_available_amount":"128226.57"}}] []
[2023-05-29T12:45:21.956916+08:00] Request.INFO: request_getIntPayCalc {"acntno":"MN400019009010012560","approve_amount":129000} []
[2023-05-29T12:45:22.446498+08:00] Response.INFO: response_getIntPayCalc [{"stdClass":{"acntno":"MN400019009010012560","cur_code":"MNT","int_amount":"-2523.45","princ_amount":"126476.55"}}] []
[2023-05-29T12:46:10.915703+08:00] Request.INFO: request_getLnAvailableBal {"acntno":"MN440019009010012585"} []
[2023-05-29T12:46:11.360507+08:00] Response.INFO: response_getLnAvailableBal [{"stdClass":{"acnt_code":"MN440019009010012585","ln_available_amount":"-8500"}}] []
[2023-05-29T12:46:14.790297+08:00] Request.INFO: request_getLnAvailableBal {"acntno":"MN940019009010012558"} []
[2023-05-29T12:46:15.437893+08:00] Response.INFO: response_getLnAvailableBal [{"stdClass":{"acnt_code":"MN940019009010012558","ln_available_amount":"-85"}}] []
[2023-05-29T12:46:18.514256+08:00] Request.INFO: request_getLnAvailableBal {"acntno":"MN400019009010012560"} []
[2023-05-29T12:46:18.981473+08:00] Response.INFO: response_getLnAvailableBal [{"stdClass":{"acnt_code":"MN400019009010012560","ln_available_amount":"128226.57"}}] []
[2023-05-29T12:46:26.309014+08:00] Request.INFO: request_getIntPayCalc {"acntno":"MN400019009010012560","approve_amount":130000} []
[2023-05-29T12:46:26.758420+08:00] Response.INFO: response_getIntPayCalc [{"stdClass":{"acntno":"MN400019009010012560","cur_code":"MNT","int_amount":"-2543.01","princ_amount":"127456.99"}}] []
[2023-05-29T12:48:36.555758+08:00] Request.INFO: request_getLnAvailableBal {"acntno":"MN440019009010012585"} []
[2023-05-29T12:48:37.025734+08:00] Response.INFO: response_getLnAvailableBal [{"stdClass":{"acnt_code":"MN440019009010012585","ln_available_amount":"-8500"}}] []
[2023-05-29T12:48:39.429271+08:00] Request.INFO: request_getLnAvailableBal {"acntno":"MN400019009010012560"} []
[2023-05-29T12:48:39.872207+08:00] Response.INFO: response_getLnAvailableBal [{"stdClass":{"acnt_code":"MN400019009010012560","ln_available_amount":"128226.57"}}] []
[2023-05-29T12:48:46.477266+08:00] Request.INFO: request_getIntPayCalc {"acntno":"MN400019009010012560","approve_amount":130000} []
[2023-05-29T12:48:46.940942+08:00] Response.INFO: response_getIntPayCalc [{"stdClass":{"acntno":"MN400019009010012560","cur_code":"MNT","int_amount":"-2543.01","princ_amount":"127456.99"}}] []
[2023-05-29T12:49:19.565652+08:00] Request.INFO: request_getLnAvailableBal {"acntno":"MN110019009000030715"} []
[2023-05-29T12:49:20.029412+08:00] Response.INFO: response_getLnAvailableBal [{"stdClass":{"acnt_code":"MN110019009000030715","ln_available_amount":"-4748.22"}}] []
[2023-05-29T12:49:22.747063+08:00] Request.INFO: request_getLnAvailableBal {"acntno":"MN040019009070001694"} []
[2023-05-29T12:49:23.218035+08:00] Response.INFO: response_getLnAvailableBal [{"stdClass":{"acnt_code":"MN040019009070001694","ln_available_amount":"4191796.5"}}] []
[2023-05-29T12:49:27.552209+08:00] Request.INFO: request_getLnAvailableBal {"acntno":"MN210019009070001776"} []
[2023-05-29T12:49:28.014766+08:00] Response.INFO: response_getLnAvailableBal [{"stdClass":{"acnt_code":"MN210019009070001776","ln_available_amount":"8136927.32"}}] []
[2023-05-29T12:49:32.335106+08:00] Request.INFO: request_getLnAvailableBal {"acntno":"MN480019009070001775"} []
[2023-05-29T12:49:32.777918+08:00] Response.INFO: response_getLnAvailableBal [{"stdClass":{"acnt_code":"MN480019009070001775","ln_available_amount":"15991500"}}] []
[2023-05-29T12:49:35.901907+08:00] Request.INFO: request_getLnAvailableBal {"acntno":"MN570019009070001710"} []
[2023-05-29T12:49:36.351643+08:00] Response.INFO: response_getLnAvailableBal [{"stdClass":{"acnt_code":"MN570019009070001710","ln_available_amount":"89819.36"}}] []
[2023-05-29T12:49:44.589426+08:00] Request.INFO: request_getIntPayCalc {"acntno":"MN570019009070001710","approve_amount":90000} []
[2023-05-29T12:49:45.063020+08:00] Response.INFO: response_getIntPayCalc [{"stdClass":{"acntno":"MN570019009070001710","cur_code":"MNT","int_amount":"6660","princ_amount":"96660"}}] []
[2023-05-29T12:49:56.261497+08:00] Request.INFO: request_getLnAvailableBal {"acntno":"MN210019009070001776"} []
[2023-05-29T12:49:56.704606+08:00] Response.INFO: response_getLnAvailableBal [{"stdClass":{"acnt_code":"MN210019009070001776","ln_available_amount":"8136927.32"}}] []
[2023-05-29T12:49:59.131768+08:00] Request.INFO: request_getLnAvailableBal {"acntno":"MN480019009070001775"} []
[2023-05-29T12:49:59.575361+08:00] Response.INFO: response_getLnAvailableBal [{"stdClass":{"acnt_code":"MN480019009070001775","ln_available_amount":"15991500"}}] []
[2023-05-29T12:50:01.819632+08:00] Request.INFO: request_getLnAvailableBal {"acntno":"MN570019009070001710"} []
[2023-05-29T12:50:02.295748+08:00] Response.INFO: response_getLnAvailableBal [{"stdClass":{"acnt_code":"MN570019009070001710","ln_available_amount":"89819.36"}}] []
[2023-05-29T12:50:08.578511+08:00] Request.INFO: request_getIntPayCalc {"acntno":"MN570019009070001710","approve_amount":92000} []
[2023-05-29T12:50:09.055706+08:00] Response.INFO: response_getIntPayCalc [{"stdClass":{"acntno":"MN570019009070001710","cur_code":"MNT","int_amount":"6808","princ_amount":"98808"}}] []
[2023-05-29T12:50:16.633291+08:00] Request.INFO: request_getIntPayCalc {"acntno":"MN570019009070001710","approve_amount":95000} []
[2023-05-29T12:50:17.103515+08:00] Response.INFO: response_getIntPayCalc [{"stdClass":{"acntno":"MN570019009070001710","cur_code":"MNT","int_amount":"7030","princ_amount":"102030"}}] []
[2023-05-29T12:50:24.030397+08:00] Request.INFO: request_getIntPayCalc {"acntno":"MN570019009070001710","approve_amount":97000} []
[2023-05-29T12:50:24.497512+08:00] Response.INFO: response_getIntPayCalc [{"stdClass":{"acntno":"MN570019009070001710","cur_code":"MNT","int_amount":"7178","princ_amount":"104178"}}] []
[2023-05-29T12:50:46.959938+08:00] Request.INFO: request_getIntPayCalc {"acntno":"MN570019009070001710","approve_amount":98000} []
[2023-05-29T12:50:47.406783+08:00] Response.INFO: response_getIntPayCalc [{"stdClass":{"acntno":"MN570019009070001710","cur_code":"MNT","int_amount":"7252","princ_amount":"105252"}}] []
[2023-05-29T12:50:55.595579+08:00] Request.INFO: request_getIntPayCalc {"acntno":"MN570019009070001710","approve_amount":99000} []
[2023-05-29T12:50:56.150844+08:00] Response.INFO: response_getIntPayCalc [{"stdClass":{"acntno":"MN570019009070001710","cur_code":"MNT","int_amount":"7326","princ_amount":"106326"}}] []
[2023-05-29T12:51:02.968288+08:00] Request.INFO: request_getIntPayCalc {"acntno":"MN570019009070001710","approve_amount":100000} []
[2023-05-29T12:51:03.450227+08:00] Response.INFO: response_getIntPayCalc [{"stdClass":{"acntno":"MN570019009070001710","cur_code":"MNT","int_amount":"7400","princ_amount":"107400"}}] []
[2023-05-29T12:51:10.340874+08:00] Request.INFO: request_getIntPayCalc {"acntno":"MN570019009070001710","approve_amount":110000} []
[2023-05-29T12:51:10.803231+08:00] Response.INFO: response_getIntPayCalc [{"stdClass":{"acntno":"MN570019009070001710","cur_code":"MNT","int_amount":"8140","princ_amount":"118140"}}] []
[2023-05-29T12:51:17.485655+08:00] Request.INFO: request_getIntPayCalc {"acntno":"MN570019009070001710","approve_amount":120000} []
[2023-05-29T12:51:17.946680+08:00] Response.INFO: response_getIntPayCalc [{"stdClass":{"acntno":"MN570019009070001710","cur_code":"MNT","int_amount":"8880","princ_amount":"128880"}}] []
[2023-05-29T12:51:24.774173+08:00] Request.INFO: request_getIntPayCalc {"acntno":"MN570019009070001710","approve_amount":130000} []
[2023-05-29T12:51:25.213753+08:00] Response.INFO: response_getIntPayCalc [{"stdClass":{"acntno":"MN570019009070001710","cur_code":"MNT","int_amount":"9620","princ_amount":"139620"}}] []
[2023-05-29T12:51:34.435756+08:00] Request.INFO: request_getIntPayCalc {"acntno":"MN570019009070001710","approve_amount":150000} []
[2023-05-29T12:51:34.888141+08:00] Response.INFO: response_getIntPayCalc [{"stdClass":{"acntno":"MN570019009070001710","cur_code":"MNT","int_amount":"11100","princ_amount":"161100"}}] []
[2023-05-29T12:57:07.523031+08:00] Request.INFO: request_getLnAvailableBal {"acntno":"MN040019009000035691"} []
[2023-05-29T12:57:08.201313+08:00] Response.INFO: response_getLnAvailableBal [{"stdClass":{"acnt_code":"MN040019009000035691","ln_available_amount":"-8.5"}}] []
[2023-05-29T12:57:12.714156+08:00] Request.INFO: request_getLnAvailableBal {"acntno":"MN040019009100000302"} []
[2023-05-29T12:57:13.457247+08:00] Response.INFO: response_getLnAvailableBal [{"stdClass":{"acnt_code":"MN040019009100000302","ln_available_amount":"10426500"}}] []
[2023-05-29T12:57:25.271937+08:00] Request.INFO: request_getIntPayCalc {"acntno":"MN040019009100000302","approve_amount":11111111} []
[2023-05-29T12:57:25.728132+08:00] Response.INFO: response_getIntPayCalc [{"stdClass":{"acntno":"MN040019009100000302","cur_code":"MNT","int_amount":"1315068.48","princ_amount":"12426179.48"}}] []
[2023-05-29T12:58:04.811655+08:00] Request.INFO: request_getIntPayCalc {"acntno":"MN040019009100000302","approve_amount":11111111} []
[2023-05-29T12:58:05.272712+08:00] Response.INFO: response_getIntPayCalc [{"stdClass":{"acntno":"MN040019009100000302","cur_code":"MNT","int_amount":"1315068.48","princ_amount":"12426179.48"}}] []
[2023-05-29T12:58:20.981370+08:00] Request.INFO: request_getLnAvailableBal {"acntno":"MN040019009100000302"} []
[2023-05-29T12:58:21.416458+08:00] Response.INFO: response_getLnAvailableBal [{"stdClass":{"acnt_code":"MN040019009100000302","ln_available_amount":"10426500"}}] []
[2023-05-29T13:00:32.502785+08:00] Request.INFO: request_getLnAvailableBal {"acntno":"MN040019009000035691"} []
[2023-05-29T13:00:32.966506+08:00] Response.INFO: response_getLnAvailableBal [{"stdClass":{"acnt_code":"MN040019009000035691","ln_available_amount":"-8.5"}}] []
[2023-05-29T13:07:18.591385+08:00] Request.INFO: request_getLnAvailableBal {"acntno":"MN890019009070001910"} []
[2023-05-29T13:07:19.052704+08:00] Response.INFO: response_getLnAvailableBal [{"stdClass":{"acnt_code":"MN890019009070001910","ln_available_amount":"759473.83"}}] []
[2023-05-29T13:10:52.576172+08:00] Request.INFO: request_getLnAvailableBal {"acntno":"MN210019009070001776"} []
[2023-05-29T13:10:53.037446+08:00] Response.INFO: response_getLnAvailableBal [{"stdClass":{"acnt_code":"MN210019009070001776","ln_available_amount":"8136927.32"}}] []
[2023-05-29T14:01:08.028613+08:00] Request.INFO: request_getLnAvailableBal {"acntno":"MN110019009000030715"} []
[2023-05-29T14:01:08.480302+08:00] Response.INFO: response_getLnAvailableBal [{"stdClass":{"acnt_code":"MN110019009000030715","ln_available_amount":"-4748.22"}}] []
[2023-05-29T14:01:49.333288+08:00] Request.INFO: request_getLnAvailableBal {"acntno":"MN110019009000030715"} []
[2023-05-29T14:01:49.787395+08:00] Response.INFO: response_getLnAvailableBal [{"stdClass":{"acnt_code":"MN110019009000030715","ln_available_amount":"-4748.22"}}] []
[2023-05-29T15:27:32.115039+08:00] Request.INFO: request_getLnAvailableBal {"acntno":"MN460019009100000225"} []
[2023-05-29T15:27:50.062993+08:00] Request.INFO: request_getIntPayCalc {"acntno":"MN110019009000030715","approve_amount":8000000} []
[2023-05-29T15:27:50.608441+08:00] Response.INFO: response_getIntPayCalc [{"stdClass":{"acntno":"MN110019009000030715","cur_code":"MNT","int_amount":"398684.93","princ_amount":"8398684.93"}}] []
[2023-05-29T16:15:16.941288+08:00] Request.INFO: request_getLnAvailableBal {"acntno":"MN400019009010012560"} []
[2023-05-29T16:15:17.648585+08:00] Response.INFO: response_getLnAvailableBal [{"stdClass":{"acnt_code":"MN400019009010012560","ln_available_amount":"128226.57"}}] []
[2023-05-29T16:29:06.927019+08:00] Request.INFO: request_getIntPayCalc {"acntno":"MN890019009070001910","approve_amount":750000} []
[2023-05-29T16:29:07.393134+08:00] Response.INFO: response_getIntPayCalc [{"stdClass":{"acntno":"MN890019009070001910","cur_code":"MNT","int_amount":"58335.62","princ_amount":"808335.62"}}] []
[2023-05-29T17:41:07.011900+08:00] Request.INFO: request_getLnAvailableBal {"acntno":"MN040019009000035691"} []
[2023-05-29T17:41:07.745215+08:00] Response.INFO: response_getLnAvailableBal [{"stdClass":{"acnt_code":"MN040019009000035691","ln_available_amount":"-8.5"}}] []
[2023-05-29T17:41:11.518910+08:00] Request.INFO: request_getLnAvailableBal {"acntno":"MN040019009100000302"} []
[2023-05-29T17:41:12.291450+08:00] Response.INFO: response_getLnAvailableBal [{"stdClass":{"acnt_code":"MN040019009100000302","ln_available_amount":"10426500"}}] []
[2023-05-29T17:41:22.455531+08:00] Request.INFO: request_getLnAvailableBal {"acntno":"MN090019009100000309"} []
[2023-05-29T17:41:23.143093+08:00] Response.INFO: response_getLnAvailableBal [{"stdClass":{"acnt_code":"MN090019009100000309","ln_available_amount":"110744498.25"}}] []
[2023-05-29T17:41:26.675237+08:00] Request.INFO: request_getLnAvailableBal {"acntno":"MN200019009100000305"} []
[2023-05-29T17:41:27.350532+08:00] Response.INFO: response_getLnAvailableBal [{"stdClass":{"acnt_code":"MN200019009100000305","ln_available_amount":"10494270"}}] []
[2023-05-29T17:43:28.751917+08:00] Request.INFO: request_getIntPayCalc {"acntno":"MN200019009100000305","approve_amount":104942701111} []
[2023-05-29T17:43:29.233875+08:00] Response.INFO: response_getIntPayCalc [{"stdClass":{"acntno":"MN200019009100000305","cur_code":"MNT","int_amount":"18669737799.02","princ_amount":"123612438910.02"}}] []
[2023-05-29T17:46:11.364507+08:00] Request.INFO: request_getIntPayCalc {"acntno":"MN200019009100000305","approve_amount":104942701111} []
[2023-05-29T17:46:11.824603+08:00] Response.INFO: response_getIntPayCalc [{"stdClass":{"acntno":"MN200019009100000305","cur_code":"MNT","int_amount":"18669737799.02","princ_amount":"123612438910.02"}}] []
[2023-05-29T17:51:09.710701+08:00] Request.INFO: request_getLnAvailableBal {"acntno":"MN040019009000035691"} []
[2023-05-29T17:51:10.169188+08:00] Response.INFO: response_getLnAvailableBal [{"stdClass":{"acnt_code":"MN040019009000035691","ln_available_amount":"-8.5"}}] []
[2023-05-29T17:51:12.801197+08:00] Request.INFO: request_getLnAvailableBal {"acntno":"MN200019009100000305"} []
[2023-05-29T17:51:13.290175+08:00] Response.INFO: response_getLnAvailableBal [{"stdClass":{"acnt_code":"MN200019009100000305","ln_available_amount":"10494270"}}] []
[2023-05-29T17:51:14.716933+08:00] Request.INFO: request_getLnAvailableBal {"acntno":"MN210019009000035288"} []
[2023-05-29T17:51:15.442202+08:00] Response.INFO: response_getLnAvailableBal [{"stdClass":{"acnt_code":"MN210019009000035288","ln_available_amount":"20634.25"}}] []
[2023-05-29T17:53:27.729203+08:00] Request.INFO: request_getIntPayCalc {"acntno":"MN210019009000035288","approve_amount":2063433333} []
[2023-05-29T17:53:28.203677+08:00] Response.INFO: response_getIntPayCalc [{"stdClass":{"acntno":"MN210019009000035288","cur_code":"MNT","int_amount":"90338807.29","princ_amount":"2153772140.29"}}] []
[2023-05-29T17:53:58.454790+08:00] Request.INFO: request_getIntPayCalc {"acntno":"MN210019009000035288","approve_amount":20634.26} []
[2023-05-29T17:53:58.926679+08:00] Response.INFO: response_getIntPayCalc [{"stdClass":{"acntno":"MN210019009000035288","cur_code":"MNT","int_amount":"903.38","princ_amount":"21537.64"}}] []
[2023-05-29T17:55:00.582387+08:00] Request.INFO: request_getIntPayCalc {"acntno":"MN210019009000035288","approve_amount":2063499} []
[2023-05-29T17:55:01.054194+08:00] Response.INFO: response_getIntPayCalc [{"stdClass":{"acntno":"MN210019009000035288","cur_code":"MNT","int_amount":"90341.68","princ_amount":"2153840.68"}}] []
[2023-05-29T17:57:20.951907+08:00] Request.INFO: request_getIntPayCalc {"acntno":"MN210019009000035288","approve_amount":2063455555} []
[2023-05-29T17:57:21.414481+08:00] Response.INFO: response_getIntPayCalc [{"stdClass":{"acntno":"MN210019009000035288","cur_code":"MNT","int_amount":"90339780.19","princ_amount":"2153795335.19"}}] []
[2023-05-29T18:08:10.144445+08:00] Request.INFO: request_getLnAvailableBal {"acntno":"MN210019009000035288"} []
[2023-05-29T18:08:10.615843+08:00] Response.INFO: response_getLnAvailableBal [{"stdClass":{"acnt_code":"MN210019009000035288","ln_available_amount":"20634.25"}}] []
[2023-05-29T18:15:22.060262+08:00] Request.INFO: request_getLnAvailableBal {"acntno":"MN040019009000035691"} []
[2023-05-29T18:15:22.572028+08:00] Response.INFO: response_getLnAvailableBal [{"stdClass":{"acnt_code":"MN040019009000035691","ln_available_amount":"-8.5"}}] []
[2023-05-29T18:15:24.854001+08:00] Request.INFO: request_getLnAvailableBal {"acntno":"MN040019009100000302"} []
[2023-05-29T18:15:25.372207+08:00] Response.INFO: response_getLnAvailableBal [{"stdClass":{"acnt_code":"MN040019009100000302","ln_available_amount":"10426500"}}] []
[2023-05-29T18:15:25.805599+08:00] Request.INFO: request_getLnAvailableBal {"acntno":"MN040019009000035691"} []
[2023-05-29T18:15:26.273608+08:00] Response.INFO: response_getLnAvailableBal [{"stdClass":{"acnt_code":"MN040019009000035691","ln_available_amount":"-8.5"}}] []
[2023-05-29T18:15:30.464128+08:00] Request.INFO: request_getLnAvailableBal {"acntno":"MN040019009100000302"} []
[2023-05-29T18:15:30.945065+08:00] Response.INFO: response_getLnAvailableBal [{"stdClass":{"acnt_code":"MN040019009100000302","ln_available_amount":"10426500"}}] []
[2023-05-29T18:16:35.544836+08:00] Request.INFO: request_getIntPayCalc {"acntno":"MN040019009100000302","approve_amount":1111111} []
[2023-05-29T18:16:36.024315+08:00] Response.INFO: response_getIntPayCalc [{"stdClass":{"acntno":"MN040019009100000302","cur_code":"MNT","int_amount":"131506.84","princ_amount":"1242617.84"}}] []
[2023-05-29T18:16:48.660380+08:00] Request.INFO: request_getIntPayCalc {"acntno":"MN040019009100000302","approve_amount":111111111111} []
[2023-05-29T18:16:49.133169+08:00] Response.INFO: response_getIntPayCalc [{"stdClass":{"acntno":"MN040019009100000302","cur_code":"MNT","int_amount":"13150684931.49","princ_amount":"124261796042.49"}}] []
[2023-05-29T18:16:54.139348+08:00] Request.INFO: request_getIntPayCalc {"acntno":"MN040019009100000302","approve_amount":11111111111111} []
[2023-05-29T18:16:54.610701+08:00] Response.INFO: response_getIntPayCalc [{"stdClass":{"acntno":"MN040019009100000302","cur_code":"MNT","int_amount":"1315068493150.67","princ_amount":"12426179604261.67"}}] []
[2023-05-29T18:16:57.816367+08:00] Request.INFO: request_getIntPayCalc {"acntno":"MN040019009100000302","approve_amount":11111111111111} []
[2023-05-29T18:16:58.264879+08:00] Response.INFO: response_getIntPayCalc [{"stdClass":{"acntno":"MN040019009100000302","cur_code":"MNT","int_amount":"1315068493150.67","princ_amount":"12426179604261.67"}}] []
[2023-05-29T18:18:56.485205+08:00] Request.INFO: request_getLnAvailableBal {"acntno":"MN040019009100000302"} []
[2023-05-29T18:18:56.938092+08:00] Response.INFO: response_getLnAvailableBal [{"stdClass":{"acnt_code":"MN040019009100000302","ln_available_amount":"10426500"}}] []
[2023-05-29T18:20:20.728575+08:00] Request.INFO: request_getIntPayCalc {"acntno":"MN040019009100000302","approve_amount":1111} []
[2023-05-29T18:20:21.203086+08:00] Response.INFO: response_getIntPayCalc [{"stdClass":{"acntno":"MN040019009100000302","cur_code":"MNT","int_amount":"131.49","princ_amount":"1242.49"}}] []
[2023-05-29T18:21:38.266783+08:00] Request.INFO: request_getIntPayCalc {"acntno":"MN040019009100000302","approve_amount":111111} []
[2023-05-29T18:21:38.750685+08:00] Response.INFO: response_getIntPayCalc [{"stdClass":{"acntno":"MN040019009100000302","cur_code":"MNT","int_amount":"13150.67","princ_amount":"124261.67"}}] []
[2023-05-29T18:23:12.665182+08:00] Request.INFO: request_getIntPayCalc {"acntno":"MN040019009100000302","approve_amount":1111111} []
[2023-05-29T18:23:13.114346+08:00] Response.INFO: response_getIntPayCalc [{"stdClass":{"acntno":"MN040019009100000302","cur_code":"MNT","int_amount":"131506.84","princ_amount":"1242617.84"}}] []
[2023-05-29T18:23:24.078336+08:00] Request.INFO: request_getIntPayCalc {"acntno":"MN040019009100000302","approve_amount":111} []
[2023-05-29T18:23:24.553929+08:00] Response.INFO: response_getIntPayCalc [{"stdClass":{"acntno":"MN040019009100000302","cur_code":"MNT","int_amount":"13.14","princ_amount":"124.14"}}] []
[2023-05-29T18:27:53.547416+08:00] Request.INFO: request_getLnAvailableBal {"acntno":"MN150019009100000298"} []
[2023-05-29T18:27:54.235650+08:00] Response.INFO: response_getLnAvailableBal [{"stdClass":{"acnt_code":"MN150019009100000298","ln_available_amount":"4771337.3"}}] []
[2023-05-29T19:03:38.147546+08:00] Request.INFO: request_getLnAvailableBal {"acntno":"MN150019009100000298"} []
[2023-05-29T19:03:38.603641+08:00] Response.INFO: response_getLnAvailableBal [{"stdClass":{"acnt_code":"MN150019009100000298","ln_available_amount":"4771337.3"}}] []
[2023-05-29T19:06:47.994513+08:00] Request.INFO: request_getIntPayCalc {"acntno":"MN150019009100000298","approve_amount":1111111} []
[2023-05-29T19:06:48.456554+08:00] Response.INFO: response_getIntPayCalc [{"stdClass":{"acntno":"MN150019009100000298","cur_code":"MNT","int_amount":"309205.45","princ_amount":"1420316.45"}}] []
[2023-05-29T22:36:27.683077+08:00] Request.INFO: request_getLnAvailableBal {"acntno":"MN150019009100000298"} []
[2023-05-29T22:36:28.129043+08:00] Response.INFO: response_getLnAvailableBal [{"stdClass":{"acnt_code":"MN150019009100000298","ln_available_amount":"4771337.3"}}] []
[2023-05-29T22:41:22.792076+08:00] Request.INFO: request_getLnAvailableBal {"acntno":"MN040019009100000302"} []
[2023-05-29T22:41:23.260988+08:00] Response.INFO: response_getLnAvailableBal [{"stdClass":{"acnt_code":"MN040019009100000302","ln_available_amount":"10426500"}}] []
[2023-05-29T22:44:48.616696+08:00] Request.INFO: request_getLnAvailableBal {"acntno":"MN150019009100000298"} []
[2023-05-29T22:44:49.076722+08:00] Response.INFO: response_getLnAvailableBal [{"stdClass":{"acnt_code":"MN150019009100000298","ln_available_amount":"4771337.3"}}] []
[2023-05-29T22:45:04.960823+08:00] Request.INFO: request_getIntPayCalc {"acntno":"MN150019009100000298","approve_amount":4771337.3} []
[2023-05-29T22:45:05.433964+08:00] Response.INFO: response_getIntPayCalc [{"stdClass":{"acntno":"MN150019009100000298","cur_code":"MNT","int_amount":"1327791.27","princ_amount":"6099128.57"}}] []
[2023-05-29T23:16:28.180195+08:00] Request.INFO: request_getLnAvailableBal {"acntno":"MN440019009010012585"} []
[2023-05-29T23:16:28.859557+08:00] Response.INFO: response_getLnAvailableBal [{"stdClass":{"acnt_code":"MN440019009010012585","ln_available_amount":"-8500"}}] []
[2023-05-29T23:16:31.185466+08:00] Request.INFO: request_getLnAvailableBal {"acntno":"MN400019009010012560"} []
[2023-05-29T23:16:31.650738+08:00] Response.INFO: response_getLnAvailableBal [{"stdClass":{"acnt_code":"MN400019009010012560","ln_available_amount":"128226.57"}}] []
[2023-05-29T23:16:38.429795+08:00] Request.INFO: request_getIntPayCalc {"acntno":"MN400019009010012560","approve_amount":130000} []
[2023-05-29T23:16:38.905571+08:00] Response.INFO: response_getIntPayCalc [{"stdClass":{"acntno":"MN400019009010012560","cur_code":"MNT","int_amount":"-2543.01","princ_amount":"127456.99"}}] []
[2023-05-29T23:17:27.895248+08:00] Request.INFO: request_getLnAvailableBal {"acntno":"MN110019009000030715"} []
[2023-05-29T23:17:28.584880+08:00] Response.INFO: response_getLnAvailableBal [{"stdClass":{"acnt_code":"MN110019009000030715","ln_available_amount":"-4748.22"}}] []
[2023-05-29T23:17:31.543857+08:00] Request.INFO: request_getLnAvailableBal {"acntno":"MN040019009070001694"} []
[2023-05-29T23:17:32.206820+08:00] Response.INFO: response_getLnAvailableBal [{"stdClass":{"acnt_code":"MN040019009070001694","ln_available_amount":"4191796.5"}}] []
[2023-05-29T23:17:35.958217+08:00] Request.INFO: request_getLnAvailableBal {"acntno":"MN210019009070001776"} []
[2023-05-29T23:17:36.766071+08:00] Response.INFO: response_getLnAvailableBal [{"stdClass":{"acnt_code":"MN210019009070001776","ln_available_amount":"8136927.32"}}] []
[2023-05-29T23:17:39.760590+08:00] Request.INFO: request_getLnAvailableBal {"acntno":"MN620019009070001911"} []
[2023-05-29T23:17:40.442045+08:00] Response.INFO: response_getLnAvailableBal [{"stdClass":{"acnt_code":"MN620019009070001911","ln_available_amount":"85030.18"}}] []
[2023-05-29T23:17:46.668912+08:00] Request.INFO: request_getIntPayCalc {"acntno":"MN620019009070001911","approve_amount":90000} []
[2023-05-29T23:17:47.133871+08:00] Response.INFO: response_getIntPayCalc [{"stdClass":{"acntno":"MN620019009070001911","cur_code":"MNT","int_amount":"16876.85","princ_amount":"106876.85"}}] []
[2023-05-29T23:17:57.919403+08:00] Request.INFO: request_getIntPayCalc {"acntno":"MN620019009070001911","approve_amount":86000} []
[2023-05-29T23:17:58.381079+08:00] Response.INFO: response_getIntPayCalc [{"stdClass":{"acntno":"MN620019009070001911","cur_code":"MNT","int_amount":"16126.77","princ_amount":"102126.77"}}] []
[2023-05-29T23:18:03.227456+08:00] Request.INFO: request_getLnAvailableBal {"acntno":"MN890019009070001910"} []
[2023-05-29T23:18:03.917180+08:00] Response.INFO: response_getLnAvailableBal [{"stdClass":{"acnt_code":"MN890019009070001910","ln_available_amount":"759473.83"}}] []
[2023-05-29T23:18:11.144696+08:00] Request.INFO: request_getIntPayCalc {"acntno":"MN890019009070001910","approve_amount":760000} []
[2023-05-29T23:18:11.594663+08:00] Response.INFO: response_getIntPayCalc [{"stdClass":{"acntno":"MN890019009070001910","cur_code":"MNT","int_amount":"59113.42","princ_amount":"819113.42"}}] []
[2023-05-29T23:27:36.856140+08:00] Request.INFO: request_getLnAvailableBal {"acntno":"MN150019009100000298"} []
[2023-05-29T23:27:37.306989+08:00] Response.INFO: response_getLnAvailableBal [{"stdClass":{"acnt_code":"MN150019009100000298","ln_available_amount":"4771337.3"}}] []
[2023-05-29T23:27:37.832029+08:00] Request.INFO: request_getLnAvailableBal {"acntno":"MN550019009000017119"} []
[2023-05-29T23:27:38.540165+08:00] Response.INFO: response_getLnAvailableBal [{"stdClass":{"acnt_code":"MN550019009000017119","ln_available_amount":"4903.72"}}] []
[2023-05-29T23:29:04.791465+08:00] Request.INFO: request_getLnAvailableBal {"acntno":"MN150019009100000298"} []
[2023-05-29T23:29:05.236299+08:00] Response.INFO: response_getLnAvailableBal [{"stdClass":{"acnt_code":"MN150019009100000298","ln_available_amount":"4771337.3"}}] []
[2023-05-29T23:29:39.684004+08:00] Request.INFO: request_getLnAvailableBal {"acntno":"MN110019009000030715"} []
[2023-05-29T23:29:40.509373+08:00] Response.INFO: response_getLnAvailableBal [{"stdClass":{"acnt_code":"MN110019009000030715","ln_available_amount":"-4748.22"}}] []
[2023-05-29T23:29:41.071202+08:00] Request.INFO: request_getLnAvailableBal {"acntno":"MN150019009100000298"} []
[2023-05-29T23:29:41.557799+08:00] Response.INFO: response_getLnAvailableBal [{"stdClass":{"acnt_code":"MN150019009100000298","ln_available_amount":"4771337.3"}}] []
[2023-05-29T23:29:43.338985+08:00] Request.INFO: request_getLnAvailableBal {"acntno":"MN890019009070001910"} []
[2023-05-29T23:29:43.790310+08:00] Response.INFO: response_getLnAvailableBal [{"stdClass":{"acnt_code":"MN890019009070001910","ln_available_amount":"759473.83"}}] []
[2023-05-29T23:29:51.579153+08:00] Request.INFO: request_getIntPayCalc {"acntno":"MN890019009070001910","approve_amount":760000} []
[2023-05-29T23:29:52.047353+08:00] Response.INFO: response_getIntPayCalc [{"stdClass":{"acntno":"MN890019009070001910","cur_code":"MNT","int_amount":"59113.42","princ_amount":"819113.42"}}] []
