[2023-06-07T09:55:18.675139+08:00] Request.INFO: request_getLnAvailableBal {"acntno":"MN140019009070001805"} []
[2023-06-07T09:55:19.574982+08:00] Response.INFO: response_getLnAvailableBal [{"stdClass":{"acnt_code":"MN140019009070001805","ln_available_amount":"1232466.43"}}] []
[2023-06-07T09:55:30.523006+08:00] Request.INFO: request_getIntPayCalc {"acntno":"MN140019009070001805","approve_amount":106600} []
[2023-06-07T09:55:30.957530+08:00] Response.INFO: response_getIntPayCalc [{"stdClass":{"acntno":"MN140019009070001805","cur_code":"MNT","int_amount":"13533.82","princ_amount":"120133.82"}}] []
[2023-06-07T10:00:40.725823+08:00] Request.INFO: request_getIntPayCalc {"acntno":"MN140019009070001805","approve_amount":106600} []
[2023-06-07T10:00:41.220828+08:00] Response.INFO: response_getIntPayCalc [{"stdClass":{"acntno":"MN140019009070001805","cur_code":"MNT","int_amount":"13533.82","princ_amount":"120133.82"}}] []
[2023-06-07T10:00:49.851994+08:00] Request.INFO: request_getIntPayCalc {"acntno":"MN140019009070001805","approve_amount":106600} []
[2023-06-07T10:00:50.326172+08:00] Response.INFO: response_getIntPayCalc [{"stdClass":{"acntno":"MN140019009070001805","cur_code":"MNT","int_amount":"13533.82","princ_amount":"120133.82"}}] []
[2023-06-07T10:01:01.530346+08:00] Request.INFO: request_getIntPayCalc {"acntno":"MN140019009070001805","approve_amount":106600} []
[2023-06-07T10:01:01.994489+08:00] Response.INFO: response_getIntPayCalc [{"stdClass":{"acntno":"MN140019009070001805","cur_code":"MNT","int_amount":"13533.82","princ_amount":"120133.82"}}] []
[2023-06-07T10:06:08.152695+08:00] Request.INFO: request_getLnAvailableBal {"acntno":"MN040019009070001694"} []
[2023-06-07T10:06:09.030778+08:00] Response.INFO: response_getLnAvailableBal [{"stdClass":{"acnt_code":"MN040019009070001694","ln_available_amount":"5041796.5"}}] []
[2023-06-07T10:06:11.827903+08:00] Request.INFO: request_getLnAvailableBal {"acntno":"MN210019009070001776"} []
[2023-06-07T10:06:12.680600+08:00] Response.INFO: response_getLnAvailableBal [{"stdClass":{"acnt_code":"MN210019009070001776","ln_available_amount":"8136927.32"}}] []
[2023-06-07T10:24:46.686346+08:00] Request.INFO: request_getLnAvailableBal {"acntno":"MN040019009070001694"} []
[2023-06-07T10:24:47.370675+08:00] Response.INFO: response_getLnAvailableBal [{"stdClass":{"acnt_code":"MN040019009070001694","ln_available_amount":"5041796.5"}}] []
[2023-06-07T10:24:56.076799+08:00] Request.INFO: request_getIntPayCalc {"acntno":"MN040019009070001694","approve_amount":100} []
[2023-06-07T10:24:56.515342+08:00] Response.INFO: response_getIntPayCalc [{"stdClass":{"acntno":"MN040019009070001694","cur_code":"MNT","int_amount":"6.8","princ_amount":"106.8"}}] []
[2023-06-07T10:25:02.822754+08:00] Request.INFO: request_getLnAvailableBal {"acntno":"MN110019009000030715"} []
[2023-06-07T10:25:03.494077+08:00] Response.INFO: response_getLnAvailableBal [{"stdClass":{"acnt_code":"MN110019009000030715","ln_available_amount":"-4748.22"}}] []
[2023-06-07T10:25:07.078603+08:00] Request.INFO: request_getLnAvailableBal {"acntno":"MN210019009070001776"} []
[2023-06-07T10:25:07.862926+08:00] Response.INFO: response_getLnAvailableBal [{"stdClass":{"acnt_code":"MN210019009070001776","ln_available_amount":"8136927.32"}}] []
[2023-06-07T10:25:13.153146+08:00] Request.INFO: request_getLnAvailableBal {"acntno":"MN480019009070001775"} []
[2023-06-07T10:25:13.902998+08:00] Response.INFO: response_getLnAvailableBal [{"stdClass":{"acnt_code":"MN480019009070001775","ln_available_amount":"15991500"}}] []
[2023-06-07T10:25:20.115912+08:00] Request.INFO: request_getIntPayCalc {"acntno":"MN480019009070001775","approve_amount":1000} []
[2023-06-07T10:25:20.582868+08:00] Response.INFO: response_getIntPayCalc [{"stdClass":{"acntno":"MN480019009070001775","cur_code":"MNT","int_amount":"92.22","princ_amount":"1092.22"}}] []
[2023-06-07T10:25:28.776439+08:00] Request.INFO: request_getIntPayCalc {"acntno":"MN480019009070001775","approve_amount":1000} []
[2023-06-07T10:25:29.225685+08:00] Response.INFO: response_getIntPayCalc [{"stdClass":{"acntno":"MN480019009070001775","cur_code":"MNT","int_amount":"92.22","princ_amount":"1092.22"}}] []
[2023-06-07T10:26:15.355768+08:00] Request.INFO: request_getLnAvailableBal {"acntno":"MN570019009070001710"} []
[2023-06-07T10:26:16.182041+08:00] Response.INFO: response_getLnAvailableBal [{"stdClass":{"acnt_code":"MN570019009070001710","ln_available_amount":"2639819.36"}}] []
[2023-06-07T10:26:22.754485+08:00] Request.INFO: request_getIntPayCalc {"acntno":"MN570019009070001710","approve_amount":12000} []
[2023-06-07T10:26:23.216058+08:00] Response.INFO: response_getIntPayCalc [{"stdClass":{"acntno":"MN570019009070001710","cur_code":"MNT","int_amount":"833.26","princ_amount":"12833.26"}}] []
[2023-06-07T10:26:28.803702+08:00] Request.INFO: request_getIntPayCalc {"acntno":"MN570019009070001710","approve_amount":12000} []
[2023-06-07T10:26:29.270241+08:00] Response.INFO: response_getIntPayCalc [{"stdClass":{"acntno":"MN570019009070001710","cur_code":"MNT","int_amount":"833.26","princ_amount":"12833.26"}}] []
[2023-06-07T10:26:38.179922+08:00] Request.INFO: request_getIntPayCalc {"acntno":"MN570019009070001710","approve_amount":12000} []
[2023-06-07T10:26:38.634884+08:00] Response.INFO: response_getIntPayCalc [{"stdClass":{"acntno":"MN570019009070001710","cur_code":"MNT","int_amount":"833.26","princ_amount":"12833.26"}}] []
[2023-06-07T10:27:02.689395+08:00] Request.INFO: request_getLnAvailableBal {"acntno":"MN620019009070001911"} []
[2023-06-07T10:27:03.362768+08:00] Response.INFO: response_getLnAvailableBal [{"stdClass":{"acnt_code":"MN620019009070001911","ln_available_amount":"85030.18"}}] []
[2023-06-07T10:27:11.133691+08:00] Request.INFO: request_getIntPayCalc {"acntno":"MN620019009070001911","approve_amount":8500} []
[2023-06-07T10:27:11.596702+08:00] Response.INFO: response_getIntPayCalc [{"stdClass":{"acntno":"MN620019009070001911","cur_code":"MNT","int_amount":"1553.05","princ_amount":"10053.05"}}] []
[2023-06-07T10:27:19.602468+08:00] Request.INFO: request_getIntPayCalc {"acntno":"MN620019009070001911","approve_amount":8500} []
[2023-06-07T10:27:20.057419+08:00] Response.INFO: response_getIntPayCalc [{"stdClass":{"acntno":"MN620019009070001911","cur_code":"MNT","int_amount":"1553.05","princ_amount":"10053.05"}}] []
[2023-06-07T10:27:32.856014+08:00] Request.INFO: request_getLnAvailableBal {"acntno":"MN890019009070001910"} []
[2023-06-07T10:27:33.573068+08:00] Response.INFO: response_getLnAvailableBal [{"stdClass":{"acnt_code":"MN890019009070001910","ln_available_amount":"759473.83"}}] []
[2023-06-07T10:27:40.113629+08:00] Request.INFO: request_getIntPayCalc {"acntno":"MN890019009070001910","approve_amount":7590} []
[2023-06-07T10:27:40.593053+08:00] Response.INFO: response_getIntPayCalc [{"stdClass":{"acntno":"MN890019009070001910","cur_code":"MNT","int_amount":"558.54","princ_amount":"8148.54"}}] []
[2023-06-07T10:27:47.861774+08:00] Request.INFO: request_getIntPayCalc {"acntno":"MN890019009070001910","approve_amount":7590} []
[2023-06-07T10:27:48.314211+08:00] Response.INFO: response_getIntPayCalc [{"stdClass":{"acntno":"MN890019009070001910","cur_code":"MNT","int_amount":"558.54","princ_amount":"8148.54"}}] []
[2023-06-07T11:26:36.550610+08:00] Request.INFO: request_getLnAvailableBal {"acntno":"MN330019009100000362"} []
[2023-06-07T11:26:37.293122+08:00] Response.INFO: response_getLnAvailableBal [{"stdClass":{"acnt_code":"MN330019009100000362","ln_available_amount":"272000"}}] []
[2023-06-07T11:26:37.864579+08:00] Request.INFO: request_getLnAvailableBal {"acntno":"MN060019009100000363"} []
[2023-06-07T11:26:38.531646+08:00] Response.INFO: response_getLnAvailableBal [{"stdClass":{"acnt_code":"MN060019009100000363","ln_available_amount":"136000"}}] []
[2023-06-07T11:26:39.670334+08:00] Request.INFO: request_getLnAvailableBal {"acntno":"MN330019009100000362"} []
[2023-06-07T11:26:40.138393+08:00] Response.INFO: response_getLnAvailableBal [{"stdClass":{"acnt_code":"MN330019009100000362","ln_available_amount":"272000"}}] []
[2023-06-07T11:26:41.327593+08:00] Request.INFO: request_getLnAvailableBal {"acntno":"MN060019009100000363"} []
[2023-06-07T11:26:41.775959+08:00] Response.INFO: response_getLnAvailableBal [{"stdClass":{"acnt_code":"MN060019009100000363","ln_available_amount":"136000"}}] []
[2023-06-07T11:27:07.826177+08:00] Request.INFO: request_getLnAvailableBal {"acntno":"MN330019009100000362"} []
[2023-06-07T11:27:08.276131+08:00] Response.INFO: response_getLnAvailableBal [{"stdClass":{"acnt_code":"MN330019009100000362","ln_available_amount":"272000"}}] []
[2023-06-07T13:39:02.105452+08:00] Request.INFO: request_getLnAvailableBal {"acntno":"MN150019009100000395"} []
[2023-06-07T13:39:02.774771+08:00] Response.INFO: response_getLnAvailableBal [{"stdClass":{"acnt_code":"MN150019009100000395","ln_available_amount":"0"}}] []
[2023-06-07T13:40:01.444527+08:00] Request.INFO: request_getLnAvailableBal {"acntno":"MN150019009100000395"} []
[2023-06-07T13:40:01.921477+08:00] Response.INFO: response_getLnAvailableBal [{"stdClass":{"acnt_code":"MN150019009100000395","ln_available_amount":"0"}}] []
[2023-06-07T13:41:06.386200+08:00] Request.INFO: request_getLnAvailableBal {"acntno":"MN150019009100000395"} []
[2023-06-07T13:41:06.875695+08:00] Response.INFO: response_getLnAvailableBal [{"stdClass":{"acnt_code":"MN150019009100000395","ln_available_amount":"850000"}}] []
