[2023-04-28T14:57:47.512731+08:00] Request.INFO: request_getLnAvailableBal {"acntno":"MN510019009000035621"} []
[2023-04-28T14:57:49.159580+08:00] Response.INFO: response_getLnAvailableBal [{"stdClass":{"acnt_code":"MN510019009000035621","ln_available_amount":"12491500"}}] []
[2023-04-28T14:57:59.540153+08:00] Request.INFO: request_getIntPayCalc {"acntno":"MN510019009000035621","approve_amount":5000000.0} []
[2023-04-28T14:57:59.985556+08:00] Response.INFO: response_getIntPayCalc [{"stdClass":{"acntno":"MN510019009000035621","cur_code":"MNT","int_amount":"929589.04","princ_amount":"5929589.04"}}] []
[2023-04-28T14:58:09.844256+08:00] Request.INFO: request_getIntPayCalc {"acntno":"MN510019009000035621","approve_amount":5000000.0} []
[2023-04-28T14:58:10.312043+08:00] Response.INFO: response_getIntPayCalc [{"stdClass":{"acntno":"MN510019009000035621","cur_code":"MNT","int_amount":"929589.04","princ_amount":"5929589.04"}}] []
[2023-04-28T16:57:09.773168+08:00] Request.INFO: request_getLnAvailableBal {"acntno":"MN080019009100000327"} []
[2023-04-28T16:57:11.359044+08:00] Response.INFO: response_getLnAvailableBal [{"stdClass":{"acnt_code":"MN080019009100000327","ln_available_amount":"1011500"}}] []
[2023-04-28T17:01:53.993363+08:00] Request.INFO: request_getLnAvailableBal {"acntno":"MN070019009000035443"} []
[2023-04-28T17:01:54.454534+08:00] Response.INFO: response_getLnAvailableBal [{"stdClass":{"acnt_code":"MN070019009000035443","ln_available_amount":"2885000"}}] []
[2023-04-28T17:02:02.590218+08:00] Request.INFO: request_getIntPayCalc {"acntno":"MN070019009000035443","approve_amount":1203000} []
[2023-04-28T17:02:03.024389+08:00] Response.INFO: response_getIntPayCalc [{"stdClass":{"acntno":"MN070019009000035443","cur_code":"MNT","int_amount":"446369.03","princ_amount":"1649369.03"}}] []
[2023-04-28T17:02:15.555655+08:00] Request.INFO: request_getIntPayCalc {"acntno":"MN070019009000035443","approve_amount":1203000} []
[2023-04-28T17:02:15.980731+08:00] Response.INFO: response_getIntPayCalc [{"stdClass":{"acntno":"MN070019009000035443","cur_code":"MNT","int_amount":"446369.03","princ_amount":"1649369.03"}}] []
[2023-04-28T17:03:14.067486+08:00] Request.INFO: request_getLnAvailableBal {"acntno":"MN100019009000035292"} []
[2023-04-28T17:03:14.601925+08:00] Response.INFO: response_getLnAvailableBal [{"stdClass":{"acnt_code":"MN100019009000035292","ln_available_amount":"407.44"}}] []
[2023-04-28T17:03:21.017365+08:00] Request.INFO: request_getIntPayCalc {"acntno":"MN100019009000035292","approve_amount":100} []
[2023-04-28T17:03:21.473853+08:00] Response.INFO: response_getIntPayCalc [{"stdClass":{"acntno":"MN100019009000035292","cur_code":"USD","int_amount":"-.49","princ_amount":"99.51"}}] []
[2023-04-28T17:07:15.085541+08:00] Request.INFO: request_getLnAvailableBal {"acntno":"MN210019009070001873"} []
[2023-04-28T17:07:15.809948+08:00] Response.INFO: response_getLnAvailableBal [{"stdClass":{"acnt_code":"MN210019009070001873","ln_available_amount":"850000"}}] []
[2023-04-28T17:07:16.775237+08:00] Request.INFO: request_getLnAvailableBal {"acntno":"MN080019009100000327"} []
[2023-04-28T17:07:17.239218+08:00] Response.INFO: response_getLnAvailableBal [{"stdClass":{"acnt_code":"MN080019009100000327","ln_available_amount":"1011500"}}] []
[2023-04-28T17:07:36.480695+08:00] Request.INFO: request_getLnAvailableBal {"acntno":"MN070019009000035443"} []
[2023-04-28T17:07:36.947763+08:00] Response.INFO: response_getLnAvailableBal [{"stdClass":{"acnt_code":"MN070019009000035443","ln_available_amount":"1682000"}}] []
[2023-04-28T17:07:43.442632+08:00] Request.INFO: request_getIntPayCalc {"acntno":"MN070019009000035443","approve_amount":1203000} []
[2023-04-28T17:07:43.885313+08:00] Response.INFO: response_getIntPayCalc [{"stdClass":{"acntno":"MN070019009000035443","cur_code":"MNT","int_amount":"446369.03","princ_amount":"1649369.03"}}] []
[2023-04-28T17:19:35.192064+08:00] Request.INFO: request_getLnAvailableBal {"acntno":"MN070019009000035443"} []
[2023-04-28T17:19:35.630126+08:00] Response.INFO: response_getLnAvailableBal [{"stdClass":{"acnt_code":"MN070019009000035443","ln_available_amount":"1682000"}}] []
