[2023-04-05T14:51:04.955646+08:00] request_getIntPayCalc.INFO: request_getIntPayCalc {"acntno":"MN110019009000030715","approve_amount":8000000} []
[2023-04-05T14:51:05.487233+08:00] response_getIntPayCalc.INFO: response_getIntPayCalc [{"stdClass":{"acntno":"MN110019009000030715","cur_code":"MNT","int_amount":"599890.41","princ_amount":"8599890.41"}}] []
[2023-04-05T14:52:09.923464+08:00] Request.INFO: request_getIntPayCalc {"acntno":"MN110019009000030715","approve_amount":8000000} []
[2023-04-05T14:52:10.443808+08:00] response_getIntPayCalc.INFO: response_getIntPayCalc [{"stdClass":{"acntno":"MN110019009000030715","cur_code":"MNT","int_amount":"599890.41","princ_amount":"8599890.41"}}] []
[2023-04-05T14:52:26.776540+08:00] Request.INFO: request_getIntPayCalc {"acntno":"MN110019009000030715","approve_amount":8000000} []
[2023-04-05T14:52:27.280724+08:00] Response.INFO: response_getIntPayCalc [{"stdClass":{"acntno":"MN110019009000030715","cur_code":"MNT","int_amount":"599890.41","princ_amount":"8599890.41"}}] []
[2023-04-05T14:56:59.953273+08:00] Request.INFO: request_getLnAvailableBal {"acntno":"MN070019009000035443"} []
[2023-04-05T14:57:01.586723+08:00] Response.INFO: response_getLnAvailableBal [{"stdClass":{"acnt_code":"MN070019009000035443","ln_available_amount":"1193500"}}] []
[2023-04-05T14:57:13.516239+08:00] Request.INFO: request_getIntPayCalc {"acntno":"MN110019009000030715","approve_amount":8000000} []
[2023-04-05T14:57:14.016993+08:00] Response.INFO: response_getIntPayCalc [{"stdClass":{"acntno":"MN110019009000030715","cur_code":"MNT","int_amount":"599890.41","princ_amount":"8599890.41"}}] []
[2023-04-05T14:57:18.866989+08:00] Request.INFO: request_getLnAvailableBal {"acntno":"MN070019009000035443"} []
[2023-04-05T14:57:19.412064+08:00] Response.INFO: response_getLnAvailableBal [{"stdClass":{"acnt_code":"MN070019009000035443","ln_available_amount":"1193500"}}] []
[2023-04-05T15:01:31.848904+08:00] Request.INFO: request_getLnAvailableBal {"acntno":"MN370019009000035291"} []
[2023-04-05T15:01:32.636763+08:00] Response.INFO: response_getLnAvailableBal [{"stdClass":{"acnt_code":"MN370019009000035291","ln_available_amount":"425000"}}] []
[2023-04-05T15:02:16.068595+08:00] Request.INFO: request_getLnAvailableBal {"acntno":"MN370019009000035291"} []
[2023-04-05T15:02:16.601106+08:00] Response.INFO: response_getLnAvailableBal [{"stdClass":{"acnt_code":"MN370019009000035291","ln_available_amount":"425000"}}] []
[2023-04-05T15:02:31.686418+08:00] Request.INFO: request_getIntPayCalc {"acntno":"MN370019009000035291","approve_amount":8000000} []
[2023-04-05T15:02:32.184696+08:00] Response.INFO: response_getIntPayCalc [{"stdClass":{"acntno":"MN370019009000035291","cur_code":"MNT","int_amount":"3616.44","princ_amount":"8003616.44"}}] []
[2023-04-05T15:02:41.358126+08:00] Request.INFO: request_getIntPayCalc {"acntno":"MN370019009000035291","approve_amount":300000} []
[2023-04-05T15:02:41.849378+08:00] Response.INFO: response_getIntPayCalc [{"stdClass":{"acntno":"MN370019009000035291","cur_code":"MNT","int_amount":"135.62","princ_amount":"300135.62"}}] []
[2023-04-05T15:06:15.201232+08:00] Request.INFO: request_getLnAvailableBal {"acntno":"MN780019009070001720"} []
[2023-04-05T15:06:16.337225+08:00] Response.INFO: response_getLnAvailableBal [{"stdClass":{"acnt_code":"MN780019009070001720","ln_available_amount":"550000"}}] []
[2023-04-05T15:08:22.852289+08:00] Request.INFO: request_getLnAvailableBal {"acntno":"MN290019009070001729"} []
[2023-04-05T15:08:23.600823+08:00] Response.INFO: response_getLnAvailableBal [{"stdClass":{"acnt_code":"MN290019009070001729","ln_available_amount":"2550000"}}] []
[2023-04-05T15:08:40.914744+08:00] Request.INFO: request_getIntPayCalc {"acntno":"MN290019009070001729","approve_amount":2550000} []
[2023-04-05T15:08:41.424185+08:00] Response.INFO: response_getIntPayCalc [{"stdClass":{"acntno":"MN290019009070001729","cur_code":"MNT","int_amount":"24172.6","princ_amount":"2574172.6"}}] []
[2023-04-05T15:11:30.361682+08:00] Request.INFO: request_getIntPayCalc {"acntno":"MN290019009070001729","approve_amount":2550000} []
[2023-04-05T15:11:30.887571+08:00] Response.INFO: response_getIntPayCalc [{"stdClass":{"acntno":"MN290019009070001729","cur_code":"MNT","int_amount":"24172.6","princ_amount":"2574172.6"}}] []
[2023-04-05T15:14:32.749542+08:00] Request.INFO: request_getLnAvailableBal {"acntno":"MN290019009070001729"} []
[2023-04-05T15:14:33.259177+08:00] Response.INFO: response_getLnAvailableBal [{"stdClass":{"acnt_code":"MN290019009070001729","ln_available_amount":"2550000"}}] []
[2023-04-05T15:28:30.321932+08:00] Request.INFO: request_getLnAvailableBal {"acntno":"MN290019009070001729"} []
[2023-04-05T15:28:31.133559+08:00] Response.INFO: response_getLnAvailableBal [{"stdClass":{"acnt_code":"MN290019009070001729","ln_available_amount":"2550000"}}] []
[2023-04-05T15:29:33.059663+08:00] Request.INFO: request_getLnAvailableBal {"acntno":"MN290019009070001729"} []
[2023-04-05T15:29:33.565258+08:00] Response.INFO: response_getLnAvailableBal [{"stdClass":{"acnt_code":"MN290019009070001729","ln_available_amount":"2550000"}}] []
[2023-04-05T15:29:48.309719+08:00] Request.INFO: request_getIntPayCalc {"acntno":"MN290019009070001729","approve_amount":2550000} []
[2023-04-05T15:29:48.809017+08:00] Response.INFO: response_getIntPayCalc [{"stdClass":{"acntno":"MN290019009070001729","cur_code":"MNT","int_amount":"24172.6","princ_amount":"2574172.6"}}] []
[2023-04-05T16:20:55.949753+08:00] Request.INFO: request_getLnAvailableBal {"acntno":"MN290019009070001729"} []
[2023-04-05T16:20:56.517762+08:00] Response.INFO: response_getLnAvailableBal [{"stdClass":{"acnt_code":"MN290019009070001729","ln_available_amount":"2550000"}}] []
[2023-04-05T16:31:11.601458+08:00] Request.INFO: request_getLnAvailableBal {"acntno":"MN290019009070001729"} []
[2023-04-05T16:31:12.143855+08:00] Response.INFO: response_getLnAvailableBal [{"stdClass":{"acnt_code":"MN290019009070001729","ln_available_amount":"850000"}}] []
[2023-04-05T16:34:51.977773+08:00] Request.INFO: request_getLnAvailableBal {"acntno":"MN290019009070001729"} []
[2023-04-05T16:34:52.543334+08:00] Response.INFO: response_getLnAvailableBal [{"stdClass":{"acnt_code":"MN290019009070001729","ln_available_amount":"750000"}}] []
[2023-04-05T16:45:41.194669+08:00] Request.INFO: request_getIntPayCalc {"acntno":"MN250019009070001704","approve_amount":1000000} []
[2023-04-05T16:45:41.699828+08:00] Response.INFO: response_getIntPayCalc [{"stdClass":{"acntno":"MN250019009070001704","cur_code":"MNT","int_amount":"48819.18","princ_amount":"1048819.18"}}] []
[2023-04-05T16:56:34.995139+08:00] Request.INFO: request_getLnAvailableBal {"acntno":"MN250019009070001704"} []
[2023-04-05T16:56:36.130275+08:00] Response.INFO: response_getLnAvailableBal [{"stdClass":{"acnt_code":"MN250019009070001704","ln_available_amount":"1550000"}}] []
[2023-04-05T16:56:49.469395+08:00] Request.INFO: request_getIntPayCalc {"acntno":"MN250019009070001704","approve_amount":1550000} []
[2023-04-05T16:56:49.972824+08:00] Response.INFO: response_getIntPayCalc [{"stdClass":{"acntno":"MN250019009070001704","cur_code":"MNT","int_amount":"75669.73","princ_amount":"1625669.73"}}] []
