[2023-05-12T14:52:52.856005+08:00] Request.INFO: request_getLnAvailableBal {"acntno":"MN250019009070001704"} []
[2023-05-12T14:52:53.894973+08:00] Response.INFO: response_getLnAvailableBal [{"stdClass":{"acnt_code":"MN250019009070001704","ln_available_amount":"5778526.08"}}] []
[2023-05-12T14:54:02.270146+08:00] Request.INFO: request_getLnAvailableBal {"acntno":"MN560019009070001728"} []
[2023-05-12T14:54:02.948318+08:00] Response.INFO: response_getLnAvailableBal [{"stdClass":{"acnt_code":"MN560019009070001728","ln_available_amount":"4256904.21"}}] []
[2023-05-12T14:55:30.791170+08:00] Request.INFO: request_getLnAvailableBal {"acntno":"MN560019009070001728"} []
[2023-05-12T14:55:31.248291+08:00] Response.INFO: response_getLnAvailableBal [{"stdClass":{"acnt_code":"MN560019009070001728","ln_available_amount":"4256904.21"}}] []
[2023-05-12T14:55:44.687031+08:00] Request.INFO: request_getIntPayCalc {"acntno":"MN560019009070001728","approve_amount":4300000} []
[2023-05-12T14:55:45.142884+08:00] Response.INFO: response_getIntPayCalc [{"stdClass":{"acntno":"MN560019009070001728","cur_code":"MNT","int_amount":"42764.38","princ_amount":"4342764.38"}}] []
[2023-05-12T14:55:50.950865+08:00] Request.INFO: request_getIntPayCalc {"acntno":"MN560019009070001728","approve_amount":4300000} []
[2023-05-12T14:55:51.405359+08:00] Response.INFO: response_getIntPayCalc [{"stdClass":{"acntno":"MN560019009070001728","cur_code":"MNT","int_amount":"42764.38","princ_amount":"4342764.38"}}] []
[2023-05-12T14:56:16.389913+08:00] Request.INFO: request_getIntPayCalc {"acntno":"MN560019009070001728","approve_amount":4257000} []
[2023-05-12T14:56:16.849826+08:00] Response.INFO: response_getIntPayCalc [{"stdClass":{"acntno":"MN560019009070001728","cur_code":"MNT","int_amount":"42336.74","princ_amount":"4299336.74"}}] []
[2023-05-12T14:56:36.939141+08:00] Request.INFO: request_getLnAvailableBal {"acntno":"MN560019009070001728"} []
[2023-05-12T14:56:37.425474+08:00] Response.INFO: response_getLnAvailableBal [{"stdClass":{"acnt_code":"MN560019009070001728","ln_available_amount":"4256904.21"}}] []
[2023-05-12T14:56:46.720685+08:00] Request.INFO: request_getIntPayCalc {"acntno":"MN560019009070001728","approve_amount":4257000} []
[2023-05-12T14:56:47.164673+08:00] Response.INFO: response_getIntPayCalc [{"stdClass":{"acntno":"MN560019009070001728","cur_code":"MNT","int_amount":"42336.74","princ_amount":"4299336.74"}}] []
[2023-05-12T14:57:05.999719+08:00] Request.INFO: request_getLnAvailableBal {"acntno":"MN560019009070001728"} []
[2023-05-12T14:57:06.437505+08:00] Response.INFO: response_getLnAvailableBal [{"stdClass":{"acnt_code":"MN560019009070001728","ln_available_amount":"4256904.21"}}] []
[2023-05-12T14:57:28.772208+08:00] Request.INFO: request_getIntPayCalc {"acntno":"MN560019009070001728","approve_amount":4257000} []
[2023-05-12T14:57:29.245934+08:00] Response.INFO: response_getIntPayCalc [{"stdClass":{"acntno":"MN560019009070001728","cur_code":"MNT","int_amount":"42336.74","princ_amount":"4299336.74"}}] []
[2023-05-12T14:58:16.141945+08:00] Request.INFO: request_getIntPayCalc {"acntno":"MN560019009070001728","approve_amount":4257000} []
[2023-05-12T14:58:16.590993+08:00] Response.INFO: response_getIntPayCalc [{"stdClass":{"acntno":"MN560019009070001728","cur_code":"MNT","int_amount":"42336.74","princ_amount":"4299336.74"}}] []
[2023-05-12T15:12:06.142302+08:00] Request.INFO: request_getLnAvailableBal {"acntno":"MN490019009000035754"} []
[2023-05-12T15:12:06.968004+08:00] Response.INFO: response_getLnAvailableBal [{"stdClass":{"acnt_code":"MN490019009000035754","ln_available_amount":"-8500"}}] []
[2023-05-12T15:12:09.326767+08:00] Request.INFO: request_getLnAvailableBal {"acntno":"MN100019009000014243"} []
[2023-05-12T15:12:10.032019+08:00] Response.INFO: response_getLnAvailableBal [{"stdClass":{"acnt_code":"MN100019009000014243","ln_available_amount":"850329.45"}}] []
[2023-05-12T15:12:27.427770+08:00] Request.INFO: request_getIntPayCalc {"acntno":"MN100019009000014243","approve_amount":850000} []
[2023-05-12T15:12:27.912036+08:00] Response.INFO: response_getIntPayCalc [{"stdClass":{"acntno":"MN100019009000014243","cur_code":"MNT","int_amount":"39053.42","princ_amount":"889053.42"}}] []
[2023-05-12T15:12:42.536697+08:00] Request.INFO: request_getIntPayCalc {"acntno":"MN100019009000014243","approve_amount":850000} []
[2023-05-12T15:12:43.011397+08:00] Response.INFO: response_getIntPayCalc [{"stdClass":{"acntno":"MN100019009000014243","cur_code":"MNT","int_amount":"39053.42","princ_amount":"889053.42"}}] []
[2023-05-12T15:16:01.619731+08:00] Request.INFO: request_getLnAvailableBal {"acntno":"MN100019009000014243"} []
[2023-05-12T15:16:02.079961+08:00] Response.INFO: response_getLnAvailableBal [{"stdClass":{"acnt_code":"MN100019009000014243","ln_available_amount":"329.45"}}] []
[2023-05-12T15:16:05.157033+08:00] Request.INFO: request_getLnAvailableBal {"acntno":"MN490019009000035754"} []
[2023-05-12T15:16:05.626250+08:00] Response.INFO: response_getLnAvailableBal [{"stdClass":{"acnt_code":"MN490019009000035754","ln_available_amount":"-8500"}}] []
