[2023-04-24T11:19:49.450073+08:00] Request.INFO: request_getLnAvailableBal {"acntno":"MN070019009000035443"} []
[2023-04-24T11:19:50.981649+08:00] Response.INFO: response_getLnAvailableBal [{"stdClass":{"acnt_code":"MN070019009000035443","ln_available_amount":"2885000"}}] []
[2023-04-24T11:19:52.572142+08:00] Request.INFO: request_getLnAvailableBal {"acntno":"MN170019009000035651"} []
[2023-04-24T11:19:53.264486+08:00] Response.INFO: response_getLnAvailableBal [{"stdClass":{"acnt_code":"MN170019009000035651","ln_available_amount":"-85"}}] []
[2023-04-24T11:19:57.002581+08:00] Request.INFO: request_getLnAvailableBal {"acntno":"MN800019009000035293"} []
[2023-04-24T11:19:58.007424+08:00] Response.INFO: response_getLnAvailableBal [{"stdClass":{"acnt_code":"MN800019009000035293","ln_available_amount":"1504753.99"}}] []
[2023-04-24T11:19:59.415381+08:00] Request.INFO: request_getLnAvailableBal {"acntno":"MN870019009000035652"} []
[2023-04-24T11:20:00.068804+08:00] Response.INFO: response_getLnAvailableBal [{"stdClass":{"acnt_code":"MN870019009000035652","ln_available_amount":"-8500"}}] []
[2023-04-24T11:20:03.676834+08:00] Request.INFO: request_getLnAvailableBal {"acntno":"MN970019009000035569"} []
[2023-04-24T11:20:04.346233+08:00] Response.INFO: response_getLnAvailableBal [{"stdClass":{"acnt_code":"MN970019009000035569","ln_available_amount":"-8500"}}] []
[2023-04-24T11:20:09.879010+08:00] Request.INFO: request_getLnAvailableBal {"acntno":"MN070019009000035443"} []
[2023-04-24T11:20:10.345897+08:00] Response.INFO: response_getLnAvailableBal [{"stdClass":{"acnt_code":"MN070019009000035443","ln_available_amount":"2885000"}}] []
[2023-04-24T11:20:24.584534+08:00] Request.INFO: request_getIntPayCalc {"acntno":"MN070019009000035443","approve_amount":1203000} []
[2023-04-24T11:20:25.039001+08:00] Response.INFO: response_getIntPayCalc [{"stdClass":{"acntno":"MN070019009000035443","cur_code":"MNT","int_amount":"448979.38","princ_amount":"1651979.38"}}] []
[2023-04-24T11:21:54.399430+08:00] Request.INFO: request_getLnAvailableBal {"acntno":"MN970019009000035569"} []
[2023-04-24T11:21:54.868376+08:00] Response.INFO: response_getLnAvailableBal [{"stdClass":{"acnt_code":"MN970019009000035569","ln_available_amount":"-8500"}}] []
[2023-04-24T11:21:59.089350+08:00] Request.INFO: request_getLnAvailableBal {"acntno":"MN100019009000035292"} []
[2023-04-24T11:21:59.845104+08:00] Response.INFO: response_getLnAvailableBal [{"stdClass":{"acnt_code":"MN100019009000035292","ln_available_amount":"407.44"}}] []
[2023-04-24T11:36:12.826440+08:00] Request.INFO: request_getLnAvailableBal {"acntno":"MN230019009000030984"} []
[2023-04-24T11:36:13.297274+08:00] Response.INFO: response_getLnAvailableBal [{"stdClass":{"acnt_code":"MN230019009000030984","ln_available_amount":"6800000"}}] []
[2023-04-24T11:46:24.402025+08:00] Request.INFO: request_getLnAvailableBal {"acntno":"MN230019009000030984"} []
[2023-04-24T11:46:24.841986+08:00] Response.INFO: response_getLnAvailableBal [{"stdClass":{"acnt_code":"MN230019009000030984","ln_available_amount":"6800000"}}] []
[2023-04-24T11:47:32.533812+08:00] Request.INFO: request_getIntPayCalc {"acntno":"MN230019009000030984","approve_amount":3800000} []
[2023-04-24T11:47:32.978958+08:00] Response.INFO: response_getIntPayCalc [{"stdClass":{"acntno":"MN230019009000030984","cur_code":"MNT","int_amount":"594361.64","princ_amount":"4394361.64"}}] []
[2023-04-24T11:48:31.354208+08:00] Request.INFO: request_getIntPayCalc {"acntno":"MN230019009000030984","approve_amount":3800000} []
[2023-04-24T11:48:31.878210+08:00] Response.INFO: response_getIntPayCalc [{"stdClass":{"acntno":"MN230019009000030984","cur_code":"MNT","int_amount":"594361.64","princ_amount":"4394361.64"}}] []
[2023-04-24T11:53:09.647491+08:00] Request.INFO: request_getLnAvailableBal {"acntno":"MN230019009000030984"} []
[2023-04-24T11:53:10.093220+08:00] Response.INFO: response_getLnAvailableBal [{"stdClass":{"acnt_code":"MN230019009000030984","ln_available_amount":"3000000"}}] []
[2023-04-24T11:53:22.883051+08:00] Request.INFO: request_getIntPayCalc {"acntno":"MN230019009000030984","approve_amount":1300000} []
[2023-04-24T11:53:23.347295+08:00] Response.INFO: response_getIntPayCalc [{"stdClass":{"acntno":"MN230019009000030984","cur_code":"MNT","int_amount":"203334.25","princ_amount":"1503334.25"}}] []
[2023-04-24T11:53:37.198854+08:00] Request.INFO: request_getIntPayCalc {"acntno":"MN230019009000030984","approve_amount":1300000} []
[2023-04-24T11:53:37.645798+08:00] Response.INFO: response_getIntPayCalc [{"stdClass":{"acntno":"MN230019009000030984","cur_code":"MNT","int_amount":"203334.25","princ_amount":"1503334.25"}}] []
[2023-04-24T12:18:12.400561+08:00] Request.INFO: request_getLnAvailableBal {"acntno":"MN230019009000030984"} []
[2023-04-24T12:18:12.869946+08:00] Response.INFO: response_getLnAvailableBal [{"stdClass":{"acnt_code":"MN230019009000030984","ln_available_amount":"1700000"}}] []
[2023-04-24T12:18:26.084068+08:00] Request.INFO: request_getIntPayCalc {"acntno":"MN230019009000030984","approve_amount":1700000} []
[2023-04-24T12:18:26.531310+08:00] Response.INFO: response_getIntPayCalc [{"stdClass":{"acntno":"MN230019009000030984","cur_code":"MNT","int_amount":"265898.63","princ_amount":"1965898.63"}}] []
[2023-04-24T12:18:36.001076+08:00] Request.INFO: request_getIntPayCalc {"acntno":"MN230019009000030984","approve_amount":1700000} []
[2023-04-24T12:18:36.468414+08:00] Response.INFO: response_getIntPayCalc [{"stdClass":{"acntno":"MN230019009000030984","cur_code":"MNT","int_amount":"265898.63","princ_amount":"1965898.63"}}] []
[2023-04-24T12:28:19.517836+08:00] Request.INFO: request_getLnAvailableBal {"acntno":"MN230019009000030984"} []
[2023-04-24T12:28:20.021843+08:00] Response.INFO: response_getLnAvailableBal [{"stdClass":{"acnt_code":"MN230019009000030984","ln_available_amount":"0"}}] []
[2023-04-24T14:49:14.801058+08:00] Request.INFO: request_getLnAvailableBal {"acntno":"MN590019009100000282"} []
[2023-04-24T14:49:15.580237+08:00] Response.INFO: response_getLnAvailableBal [{"stdClass":{"acnt_code":"MN590019009100000282","ln_available_amount":"845750"}}] []
[2023-04-24T15:35:56.046680+08:00] Request.INFO: request_getLnAvailableBal {"acntno":"MN780019009070001720"} []
[2023-04-24T15:35:56.544098+08:00] Response.INFO: response_getLnAvailableBal [{"stdClass":{"acnt_code":"MN780019009070001720","ln_available_amount":"11917820.18"}}] []
[2023-04-24T15:50:02.414802+08:00] Request.INFO: request_getLnAvailableBal {"acntno":"MN400019009010012560"} []
[2023-04-24T15:50:03.163552+08:00] Response.INFO: response_getLnAvailableBal [{"stdClass":{"acnt_code":"MN400019009010012560","ln_available_amount":"128226.57"}}] []
[2023-04-24T16:04:02.528022+08:00] Request.INFO: request_getLnAvailableBal {"acntno":"MN670019009010012559"} []
[2023-04-24T16:04:03.054300+08:00] Response.INFO: response_getLnAvailableBal [{"stdClass":{"acnt_code":"MN670019009010012559","ln_available_amount":"856791500"}}] []
[2023-04-24T16:04:14.276378+08:00] Request.INFO: request_getIntPayCalc {"acntno":"MN670019009010012559","approve_amount":100000000} []
[2023-04-24T16:04:14.728548+08:00] Response.INFO: response_getIntPayCalc [{"stdClass":{"acntno":"MN670019009010012559","cur_code":"MNT","int_amount":"-326027.4","princ_amount":"99673972.6"}}] []
[2023-04-24T16:06:12.056825+08:00] Request.INFO: request_getLnAvailableBal {"acntno":"MN670019009010012559"} []
[2023-04-24T16:06:12.547006+08:00] Response.INFO: response_getLnAvailableBal [{"stdClass":{"acnt_code":"MN670019009010012559","ln_available_amount":"856791500"}}] []
[2023-04-24T16:06:18.861331+08:00] Request.INFO: request_getIntPayCalc {"acntno":"MN670019009010012559","approve_amount":100000000} []
[2023-04-24T16:06:19.362804+08:00] Response.INFO: response_getIntPayCalc [{"stdClass":{"acntno":"MN670019009010012559","cur_code":"MNT","int_amount":"-326027.4","princ_amount":"99673972.6"}}] []
[2023-04-24T16:08:48.811610+08:00] Request.INFO: request_getLnAvailableBal {"acntno":"MN130019009010012561"} []
[2023-04-24T16:08:49.515241+08:00] Response.INFO: response_getLnAvailableBal [{"stdClass":{"acnt_code":"MN130019009010012561","ln_available_amount":"-85"}}] []
[2023-04-24T16:08:51.698867+08:00] Request.INFO: request_getLnAvailableBal {"acntno":"MN670019009010012559"} []
[2023-04-24T16:08:52.163210+08:00] Response.INFO: response_getLnAvailableBal [{"stdClass":{"acnt_code":"MN670019009010012559","ln_available_amount":"856791500"}}] []
[2023-04-24T16:08:59.838947+08:00] Request.INFO: request_getIntPayCalc {"acntno":"MN670019009010012559","approve_amount":1000000} []
[2023-04-24T16:09:00.317158+08:00] Response.INFO: response_getIntPayCalc [{"stdClass":{"acntno":"MN670019009010012559","cur_code":"MNT","int_amount":"-3260.27","princ_amount":"996739.73"}}] []
[2023-04-24T16:12:45.963456+08:00] Request.INFO: request_getLnAvailableBal {"acntno":"MN670019009010012559"} []
[2023-04-24T16:12:46.435536+08:00] Response.INFO: response_getLnAvailableBal [{"stdClass":{"acnt_code":"MN670019009010012559","ln_available_amount":"856791500"}}] []
[2023-04-24T16:12:48.756388+08:00] Request.INFO: request_getLnAvailableBal {"acntno":"MN070019009000035443"} []
[2023-04-24T16:12:49.223175+08:00] Response.INFO: response_getLnAvailableBal [{"stdClass":{"acnt_code":"MN070019009000035443","ln_available_amount":"2885000"}}] []
[2023-04-24T16:12:52.874614+08:00] Request.INFO: request_getIntPayCalc {"acntno":"MN670019009010012559","approve_amount":1000000} []
[2023-04-24T16:12:53.331619+08:00] Response.INFO: response_getIntPayCalc [{"stdClass":{"acntno":"MN670019009010012559","cur_code":"MNT","int_amount":"-3260.27","princ_amount":"996739.73"}}] []
[2023-04-24T16:13:10.386507+08:00] Request.INFO: request_getIntPayCalc {"acntno":"MN070019009000035443","approve_amount":1250000} []
[2023-04-24T16:13:10.840942+08:00] Response.INFO: response_getIntPayCalc [{"stdClass":{"acntno":"MN070019009000035443","cur_code":"MNT","int_amount":"466520.55","princ_amount":"1716520.55"}}] []
[2023-04-24T16:14:53.622950+08:00] Request.INFO: request_getLnAvailableBal {"acntno":"MN670019009010012559"} []
[2023-04-24T16:14:54.072078+08:00] Response.INFO: response_getLnAvailableBal [{"stdClass":{"acnt_code":"MN670019009010012559","ln_available_amount":"856791500"}}] []
[2023-04-24T16:15:01.456096+08:00] Request.INFO: request_getIntPayCalc {"acntno":"MN670019009010012559","approve_amount":1000000} []
[2023-04-24T16:15:01.958441+08:00] Response.INFO: response_getIntPayCalc [{"stdClass":{"acntno":"MN670019009010012559","cur_code":"MNT","int_amount":"-3260.27","princ_amount":"996739.73"}}] []
[2023-04-24T16:15:51.275852+08:00] Request.INFO: request_getLnAvailableBal {"acntno":"MN970019009000035569"} []
[2023-04-24T16:15:51.714809+08:00] Response.INFO: response_getLnAvailableBal [{"stdClass":{"acnt_code":"MN970019009000035569","ln_available_amount":"-8500"}}] []
[2023-04-24T16:15:54.168518+08:00] Request.INFO: request_getLnAvailableBal {"acntno":"MN870019009000035652"} []
[2023-04-24T16:15:54.642666+08:00] Response.INFO: response_getLnAvailableBal [{"stdClass":{"acnt_code":"MN870019009000035652","ln_available_amount":"-8500"}}] []
[2023-04-24T16:15:57.573645+08:00] Request.INFO: request_getLnAvailableBal {"acntno":"MN800019009000035293"} []
[2023-04-24T16:15:58.015147+08:00] Response.INFO: response_getLnAvailableBal [{"stdClass":{"acnt_code":"MN800019009000035293","ln_available_amount":"1504753.99"}}] []
[2023-04-24T16:16:00.019732+08:00] Request.INFO: request_getLnAvailableBal {"acntno":"MN180019009000035633"} []
[2023-04-24T16:16:00.679140+08:00] Response.INFO: response_getLnAvailableBal [{"stdClass":{"acnt_code":"MN180019009000035633","ln_available_amount":"4250000"}}] []
[2023-04-24T16:16:03.281279+08:00] Request.INFO: request_getLnAvailableBal {"acntno":"MN170019009000035651"} []
[2023-04-24T16:16:03.799674+08:00] Response.INFO: response_getLnAvailableBal [{"stdClass":{"acnt_code":"MN170019009000035651","ln_available_amount":"-85"}}] []
[2023-04-24T16:16:05.922776+08:00] Request.INFO: request_getLnAvailableBal {"acntno":"MN100019009000035292"} []
[2023-04-24T16:16:06.369339+08:00] Response.INFO: response_getLnAvailableBal [{"stdClass":{"acnt_code":"MN100019009000035292","ln_available_amount":"407.44"}}] []
[2023-04-24T16:16:08.077328+08:00] Request.INFO: request_getLnAvailableBal {"acntno":"MN070019009000035443"} []
[2023-04-24T16:16:08.534450+08:00] Response.INFO: response_getLnAvailableBal [{"stdClass":{"acnt_code":"MN070019009000035443","ln_available_amount":"2885000"}}] []
[2023-04-24T16:17:07.694655+08:00] Request.INFO: request_getLnAvailableBal {"acntno":"MN800019009000035293"} []
[2023-04-24T16:17:08.150186+08:00] Response.INFO: response_getLnAvailableBal [{"stdClass":{"acnt_code":"MN800019009000035293","ln_available_amount":"1504753.99"}}] []
[2023-04-24T16:17:12.702525+08:00] Request.INFO: request_getLnAvailableBal {"acntno":"MN970019009000035569"} []
[2023-04-24T16:17:13.179841+08:00] Response.INFO: response_getLnAvailableBal [{"stdClass":{"acnt_code":"MN970019009000035569","ln_available_amount":"29741500"}}] []
[2023-04-24T16:17:32.170540+08:00] Request.INFO: request_getIntPayCalc {"acntno":"MN970019009000035569","approve_amount":25000000} []
[2023-04-24T16:17:32.625040+08:00] Response.INFO: response_getIntPayCalc [{"stdClass":{"acntno":"MN970019009000035569","cur_code":"MNT","int_amount":"4527739.73","princ_amount":"29527739.73"}}] []
[2023-04-24T16:17:49.549432+08:00] Request.INFO: request_getIntPayCalc {"acntno":"MN970019009000035569","approve_amount":25000000} []
[2023-04-24T16:17:49.999823+08:00] Response.INFO: response_getIntPayCalc [{"stdClass":{"acntno":"MN970019009000035569","cur_code":"MNT","int_amount":"4527739.73","princ_amount":"29527739.73"}}] []
[2023-04-24T16:21:53.976524+08:00] Request.INFO: request_getLnAvailableBal {"acntno":"MN670019009010012559"} []
[2023-04-24T16:21:54.439029+08:00] Response.INFO: response_getLnAvailableBal [{"stdClass":{"acnt_code":"MN670019009010012559","ln_available_amount":"856791500"}}] []
[2023-04-24T16:22:03.244801+08:00] Request.INFO: request_getIntPayCalc {"acntno":"MN670019009010012559","approve_amount":25000000} []
[2023-04-24T16:22:03.695563+08:00] Response.INFO: response_getIntPayCalc [{"stdClass":{"acntno":"MN670019009010012559","cur_code":"MNT","int_amount":"-81506.85","princ_amount":"24918493.15"}}] []
[2023-04-24T16:24:19.265506+08:00] Request.INFO: request_getLnAvailableBal {"acntno":"MN040019009000035497"} []
[2023-04-24T16:24:19.814669+08:00] Response.INFO: response_getLnAvailableBal [{"stdClass":{"acnt_code":"MN040019009000035497","ln_available_amount":"536137.2"}}] []
[2023-04-24T16:26:50.695298+08:00] Request.INFO: request_getLnAvailableBal {"acntno":"MN230019009000030984"} []
[2023-04-24T16:26:51.136128+08:00] Response.INFO: response_getLnAvailableBal [{"stdClass":{"acnt_code":"MN230019009000030984","ln_available_amount":"25500000"}}] []
[2023-04-24T16:26:59.576763+08:00] Request.INFO: request_getIntPayCalc {"acntno":"MN230019009000030984","approve_amount":20000000} []
[2023-04-24T16:27:00.040030+08:00] Response.INFO: response_getIntPayCalc [{"stdClass":{"acntno":"MN230019009000030984","cur_code":"MNT","int_amount":"3128219.18","princ_amount":"23128219.18"}}] []
[2023-04-24T16:27:07.240901+08:00] Request.INFO: request_getIntPayCalc {"acntno":"MN230019009000030984","approve_amount":20000000} []
[2023-04-24T16:27:07.694176+08:00] Response.INFO: response_getIntPayCalc [{"stdClass":{"acntno":"MN230019009000030984","cur_code":"MNT","int_amount":"3128219.18","princ_amount":"23128219.18"}}] []
[2023-04-24T16:27:17.966837+08:00] Request.INFO: request_getIntPayCalc {"acntno":"MN230019009000030984","approve_amount":20000000} []
[2023-04-24T16:27:18.397449+08:00] Response.INFO: response_getIntPayCalc [{"stdClass":{"acntno":"MN230019009000030984","cur_code":"MNT","int_amount":"3128219.18","princ_amount":"23128219.18"}}] []
[2023-04-24T16:27:45.437026+08:00] Request.INFO: request_getLnAvailableBal {"acntno":"MN140019009070001805"} []
[2023-04-24T16:27:46.142478+08:00] Response.INFO: response_getLnAvailableBal [{"stdClass":{"acnt_code":"MN140019009070001805","ln_available_amount":"-8500"}}] []
[2023-04-24T16:27:47.574922+08:00] Request.INFO: request_getLnAvailableBal {"acntno":"MN110019009000030715"} []
[2023-04-24T16:27:48.086838+08:00] Response.INFO: response_getLnAvailableBal [{"stdClass":{"acnt_code":"MN110019009000030715","ln_available_amount":"1325251.78"}}] []
[2023-04-24T16:27:49.261434+08:00] Request.INFO: request_getLnAvailableBal {"acntno":"MN210019009070001776"} []
[2023-04-24T16:27:49.980777+08:00] Response.INFO: response_getLnAvailableBal [{"stdClass":{"acnt_code":"MN210019009070001776","ln_available_amount":"66.02"}}] []
[2023-04-24T16:27:53.477300+08:00] Request.INFO: request_getLnAvailableBal {"acntno":"MN230019009000030984"} []
[2023-04-24T16:27:53.964198+08:00] Response.INFO: response_getLnAvailableBal [{"stdClass":{"acnt_code":"MN230019009000030984","ln_available_amount":"5500000"}}] []
[2023-04-24T16:27:59.281474+08:00] Request.INFO: request_getLnAvailableBal {"acntno":"MN780019009070001720"} []
[2023-04-24T16:27:59.731861+08:00] Response.INFO: response_getLnAvailableBal [{"stdClass":{"acnt_code":"MN780019009070001720","ln_available_amount":"11917820.18"}}] []
[2023-04-24T16:30:15.761271+08:00] Request.INFO: request_getIntPayCalc {"acntno":"MN780019009070001720","approve_amount":1000000} []
[2023-04-24T16:30:16.235998+08:00] Response.INFO: response_getIntPayCalc [{"stdClass":{"acntno":"MN780019009070001720","cur_code":"MNT","int_amount":"246279.45","princ_amount":"1246279.45"}}] []
[2023-04-24T16:31:01.329102+08:00] Request.INFO: request_getIntPayCalc {"acntno":"MN780019009070001720","approve_amount":1000000} []
[2023-04-24T16:31:01.757503+08:00] Response.INFO: response_getIntPayCalc [{"stdClass":{"acntno":"MN780019009070001720","cur_code":"MNT","int_amount":"246279.45","princ_amount":"1246279.45"}}] []
[2023-04-24T16:53:15.137995+08:00] Request.INFO: request_getLnAvailableBal {"acntno":"MN510019009000035621"} []
[2023-04-24T16:53:15.862748+08:00] Response.INFO: response_getLnAvailableBal [{"stdClass":{"acnt_code":"MN510019009000035621","ln_available_amount":"42491500"}}] []
[2023-04-24T16:53:25.145727+08:00] Request.INFO: request_getIntPayCalc {"acntno":"MN510019009000035621","approve_amount":30000000.0} []
[2023-04-24T16:53:25.584001+08:00] Response.INFO: response_getIntPayCalc [{"stdClass":{"acntno":"MN510019009000035621","cur_code":"MNT","int_amount":"5641643.84","princ_amount":"35641643.84"}}] []
[2023-04-24T16:53:34.841698+08:00] Request.INFO: request_getIntPayCalc {"acntno":"MN510019009000035621","approve_amount":30000000.0} []
[2023-04-24T16:53:35.301097+08:00] Response.INFO: response_getIntPayCalc [{"stdClass":{"acntno":"MN510019009000035621","cur_code":"MNT","int_amount":"5641643.84","princ_amount":"35641643.84"}}] []
