[2024-01-26T10:57:14.661222+08:00] Request.INFO: request_getLnAvailableBal {"acntno":"MN260019009000035877"} []
[2024-01-26T10:57:14.728598+08:00] Response.INFO: response_getLnAvailableBal [{"stdClass":{"acnt_code":"MN260019009000035877","ln_available_amount":"8897230.89"}}] []
[2024-01-26T10:57:38.220138+08:00] Request.INFO: request_getIntPayCalc {"acntno":"MN260019009000035877","approve_amount":8897000} []
[2024-01-26T10:57:38.291370+08:00] Response.INFO: response_getIntPayCalc [{"stdClass":{"acntno":"MN260019009000035877","cur_code":"MNT","int_amount":"926872.4","princ_amount":"9823872.4"}}] []
[2024-01-26T11:13:19.752064+08:00] Request.INFO: request_getLnAvailableBal {"acntno":"MN260019009000035877"} []
[2024-01-26T11:13:19.813588+08:00] Response.INFO: response_getLnAvailableBal [{"stdClass":{"acnt_code":"MN260019009000035877","ln_available_amount":"8897230.89"}}] []
[2024-01-26T11:13:30.318273+08:00] Request.INFO: request_getIntPayCalc {"acntno":"MN260019009000035877","approve_amount":8850000} []
[2024-01-26T11:13:30.383690+08:00] Response.INFO: response_getIntPayCalc [{"stdClass":{"acntno":"MN260019009000035877","cur_code":"MNT","int_amount":"921976.03","princ_amount":"9771976.03"}}] []
[2024-01-26T11:24:34.228225+08:00] Request.INFO: request_getLnAvailableBal {"acntno":"MN260019009000035877"} []
[2024-01-26T11:24:34.304513+08:00] Response.INFO: response_getLnAvailableBal [{"stdClass":{"acnt_code":"MN260019009000035877","ln_available_amount":"8897230.89"}}] []
[2024-01-26T11:24:45.527806+08:00] Request.INFO: request_getIntPayCalc {"acntno":"MN260019009000035877","approve_amount":8897000} []
[2024-01-26T11:24:45.602371+08:00] Response.INFO: response_getIntPayCalc [{"stdClass":{"acntno":"MN260019009000035877","cur_code":"MNT","int_amount":"926872.4","princ_amount":"9823872.4"}}] []
[2024-01-26T17:36:07.618580+08:00] Request.INFO: request_getLnAvailableBal {"acntno":"MN260019009000035877"} []
[2024-01-26T17:36:07.682163+08:00] Response.INFO: response_getLnAvailableBal [{"stdClass":{"acnt_code":"MN260019009000035877","ln_available_amount":"8897230.89"}}] []
[2024-01-26T17:36:19.819348+08:00] Request.INFO: request_getIntPayCalc {"acntno":"MN260019009000035877","approve_amount":8897000} []
[2024-01-26T17:36:19.895666+08:00] Response.INFO: response_getIntPayCalc [{"stdClass":{"acntno":"MN260019009000035877","cur_code":"MNT","int_amount":"926872.4","princ_amount":"9823872.4"}}] []
[2024-01-26T17:37:48.005808+08:00] Request.INFO: request_getLnAvailableBal {"acntno":"MN260019009000035877"} []
[2024-01-26T17:37:48.071238+08:00] Response.INFO: response_getLnAvailableBal [{"stdClass":{"acnt_code":"MN260019009000035877","ln_available_amount":"8897230.89"}}] []
[2024-01-26T17:39:22.580150+08:00] Request.INFO: request_getLnAvailableBal {"acntno":"MN260019009000035877"} []
[2024-01-26T17:39:22.641618+08:00] Response.INFO: response_getLnAvailableBal [{"stdClass":{"acnt_code":"MN260019009000035877","ln_available_amount":"8897230.89"}}] []
[2024-01-26T17:40:24.439872+08:00] Request.INFO: request_getLnAvailableBal {"acntno":"MN730019009000035807"} []
[2024-01-26T17:40:24.524280+08:00] Response.INFO: response_getLnAvailableBal [{"stdClass":{"acnt_code":"MN730019009000035807","ln_available_amount":"565"}}] []
[2024-01-26T17:40:38.321464+08:00] Request.INFO: request_getLnAvailableBal {"acntno":"MN260019009000035877"} []
[2024-01-26T17:40:38.381857+08:00] Response.INFO: response_getLnAvailableBal [{"stdClass":{"acnt_code":"MN260019009000035877","ln_available_amount":"8897230.89"}}] []
[2024-01-26T17:42:46.964392+08:00] Request.INFO: request_getIntPayCalc {"acntno":"MN260019009000035877","approve_amount":8897000} []
[2024-01-26T17:42:47.055067+08:00] Response.INFO: response_getIntPayCalc [{"stdClass":{"acntno":"MN260019009000035877","cur_code":"MNT","int_amount":"926872.4","princ_amount":"9823872.4"}}] []
[2024-01-26T17:43:00.042748+08:00] Request.INFO: request_getIntPayCalc {"acntno":"MN260019009000035877","approve_amount":8508500} []
[2024-01-26T17:43:00.132753+08:00] Response.INFO: response_getIntPayCalc [{"stdClass":{"acntno":"MN260019009000035877","cur_code":"MNT","int_amount":"886399.21","princ_amount":"9394899.21"}}] []
