[2024-01-29T13:36:30.892156+08:00] Request.INFO: request_getLnAvailableBal {"acntno":"MN020019009000035824"} []
[2024-01-29T13:36:31.106940+08:00] Response.INFO: response_getLnAvailableBal [{"stdClass":{"acnt_code":"MN020019009000035824","ln_available_amount":"0"}}] []
[2024-01-29T13:36:38.012446+08:00] Request.INFO: request_getLnAvailableBal {"acntno":"MN040019009000035691"} []
[2024-01-29T13:36:38.119748+08:00] Response.INFO: response_getLnAvailableBal [{"stdClass":{"acnt_code":"MN040019009000035691","ln_available_amount":"-10.43"}}] []
[2024-01-29T13:36:41.143009+08:00] Request.INFO: request_getLnAvailableBal {"acntno":"MN040019009100000302"} []
[2024-01-29T13:36:41.217158+08:00] Response.INFO: response_getLnAvailableBal [{"stdClass":{"acnt_code":"MN040019009100000302","ln_available_amount":"12069158.09"}}] []
[2024-01-29T13:36:59.888544+08:00] Request.INFO: request_getIntPayCalc {"acntno":"MN040019009100000302","approve_amount":12069000} []
[2024-01-29T13:36:59.956222+08:00] Response.INFO: response_getIntPayCalc [{"stdClass":{"acntno":"MN040019009100000302","cur_code":"MNT","int_amount":"-29759.18","princ_amount":"12039240.82"}}] []
[2024-01-29T13:49:53.576030+08:00] Request.INFO: request_getLnAvailableBal {"acntno":"MN040019009100000302"} []
[2024-01-29T13:49:53.664045+08:00] Response.INFO: response_getLnAvailableBal [{"stdClass":{"acnt_code":"MN040019009100000302","ln_available_amount":"12069158.09"}}] []
[2024-01-29T14:07:30.733586+08:00] Request.INFO: request_getLnAvailableBal {"acntno":"MN960019009100000295"} []
[2024-01-29T14:07:30.827592+08:00] Response.INFO: response_getLnAvailableBal [{"stdClass":{"acnt_code":"MN960019009100000295","ln_available_amount":"5571968.92"}}] []
[2024-01-29T14:07:42.159956+08:00] Request.INFO: request_getIntPayCalc {"acntno":"MN960019009100000295","approve_amount":5570000} []
[2024-01-29T14:07:42.233535+08:00] Response.INFO: response_getIntPayCalc [{"stdClass":{"acntno":"MN960019009100000295","cur_code":"MNT","int_amount":"261866.3","princ_amount":"5831866.3"}}] []
[2024-01-29T14:07:53.180932+08:00] Request.INFO: request_getIntPayCalc {"acntno":"MN960019009100000295","approve_amount":5570000} []
[2024-01-29T14:07:53.244562+08:00] Response.INFO: response_getIntPayCalc [{"stdClass":{"acntno":"MN960019009100000295","cur_code":"MNT","int_amount":"261866.3","princ_amount":"5831866.3"}}] []
[2024-01-29T14:08:42.380550+08:00] Request.INFO: request_getIntPayCalc {"acntno":"MN960019009100000295","approve_amount":5570000} []
[2024-01-29T14:08:42.442061+08:00] Response.INFO: response_getIntPayCalc [{"stdClass":{"acntno":"MN960019009100000295","cur_code":"MNT","int_amount":"261866.3","princ_amount":"5831866.3"}}] []
[2024-01-29T14:19:10.910427+08:00] Request.INFO: request_getLnAvailableBal {"acntno":"MN960019009100000295"} []
[2024-01-29T14:19:10.981839+08:00] Response.INFO: response_getLnAvailableBal [{"stdClass":{"acnt_code":"MN960019009100000295","ln_available_amount":"5571968.92"}}] []
[2024-01-29T14:19:18.639228+08:00] Request.INFO: request_getIntPayCalc {"acntno":"MN960019009100000295","approve_amount":5570000} []
[2024-01-29T14:19:18.702667+08:00] Response.INFO: response_getIntPayCalc [{"stdClass":{"acntno":"MN960019009100000295","cur_code":"MNT","int_amount":"261866.3","princ_amount":"5831866.3"}}] []
[2024-01-29T14:19:19.009925+08:00] Request.INFO: request_getLnAvailableBal {"acntno":"MN960019009100000295"} []
[2024-01-29T14:19:19.081338+08:00] Response.INFO: response_getLnAvailableBal [{"stdClass":{"acnt_code":"MN960019009100000295","ln_available_amount":"5571968.92"}}] []
[2024-01-29T14:19:34.809431+08:00] Request.INFO: request_getIntPayCalc {"acntno":"MN960019009100000295","approve_amount":5570000} []
[2024-01-29T14:19:34.875807+08:00] Response.INFO: response_getIntPayCalc [{"stdClass":{"acntno":"MN960019009100000295","cur_code":"MNT","int_amount":"261866.3","princ_amount":"5831866.3"}}] []
[2024-01-29T14:19:35.120151+08:00] Request.INFO: request_getLnAvailableBal {"acntno":"MN960019009100000295"} []
[2024-01-29T14:19:35.189544+08:00] Response.INFO: response_getLnAvailableBal [{"stdClass":{"acnt_code":"MN960019009100000295","ln_available_amount":"5571968.92"}}] []
[2024-01-29T14:20:34.426688+08:00] Request.INFO: request_getIntPayCalc {"acntno":"MN960019009100000295","approve_amount":5570000} []
[2024-01-29T14:20:34.503508+08:00] Response.INFO: response_getIntPayCalc [{"stdClass":{"acntno":"MN960019009100000295","cur_code":"MNT","int_amount":"261866.3","princ_amount":"5831866.3"}}] []
[2024-01-29T14:20:34.751965+08:00] Request.INFO: request_getLnAvailableBal {"acntno":"MN960019009100000295"} []
[2024-01-29T14:20:34.816103+08:00] Response.INFO: response_getLnAvailableBal [{"stdClass":{"acnt_code":"MN960019009100000295","ln_available_amount":"5571968.92"}}] []
[2024-01-29T14:52:20.817201+08:00] Request.INFO: request_getLnAvailableBal {"acntno":"MN020019009000035824"} []
[2024-01-29T14:52:20.887737+08:00] Response.INFO: response_getLnAvailableBal [{"stdClass":{"acnt_code":"MN020019009000035824","ln_available_amount":"0"}}] []
[2024-01-29T14:52:24.299537+08:00] Request.INFO: request_getLnAvailableBal {"acntno":"MN960019009100000295"} []
[2024-01-29T14:52:24.365548+08:00] Response.INFO: response_getLnAvailableBal [{"stdClass":{"acnt_code":"MN960019009100000295","ln_available_amount":"5571968.92"}}] []
[2024-01-29T15:00:43.062477+08:00] Request.INFO: request_getLnAvailableBal {"acntno":"MN260019009000035877"} []
[2024-01-29T15:00:43.146629+08:00] Response.INFO: response_getLnAvailableBal [{"stdClass":{"acnt_code":"MN260019009000035877","ln_available_amount":"8897230.89"}}] []
[2024-01-29T15:03:12.419364+08:00] Request.INFO: request_getLnAvailableBal {"acntno":"MN260019009000035877"} []
[2024-01-29T15:03:12.497557+08:00] Response.INFO: response_getLnAvailableBal [{"stdClass":{"acnt_code":"MN260019009000035877","ln_available_amount":"8897230.89"}}] []
[2024-01-29T15:03:36.631816+08:00] Request.INFO: request_getIntPayCalc {"acntno":"MN260019009000035877","approve_amount":8897000} []
[2024-01-29T15:03:36.690902+08:00] Response.INFO: response_getIntPayCalc [{"stdClass":{"acntno":"MN260019009000035877","cur_code":"MNT","int_amount":"912612.82","princ_amount":"9809612.82"}}] []
[2024-01-29T15:03:36.968778+08:00] Request.INFO: request_getLnAvailableBal {"acntno":"MN260019009000035877"} []
[2024-01-29T15:03:37.042686+08:00] Response.INFO: response_getLnAvailableBal [{"stdClass":{"acnt_code":"MN260019009000035877","ln_available_amount":"8897230.89"}}] []
[2024-01-29T15:03:48.782877+08:00] Request.INFO: request_getIntPayCalc {"acntno":"MN260019009000035877","approve_amount":8897230.89} []
[2024-01-29T15:03:48.848661+08:00] Response.INFO: response_getIntPayCalc [{"stdClass":{"acntno":"MN260019009000035877","cur_code":"MNT","int_amount":"912636.51","princ_amount":"9809867.4"}}] []
[2024-01-29T15:03:49.119727+08:00] Request.INFO: request_getLnAvailableBal {"acntno":"MN260019009000035877"} []
[2024-01-29T15:03:49.185026+08:00] Response.INFO: response_getLnAvailableBal [{"stdClass":{"acnt_code":"MN260019009000035877","ln_available_amount":"8897230.89"}}] []
[2024-01-29T17:29:07.798121+08:00] Request.INFO: request_getLnAvailableBal {"acntno":"MN260019009000035877"} []
[2024-01-29T17:29:07.868531+08:00] Response.INFO: response_getLnAvailableBal [{"stdClass":{"acnt_code":"MN260019009000035877","ln_available_amount":"8897230.89"}}] []
[2024-01-29T17:29:16.065283+08:00] Request.INFO: request_getIntPayCalc {"acntno":"MN260019009000035877","approve_amount":8890000} []
[2024-01-29T17:29:16.141881+08:00] Response.INFO: response_getIntPayCalc [{"stdClass":{"acntno":"MN260019009000035877","cur_code":"MNT","int_amount":"911894.79","princ_amount":"9801894.79"}}] []
[2024-01-29T17:29:16.372880+08:00] Request.INFO: request_getLnAvailableBal {"acntno":"MN260019009000035877"} []
[2024-01-29T17:29:16.448524+08:00] Response.INFO: response_getLnAvailableBal [{"stdClass":{"acnt_code":"MN260019009000035877","ln_available_amount":"8897230.89"}}] []
[2024-01-29T18:16:46.275593+08:00] Request.INFO: request_getLnAvailableBal {"acntno":"MN260019009000035877"} []
[2024-01-29T18:16:46.344779+08:00] Response.INFO: response_getLnAvailableBal [{"stdClass":{"acnt_code":"MN260019009000035877","ln_available_amount":"9069674.98"}}] []
[2024-01-29T18:16:56.068887+08:00] Request.INFO: request_getIntPayCalc {"acntno":"MN260019009000035877","approve_amount":8897000} []
[2024-01-29T18:16:56.141068+08:00] Response.INFO: response_getIntPayCalc [{"stdClass":{"acntno":"MN260019009000035877","cur_code":"MNT","int_amount":"912612.82","princ_amount":"9809612.82"}}] []
[2024-01-29T18:16:56.417062+08:00] Request.INFO: request_getLnAvailableBal {"acntno":"MN260019009000035877"} []
[2024-01-29T18:16:56.484904+08:00] Response.INFO: response_getLnAvailableBal [{"stdClass":{"acnt_code":"MN260019009000035877","ln_available_amount":"9069674.98"}}] []
[2024-01-29T18:17:50.143184+08:00] Request.INFO: request_getIntPayCalc {"acntno":"MN260019009000035877","approve_amount":8897000} []
[2024-01-29T18:17:50.223071+08:00] Response.INFO: response_getIntPayCalc [{"stdClass":{"acntno":"MN260019009000035877","cur_code":"MNT","int_amount":"912612.82","princ_amount":"9809612.82"}}] []
[2024-01-29T18:17:50.502220+08:00] Request.INFO: request_getLnAvailableBal {"acntno":"MN260019009000035877"} []
[2024-01-29T18:17:50.606268+08:00] Response.INFO: response_getLnAvailableBal [{"stdClass":{"acnt_code":"MN260019009000035877","ln_available_amount":"9069674.98"}}] []
