[2024-02-22T11:27:30.924022+08:00] Request.INFO: request_getLnAvailableBal {"acntno":"MN340019009000064154"} []
[2024-02-22T11:27:31.369392+08:00] Response.INFO: response_getLnAvailableBal [{"stdClass":{"acnt_code":"MN340019009000064154","ln_available_amount":"52251.63"}}] []
[2024-02-22T11:27:38.375143+08:00] Request.INFO: request_getIntPayCalc {"acntno":"MN340019009000064154","approve_amount":10000.0} []
[2024-02-22T11:27:38.778152+08:00] Response.INFO: response_getIntPayCalc [{"stdClass":{"acntno":"MN340019009000064154","cur_code":"CNY","int_amount":"479.45","princ_amount":"10479.45"}}] []
[2024-02-22T11:27:39.038519+08:00] Request.INFO: request_getLnAvailableBal {"acntno":"MN340019009000064154"} []
[2024-02-22T11:27:39.429100+08:00] Response.INFO: response_getLnAvailableBal [{"stdClass":{"acnt_code":"MN340019009000064154","ln_available_amount":"52251.63"}}] []
[2024-02-22T14:30:09.891159+08:00] Request.INFO: request_getLnAvailableBal {"acntno":"MN340019009000064154"} []
[2024-02-22T14:30:10.293866+08:00] Response.INFO: response_getLnAvailableBal [{"stdClass":{"acnt_code":"MN340019009000064154","ln_available_amount":"52251.63"}}] []
[2024-02-22T14:32:27.074072+08:00] Request.INFO: request_getIntPayCalc {"acntno":"MN340019009000064154","approve_amount":30000} []
[2024-02-22T14:32:27.475371+08:00] Response.INFO: response_getIntPayCalc [{"stdClass":{"acntno":"MN340019009000064154","cur_code":"CNY","int_amount":"1438.36","princ_amount":"31438.36"}}] []
[2024-02-22T14:32:27.719342+08:00] Request.INFO: request_getLnAvailableBal {"acntno":"MN340019009000064154"} []
[2024-02-22T14:32:28.108532+08:00] Response.INFO: response_getLnAvailableBal [{"stdClass":{"acnt_code":"MN340019009000064154","ln_available_amount":"52251.63"}}] []
[2024-02-22T14:33:15.687737+08:00] Request.INFO: request_getLnAvailableBal {"acntno":"MN340019009000064154"} []
[2024-02-22T14:33:16.083276+08:00] Response.INFO: response_getLnAvailableBal [{"stdClass":{"acnt_code":"MN340019009000064154","ln_available_amount":"52251.63"}}] []
[2024-02-22T14:33:24.520862+08:00] Request.INFO: request_getLnAvailableBal {"acntno":"MN980019009000064166"} []
[2024-02-22T14:34:40.776847+08:00] Request.INFO: request_getLnAvailableBal {"acntno":"MN980019009000064166"} []
[2024-02-22T14:41:53.444672+08:00] Request.INFO: request_getLnAvailableBal {"acntno":"MN980019009000064166"} []
[2024-02-22T14:51:06.780197+08:00] Request.INFO: request_getLnAvailableBal {"acntno":"MN340019009000064154"} []
[2024-02-22T14:51:10.748263+08:00] Request.INFO: request_getLnAvailableBal {"acntno":"MN880019009000064152"} []
[2024-02-22T14:51:12.556567+08:00] Request.INFO: request_getLnAvailableBal {"acntno":"MN340019009000064154"} []
[2024-02-22T14:52:25.823314+08:00] Request.INFO: request_getLnAvailableBal {"acntno":"MN340019009000064154"} []
[2024-02-22T14:54:15.967314+08:00] Request.INFO: request_getLnAvailableBal {"acntno":"MN340019009000064154"} []
[2024-02-22T15:04:36.754738+08:00] Request.INFO: request_getLnAvailableBal {"acntno":"MN980019009000064166"} []
[2024-02-22T15:04:37.327716+08:00] Response.INFO: response_getLnAvailableBal [{"stdClass":{"acnt_code":"MN980019009000064166","ln_available_amount":"16820066.95"}}] []
[2024-02-22T15:05:44.379682+08:00] Request.INFO: request_getIntPayCalc {"acntno":"MN980019009000064166","approve_amount":10000000.0} []
[2024-02-22T15:05:44.781421+08:00] Response.INFO: response_getIntPayCalc [{"stdClass":{"acntno":"MN980019009000064166","cur_code":"MNT","int_amount":"1950000","princ_amount":"11950000"}}] []
[2024-02-22T15:05:45.032326+08:00] Request.INFO: request_getLnAvailableBal {"acntno":"MN980019009000064166"} []
[2024-02-22T15:05:45.434787+08:00] Response.INFO: response_getLnAvailableBal [{"stdClass":{"acnt_code":"MN980019009000064166","ln_available_amount":"16820066.95"}}] []
[2024-02-22T15:06:29.767319+08:00] Request.INFO: request_getIntPayCalc {"acntno":"MN980019009000064166","approve_amount":10000000.0} []
[2024-02-22T15:06:30.180494+08:00] Response.INFO: response_getIntPayCalc [{"stdClass":{"acntno":"MN980019009000064166","cur_code":"MNT","int_amount":"1950000","princ_amount":"11950000"}}] []
[2024-02-22T15:06:30.434270+08:00] Request.INFO: request_getLnAvailableBal {"acntno":"MN980019009000064166"} []
[2024-02-22T15:06:30.835966+08:00] Response.INFO: response_getLnAvailableBal [{"stdClass":{"acnt_code":"MN980019009000064166","ln_available_amount":"16820066.95"}}] []
[2024-02-22T15:13:45.963500+08:00] Request.INFO: request_getLnAvailableBal {"acntno":"MN340019009000064154"} []
[2024-02-22T15:13:46.374093+08:00] Response.INFO: response_getLnAvailableBal [{"stdClass":{"acnt_code":"MN340019009000064154","ln_available_amount":"1071848.08"}}] []
[2024-02-22T15:14:18.006777+08:00] Request.INFO: request_getLnAvailableBal {"acntno":"MN880019009000064152"} []
[2024-02-22T15:14:18.436924+08:00] Response.INFO: response_getLnAvailableBal [{"stdClass":{"acnt_code":"MN880019009000064152","ln_available_amount":"828822.42"}}] []
[2024-02-22T15:14:22.776261+08:00] Request.INFO: request_getLnAvailableBal {"acntno":"MN340019009000064154"} []
[2024-02-22T15:14:23.169716+08:00] Response.INFO: response_getLnAvailableBal [{"stdClass":{"acnt_code":"MN340019009000064154","ln_available_amount":"1071848.08"}}] []
[2024-02-22T15:16:03.530123+08:00] Request.INFO: request_getLnAvailableBal {"acntno":"MN340019009000064154"} []
[2024-02-22T15:16:03.926893+08:00] Response.INFO: response_getLnAvailableBal [{"stdClass":{"acnt_code":"MN340019009000064154","ln_available_amount":"1071848.08"}}] []
[2024-02-22T15:16:15.790734+08:00] Request.INFO: request_getIntPayCalc {"acntno":"MN340019009000064154","approve_amount":500000.0} []
[2024-02-22T15:16:16.193169+08:00] Response.INFO: response_getIntPayCalc [{"stdClass":{"acntno":"MN340019009000064154","cur_code":"MNT","int_amount":"199726.03","princ_amount":"699726.03"}}] []
[2024-02-22T15:16:16.431819+08:00] Request.INFO: request_getLnAvailableBal {"acntno":"MN340019009000064154"} []
[2024-02-22T15:16:16.832387+08:00] Response.INFO: response_getLnAvailableBal [{"stdClass":{"acnt_code":"MN340019009000064154","ln_available_amount":"1071848.08"}}] []
[2024-02-22T15:16:29.903594+08:00] Request.INFO: request_getIntPayCalc {"acntno":"MN340019009000064154","approve_amount":500000.0} []
[2024-02-22T15:16:30.303592+08:00] Response.INFO: response_getIntPayCalc [{"stdClass":{"acntno":"MN340019009000064154","cur_code":"MNT","int_amount":"199726.03","princ_amount":"699726.03"}}] []
[2024-02-22T15:16:30.565768+08:00] Request.INFO: request_getLnAvailableBal {"acntno":"MN340019009000064154"} []
[2024-02-22T15:16:30.965603+08:00] Response.INFO: response_getLnAvailableBal [{"stdClass":{"acnt_code":"MN340019009000064154","ln_available_amount":"1071848.08"}}] []
[2024-02-22T15:16:42.949813+08:00] Request.INFO: request_getIntPayCalc {"acntno":"MN340019009000064154","approve_amount":500000.0} []
[2024-02-22T15:16:43.346431+08:00] Response.INFO: response_getIntPayCalc [{"stdClass":{"acntno":"MN340019009000064154","cur_code":"MNT","int_amount":"199726.03","princ_amount":"699726.03"}}] []
[2024-02-22T15:16:43.594177+08:00] Request.INFO: request_getLnAvailableBal {"acntno":"MN340019009000064154"} []
[2024-02-22T15:16:43.995974+08:00] Response.INFO: response_getLnAvailableBal [{"stdClass":{"acnt_code":"MN340019009000064154","ln_available_amount":"1071848.08"}}] []
[2024-02-22T15:16:55.861400+08:00] Request.INFO: request_getIntPayCalc {"acntno":"MN340019009000064154","approve_amount":500000.0} []
[2024-02-22T15:16:56.257383+08:00] Response.INFO: response_getIntPayCalc [{"stdClass":{"acntno":"MN340019009000064154","cur_code":"MNT","int_amount":"199726.03","princ_amount":"699726.03"}}] []
[2024-02-22T15:16:56.483704+08:00] Request.INFO: request_getLnAvailableBal {"acntno":"MN340019009000064154"} []
[2024-02-22T15:16:56.874372+08:00] Response.INFO: response_getLnAvailableBal [{"stdClass":{"acnt_code":"MN340019009000064154","ln_available_amount":"1071848.08"}}] []
