[2024-01-18T16:10:29.674895+08:00] Request.INFO: request_getLnAvailableBal {"acntno":"MN190019009000035712"} []
[2024-01-18T16:10:30.026191+08:00] Response.INFO: response_getLnAvailableBal [{"stdClass":{"acnt_code":"MN190019009000035712","ln_available_amount":"11465421.57"}}] []
[2024-01-18T16:10:43.241850+08:00] Request.INFO: request_getLnAvailableBal {"acntno":"MN170019009000035651"} []
[2024-01-18T16:10:43.513512+08:00] Response.INFO: response_getLnAvailableBal [{"stdClass":{"acnt_code":"MN170019009000035651","ln_available_amount":"-85"}}] []
[2024-01-18T16:10:50.463581+08:00] Request.INFO: request_getLnAvailableBal {"acntno":"MN070019009000035928"} []
[2024-01-18T16:10:50.769641+08:00] Response.INFO: response_getLnAvailableBal [{"stdClass":{"acnt_code":"MN070019009000035928","ln_available_amount":"-8500"}}] []
[2024-01-18T16:10:57.258973+08:00] Request.INFO: request_getLnAvailableBal {"acntno":"MN070019009000035443"} []
[2024-01-18T16:10:57.537001+08:00] Response.INFO: response_getLnAvailableBal [{"stdClass":{"acnt_code":"MN070019009000035443","ln_available_amount":"2799174.56"}}] []
[2024-01-18T16:11:05.636857+08:00] Request.INFO: request_getLnAvailableBal {"acntno":"MN180019009000035924"} []
[2024-01-18T16:11:05.896419+08:00] Response.INFO: response_getLnAvailableBal [{"stdClass":{"acnt_code":"MN180019009000035924","ln_available_amount":"-8500"}}] []
[2024-01-18T16:14:21.040921+08:00] Request.INFO: request_getLnAvailableBal {"acntno":"MN070019009000035443"} []
[2024-01-18T16:14:21.323362+08:00] Response.INFO: response_getLnAvailableBal [{"stdClass":{"acnt_code":"MN070019009000035443","ln_available_amount":"2799174.56"}}] []
[2024-01-18T16:15:17.591830+08:00] Request.INFO: request_getLnAvailableBal {"acntno":"MN180019009000035633"} []
[2024-01-18T16:15:17.859340+08:00] Response.INFO: response_getLnAvailableBal [{"stdClass":{"acnt_code":"MN180019009000035633","ln_available_amount":"1046240.84"}}] []
[2024-01-18T16:15:54.969313+08:00] Request.INFO: request_getLnAvailableBal {"acntno":"MN260019009000035877"} []
[2024-01-18T16:15:55.247249+08:00] Response.INFO: response_getLnAvailableBal [{"stdClass":{"acnt_code":"MN260019009000035877","ln_available_amount":"8500000"}}] []
[2024-01-18T16:16:22.774983+08:00] Request.INFO: request_getIntPayCalc {"acntno":"MN260019009000035877","approve_amount":8500000} []
[2024-01-18T16:16:22.844214+08:00] Response.INFO: response_getIntPayCalc [{"stdClass":{"acntno":"MN260019009000035877","cur_code":"MNT","int_amount":"921842.47","princ_amount":"9421842.47"}}] []
[2024-01-18T16:16:55.274026+08:00] Request.INFO: request_getIntPayCalc {"acntno":"MN260019009000035877","approve_amount":8500000} []
[2024-01-18T16:16:55.334487+08:00] Response.INFO: response_getIntPayCalc [{"stdClass":{"acntno":"MN260019009000035877","cur_code":"MNT","int_amount":"921842.47","princ_amount":"9421842.47"}}] []
[2024-01-18T16:34:06.572666+08:00] Request.INFO: request_getLnAvailableBal {"acntno":"MN070019009000035443"} []
[2024-01-18T16:34:06.831276+08:00] Response.INFO: response_getLnAvailableBal [{"stdClass":{"acnt_code":"MN070019009000035443","ln_available_amount":"2799174.56"}}] []
[2024-01-18T16:34:58.201505+08:00] Request.INFO: request_getLnAvailableBal {"acntno":"MN070019009000035443"} []
[2024-01-18T16:34:58.268636+08:00] Response.INFO: response_getLnAvailableBal [{"stdClass":{"acnt_code":"MN070019009000035443","ln_available_amount":"2799174.56"}}] []
[2024-01-18T16:35:36.573985+08:00] Request.INFO: request_getIntPayCalc {"acntno":"MN070019009000035443","approve_amount":2799000} []
[2024-01-18T16:35:36.643751+08:00] Response.INFO: response_getIntPayCalc [{"stdClass":{"acntno":"MN070019009000035443","cur_code":"MNT","int_amount":"636193.53","princ_amount":"3435193.53"}}] []
[2024-01-18T16:35:59.513358+08:00] Request.INFO: request_getIntPayCalc {"acntno":"MN070019009000035443","approve_amount":2700000} []
[2024-01-18T16:35:59.589606+08:00] Response.INFO: response_getIntPayCalc [{"stdClass":{"acntno":"MN070019009000035443","cur_code":"MNT","int_amount":"613691.51","princ_amount":"3313691.51"}}] []
