[2024-02-01T14:10:37.843318+08:00] Request.INFO: request_getLnAvailableBal {"acntno":"MN260019009000035877"} []
[2024-02-01T14:10:38.238443+08:00] Response.INFO: response_getLnAvailableBal [{"stdClass":{"acnt_code":"MN260019009000035877","ln_available_amount":"9078472.83"}}] []
[2024-02-01T14:10:47.943099+08:00] Request.INFO: request_getIntPayCalc {"acntno":"MN260019009000035877","approve_amount":9050000} []
[2024-02-01T14:10:48.335835+08:00] Response.INFO: response_getIntPayCalc [{"stdClass":{"acntno":"MN260019009000035877","cur_code":"MNT","int_amount":"913802.05","princ_amount":"9963802.05"}}] []
[2024-02-01T14:10:48.594985+08:00] Request.INFO: request_getLnAvailableBal {"acntno":"MN260019009000035877"} []
[2024-02-01T14:10:48.997519+08:00] Response.INFO: response_getLnAvailableBal [{"stdClass":{"acnt_code":"MN260019009000035877","ln_available_amount":"9078472.83"}}] []
[2024-02-01T14:34:28.354702+08:00] Request.INFO: request_getLnAvailableBal {"acntno":"MN260019009000035877"} []
[2024-02-01T14:34:28.755350+08:00] Response.INFO: response_getLnAvailableBal [{"stdClass":{"acnt_code":"MN260019009000035877","ln_available_amount":"9082878.15"}}] []
[2024-02-01T14:34:40.402930+08:00] Request.INFO: request_getIntPayCalc {"acntno":"MN260019009000035877","approve_amount":9050000} []
[2024-02-01T14:34:40.813666+08:00] Response.INFO: response_getIntPayCalc [{"stdClass":{"acntno":"MN260019009000035877","cur_code":"MNT","int_amount":"913802.05","princ_amount":"9963802.05"}}] []
[2024-02-01T14:34:41.051185+08:00] Request.INFO: request_getLnAvailableBal {"acntno":"MN260019009000035877"} []
[2024-02-01T14:34:41.463663+08:00] Response.INFO: response_getLnAvailableBal [{"stdClass":{"acnt_code":"MN260019009000035877","ln_available_amount":"9082878.15"}}] []
[2024-02-01T14:35:46.356230+08:00] Request.INFO: request_getIntPayCalc {"acntno":"MN260019009000035877","approve_amount":9050000} []
[2024-02-01T14:35:46.764314+08:00] Response.INFO: response_getIntPayCalc [{"stdClass":{"acntno":"MN260019009000035877","cur_code":"MNT","int_amount":"913802.05","princ_amount":"9963802.05"}}] []
[2024-02-01T14:35:47.007715+08:00] Request.INFO: request_getLnAvailableBal {"acntno":"MN260019009000035877"} []
[2024-02-01T14:35:47.417690+08:00] Response.INFO: response_getLnAvailableBal [{"stdClass":{"acnt_code":"MN260019009000035877","ln_available_amount":"9082878.15"}}] []
[2024-02-01T14:54:35.361395+08:00] Request.INFO: request_getLnAvailableBal {"acntno":"MN340019009000035830"} []
[2024-02-01T14:54:35.834792+08:00] Response.INFO: response_getLnAvailableBal [{"stdClass":{"acnt_code":"MN340019009000035830","ln_available_amount":"2186714.43"}}] []
[2024-02-01T15:07:35.590181+08:00] Request.INFO: request_getLnAvailableBal {"acntno":"MN830019009090001866"} []
[2024-02-01T15:07:36.003943+08:00] Response.INFO: response_getLnAvailableBal [{"stdClass":{"acnt_code":"MN830019009090001866","ln_available_amount":"885227.83"}}] []
[2024-02-01T15:08:41.095837+08:00] Request.INFO: request_getIntPayCalc {"acntno":"MN830019009090001866","approve_amount":885227.83} []
[2024-02-01T15:08:41.510825+08:00] Response.INFO: response_getIntPayCalc [{"stdClass":{"acntno":"MN830019009090001866","cur_code":"MNT","int_amount":"104772.17","princ_amount":"990000"}}] []
[2024-02-01T15:08:41.785138+08:00] Request.INFO: request_getLnAvailableBal {"acntno":"MN830019009090001866"} []
[2024-02-01T15:08:42.193095+08:00] Response.INFO: response_getLnAvailableBal [{"stdClass":{"acnt_code":"MN830019009090001866","ln_available_amount":"885227.83"}}] []
[2024-02-01T15:09:19.422813+08:00] Request.INFO: request_getIntPayCalc {"acntno":"MN830019009090001866","approve_amount":885227.83} []
[2024-02-01T15:09:19.820317+08:00] Response.INFO: response_getIntPayCalc [{"stdClass":{"acntno":"MN830019009090001866","cur_code":"MNT","int_amount":"104772.17","princ_amount":"990000"}}] []
[2024-02-01T15:09:20.078284+08:00] Request.INFO: request_getLnAvailableBal {"acntno":"MN830019009090001866"} []
[2024-02-01T15:09:20.496949+08:00] Response.INFO: response_getLnAvailableBal [{"stdClass":{"acnt_code":"MN830019009090001866","ln_available_amount":"885227.83"}}] []
[2024-02-01T15:23:21.734156+08:00] Request.INFO: request_getLnAvailableBal {"acntno":"MN450019009090001871"} []
[2024-02-01T15:23:22.175822+08:00] Response.INFO: response_getLnAvailableBal [{"stdClass":{"acnt_code":"MN450019009090001871","ln_available_amount":"1197643.69"}}] []
[2024-02-01T15:25:49.104940+08:00] Request.INFO: request_getIntPayCalc {"acntno":"MN450019009090001871","approve_amount":1197643.69} []
[2024-02-01T15:25:49.527173+08:00] Response.INFO: response_getIntPayCalc [{"stdClass":{"acntno":"MN450019009090001871","cur_code":"MNT","int_amount":"292356.31","princ_amount":"1490000"}}] []
[2024-02-01T15:25:49.784919+08:00] Request.INFO: request_getLnAvailableBal {"acntno":"MN450019009090001871"} []
[2024-02-01T15:25:50.188572+08:00] Response.INFO: response_getLnAvailableBal [{"stdClass":{"acnt_code":"MN450019009090001871","ln_available_amount":"1197643.69"}}] []
[2024-02-01T15:29:51.443912+08:00] Request.INFO: request_getLnAvailableBal {"acntno":"MN450019009090001871"} []
[2024-02-01T15:29:51.840820+08:00] Response.INFO: response_getLnAvailableBal [{"stdClass":{"acnt_code":"MN450019009090001871","ln_available_amount":"1197643.69"}}] []
[2024-02-01T15:30:44.894420+08:00] Request.INFO: request_getIntPayCalc {"acntno":"MN450019009090001871","approve_amount":1197643.69} []
[2024-02-01T15:30:45.293901+08:00] Response.INFO: response_getIntPayCalc [{"stdClass":{"acntno":"MN450019009090001871","cur_code":"MNT","int_amount":"292356.31","princ_amount":"1490000"}}] []
[2024-02-01T15:30:45.529334+08:00] Request.INFO: request_getLnAvailableBal {"acntno":"MN450019009090001871"} []
[2024-02-01T15:30:45.949799+08:00] Response.INFO: response_getLnAvailableBal [{"stdClass":{"acnt_code":"MN450019009090001871","ln_available_amount":"1197643.69"}}] []
[2024-02-01T15:30:54.456201+08:00] Request.INFO: request_getLnAvailableBal {"acntno":"MN450019009090001871"} []
[2024-02-01T15:30:54.856412+08:00] Response.INFO: response_getLnAvailableBal [{"stdClass":{"acnt_code":"MN450019009090001871","ln_available_amount":"1197643.69"}}] []
[2024-02-01T15:31:07.803686+08:00] Request.INFO: request_getIntPayCalc {"acntno":"MN450019009090001871","approve_amount":1197643.69} []
[2024-02-01T15:31:08.215387+08:00] Response.INFO: response_getIntPayCalc [{"stdClass":{"acntno":"MN450019009090001871","cur_code":"MNT","int_amount":"292356.31","princ_amount":"1490000"}}] []
[2024-02-01T15:31:08.471565+08:00] Request.INFO: request_getLnAvailableBal {"acntno":"MN450019009090001871"} []
[2024-02-01T15:31:08.867793+08:00] Response.INFO: response_getLnAvailableBal [{"stdClass":{"acnt_code":"MN450019009090001871","ln_available_amount":"1197643.69"}}] []
[2024-02-01T15:31:46.268656+08:00] Request.INFO: request_getIntPayCalc {"acntno":"MN450019009090001871","approve_amount":1197643.69} []
[2024-02-01T15:31:46.676493+08:00] Response.INFO: response_getIntPayCalc [{"stdClass":{"acntno":"MN450019009090001871","cur_code":"MNT","int_amount":"292356.31","princ_amount":"1490000"}}] []
[2024-02-01T15:31:46.937053+08:00] Request.INFO: request_getLnAvailableBal {"acntno":"MN450019009090001871"} []
[2024-02-01T15:31:47.343180+08:00] Response.INFO: response_getLnAvailableBal [{"stdClass":{"acnt_code":"MN450019009090001871","ln_available_amount":"1197643.69"}}] []
[2024-02-01T16:02:25.576756+08:00] Request.INFO: request_getLnAvailableBal {"acntno":"MN930019009090001880"} []
[2024-02-01T16:02:26.010369+08:00] Response.INFO: response_getLnAvailableBal [{"stdClass":{"acnt_code":"MN930019009090001880","ln_available_amount":"663311.14"}}] []
[2024-02-01T16:03:07.999309+08:00] Request.INFO: request_getIntPayCalc {"acntno":"MN930019009090001880","approve_amount":663311.14} []
[2024-02-01T16:03:08.399941+08:00] Response.INFO: response_getIntPayCalc [{"stdClass":{"acntno":"MN930019009090001880","cur_code":"MNT","int_amount":"226688.85","princ_amount":"889999.99"}}] []
[2024-02-01T16:03:08.710098+08:00] Request.INFO: request_getLnAvailableBal {"acntno":"MN930019009090001880"} []
[2024-02-01T16:03:09.131713+08:00] Response.INFO: response_getLnAvailableBal [{"stdClass":{"acnt_code":"MN930019009090001880","ln_available_amount":"663311.14"}}] []
[2024-02-01T16:04:09.787642+08:00] Request.INFO: request_getLnAvailableBal {"acntno":"MN930019009090001880"} []
[2024-02-01T16:04:10.195301+08:00] Response.INFO: response_getLnAvailableBal [{"stdClass":{"acnt_code":"MN930019009090001880","ln_available_amount":"663311.14"}}] []
[2024-02-01T16:04:16.056608+08:00] Request.INFO: request_getIntPayCalc {"acntno":"MN930019009090001880","approve_amount":500000} []
[2024-02-01T16:04:16.462905+08:00] Response.INFO: response_getIntPayCalc [{"stdClass":{"acntno":"MN930019009090001880","cur_code":"MNT","int_amount":"170876.71","princ_amount":"670876.71"}}] []
[2024-02-01T16:04:16.731332+08:00] Request.INFO: request_getLnAvailableBal {"acntno":"MN930019009090001880"} []
[2024-02-01T16:04:17.134118+08:00] Response.INFO: response_getLnAvailableBal [{"stdClass":{"acnt_code":"MN930019009090001880","ln_available_amount":"663311.14"}}] []
[2024-02-01T16:04:25.887402+08:00] Request.INFO: request_getLnAvailableBal {"acntno":"MN930019009090001880"} []
[2024-02-01T16:04:26.280934+08:00] Response.INFO: response_getLnAvailableBal [{"stdClass":{"acnt_code":"MN930019009090001880","ln_available_amount":"663311.14"}}] []
[2024-02-01T16:04:52.121594+08:00] Request.INFO: request_getIntPayCalc {"acntno":"MN930019009090001880","approve_amount":50000} []
[2024-02-01T16:04:52.522805+08:00] Response.INFO: response_getIntPayCalc [{"stdClass":{"acntno":"MN930019009090001880","cur_code":"MNT","int_amount":"17087.67","princ_amount":"67087.67"}}] []
[2024-02-01T16:04:52.760388+08:00] Request.INFO: request_getLnAvailableBal {"acntno":"MN930019009090001880"} []
[2024-02-01T16:04:53.169067+08:00] Response.INFO: response_getLnAvailableBal [{"stdClass":{"acnt_code":"MN930019009090001880","ln_available_amount":"663311.14"}}] []
[2024-02-01T16:05:17.572985+08:00] Request.INFO: request_getIntPayCalc {"acntno":"MN930019009090001880","approve_amount":50000} []
[2024-02-01T16:05:17.992378+08:00] Response.INFO: response_getIntPayCalc [{"stdClass":{"acntno":"MN930019009090001880","cur_code":"MNT","int_amount":"17087.67","princ_amount":"67087.67"}}] []
[2024-02-01T16:05:18.233631+08:00] Request.INFO: request_getLnAvailableBal {"acntno":"MN930019009090001880"} []
[2024-02-01T16:05:18.663954+08:00] Response.INFO: response_getLnAvailableBal [{"stdClass":{"acnt_code":"MN930019009090001880","ln_available_amount":"663311.14"}}] []
[2024-02-01T16:08:15.709582+08:00] Request.INFO: request_getLnAvailableBal {"acntno":"MN930019009090001880"} []
[2024-02-01T16:08:16.135818+08:00] Response.INFO: response_getLnAvailableBal [{"stdClass":{"acnt_code":"MN930019009090001880","ln_available_amount":"613311.15"}}] []
[2024-02-01T16:10:46.513130+08:00] Request.INFO: request_getIntPayCalc {"acntno":"MN930019009090001880","approve_amount":613311.15} []
[2024-02-01T16:10:46.944912+08:00] Response.INFO: response_getIntPayCalc [{"stdClass":{"acntno":"MN930019009090001880","cur_code":"MNT","int_amount":"209601.19","princ_amount":"822912.34"}}] []
[2024-02-01T16:10:47.214649+08:00] Request.INFO: request_getLnAvailableBal {"acntno":"MN930019009090001880"} []
[2024-02-01T16:10:47.611684+08:00] Response.INFO: response_getLnAvailableBal [{"stdClass":{"acnt_code":"MN930019009090001880","ln_available_amount":"613311.15"}}] []
[2024-02-01T16:11:06.943183+08:00] Request.INFO: request_getLnAvailableBal {"acntno":"MN930019009090001880"} []
[2024-02-01T16:11:07.347131+08:00] Response.INFO: response_getLnAvailableBal [{"stdClass":{"acnt_code":"MN930019009090001880","ln_available_amount":"613311.15"}}] []
[2024-02-01T16:11:14.850855+08:00] Request.INFO: request_getIntPayCalc {"acntno":"MN930019009090001880","approve_amount":613000} []
[2024-02-01T16:11:15.276689+08:00] Response.INFO: response_getIntPayCalc [{"stdClass":{"acntno":"MN930019009090001880","cur_code":"MNT","int_amount":"209494.85","princ_amount":"822494.85"}}] []
[2024-02-01T16:11:15.530360+08:00] Request.INFO: request_getLnAvailableBal {"acntno":"MN930019009090001880"} []
[2024-02-01T16:11:15.932395+08:00] Response.INFO: response_getLnAvailableBal [{"stdClass":{"acnt_code":"MN930019009090001880","ln_available_amount":"613311.15"}}] []
[2024-02-01T16:12:02.856367+08:00] Request.INFO: request_getLnAvailableBal {"acntno":"MN930019009090001880"} []
[2024-02-01T16:12:03.262923+08:00] Response.INFO: response_getLnAvailableBal [{"stdClass":{"acnt_code":"MN930019009090001880","ln_available_amount":"613311.15"}}] []
[2024-02-01T16:12:16.489599+08:00] Request.INFO: request_getIntPayCalc {"acntno":"MN930019009090001880","approve_amount":613311.15} []
[2024-02-01T16:12:16.895680+08:00] Response.INFO: response_getIntPayCalc [{"stdClass":{"acntno":"MN930019009090001880","cur_code":"MNT","int_amount":"209601.19","princ_amount":"822912.34"}}] []
[2024-02-01T16:12:17.132094+08:00] Request.INFO: request_getLnAvailableBal {"acntno":"MN930019009090001880"} []
[2024-02-01T16:12:17.532646+08:00] Response.INFO: response_getLnAvailableBal [{"stdClass":{"acnt_code":"MN930019009090001880","ln_available_amount":"613311.15"}}] []
[2024-02-01T16:13:33.355723+08:00] Request.INFO: request_getIntPayCalc {"acntno":"MN930019009090001880","approve_amount":613311.15} []
[2024-02-01T16:13:33.779467+08:00] Response.INFO: response_getIntPayCalc [{"stdClass":{"acntno":"MN930019009090001880","cur_code":"MNT","int_amount":"209601.19","princ_amount":"822912.34"}}] []
[2024-02-01T16:13:34.016381+08:00] Request.INFO: request_getLnAvailableBal {"acntno":"MN930019009090001880"} []
[2024-02-01T16:13:34.420729+08:00] Response.INFO: response_getLnAvailableBal [{"stdClass":{"acnt_code":"MN930019009090001880","ln_available_amount":"613311.15"}}] []
[2024-02-01T16:13:47.514169+08:00] Request.INFO: request_getIntPayCalc {"acntno":"MN930019009090001880","approve_amount":613000} []
[2024-02-01T16:13:47.919150+08:00] Response.INFO: response_getIntPayCalc [{"stdClass":{"acntno":"MN930019009090001880","cur_code":"MNT","int_amount":"209494.85","princ_amount":"822494.85"}}] []
[2024-02-01T16:13:48.172372+08:00] Request.INFO: request_getLnAvailableBal {"acntno":"MN930019009090001880"} []
[2024-02-01T16:13:48.584441+08:00] Response.INFO: response_getLnAvailableBal [{"stdClass":{"acnt_code":"MN930019009090001880","ln_available_amount":"613311.15"}}] []
[2024-02-01T16:14:01.404436+08:00] Request.INFO: request_getLnAvailableBal {"acntno":"MN930019009090001880"} []
[2024-02-01T16:14:01.804395+08:00] Response.INFO: response_getLnAvailableBal [{"stdClass":{"acnt_code":"MN930019009090001880","ln_available_amount":"613311.15"}}] []
[2024-02-01T16:14:19.992651+08:00] Request.INFO: request_getIntPayCalc {"acntno":"MN930019009090001880","approve_amount":613300} []
[2024-02-01T16:14:20.405981+08:00] Response.INFO: response_getIntPayCalc [{"stdClass":{"acntno":"MN930019009090001880","cur_code":"MNT","int_amount":"209597.38","princ_amount":"822897.38"}}] []
[2024-02-01T16:14:20.668140+08:00] Request.INFO: request_getLnAvailableBal {"acntno":"MN930019009090001880"} []
[2024-02-01T16:14:21.072929+08:00] Response.INFO: response_getLnAvailableBal [{"stdClass":{"acnt_code":"MN930019009090001880","ln_available_amount":"613311.15"}}] []
[2024-02-01T16:14:44.128653+08:00] Request.INFO: request_getIntPayCalc {"acntno":"MN930019009090001880","approve_amount":613300} []
[2024-02-01T16:14:44.536844+08:00] Response.INFO: response_getIntPayCalc [{"stdClass":{"acntno":"MN930019009090001880","cur_code":"MNT","int_amount":"209597.38","princ_amount":"822897.38"}}] []
[2024-02-01T16:14:44.770328+08:00] Request.INFO: request_getLnAvailableBal {"acntno":"MN930019009090001880"} []
[2024-02-01T16:14:45.193547+08:00] Response.INFO: response_getLnAvailableBal [{"stdClass":{"acnt_code":"MN930019009090001880","ln_available_amount":"613311.15"}}] []
[2024-02-01T16:21:18.667619+08:00] Request.INFO: request_getLnAvailableBal {"acntno":"MN260019009000035877"} []
[2024-02-01T16:21:19.092192+08:00] Response.INFO: response_getLnAvailableBal [{"stdClass":{"acnt_code":"MN260019009000035877","ln_available_amount":"32878.16"}}] []
[2024-02-01T16:21:41.974423+08:00] Request.INFO: request_getIntPayCalc {"acntno":"MN260019009000035877","approve_amount":32878} []
[2024-02-01T16:21:42.401379+08:00] Response.INFO: response_getIntPayCalc [{"stdClass":{"acntno":"MN260019009000035877","cur_code":"MNT","int_amount":"3319.78","princ_amount":"36197.78"}}] []
[2024-02-01T16:21:42.673143+08:00] Request.INFO: request_getLnAvailableBal {"acntno":"MN260019009000035877"} []
[2024-02-01T16:21:43.079913+08:00] Response.INFO: response_getLnAvailableBal [{"stdClass":{"acnt_code":"MN260019009000035877","ln_available_amount":"32878.16"}}] []
[2024-02-01T16:22:06.236606+08:00] Request.INFO: request_getIntPayCalc {"acntno":"MN260019009000035877","approve_amount":32878} []
[2024-02-01T16:22:06.632530+08:00] Response.INFO: response_getIntPayCalc [{"stdClass":{"acntno":"MN260019009000035877","cur_code":"MNT","int_amount":"3319.78","princ_amount":"36197.78"}}] []
[2024-02-01T16:22:06.872534+08:00] Request.INFO: request_getLnAvailableBal {"acntno":"MN260019009000035877"} []
[2024-02-01T16:22:07.293004+08:00] Response.INFO: response_getLnAvailableBal [{"stdClass":{"acnt_code":"MN260019009000035877","ln_available_amount":"32878.16"}}] []
[2024-02-01T16:26:14.313854+08:00] Request.INFO: request_getLnAvailableBal {"acntno":"MN260019009000035877"} []
[2024-02-01T16:26:14.790900+08:00] Response.INFO: response_getLnAvailableBal [{"stdClass":{"acnt_code":"MN260019009000035877","ln_available_amount":".15"}}] []
