[2024-01-23T16:23:41.424815+08:00] Request.INFO: request_getLnAvailableBal {"acntno":"MN040019009070001694"} []
[2024-01-23T16:23:41.515674+08:00] Response.INFO: response_getLnAvailableBal [{"stdClass":{"acnt_code":"MN040019009070001694","ln_available_amount":"6480241.98"}}] []
[2024-01-23T16:27:05.590298+08:00] Request.INFO: request_getLnAvailableBal {"acntno":"MN060019009070002046"} []
[2024-01-23T16:27:05.681741+08:00] Response.INFO: response_getLnAvailableBal [{"stdClass":{"acnt_code":"MN060019009070002046","ln_available_amount":"0"}}] []
[2024-01-23T16:27:32.926081+08:00] Request.INFO: request_getLnAvailableBal {"acntno":"MN040019009070001694"} []
[2024-01-23T16:27:32.992361+08:00] Response.INFO: response_getLnAvailableBal [{"stdClass":{"acnt_code":"MN040019009070001694","ln_available_amount":"6480241.98"}}] []
[2024-01-23T16:27:35.076463+08:00] Request.INFO: request_getLnAvailableBal {"acntno":"MN050019009070001870"} []
[2024-01-23T16:27:35.158874+08:00] Response.INFO: response_getLnAvailableBal [{"stdClass":{"acnt_code":"MN050019009070001870","ln_available_amount":"0"}}] []
[2024-01-23T16:27:52.716613+08:00] Request.INFO: request_getLnAvailableBal {"acntno":"MN060019009070002046"} []
[2024-01-23T16:27:52.785967+08:00] Response.INFO: response_getLnAvailableBal [{"stdClass":{"acnt_code":"MN060019009070002046","ln_available_amount":"0"}}] []
[2024-01-23T16:27:57.748477+08:00] Request.INFO: request_getLnAvailableBal {"acntno":"MN090019009070001701"} []
[2024-01-23T16:27:57.833292+08:00] Response.INFO: response_getLnAvailableBal [{"stdClass":{"acnt_code":"MN090019009070001701","ln_available_amount":"-8.14"}}] []
[2024-01-23T16:28:07.160913+08:00] Request.INFO: request_getLnAvailableBal {"acntno":"MN110019009000030715"} []
[2024-01-23T16:28:07.244629+08:00] Response.INFO: response_getLnAvailableBal [{"stdClass":{"acnt_code":"MN110019009000030715","ln_available_amount":"15493699.2"}}] []
[2024-01-23T16:28:11.741556+08:00] Request.INFO: request_getLnAvailableBal {"acntno":"MN120019009070002035"} []
[2024-01-23T16:28:11.825003+08:00] Response.INFO: response_getLnAvailableBal [{"stdClass":{"acnt_code":"MN120019009070002035","ln_available_amount":"53843.78"}}] []
[2024-01-23T16:28:16.909400+08:00] Request.INFO: request_getLnAvailableBal {"acntno":"MN050019009070001870"} []
[2024-01-23T16:28:16.981607+08:00] Response.INFO: response_getLnAvailableBal [{"stdClass":{"acnt_code":"MN050019009070001870","ln_available_amount":"0"}}] []
[2024-01-23T16:28:48.349000+08:00] Request.INFO: request_getLnAvailableBal {"acntno":"MN060019009070002046"} []
[2024-01-23T16:28:48.430823+08:00] Response.INFO: response_getLnAvailableBal [{"stdClass":{"acnt_code":"MN060019009070002046","ln_available_amount":"0"}}] []
[2024-01-23T16:31:44.587246+08:00] Request.INFO: request_getLnAvailableBal {"acntno":"MN110019009000030715"} []
[2024-01-23T16:31:44.664622+08:00] Response.INFO: response_getLnAvailableBal [{"stdClass":{"acnt_code":"MN110019009000030715","ln_available_amount":"15493699.2"}}] []
[2024-01-23T16:31:47.638681+08:00] Request.INFO: request_getLnAvailableBal {"acntno":"MN040019009070001694"} []
[2024-01-23T16:31:47.715638+08:00] Response.INFO: response_getLnAvailableBal [{"stdClass":{"acnt_code":"MN040019009070001694","ln_available_amount":"6480241.98"}}] []
[2024-01-23T17:28:47.090355+08:00] Request.INFO: request_getLnAvailableBal {"acntno":"MN180019009000035924"} []
[2024-01-23T17:28:47.206155+08:00] Response.INFO: response_getLnAvailableBal [{"stdClass":{"acnt_code":"MN180019009000035924","ln_available_amount":"-8723.08"}}] []
[2024-01-23T17:28:53.295115+08:00] Request.INFO: request_getLnAvailableBal {"acntno":"MN260019009000035877"} []
[2024-01-23T17:28:53.388303+08:00] Response.INFO: response_getLnAvailableBal [{"stdClass":{"acnt_code":"MN260019009000035877","ln_available_amount":"9043383.46"}}] []
[2024-01-23T17:32:11.576495+08:00] Request.INFO: request_getLnAvailableBal {"acntno":"MN930019009000035932"} []
[2024-01-23T17:32:11.679437+08:00] Response.INFO: response_getLnAvailableBal [{"stdClass":{"acnt_code":"MN930019009000035932","ln_available_amount":"-8698.76"}}] []
[2024-01-23T17:32:17.326912+08:00] Request.INFO: request_getLnAvailableBal {"acntno":"MN260019009000035877"} []
[2024-01-23T17:32:17.393746+08:00] Response.INFO: response_getLnAvailableBal [{"stdClass":{"acnt_code":"MN260019009000035877","ln_available_amount":"9043383.46"}}] []
[2024-01-23T17:33:40.187757+08:00] Request.INFO: request_getLnAvailableBal {"acntno":"MN260019009000035877"} []
[2024-01-23T17:33:40.274470+08:00] Response.INFO: response_getLnAvailableBal [{"stdClass":{"acnt_code":"MN260019009000035877","ln_available_amount":"9043383.46"}}] []
[2024-01-23T17:33:53.448378+08:00] Request.INFO: request_getIntPayCalc {"acntno":"MN260019009000035877","approve_amount":9043383.46} []
[2024-01-23T17:33:53.515711+08:00] Response.INFO: response_getIntPayCalc [{"stdClass":{"acntno":"MN260019009000035877","cur_code":"MNT","int_amount":"956616.54","princ_amount":"10000000"}}] []
[2024-01-23T17:34:33.999651+08:00] Request.INFO: request_getIntPayCalc {"acntno":"MN260019009000035877","approve_amount":9043000} []
[2024-01-23T17:34:34.075904+08:00] Response.INFO: response_getIntPayCalc [{"stdClass":{"acntno":"MN260019009000035877","cur_code":"MNT","int_amount":"956575.97","princ_amount":"9999575.97"}}] []
[2024-01-23T17:35:04.589985+08:00] Request.INFO: request_getIntPayCalc {"acntno":"MN260019009000035877","approve_amount":9043000} []
[2024-01-23T17:35:04.651831+08:00] Response.INFO: response_getIntPayCalc [{"stdClass":{"acntno":"MN260019009000035877","cur_code":"MNT","int_amount":"956575.97","princ_amount":"9999575.97"}}] []
[2024-01-23T17:35:18.977088+08:00] Request.INFO: request_getIntPayCalc {"acntno":"MN260019009000035877","approve_amount":9000000} []
[2024-01-23T17:35:19.045227+08:00] Response.INFO: response_getIntPayCalc [{"stdClass":{"acntno":"MN260019009000035877","cur_code":"MNT","int_amount":"952027.4","princ_amount":"9952027.4"}}] []
[2024-01-23T17:35:47.424883+08:00] Request.INFO: request_getIntPayCalc {"acntno":"MN260019009000035877","approve_amount":8900000} []
[2024-01-23T17:35:47.498139+08:00] Response.INFO: response_getIntPayCalc [{"stdClass":{"acntno":"MN260019009000035877","cur_code":"MNT","int_amount":"941449.32","princ_amount":"9841449.32"}}] []
[2024-01-23T17:35:54.881605+08:00] Request.INFO: request_getIntPayCalc {"acntno":"MN260019009000035877","approve_amount":8800000} []
[2024-01-23T17:35:54.962385+08:00] Response.INFO: response_getIntPayCalc [{"stdClass":{"acntno":"MN260019009000035877","cur_code":"MNT","int_amount":"930871.23","princ_amount":"9730871.23"}}] []
[2024-01-23T17:36:01.817308+08:00] Request.INFO: request_getIntPayCalc {"acntno":"MN260019009000035877","approve_amount":8500000} []
[2024-01-23T17:36:01.896066+08:00] Response.INFO: response_getIntPayCalc [{"stdClass":{"acntno":"MN260019009000035877","cur_code":"MNT","int_amount":"899136.99","princ_amount":"9399136.99"}}] []
[2024-01-23T17:36:41.395328+08:00] Request.INFO: request_getIntPayCalc {"acntno":"MN260019009000035877","approve_amount":9043000} []
[2024-01-23T17:36:41.470272+08:00] Response.INFO: response_getIntPayCalc [{"stdClass":{"acntno":"MN260019009000035877","cur_code":"MNT","int_amount":"956575.97","princ_amount":"9999575.97"}}] []
[2024-01-23T17:36:44.763206+08:00] Request.INFO: request_getIntPayCalc {"acntno":"MN260019009000035877","approve_amount":9043000} []
[2024-01-23T17:36:44.835192+08:00] Response.INFO: response_getIntPayCalc [{"stdClass":{"acntno":"MN260019009000035877","cur_code":"MNT","int_amount":"956575.97","princ_amount":"9999575.97"}}] []
[2024-01-23T17:58:34.632325+08:00] Request.INFO: request_getLnAvailableBal {"acntno":"MN260019009000035877"} []
[2024-01-23T17:58:34.719184+08:00] Response.INFO: response_getLnAvailableBal [{"stdClass":{"acnt_code":"MN260019009000035877","ln_available_amount":"8897230.89"}}] []
[2024-01-23T17:58:52.368051+08:00] Request.INFO: request_getIntPayCalc {"acntno":"MN260019009000035877","approve_amount":8890000} []
[2024-01-23T17:58:52.447879+08:00] Response.INFO: response_getIntPayCalc [{"stdClass":{"acntno":"MN260019009000035877","cur_code":"MNT","int_amount":"940391.51","princ_amount":"9830391.51"}}] []
[2024-01-23T18:05:08.368453+08:00] Request.INFO: request_getLnAvailableBal {"acntno":"MN260019009000035877"} []
[2024-01-23T18:05:08.434262+08:00] Response.INFO: response_getLnAvailableBal [{"stdClass":{"acnt_code":"MN260019009000035877","ln_available_amount":"8897230.89"}}] []
[2024-01-23T18:05:16.373411+08:00] Request.INFO: request_getIntPayCalc {"acntno":"MN260019009000035877","approve_amount":8890000} []
[2024-01-23T18:05:16.450598+08:00] Response.INFO: response_getIntPayCalc [{"stdClass":{"acntno":"MN260019009000035877","cur_code":"MNT","int_amount":"940391.51","princ_amount":"9830391.51"}}] []
[2024-01-23T18:05:24.919943+08:00] Request.INFO: request_getIntPayCalc {"acntno":"MN260019009000035877","approve_amount":8880000} []
[2024-01-23T18:05:24.990921+08:00] Response.INFO: response_getIntPayCalc [{"stdClass":{"acntno":"MN260019009000035877","cur_code":"MNT","int_amount":"939333.7","princ_amount":"9819333.7"}}] []
